[2024-11-21T11:35:21.701+0000] {local_task_job_runner.py:123} INFO - ::group::Pre task execution logs
[2024-11-21T11:35:21.715+0000] {taskinstance.py:2613} INFO - Dependencies all met for dep_context=non-requeueable deps ti=<TaskInstance: etl_pipeline.extract_google_trends manual__2024-11-21T11:35:14.427550+00:00 [queued]>
[2024-11-21T11:35:21.722+0000] {taskinstance.py:2613} INFO - Dependencies all met for dep_context=requeueable deps ti=<TaskInstance: etl_pipeline.extract_google_trends manual__2024-11-21T11:35:14.427550+00:00 [queued]>
[2024-11-21T11:35:21.723+0000] {taskinstance.py:2866} INFO - Starting attempt 1 of 1
[2024-11-21T11:35:21.734+0000] {taskinstance.py:2889} INFO - Executing <Task(PythonOperator): extract_google_trends> on 2024-11-21 11:35:14.427550+00:00
[2024-11-21T11:35:21.742+0000] {warnings.py:112} WARNING - /home/***/.local/lib/python3.12/site-packages/***/task/task_runner/standard_task_runner.py:70: DeprecationWarning: This process (pid=3897) is multi-threaded, use of fork() may lead to deadlocks in the child.
  pid = os.fork()

[2024-11-21T11:35:21.743+0000] {standard_task_runner.py:72} INFO - Started process 3899 to run task
[2024-11-21T11:35:21.743+0000] {standard_task_runner.py:104} INFO - Running: ['***', 'tasks', 'run', 'etl_pipeline', 'extract_google_trends', 'manual__2024-11-21T11:35:14.427550+00:00', '--job-id', '237', '--raw', '--subdir', 'DAGS_FOLDER/dag.py', '--cfg-path', '/tmp/tmp12ljrdju']
[2024-11-21T11:35:21.745+0000] {standard_task_runner.py:105} INFO - Job 237: Subtask extract_google_trends
[2024-11-21T11:35:21.787+0000] {task_command.py:467} INFO - Running <TaskInstance: etl_pipeline.extract_google_trends manual__2024-11-21T11:35:14.427550+00:00 [running]> on host 7a40aa914b11
[2024-11-21T11:35:22.081+0000] {taskinstance.py:3132} INFO - Exporting env vars: AIRFLOW_CTX_DAG_OWNER='***' AIRFLOW_CTX_DAG_ID='etl_pipeline' AIRFLOW_CTX_TASK_ID='extract_google_trends' AIRFLOW_CTX_EXECUTION_DATE='2024-11-21T11:35:14.427550+00:00' AIRFLOW_CTX_TRY_NUMBER='1' AIRFLOW_CTX_DAG_RUN_ID='manual__2024-11-21T11:35:14.427550+00:00'
[2024-11-21T11:35:22.083+0000] {logging_mixin.py:190} INFO - Task instance is in running state
[2024-11-21T11:35:22.083+0000] {logging_mixin.py:190} INFO -  Previous state of the Task instance: queued
[2024-11-21T11:35:22.084+0000] {logging_mixin.py:190} INFO - Current task name:extract_google_trends state:running start_date:2024-11-21 11:35:21.716081+00:00
[2024-11-21T11:35:22.085+0000] {logging_mixin.py:190} INFO - Dag name:etl_pipeline and current dag run status:running
[2024-11-21T11:35:22.085+0000] {taskinstance.py:731} INFO - ::endgroup::
[2024-11-21T11:35:22.090+0000] {extract_google_trends.py:144} INFO - Starting Google Trends data scraping...
[2024-11-21T11:35:22.090+0000] {extract_google_trends.py:56} INFO - Running Apify actor for 'sunscreen skin aqua'...
[2024-11-21T11:35:23.644+0000] {extract_google_trends.py:16} INFO - Sent request to Apify API to run actor with status code: 201
[2024-11-21T11:35:24.832+0000] {extract_google_trends.py:30} INFO - Checked actor run status with status code: 200
[2024-11-21T11:35:24.833+0000] {extract_google_trends.py:88} INFO - Actor is still running for 'sunscreen skin aqua'... Waiting...
[2024-11-21T11:35:35.950+0000] {extract_google_trends.py:30} INFO - Checked actor run status with status code: 200
[2024-11-21T11:35:35.952+0000] {extract_google_trends.py:88} INFO - Actor is still running for 'sunscreen skin aqua'... Waiting...
[2024-11-21T11:35:46.945+0000] {extract_google_trends.py:30} INFO - Checked actor run status with status code: 200
[2024-11-21T11:35:46.946+0000] {extract_google_trends.py:88} INFO - Actor is still running for 'sunscreen skin aqua'... Waiting...
[2024-11-21T11:35:58.047+0000] {extract_google_trends.py:30} INFO - Checked actor run status with status code: 200
[2024-11-21T11:35:58.049+0000] {extract_google_trends.py:88} INFO - Actor is still running for 'sunscreen skin aqua'... Waiting...
[2024-11-21T11:36:09.031+0000] {extract_google_trends.py:30} INFO - Checked actor run status with status code: 200
[2024-11-21T11:36:09.032+0000] {extract_google_trends.py:88} INFO - Actor is still running for 'sunscreen skin aqua'... Waiting...
[2024-11-21T11:36:20.156+0000] {extract_google_trends.py:30} INFO - Checked actor run status with status code: 200
[2024-11-21T11:36:20.157+0000] {extract_google_trends.py:88} INFO - Actor is still running for 'sunscreen skin aqua'... Waiting...
[2024-11-21T11:36:31.325+0000] {extract_google_trends.py:30} INFO - Checked actor run status with status code: 200
[2024-11-21T11:36:31.326+0000] {extract_google_trends.py:88} INFO - Actor is still running for 'sunscreen skin aqua'... Waiting...
[2024-11-21T11:36:42.324+0000] {extract_google_trends.py:30} INFO - Checked actor run status with status code: 200
[2024-11-21T11:36:42.326+0000] {extract_google_trends.py:88} INFO - Actor is still running for 'sunscreen skin aqua'... Waiting...
[2024-11-21T11:36:53.312+0000] {extract_google_trends.py:30} INFO - Checked actor run status with status code: 200
[2024-11-21T11:36:53.313+0000] {extract_google_trends.py:88} INFO - Actor is still running for 'sunscreen skin aqua'... Waiting...
[2024-11-21T11:37:04.370+0000] {extract_google_trends.py:30} INFO - Checked actor run status with status code: 200
[2024-11-21T11:37:04.371+0000] {extract_google_trends.py:88} INFO - Actor is still running for 'sunscreen skin aqua'... Waiting...
[2024-11-21T11:37:15.590+0000] {extract_google_trends.py:30} INFO - Checked actor run status with status code: 200
[2024-11-21T11:37:15.593+0000] {extract_google_trends.py:86} INFO - Actor run succeeded for 'sunscreen skin aqua'.
[2024-11-21T11:37:16.809+0000] {extract_google_trends.py:44} INFO - Fetched dataset with status code: 200
[2024-11-21T11:37:16.826+0000] {extract_google_trends.py:104} INFO - Data for 'sunscreen skin aqua' saved to 'dags/hasil data extract/GoogleTrend_sunscreen_skin_aqua.json'.
[2024-11-21T11:37:16.831+0000] {extract_google_trends.py:131} INFO - Interest over time data for 'sunscreen skin aqua' saved to 'dags/hasil data extract/GoogleTrend_sunscreen_skin_aqua_interestOverTime.csv'.
[2024-11-21T11:37:16.832+0000] {extract_google_trends.py:56} INFO - Running Apify actor for 'sunscreen Azarine'...
[2024-11-21T11:37:18.121+0000] {extract_google_trends.py:16} INFO - Sent request to Apify API to run actor with status code: 201
[2024-11-21T11:37:19.093+0000] {extract_google_trends.py:30} INFO - Checked actor run status with status code: 200
[2024-11-21T11:37:19.094+0000] {extract_google_trends.py:88} INFO - Actor is still running for 'sunscreen Azarine'... Waiting...
[2024-11-21T11:37:30.246+0000] {extract_google_trends.py:30} INFO - Checked actor run status with status code: 200
[2024-11-21T11:37:30.248+0000] {extract_google_trends.py:88} INFO - Actor is still running for 'sunscreen Azarine'... Waiting...
[2024-11-21T11:37:41.512+0000] {extract_google_trends.py:30} INFO - Checked actor run status with status code: 200
[2024-11-21T11:37:41.513+0000] {extract_google_trends.py:88} INFO - Actor is still running for 'sunscreen Azarine'... Waiting...
[2024-11-21T11:37:52.879+0000] {extract_google_trends.py:30} INFO - Checked actor run status with status code: 200
[2024-11-21T11:37:52.881+0000] {extract_google_trends.py:88} INFO - Actor is still running for 'sunscreen Azarine'... Waiting...
[2024-11-21T11:38:03.864+0000] {extract_google_trends.py:30} INFO - Checked actor run status with status code: 200
[2024-11-21T11:38:03.865+0000] {extract_google_trends.py:88} INFO - Actor is still running for 'sunscreen Azarine'... Waiting...
[2024-11-21T11:38:14.949+0000] {extract_google_trends.py:30} INFO - Checked actor run status with status code: 200
[2024-11-21T11:38:14.950+0000] {extract_google_trends.py:88} INFO - Actor is still running for 'sunscreen Azarine'... Waiting...
[2024-11-21T11:38:26.049+0000] {extract_google_trends.py:30} INFO - Checked actor run status with status code: 200
[2024-11-21T11:38:26.050+0000] {extract_google_trends.py:88} INFO - Actor is still running for 'sunscreen Azarine'... Waiting...
[2024-11-21T11:38:37.096+0000] {extract_google_trends.py:30} INFO - Checked actor run status with status code: 200
[2024-11-21T11:38:37.097+0000] {extract_google_trends.py:88} INFO - Actor is still running for 'sunscreen Azarine'... Waiting...
[2024-11-21T11:38:48.275+0000] {extract_google_trends.py:30} INFO - Checked actor run status with status code: 200
[2024-11-21T11:38:48.276+0000] {extract_google_trends.py:88} INFO - Actor is still running for 'sunscreen Azarine'... Waiting...
[2024-11-21T11:38:59.274+0000] {extract_google_trends.py:30} INFO - Checked actor run status with status code: 200
[2024-11-21T11:38:59.275+0000] {extract_google_trends.py:88} INFO - Actor is still running for 'sunscreen Azarine'... Waiting...
[2024-11-21T11:39:10.577+0000] {extract_google_trends.py:30} INFO - Checked actor run status with status code: 200
[2024-11-21T11:39:10.578+0000] {extract_google_trends.py:88} INFO - Actor is still running for 'sunscreen Azarine'... Waiting...
[2024-11-21T11:39:21.754+0000] {extract_google_trends.py:30} INFO - Checked actor run status with status code: 200
[2024-11-21T11:39:21.755+0000] {extract_google_trends.py:88} INFO - Actor is still running for 'sunscreen Azarine'... Waiting...
[2024-11-21T11:39:33.018+0000] {extract_google_trends.py:30} INFO - Checked actor run status with status code: 200
[2024-11-21T11:39:33.020+0000] {extract_google_trends.py:88} INFO - Actor is still running for 'sunscreen Azarine'... Waiting...
[2024-11-21T11:39:44.216+0000] {extract_google_trends.py:30} INFO - Checked actor run status with status code: 200
[2024-11-21T11:39:44.217+0000] {extract_google_trends.py:88} INFO - Actor is still running for 'sunscreen Azarine'... Waiting...
[2024-11-21T11:39:55.216+0000] {extract_google_trends.py:30} INFO - Checked actor run status with status code: 200
[2024-11-21T11:39:55.217+0000] {extract_google_trends.py:88} INFO - Actor is still running for 'sunscreen Azarine'... Waiting...
[2024-11-21T11:40:06.246+0000] {extract_google_trends.py:30} INFO - Checked actor run status with status code: 200
[2024-11-21T11:40:06.248+0000] {extract_google_trends.py:86} INFO - Actor run succeeded for 'sunscreen Azarine'.
[2024-11-21T11:40:07.410+0000] {extract_google_trends.py:44} INFO - Fetched dataset with status code: 200
[2024-11-21T11:40:07.451+0000] {extract_google_trends.py:104} INFO - Data for 'sunscreen Azarine' saved to 'dags/hasil data extract/GoogleTrend_sunscreen_Azarine.json'.
[2024-11-21T11:40:07.466+0000] {extract_google_trends.py:131} INFO - Interest over time data for 'sunscreen Azarine' saved to 'dags/hasil data extract/GoogleTrend_sunscreen_Azarine_interestOverTime.csv'.
[2024-11-21T11:40:07.468+0000] {extract_google_trends.py:146} INFO - Google Trends data scraping completed.
[2024-11-21T11:40:07.471+0000] {python.py:240} INFO - Done. Returned value was: None
[2024-11-21T11:40:07.503+0000] {taskinstance.py:340} INFO - ::group::Post task execution logs
[2024-11-21T11:40:07.507+0000] {taskinstance.py:352} INFO - Marking task as SUCCESS. dag_id=etl_pipeline, task_id=extract_google_trends, run_id=manual__2024-11-21T11:35:14.427550+00:00, execution_date=20241121T113514, start_date=20241121T113521, end_date=20241121T114007
[2024-11-21T11:40:07.552+0000] {logging_mixin.py:190} INFO - Task instance in success state
[2024-11-21T11:40:07.556+0000] {logging_mixin.py:190} INFO -  Previous state of the Task instance: running
[2024-11-21T11:40:07.557+0000] {logging_mixin.py:190} INFO - Dag name:etl_pipeline queued_at:2024-11-21 11:35:14.595004+00:00
[2024-11-21T11:40:07.559+0000] {logging_mixin.py:190} INFO - Task hostname:7a40aa914b11 operator:PythonOperator
[2024-11-21T11:40:07.626+0000] {local_task_job_runner.py:266} INFO - Task exited with return code 0
[2024-11-21T11:40:07.693+0000] {taskinstance.py:3895} INFO - 1 downstream tasks scheduled from follow-on schedule check
[2024-11-21T11:40:07.699+0000] {local_task_job_runner.py:245} INFO - ::endgroup::
