[2024-11-21T10:57:44.241+0000] {local_task_job_runner.py:123} INFO - ::group::Pre task execution logs
[2024-11-21T10:57:44.264+0000] {taskinstance.py:2613} INFO - Dependencies all met for dep_context=non-requeueable deps ti=<TaskInstance: etl_pipeline.transform_female_daily manual__2024-11-21T10:53:05.521565+00:00 [queued]>
[2024-11-21T10:57:44.275+0000] {taskinstance.py:2613} INFO - Dependencies all met for dep_context=requeueable deps ti=<TaskInstance: etl_pipeline.transform_female_daily manual__2024-11-21T10:53:05.521565+00:00 [queued]>
[2024-11-21T10:57:44.277+0000] {taskinstance.py:2866} INFO - Starting attempt 1 of 1
[2024-11-21T10:57:44.300+0000] {taskinstance.py:2889} INFO - Executing <Task(PythonOperator): transform_female_daily> on 2024-11-21 10:53:05.521565+00:00
[2024-11-21T10:57:44.318+0000] {standard_task_runner.py:104} INFO - Running: ['***', 'tasks', 'run', 'etl_pipeline', 'transform_female_daily', 'manual__2024-11-21T10:53:05.521565+00:00', '--job-id', '217', '--raw', '--subdir', 'DAGS_FOLDER/dag.py', '--cfg-path', '/tmp/tmpp4uzz3rp']
[2024-11-21T10:57:44.317+0000] {warnings.py:112} WARNING - /home/***/.local/lib/python3.12/site-packages/***/task/task_runner/standard_task_runner.py:70: DeprecationWarning: This process (pid=3339) is multi-threaded, use of fork() may lead to deadlocks in the child.
  pid = os.fork()

[2024-11-21T10:57:44.321+0000] {standard_task_runner.py:105} INFO - Job 217: Subtask transform_female_daily
[2024-11-21T10:57:44.322+0000] {standard_task_runner.py:72} INFO - Started process 3341 to run task
[2024-11-21T10:57:44.401+0000] {task_command.py:467} INFO - Running <TaskInstance: etl_pipeline.transform_female_daily manual__2024-11-21T10:53:05.521565+00:00 [running]> on host 7a40aa914b11
[2024-11-21T10:57:45.142+0000] {taskinstance.py:3132} INFO - Exporting env vars: AIRFLOW_CTX_DAG_OWNER='***' AIRFLOW_CTX_DAG_ID='etl_pipeline' AIRFLOW_CTX_TASK_ID='transform_female_daily' AIRFLOW_CTX_EXECUTION_DATE='2024-11-21T10:53:05.521565+00:00' AIRFLOW_CTX_TRY_NUMBER='1' AIRFLOW_CTX_DAG_RUN_ID='manual__2024-11-21T10:53:05.521565+00:00'
[2024-11-21T10:57:45.144+0000] {logging_mixin.py:190} INFO - Task instance is in running state
[2024-11-21T10:57:45.146+0000] {logging_mixin.py:190} INFO -  Previous state of the Task instance: queued
[2024-11-21T10:57:45.147+0000] {logging_mixin.py:190} INFO - Current task name:transform_female_daily state:running start_date:2024-11-21 10:57:44.265144+00:00
[2024-11-21T10:57:45.148+0000] {logging_mixin.py:190} INFO - Dag name:etl_pipeline and current dag run status:running
[2024-11-21T10:57:45.150+0000] {taskinstance.py:731} INFO - ::endgroup::
[2024-11-21T10:57:45.170+0000] {logging_mixin.py:190} INFO - Memproses file: FemaleDaily_Review Azarine Calm My Acne Sunscreen Moisturizer.csv
[2024-11-21T10:57:45.289+0000] {logging_mixin.py:190} INFO - Hasil diproses disimpan di: dags/hasil data transform/FemaleDaily_Review Azarine Calm My Acne Sunscreen Moisturizer.csv
[2024-11-21T10:57:45.291+0000] {logging_mixin.py:190} INFO - Memproses file: FemaleDaily_Review Azarine Hydramax C Sunscreen Serum.csv
[2024-11-21T10:57:45.345+0000] {logging_mixin.py:190} INFO - Hasil diproses disimpan di: dags/hasil data transform/FemaleDaily_Review Azarine Hydramax C Sunscreen Serum.csv
[2024-11-21T10:57:45.346+0000] {logging_mixin.py:190} INFO - Memproses file: FemaleDaily_Review Azarine Hydrashoote Sunscreen Gel.csv
[2024-11-21T10:57:45.395+0000] {logging_mixin.py:190} INFO - Hasil diproses disimpan di: dags/hasil data transform/FemaleDaily_Review Azarine Hydrashoote Sunscreen Gel.csv
[2024-11-21T10:57:45.397+0000] {logging_mixin.py:190} INFO - Memproses file: FemaleDaily_Review Skinaqua UV Moisture Gel.csv
[2024-11-21T10:57:45.438+0000] {logging_mixin.py:190} INFO - Hasil diproses disimpan di: dags/hasil data transform/FemaleDaily_Review Skinaqua UV Moisture Gel.csv
[2024-11-21T10:57:45.439+0000] {logging_mixin.py:190} INFO - Memproses file: FemaleDaily_Review Skinaqua UV Moisture Milk.csv
[2024-11-21T10:57:45.500+0000] {logging_mixin.py:190} INFO - Hasil diproses disimpan di: dags/hasil data transform/FemaleDaily_Review Skinaqua UV Moisture Milk.csv
[2024-11-21T10:57:45.501+0000] {logging_mixin.py:190} INFO - Memproses file: FemaleDaily_Review Skinaqua UV Whitening Milk.csv
[2024-11-21T10:57:45.568+0000] {logging_mixin.py:190} INFO - Hasil diproses disimpan di: dags/hasil data transform/FemaleDaily_Review Skinaqua UV Whitening Milk.csv
[2024-11-21T10:57:45.569+0000] {logging_mixin.py:190} INFO - Memproses file: FemaleDaily_Sunscreen Azarine.csv
[2024-11-21T10:57:45.625+0000] {logging_mixin.py:190} INFO - Tidak ada mapping untuk file: FemaleDaily_Sunscreen Azarine.csv
[2024-11-21T10:57:45.680+0000] {logging_mixin.py:190} INFO - Hasil diproses disimpan di: dags/hasil data transform/FemaleDaily_Sunscreen Azarine.csv
[2024-11-21T10:57:45.680+0000] {logging_mixin.py:190} INFO - Memproses file: FemaleDaily_Sunscreen Skinaqua.csv
[2024-11-21T10:57:45.703+0000] {logging_mixin.py:190} INFO - Tidak ada mapping untuk file: FemaleDaily_Sunscreen Skinaqua.csv
[2024-11-21T10:57:45.752+0000] {logging_mixin.py:190} INFO - Hasil diproses disimpan di: dags/hasil data transform/FemaleDaily_Sunscreen Skinaqua.csv
[2024-11-21T10:57:45.757+0000] {logging_mixin.py:190} INFO - Membaca file: FemaleDaily_Review Azarine Calm My Acne Sunscreen Moisturizer.csv
[2024-11-21T10:57:45.778+0000] {logging_mixin.py:190} INFO - Membaca file: FemaleDaily_Review Azarine Hydramax C Sunscreen Serum.csv
[2024-11-21T10:57:45.793+0000] {logging_mixin.py:190} INFO - Membaca file: FemaleDaily_Review Azarine Hydrashoote Sunscreen Gel.csv
[2024-11-21T10:57:45.844+0000] {logging_mixin.py:190} INFO - Hasil penggabungan disimpan di: dags/hasil data transform/FemaleDaily_Sunscreen Azarine.csv
[2024-11-21T10:57:45.849+0000] {logging_mixin.py:190} INFO - Membaca file: FemaleDaily_Review Skinaqua UV Moisture Gel.csv
[2024-11-21T10:57:45.865+0000] {logging_mixin.py:190} INFO - Membaca file: FemaleDaily_Review Skinaqua UV Moisture Milk.csv
[2024-11-21T10:57:45.883+0000] {logging_mixin.py:190} INFO - Membaca file: FemaleDaily_Review Skinaqua UV Whitening Milk.csv
[2024-11-21T10:57:45.931+0000] {logging_mixin.py:190} INFO - Hasil penggabungan disimpan di: dags/hasil data transform/FemaleDaily_Sunscreen Skinaqua.csv
[2024-11-21T10:57:46.019+0000] {logging_mixin.py:190} INFO - Data berhasil disimpan ke XCom.
[2024-11-21T10:57:46.020+0000] {python.py:240} INFO - Done. Returned value was: None
[2024-11-21T10:57:46.031+0000] {taskinstance.py:340} INFO - ::group::Post task execution logs
[2024-11-21T10:57:46.032+0000] {taskinstance.py:352} INFO - Marking task as SUCCESS. dag_id=etl_pipeline, task_id=transform_female_daily, run_id=manual__2024-11-21T10:53:05.521565+00:00, execution_date=20241121T105305, start_date=20241121T105744, end_date=20241121T105746
[2024-11-21T10:57:46.044+0000] {logging_mixin.py:190} INFO - Task instance in success state
[2024-11-21T10:57:46.045+0000] {logging_mixin.py:190} INFO -  Previous state of the Task instance: running
[2024-11-21T10:57:46.047+0000] {logging_mixin.py:190} INFO - Dag name:etl_pipeline queued_at:2024-11-21 10:53:05.809549+00:00
[2024-11-21T10:57:46.047+0000] {logging_mixin.py:190} INFO - Task hostname:7a40aa914b11 operator:PythonOperator
[2024-11-21T10:57:46.068+0000] {local_task_job_runner.py:266} INFO - Task exited with return code 0
[2024-11-21T10:57:46.093+0000] {taskinstance.py:3895} INFO - 1 downstream tasks scheduled from follow-on schedule check
[2024-11-21T10:57:46.096+0000] {local_task_job_runner.py:245} INFO - ::endgroup::
