[2024-11-21T11:15:43.409+0000] {local_task_job_runner.py:123} INFO - ::group::Pre task execution logs
[2024-11-21T11:15:43.426+0000] {taskinstance.py:2613} INFO - Dependencies all met for dep_context=non-requeueable deps ti=<TaskInstance: etl_pipeline.extract_google_trends manual__2024-11-21T11:15:36.225373+00:00 [queued]>
[2024-11-21T11:15:43.434+0000] {taskinstance.py:2613} INFO - Dependencies all met for dep_context=requeueable deps ti=<TaskInstance: etl_pipeline.extract_google_trends manual__2024-11-21T11:15:36.225373+00:00 [queued]>
[2024-11-21T11:15:43.435+0000] {taskinstance.py:2866} INFO - Starting attempt 1 of 1
[2024-11-21T11:15:43.474+0000] {taskinstance.py:2889} INFO - Executing <Task(PythonOperator): extract_google_trends> on 2024-11-21 11:15:36.225373+00:00
[2024-11-21T11:15:43.491+0000] {warnings.py:112} WARNING - /home/***/.local/lib/python3.12/site-packages/***/task/task_runner/standard_task_runner.py:70: DeprecationWarning: This process (pid=3622) is multi-threaded, use of fork() may lead to deadlocks in the child.
  pid = os.fork()

[2024-11-21T11:15:43.494+0000] {standard_task_runner.py:72} INFO - Started process 3624 to run task
[2024-11-21T11:15:43.494+0000] {standard_task_runner.py:104} INFO - Running: ['***', 'tasks', 'run', 'etl_pipeline', 'extract_google_trends', 'manual__2024-11-21T11:15:36.225373+00:00', '--job-id', '230', '--raw', '--subdir', 'DAGS_FOLDER/dag.py', '--cfg-path', '/tmp/tmpvlofop2d']
[2024-11-21T11:15:43.496+0000] {standard_task_runner.py:105} INFO - Job 230: Subtask extract_google_trends
[2024-11-21T11:15:43.562+0000] {task_command.py:467} INFO - Running <TaskInstance: etl_pipeline.extract_google_trends manual__2024-11-21T11:15:36.225373+00:00 [running]> on host 7a40aa914b11
[2024-11-21T11:15:43.940+0000] {taskinstance.py:3132} INFO - Exporting env vars: AIRFLOW_CTX_DAG_OWNER='***' AIRFLOW_CTX_DAG_ID='etl_pipeline' AIRFLOW_CTX_TASK_ID='extract_google_trends' AIRFLOW_CTX_EXECUTION_DATE='2024-11-21T11:15:36.225373+00:00' AIRFLOW_CTX_TRY_NUMBER='1' AIRFLOW_CTX_DAG_RUN_ID='manual__2024-11-21T11:15:36.225373+00:00'
[2024-11-21T11:15:43.942+0000] {logging_mixin.py:190} INFO - Task instance is in running state
[2024-11-21T11:15:43.943+0000] {logging_mixin.py:190} INFO -  Previous state of the Task instance: queued
[2024-11-21T11:15:43.944+0000] {logging_mixin.py:190} INFO - Current task name:extract_google_trends state:running start_date:2024-11-21 11:15:43.427240+00:00
[2024-11-21T11:15:43.945+0000] {logging_mixin.py:190} INFO - Dag name:etl_pipeline and current dag run status:running
[2024-11-21T11:15:43.946+0000] {taskinstance.py:731} INFO - ::endgroup::
[2024-11-21T11:15:43.951+0000] {extract_google_trends.py:144} INFO - Starting Google Trends data scraping...
[2024-11-21T11:15:43.952+0000] {extract_google_trends.py:56} INFO - Running Apify actor for 'sunscreen skin aqua'...
[2024-11-21T11:15:45.279+0000] {extract_google_trends.py:16} INFO - Sent request to Apify API to run actor with status code: 201
[2024-11-21T11:15:46.333+0000] {extract_google_trends.py:30} INFO - Checked actor run status with status code: 200
[2024-11-21T11:15:46.335+0000] {extract_google_trends.py:88} INFO - Actor is still running for 'sunscreen skin aqua'... Waiting...
[2024-11-21T11:15:57.452+0000] {extract_google_trends.py:30} INFO - Checked actor run status with status code: 200
[2024-11-21T11:15:57.454+0000] {extract_google_trends.py:88} INFO - Actor is still running for 'sunscreen skin aqua'... Waiting...
[2024-11-21T11:16:08.441+0000] {extract_google_trends.py:30} INFO - Checked actor run status with status code: 200
[2024-11-21T11:16:08.442+0000] {extract_google_trends.py:88} INFO - Actor is still running for 'sunscreen skin aqua'... Waiting...
[2024-11-21T11:16:19.482+0000] {extract_google_trends.py:30} INFO - Checked actor run status with status code: 200
[2024-11-21T11:16:19.484+0000] {extract_google_trends.py:88} INFO - Actor is still running for 'sunscreen skin aqua'... Waiting...
[2024-11-21T11:16:30.628+0000] {extract_google_trends.py:30} INFO - Checked actor run status with status code: 200
[2024-11-21T11:16:30.630+0000] {extract_google_trends.py:88} INFO - Actor is still running for 'sunscreen skin aqua'... Waiting...
[2024-11-21T11:16:41.667+0000] {extract_google_trends.py:30} INFO - Checked actor run status with status code: 200
[2024-11-21T11:16:41.668+0000] {extract_google_trends.py:88} INFO - Actor is still running for 'sunscreen skin aqua'... Waiting...
[2024-11-21T11:16:52.662+0000] {extract_google_trends.py:30} INFO - Checked actor run status with status code: 200
[2024-11-21T11:16:52.663+0000] {extract_google_trends.py:88} INFO - Actor is still running for 'sunscreen skin aqua'... Waiting...
[2024-11-21T11:17:03.651+0000] {extract_google_trends.py:30} INFO - Checked actor run status with status code: 200
[2024-11-21T11:17:03.653+0000] {extract_google_trends.py:88} INFO - Actor is still running for 'sunscreen skin aqua'... Waiting...
[2024-11-21T11:17:14.670+0000] {extract_google_trends.py:30} INFO - Checked actor run status with status code: 200
[2024-11-21T11:17:14.671+0000] {extract_google_trends.py:88} INFO - Actor is still running for 'sunscreen skin aqua'... Waiting...
[2024-11-21T11:17:25.649+0000] {extract_google_trends.py:30} INFO - Checked actor run status with status code: 200
[2024-11-21T11:17:25.650+0000] {extract_google_trends.py:86} INFO - Actor run succeeded for 'sunscreen skin aqua'.
[2024-11-21T11:17:26.794+0000] {extract_google_trends.py:44} INFO - Fetched dataset with status code: 200
[2024-11-21T11:17:26.820+0000] {extract_google_trends.py:104} INFO - Data for 'sunscreen skin aqua' saved to 'dags/hasil data extract/GoogleTrend_sunscreen_skin_aqua.json'.
[2024-11-21T11:17:26.830+0000] {extract_google_trends.py:131} INFO - Interest over time data for 'sunscreen skin aqua' saved to 'dags/hasil data extract/GoogleTrend_sunscreen_skin_aqua_interestOverTime.csv'.
[2024-11-21T11:17:26.831+0000] {extract_google_trends.py:56} INFO - Running Apify actor for 'sunscreen Azarine'...
[2024-11-21T11:17:27.957+0000] {extract_google_trends.py:16} INFO - Sent request to Apify API to run actor with status code: 201
[2024-11-21T11:17:29.112+0000] {extract_google_trends.py:30} INFO - Checked actor run status with status code: 200
[2024-11-21T11:17:29.113+0000] {extract_google_trends.py:88} INFO - Actor is still running for 'sunscreen Azarine'... Waiting...
[2024-11-21T11:17:40.237+0000] {extract_google_trends.py:30} INFO - Checked actor run status with status code: 200
[2024-11-21T11:17:40.238+0000] {extract_google_trends.py:88} INFO - Actor is still running for 'sunscreen Azarine'... Waiting...
[2024-11-21T11:17:51.365+0000] {extract_google_trends.py:30} INFO - Checked actor run status with status code: 200
[2024-11-21T11:17:51.368+0000] {extract_google_trends.py:88} INFO - Actor is still running for 'sunscreen Azarine'... Waiting...
[2024-11-21T11:18:02.581+0000] {extract_google_trends.py:30} INFO - Checked actor run status with status code: 200
[2024-11-21T11:18:02.582+0000] {extract_google_trends.py:88} INFO - Actor is still running for 'sunscreen Azarine'... Waiting...
[2024-11-21T11:18:13.630+0000] {extract_google_trends.py:30} INFO - Checked actor run status with status code: 200
[2024-11-21T11:18:13.632+0000] {extract_google_trends.py:88} INFO - Actor is still running for 'sunscreen Azarine'... Waiting...
[2024-11-21T11:18:24.905+0000] {extract_google_trends.py:30} INFO - Checked actor run status with status code: 200
[2024-11-21T11:18:24.907+0000] {extract_google_trends.py:88} INFO - Actor is still running for 'sunscreen Azarine'... Waiting...
[2024-11-21T11:18:36.049+0000] {extract_google_trends.py:30} INFO - Checked actor run status with status code: 200
[2024-11-21T11:18:36.050+0000] {extract_google_trends.py:88} INFO - Actor is still running for 'sunscreen Azarine'... Waiting...
[2024-11-21T11:18:47.230+0000] {extract_google_trends.py:30} INFO - Checked actor run status with status code: 200
[2024-11-21T11:18:47.232+0000] {extract_google_trends.py:88} INFO - Actor is still running for 'sunscreen Azarine'... Waiting...
[2024-11-21T11:18:58.439+0000] {extract_google_trends.py:30} INFO - Checked actor run status with status code: 200
[2024-11-21T11:18:58.441+0000] {extract_google_trends.py:86} INFO - Actor run succeeded for 'sunscreen Azarine'.
[2024-11-21T11:18:59.935+0000] {extract_google_trends.py:44} INFO - Fetched dataset with status code: 200
[2024-11-21T11:18:59.956+0000] {extract_google_trends.py:104} INFO - Data for 'sunscreen Azarine' saved to 'dags/hasil data extract/GoogleTrend_sunscreen_Azarine.json'.
[2024-11-21T11:18:59.963+0000] {extract_google_trends.py:131} INFO - Interest over time data for 'sunscreen Azarine' saved to 'dags/hasil data extract/GoogleTrend_sunscreen_Azarine_interestOverTime.csv'.
[2024-11-21T11:18:59.964+0000] {extract_google_trends.py:146} INFO - Google Trends data scraping completed.
[2024-11-21T11:18:59.965+0000] {python.py:240} INFO - Done. Returned value was: None
[2024-11-21T11:18:59.979+0000] {taskinstance.py:340} INFO - ::group::Post task execution logs
[2024-11-21T11:18:59.980+0000] {taskinstance.py:352} INFO - Marking task as SUCCESS. dag_id=etl_pipeline, task_id=extract_google_trends, run_id=manual__2024-11-21T11:15:36.225373+00:00, execution_date=20241121T111536, start_date=20241121T111543, end_date=20241121T111859
[2024-11-21T11:18:59.998+0000] {logging_mixin.py:190} INFO - Task instance in success state
[2024-11-21T11:18:59.998+0000] {logging_mixin.py:190} INFO -  Previous state of the Task instance: running
[2024-11-21T11:18:59.999+0000] {logging_mixin.py:190} INFO - Dag name:etl_pipeline queued_at:2024-11-21 11:15:36.442184+00:00
[2024-11-21T11:18:59.999+0000] {logging_mixin.py:190} INFO - Task hostname:7a40aa914b11 operator:PythonOperator
[2024-11-21T11:19:00.038+0000] {local_task_job_runner.py:266} INFO - Task exited with return code 0
[2024-11-21T11:19:00.077+0000] {taskinstance.py:3895} INFO - 1 downstream tasks scheduled from follow-on schedule check
[2024-11-21T11:19:00.080+0000] {local_task_job_runner.py:245} INFO - ::endgroup::
