[2024-11-20T19:58:09.705+0000] {local_task_job_runner.py:123} INFO - ::group::Pre task execution logs
[2024-11-20T19:58:09.722+0000] {taskinstance.py:2613} INFO - Dependencies all met for dep_context=non-requeueable deps ti=<TaskInstance: etl_pipeline.transform_female_daily manual__2024-11-20T19:58:06.468694+00:00 [queued]>
[2024-11-20T19:58:09.730+0000] {taskinstance.py:2613} INFO - Dependencies all met for dep_context=requeueable deps ti=<TaskInstance: etl_pipeline.transform_female_daily manual__2024-11-20T19:58:06.468694+00:00 [queued]>
[2024-11-20T19:58:09.732+0000] {taskinstance.py:2866} INFO - Starting attempt 1 of 1
[2024-11-20T19:58:09.745+0000] {taskinstance.py:2889} INFO - Executing <Task(PythonOperator): transform_female_daily> on 2024-11-20 19:58:06.468694+00:00
[2024-11-20T19:58:09.756+0000] {warnings.py:112} WARNING - /home/***/.local/lib/python3.12/site-packages/***/task/task_runner/standard_task_runner.py:70: DeprecationWarning: This process (pid=928) is multi-threaded, use of fork() may lead to deadlocks in the child.
  pid = os.fork()

[2024-11-20T19:58:09.758+0000] {standard_task_runner.py:72} INFO - Started process 930 to run task
[2024-11-20T19:58:09.758+0000] {standard_task_runner.py:104} INFO - Running: ['***', 'tasks', 'run', 'etl_pipeline', 'transform_female_daily', 'manual__2024-11-20T19:58:06.468694+00:00', '--job-id', '74', '--raw', '--subdir', 'DAGS_FOLDER/dag.py', '--cfg-path', '/tmp/tmpts9e25s1']
[2024-11-20T19:58:09.760+0000] {standard_task_runner.py:105} INFO - Job 74: Subtask transform_female_daily
[2024-11-20T19:58:09.811+0000] {task_command.py:467} INFO - Running <TaskInstance: etl_pipeline.transform_female_daily manual__2024-11-20T19:58:06.468694+00:00 [running]> on host 9d6dc26aeebb
[2024-11-20T19:58:10.127+0000] {taskinstance.py:3132} INFO - Exporting env vars: AIRFLOW_CTX_DAG_OWNER='***' AIRFLOW_CTX_DAG_ID='etl_pipeline' AIRFLOW_CTX_TASK_ID='transform_female_daily' AIRFLOW_CTX_EXECUTION_DATE='2024-11-20T19:58:06.468694+00:00' AIRFLOW_CTX_TRY_NUMBER='1' AIRFLOW_CTX_DAG_RUN_ID='manual__2024-11-20T19:58:06.468694+00:00'
[2024-11-20T19:58:10.128+0000] {logging_mixin.py:190} INFO - Task instance is in running state
[2024-11-20T19:58:10.129+0000] {logging_mixin.py:190} INFO -  Previous state of the Task instance: queued
[2024-11-20T19:58:10.130+0000] {logging_mixin.py:190} INFO - Current task name:transform_female_daily state:running start_date:2024-11-20 19:58:09.724220+00:00
[2024-11-20T19:58:10.131+0000] {logging_mixin.py:190} INFO - Dag name:etl_pipeline and current dag run status:running
[2024-11-20T19:58:10.132+0000] {taskinstance.py:731} INFO - ::endgroup::
[2024-11-20T19:58:10.143+0000] {logging_mixin.py:190} INFO - Memproses file: FemaleDaily_Review Azarine Calm My Acne Sunscreen Moisturizer.csv
[2024-11-20T19:58:10.214+0000] {logging_mixin.py:190} INFO - Hasil diproses disimpan di: dags/hasil data extract/FemaleDaily_Review Azarine Calm My Acne Sunscreen Moisturizer.csv
[2024-11-20T19:58:10.217+0000] {logging_mixin.py:190} INFO - Memproses file: FemaleDaily_Review Azarine Hydramax C Sunscreen Serum.csv
[2024-11-20T19:58:10.272+0000] {logging_mixin.py:190} INFO - Hasil diproses disimpan di: dags/hasil data extract/FemaleDaily_Review Azarine Hydramax C Sunscreen Serum.csv
[2024-11-20T19:58:10.274+0000] {logging_mixin.py:190} INFO - Memproses file: FemaleDaily_Review Azarine Hydrashoote Sunscreen Gel.csv
[2024-11-20T19:58:10.312+0000] {logging_mixin.py:190} INFO - Hasil diproses disimpan di: dags/hasil data extract/FemaleDaily_Review Azarine Hydrashoote Sunscreen Gel.csv
[2024-11-20T19:58:10.313+0000] {logging_mixin.py:190} INFO - Memproses file: FemaleDaily_Review Skinaqua UV Moisture Gel.csv
[2024-11-20T19:58:10.347+0000] {logging_mixin.py:190} INFO - Hasil diproses disimpan di: dags/hasil data extract/FemaleDaily_Review Skinaqua UV Moisture Gel.csv
[2024-11-20T19:58:10.348+0000] {logging_mixin.py:190} INFO - Memproses file: FemaleDaily_Review Skinaqua UV Moisture Milk.csv
[2024-11-20T19:58:10.392+0000] {logging_mixin.py:190} INFO - Hasil diproses disimpan di: dags/hasil data extract/FemaleDaily_Review Skinaqua UV Moisture Milk.csv
[2024-11-20T19:58:10.393+0000] {logging_mixin.py:190} INFO - Memproses file: FemaleDaily_Review Skinaqua UV Whitening Milk.csv
[2024-11-20T19:58:10.452+0000] {logging_mixin.py:190} INFO - Hasil diproses disimpan di: dags/hasil data extract/FemaleDaily_Review Skinaqua UV Whitening Milk.csv
[2024-11-20T19:58:10.453+0000] {logging_mixin.py:190} INFO - Memproses file: FemaleDaily_Sunscreen Azarine.csv
[2024-11-20T19:58:10.478+0000] {logging_mixin.py:190} INFO - Tidak ada mapping untuk file: FemaleDaily_Sunscreen Azarine.csv
[2024-11-20T19:58:10.524+0000] {logging_mixin.py:190} INFO - Hasil diproses disimpan di: dags/hasil data extract/FemaleDaily_Sunscreen Azarine.csv
[2024-11-20T19:58:10.525+0000] {logging_mixin.py:190} INFO - Memproses file: FemaleDaily_Sunscreen Skinaqua.csv
[2024-11-20T19:58:10.550+0000] {logging_mixin.py:190} INFO - Tidak ada mapping untuk file: FemaleDaily_Sunscreen Skinaqua.csv
[2024-11-20T19:58:10.588+0000] {logging_mixin.py:190} INFO - Hasil diproses disimpan di: dags/hasil data extract/FemaleDaily_Sunscreen Skinaqua.csv
[2024-11-20T19:58:10.593+0000] {logging_mixin.py:190} INFO - Membaca file: FemaleDaily_Review Azarine Calm My Acne Sunscreen Moisturizer.csv
[2024-11-20T19:58:10.616+0000] {logging_mixin.py:190} INFO - Membaca file: FemaleDaily_Review Azarine Hydramax C Sunscreen Serum.csv
[2024-11-20T19:58:10.638+0000] {logging_mixin.py:190} INFO - Membaca file: FemaleDaily_Review Azarine Hydrashoote Sunscreen Gel.csv
[2024-11-20T19:58:10.707+0000] {logging_mixin.py:190} INFO - Hasil penggabungan disimpan di: dags/hasil data extract/FemaleDaily_Sunscreen Azarine.csv
[2024-11-20T19:58:10.713+0000] {logging_mixin.py:190} INFO - Membaca file: FemaleDaily_Review Skinaqua UV Moisture Gel.csv
[2024-11-20T19:58:10.730+0000] {logging_mixin.py:190} INFO - Membaca file: FemaleDaily_Review Skinaqua UV Moisture Milk.csv
[2024-11-20T19:58:10.747+0000] {logging_mixin.py:190} INFO - Membaca file: FemaleDaily_Review Skinaqua UV Whitening Milk.csv
[2024-11-20T19:58:10.815+0000] {logging_mixin.py:190} INFO - Hasil penggabungan disimpan di: dags/hasil data extract/FemaleDaily_Sunscreen Skinaqua.csv
[2024-11-20T19:58:10.909+0000] {logging_mixin.py:190} INFO - Data berhasil disimpan ke XCom.
[2024-11-20T19:58:10.911+0000] {python.py:240} INFO - Done. Returned value was: None
[2024-11-20T19:58:10.927+0000] {taskinstance.py:340} INFO - ::group::Post task execution logs
[2024-11-20T19:58:10.929+0000] {taskinstance.py:352} INFO - Marking task as SUCCESS. dag_id=etl_pipeline, task_id=transform_female_daily, run_id=manual__2024-11-20T19:58:06.468694+00:00, execution_date=20241120T195806, start_date=20241120T195809, end_date=20241120T195810
[2024-11-20T19:58:10.947+0000] {logging_mixin.py:190} INFO - Task instance in success state
[2024-11-20T19:58:10.948+0000] {logging_mixin.py:190} INFO -  Previous state of the Task instance: running
[2024-11-20T19:58:10.950+0000] {logging_mixin.py:190} INFO - Dag name:etl_pipeline queued_at:2024-11-20 19:58:06.624367+00:00
[2024-11-20T19:58:10.952+0000] {logging_mixin.py:190} INFO - Task hostname:9d6dc26aeebb operator:PythonOperator
[2024-11-20T19:58:10.982+0000] {local_task_job_runner.py:266} INFO - Task exited with return code 0
[2024-11-20T19:58:11.021+0000] {taskinstance.py:3895} INFO - 1 downstream tasks scheduled from follow-on schedule check
[2024-11-20T19:58:11.028+0000] {local_task_job_runner.py:245} INFO - ::endgroup::
