[2024-11-21T03:09:00.777+0000] {local_task_job_runner.py:123} INFO - ::group::Pre task execution logs
[2024-11-21T03:09:00.792+0000] {taskinstance.py:2613} INFO - Dependencies all met for dep_context=non-requeueable deps ti=<TaskInstance: etl_pipeline.create_table manual__2024-11-21T03:08:48.754121+00:00 [queued]>
[2024-11-21T03:09:00.799+0000] {taskinstance.py:2613} INFO - Dependencies all met for dep_context=requeueable deps ti=<TaskInstance: etl_pipeline.create_table manual__2024-11-21T03:08:48.754121+00:00 [queued]>
[2024-11-21T03:09:00.800+0000] {taskinstance.py:2866} INFO - Starting attempt 1 of 1
[2024-11-21T03:09:00.812+0000] {taskinstance.py:2889} INFO - Executing <Task(PostgresOperator): create_table> on 2024-11-21 03:08:48.754121+00:00
[2024-11-21T03:09:00.820+0000] {warnings.py:112} WARNING - /home/***/.local/lib/python3.12/site-packages/***/task/task_runner/standard_task_runner.py:70: DeprecationWarning: This process (pid=437) is multi-threaded, use of fork() may lead to deadlocks in the child.
  pid = os.fork()

[2024-11-21T03:09:00.822+0000] {standard_task_runner.py:72} INFO - Started process 439 to run task
[2024-11-21T03:09:00.822+0000] {standard_task_runner.py:104} INFO - Running: ['***', 'tasks', 'run', 'etl_pipeline', 'create_table', 'manual__2024-11-21T03:08:48.754121+00:00', '--job-id', '93', '--raw', '--subdir', 'DAGS_FOLDER/dag.py', '--cfg-path', '/tmp/tmpdsf7p88r']
[2024-11-21T03:09:00.823+0000] {standard_task_runner.py:105} INFO - Job 93: Subtask create_table
[2024-11-21T03:09:00.865+0000] {task_command.py:467} INFO - Running <TaskInstance: etl_pipeline.create_table manual__2024-11-21T03:08:48.754121+00:00 [running]> on host d5003ff2a60e
[2024-11-21T03:09:01.152+0000] {taskinstance.py:3132} INFO - Exporting env vars: AIRFLOW_CTX_DAG_OWNER='***' AIRFLOW_CTX_DAG_ID='etl_pipeline' AIRFLOW_CTX_TASK_ID='create_table' AIRFLOW_CTX_EXECUTION_DATE='2024-11-21T03:08:48.754121+00:00' AIRFLOW_CTX_TRY_NUMBER='1' AIRFLOW_CTX_DAG_RUN_ID='manual__2024-11-21T03:08:48.754121+00:00'
[2024-11-21T03:09:01.154+0000] {logging_mixin.py:190} INFO - Task instance is in running state
[2024-11-21T03:09:01.154+0000] {logging_mixin.py:190} INFO -  Previous state of the Task instance: queued
[2024-11-21T03:09:01.155+0000] {logging_mixin.py:190} INFO - Current task name:create_table state:running start_date:2024-11-21 03:09:00.793598+00:00
[2024-11-21T03:09:01.156+0000] {logging_mixin.py:190} INFO - Dag name:etl_pipeline and current dag run status:running
[2024-11-21T03:09:01.156+0000] {taskinstance.py:731} INFO - ::endgroup::
[2024-11-21T03:09:01.157+0000] {sql.py:278} INFO - Executing: 
        CREATE TABLE IF NOT EXISTS female_daily_reviews (
            id SERIAL PRIMARY KEY,
            username TEXT NOT NULL,
            age TEXT,
            profile_description TEXT,
            date TEXT,
            review_content TEXT,
            usage_period TEXT,
            purchase_point TEXT,
            recommend TEXT,
            rating_count DECIMAL,
            jenis_produk TEXT
);
        
[2024-11-21T03:09:01.166+0000] {base.py:84} INFO - Retrieving connection 'skincare_connection'
[2024-11-21T03:09:01.179+0000] {base.py:84} INFO - Retrieving connection 'skincare_connection'
[2024-11-21T03:09:01.183+0000] {sql.py:544} INFO - Running statement: 
        CREATE TABLE IF NOT EXISTS female_daily_reviews (
            id SERIAL PRIMARY KEY,
            username TEXT NOT NULL,
            age TEXT,
            profile_description TEXT,
            date TEXT,
            review_content TEXT,
            usage_period TEXT,
            purchase_point TEXT,
            recommend TEXT,
            rating_count DECIMAL,
            jenis_produk TEXT
);
        , parameters: None
[2024-11-21T03:09:01.246+0000] {taskinstance.py:340} INFO - ::group::Post task execution logs
[2024-11-21T03:09:01.247+0000] {taskinstance.py:352} INFO - Marking task as SUCCESS. dag_id=etl_pipeline, task_id=create_table, run_id=manual__2024-11-21T03:08:48.754121+00:00, execution_date=20241121T030848, start_date=20241121T030900, end_date=20241121T030901
[2024-11-21T03:09:01.259+0000] {logging_mixin.py:190} INFO - Task instance in success state
[2024-11-21T03:09:01.259+0000] {logging_mixin.py:190} INFO -  Previous state of the Task instance: running
[2024-11-21T03:09:01.260+0000] {logging_mixin.py:190} INFO - Dag name:etl_pipeline queued_at:2024-11-21 03:08:48.926395+00:00
[2024-11-21T03:09:01.260+0000] {logging_mixin.py:190} INFO - Task hostname:d5003ff2a60e operator:PostgresOperator
[2024-11-21T03:09:01.279+0000] {local_task_job_runner.py:266} INFO - Task exited with return code 0
[2024-11-21T03:09:01.297+0000] {taskinstance.py:3895} INFO - 1 downstream tasks scheduled from follow-on schedule check
[2024-11-21T03:09:01.300+0000] {local_task_job_runner.py:245} INFO - ::endgroup::
