[2024-11-20T19:52:19.399+0000] {local_task_job_runner.py:123} INFO - ::group::Pre task execution logs
[2024-11-20T19:52:19.420+0000] {taskinstance.py:2613} INFO - Dependencies all met for dep_context=non-requeueable deps ti=<TaskInstance: etl_pipeline.transform_female_daily manual__2024-11-20T19:52:14.604027+00:00 [queued]>
[2024-11-20T19:52:19.430+0000] {taskinstance.py:2613} INFO - Dependencies all met for dep_context=requeueable deps ti=<TaskInstance: etl_pipeline.transform_female_daily manual__2024-11-20T19:52:14.604027+00:00 [queued]>
[2024-11-20T19:52:19.433+0000] {taskinstance.py:2866} INFO - Starting attempt 1 of 1
[2024-11-20T19:52:19.448+0000] {taskinstance.py:2889} INFO - Executing <Task(PythonOperator): transform_female_daily> on 2024-11-20 19:52:14.604027+00:00
[2024-11-20T19:52:19.458+0000] {warnings.py:112} WARNING - /home/***/.local/lib/python3.12/site-packages/***/task/task_runner/standard_task_runner.py:70: DeprecationWarning: This process (pid=838) is multi-threaded, use of fork() may lead to deadlocks in the child.
  pid = os.fork()

[2024-11-20T19:52:19.460+0000] {standard_task_runner.py:72} INFO - Started process 840 to run task
[2024-11-20T19:52:19.461+0000] {standard_task_runner.py:104} INFO - Running: ['***', 'tasks', 'run', 'etl_pipeline', 'transform_female_daily', 'manual__2024-11-20T19:52:14.604027+00:00', '--job-id', '71', '--raw', '--subdir', 'DAGS_FOLDER/dag.py', '--cfg-path', '/tmp/tmpb6cz4nim']
[2024-11-20T19:52:19.462+0000] {standard_task_runner.py:105} INFO - Job 71: Subtask transform_female_daily
[2024-11-20T19:52:19.528+0000] {task_command.py:467} INFO - Running <TaskInstance: etl_pipeline.transform_female_daily manual__2024-11-20T19:52:14.604027+00:00 [running]> on host 9d6dc26aeebb
[2024-11-20T19:52:19.863+0000] {taskinstance.py:3132} INFO - Exporting env vars: AIRFLOW_CTX_DAG_OWNER='***' AIRFLOW_CTX_DAG_ID='etl_pipeline' AIRFLOW_CTX_TASK_ID='transform_female_daily' AIRFLOW_CTX_EXECUTION_DATE='2024-11-20T19:52:14.604027+00:00' AIRFLOW_CTX_TRY_NUMBER='1' AIRFLOW_CTX_DAG_RUN_ID='manual__2024-11-20T19:52:14.604027+00:00'
[2024-11-20T19:52:19.866+0000] {logging_mixin.py:190} INFO - Task instance is in running state
[2024-11-20T19:52:19.867+0000] {logging_mixin.py:190} INFO -  Previous state of the Task instance: queued
[2024-11-20T19:52:19.869+0000] {logging_mixin.py:190} INFO - Current task name:transform_female_daily state:running start_date:2024-11-20 19:52:19.422204+00:00
[2024-11-20T19:52:19.871+0000] {logging_mixin.py:190} INFO - Dag name:etl_pipeline and current dag run status:running
[2024-11-20T19:52:19.872+0000] {taskinstance.py:731} INFO - ::endgroup::
[2024-11-20T19:52:19.893+0000] {logging_mixin.py:190} INFO - Memproses file: FemaleDaily_Review Azarine Calm My Acne Sunscreen Moisturizer.csv
[2024-11-20T19:52:19.991+0000] {logging_mixin.py:190} INFO - Hasil diproses disimpan di: dags/hasil data extract/FemaleDaily_Review Azarine Calm My Acne Sunscreen Moisturizer.csv
[2024-11-20T19:52:19.992+0000] {logging_mixin.py:190} INFO - Memproses file: FemaleDaily_Review Azarine Hydramax C Sunscreen Serum.csv
[2024-11-20T19:52:20.044+0000] {logging_mixin.py:190} INFO - Hasil diproses disimpan di: dags/hasil data extract/FemaleDaily_Review Azarine Hydramax C Sunscreen Serum.csv
[2024-11-20T19:52:20.045+0000] {logging_mixin.py:190} INFO - Memproses file: FemaleDaily_Review Azarine Hydrashoote Sunscreen Gel.csv
[2024-11-20T19:52:20.088+0000] {logging_mixin.py:190} INFO - Hasil diproses disimpan di: dags/hasil data extract/FemaleDaily_Review Azarine Hydrashoote Sunscreen Gel.csv
[2024-11-20T19:52:20.089+0000] {logging_mixin.py:190} INFO - Memproses file: FemaleDaily_Review Skinaqua UV Moisture Gel.csv
[2024-11-20T19:52:20.122+0000] {logging_mixin.py:190} INFO - Hasil diproses disimpan di: dags/hasil data extract/FemaleDaily_Review Skinaqua UV Moisture Gel.csv
[2024-11-20T19:52:20.123+0000] {logging_mixin.py:190} INFO - Memproses file: FemaleDaily_Review Skinaqua UV Moisture Milk.csv
[2024-11-20T19:52:20.162+0000] {logging_mixin.py:190} INFO - Hasil diproses disimpan di: dags/hasil data extract/FemaleDaily_Review Skinaqua UV Moisture Milk.csv
[2024-11-20T19:52:20.163+0000] {logging_mixin.py:190} INFO - Memproses file: FemaleDaily_Review Skinaqua UV Whitening Milk.csv
[2024-11-20T19:52:20.201+0000] {logging_mixin.py:190} INFO - Hasil diproses disimpan di: dags/hasil data extract/FemaleDaily_Review Skinaqua UV Whitening Milk.csv
[2024-11-20T19:52:20.203+0000] {logging_mixin.py:190} INFO - Memproses file: FemaleDaily_Sunscreen Azarine.csv
[2024-11-20T19:52:20.228+0000] {logging_mixin.py:190} INFO - Tidak ada mapping untuk file: FemaleDaily_Sunscreen Azarine.csv
[2024-11-20T19:52:20.270+0000] {logging_mixin.py:190} INFO - Hasil diproses disimpan di: dags/hasil data extract/FemaleDaily_Sunscreen Azarine.csv
[2024-11-20T19:52:20.271+0000] {logging_mixin.py:190} INFO - Memproses file: FemaleDaily_Sunscreen Skinaqua.csv
[2024-11-20T19:52:20.296+0000] {logging_mixin.py:190} INFO - Tidak ada mapping untuk file: FemaleDaily_Sunscreen Skinaqua.csv
[2024-11-20T19:52:20.334+0000] {logging_mixin.py:190} INFO - Hasil diproses disimpan di: dags/hasil data extract/FemaleDaily_Sunscreen Skinaqua.csv
[2024-11-20T19:52:20.339+0000] {logging_mixin.py:190} INFO - Membaca file: FemaleDaily_Review Azarine Calm My Acne Sunscreen Moisturizer.csv
[2024-11-20T19:52:20.358+0000] {logging_mixin.py:190} INFO - Membaca file: FemaleDaily_Review Azarine Hydramax C Sunscreen Serum.csv
[2024-11-20T19:52:20.375+0000] {logging_mixin.py:190} INFO - Membaca file: FemaleDaily_Review Azarine Hydrashoote Sunscreen Gel.csv
[2024-11-20T19:52:20.433+0000] {logging_mixin.py:190} INFO - Hasil penggabungan disimpan di: dags/hasil data extract/FemaleDaily_Sunscreen Azarine.csv
[2024-11-20T19:52:20.438+0000] {logging_mixin.py:190} INFO - Membaca file: FemaleDaily_Review Skinaqua UV Moisture Gel.csv
[2024-11-20T19:52:20.456+0000] {logging_mixin.py:190} INFO - Membaca file: FemaleDaily_Review Skinaqua UV Moisture Milk.csv
[2024-11-20T19:52:20.479+0000] {logging_mixin.py:190} INFO - Membaca file: FemaleDaily_Review Skinaqua UV Whitening Milk.csv
[2024-11-20T19:52:20.536+0000] {logging_mixin.py:190} INFO - Hasil penggabungan disimpan di: dags/hasil data extract/FemaleDaily_Sunscreen Skinaqua.csv
[2024-11-20T19:52:20.884+0000] {logging_mixin.py:190} INFO - Data berhasil disimpan ke XCom.
[2024-11-20T19:52:20.886+0000] {python.py:240} INFO - Done. Returned value was: None
[2024-11-20T19:52:20.905+0000] {taskinstance.py:340} INFO - ::group::Post task execution logs
[2024-11-20T19:52:20.907+0000] {taskinstance.py:352} INFO - Marking task as SUCCESS. dag_id=etl_pipeline, task_id=transform_female_daily, run_id=manual__2024-11-20T19:52:14.604027+00:00, execution_date=20241120T195214, start_date=20241120T195219, end_date=20241120T195220
[2024-11-20T19:52:20.926+0000] {logging_mixin.py:190} INFO - Task instance in success state
[2024-11-20T19:52:20.927+0000] {logging_mixin.py:190} INFO -  Previous state of the Task instance: running
[2024-11-20T19:52:20.928+0000] {logging_mixin.py:190} INFO - Dag name:etl_pipeline queued_at:2024-11-20 19:52:14.801997+00:00
[2024-11-20T19:52:20.929+0000] {logging_mixin.py:190} INFO - Task hostname:9d6dc26aeebb operator:PythonOperator
[2024-11-20T19:52:20.964+0000] {local_task_job_runner.py:266} INFO - Task exited with return code 0
[2024-11-20T19:52:21.013+0000] {taskinstance.py:3895} INFO - 1 downstream tasks scheduled from follow-on schedule check
[2024-11-20T19:52:21.016+0000] {local_task_job_runner.py:245} INFO - ::endgroup::
