[2024-11-21T10:53:13.328+0000] {local_task_job_runner.py:123} INFO - ::group::Pre task execution logs
[2024-11-21T10:53:13.349+0000] {taskinstance.py:2613} INFO - Dependencies all met for dep_context=non-requeueable deps ti=<TaskInstance: etl_pipeline.extract_google_trends manual__2024-11-21T10:53:05.521565+00:00 [queued]>
[2024-11-21T10:53:13.359+0000] {taskinstance.py:2613} INFO - Dependencies all met for dep_context=requeueable deps ti=<TaskInstance: etl_pipeline.extract_google_trends manual__2024-11-21T10:53:05.521565+00:00 [queued]>
[2024-11-21T10:53:13.360+0000] {taskinstance.py:2866} INFO - Starting attempt 1 of 1
[2024-11-21T10:53:13.377+0000] {taskinstance.py:2889} INFO - Executing <Task(PythonOperator): extract_google_trends> on 2024-11-21 10:53:05.521565+00:00
[2024-11-21T10:53:13.397+0000] {warnings.py:112} WARNING - /home/***/.local/lib/python3.12/site-packages/***/task/task_runner/standard_task_runner.py:70: DeprecationWarning: This process (pid=3279) is multi-threaded, use of fork() may lead to deadlocks in the child.
  pid = os.fork()

[2024-11-21T10:53:13.399+0000] {standard_task_runner.py:72} INFO - Started process 3281 to run task
[2024-11-21T10:53:13.399+0000] {standard_task_runner.py:104} INFO - Running: ['***', 'tasks', 'run', 'etl_pipeline', 'extract_google_trends', 'manual__2024-11-21T10:53:05.521565+00:00', '--job-id', '216', '--raw', '--subdir', 'DAGS_FOLDER/dag.py', '--cfg-path', '/tmp/tmpz7isd308']
[2024-11-21T10:53:13.400+0000] {standard_task_runner.py:105} INFO - Job 216: Subtask extract_google_trends
[2024-11-21T10:53:13.460+0000] {task_command.py:467} INFO - Running <TaskInstance: etl_pipeline.extract_google_trends manual__2024-11-21T10:53:05.521565+00:00 [running]> on host 7a40aa914b11
[2024-11-21T10:53:13.823+0000] {taskinstance.py:3132} INFO - Exporting env vars: AIRFLOW_CTX_DAG_OWNER='***' AIRFLOW_CTX_DAG_ID='etl_pipeline' AIRFLOW_CTX_TASK_ID='extract_google_trends' AIRFLOW_CTX_EXECUTION_DATE='2024-11-21T10:53:05.521565+00:00' AIRFLOW_CTX_TRY_NUMBER='1' AIRFLOW_CTX_DAG_RUN_ID='manual__2024-11-21T10:53:05.521565+00:00'
[2024-11-21T10:53:13.826+0000] {logging_mixin.py:190} INFO - Task instance is in running state
[2024-11-21T10:53:13.829+0000] {logging_mixin.py:190} INFO -  Previous state of the Task instance: queued
[2024-11-21T10:53:13.830+0000] {logging_mixin.py:190} INFO - Current task name:extract_google_trends state:running start_date:2024-11-21 10:53:13.350325+00:00
[2024-11-21T10:53:13.831+0000] {logging_mixin.py:190} INFO - Dag name:etl_pipeline and current dag run status:running
[2024-11-21T10:53:13.832+0000] {taskinstance.py:731} INFO - ::endgroup::
[2024-11-21T10:53:13.838+0000] {extract_google_trends.py:144} INFO - Starting Google Trends data scraping...
[2024-11-21T10:53:13.839+0000] {extract_google_trends.py:56} INFO - Running Apify actor for 'sunscreen skin aqua'...
[2024-11-21T10:53:15.253+0000] {extract_google_trends.py:16} INFO - Sent request to Apify API to run actor with status code: 201
[2024-11-21T10:53:16.255+0000] {extract_google_trends.py:30} INFO - Checked actor run status with status code: 200
[2024-11-21T10:53:16.257+0000] {extract_google_trends.py:88} INFO - Actor is still running for 'sunscreen skin aqua'... Waiting...
[2024-11-21T10:53:27.316+0000] {extract_google_trends.py:30} INFO - Checked actor run status with status code: 200
[2024-11-21T10:53:27.317+0000] {extract_google_trends.py:88} INFO - Actor is still running for 'sunscreen skin aqua'... Waiting...
[2024-11-21T10:53:38.468+0000] {extract_google_trends.py:30} INFO - Checked actor run status with status code: 200
[2024-11-21T10:53:38.470+0000] {extract_google_trends.py:88} INFO - Actor is still running for 'sunscreen skin aqua'... Waiting...
[2024-11-21T10:53:49.636+0000] {extract_google_trends.py:30} INFO - Checked actor run status with status code: 200
[2024-11-21T10:53:49.638+0000] {extract_google_trends.py:88} INFO - Actor is still running for 'sunscreen skin aqua'... Waiting...
[2024-11-21T10:54:01.320+0000] {extract_google_trends.py:30} INFO - Checked actor run status with status code: 200
[2024-11-21T10:54:01.322+0000] {extract_google_trends.py:88} INFO - Actor is still running for 'sunscreen skin aqua'... Waiting...
[2024-11-21T10:54:12.426+0000] {extract_google_trends.py:30} INFO - Checked actor run status with status code: 200
[2024-11-21T10:54:12.427+0000] {extract_google_trends.py:88} INFO - Actor is still running for 'sunscreen skin aqua'... Waiting...
[2024-11-21T10:54:23.632+0000] {extract_google_trends.py:30} INFO - Checked actor run status with status code: 200
[2024-11-21T10:54:23.633+0000] {extract_google_trends.py:88} INFO - Actor is still running for 'sunscreen skin aqua'... Waiting...
[2024-11-21T10:54:34.796+0000] {extract_google_trends.py:30} INFO - Checked actor run status with status code: 200
[2024-11-21T10:54:34.798+0000] {extract_google_trends.py:88} INFO - Actor is still running for 'sunscreen skin aqua'... Waiting...
[2024-11-21T10:54:45.871+0000] {extract_google_trends.py:30} INFO - Checked actor run status with status code: 200
[2024-11-21T10:54:45.873+0000] {extract_google_trends.py:88} INFO - Actor is still running for 'sunscreen skin aqua'... Waiting...
[2024-11-21T10:54:56.975+0000] {extract_google_trends.py:30} INFO - Checked actor run status with status code: 200
[2024-11-21T10:54:56.977+0000] {extract_google_trends.py:88} INFO - Actor is still running for 'sunscreen skin aqua'... Waiting...
[2024-11-21T10:55:08.178+0000] {extract_google_trends.py:30} INFO - Checked actor run status with status code: 200
[2024-11-21T10:55:08.181+0000] {extract_google_trends.py:88} INFO - Actor is still running for 'sunscreen skin aqua'... Waiting...
[2024-11-21T10:55:19.356+0000] {extract_google_trends.py:30} INFO - Checked actor run status with status code: 200
[2024-11-21T10:55:19.359+0000] {extract_google_trends.py:88} INFO - Actor is still running for 'sunscreen skin aqua'... Waiting...
[2024-11-21T10:55:30.702+0000] {extract_google_trends.py:30} INFO - Checked actor run status with status code: 200
[2024-11-21T10:55:30.704+0000] {extract_google_trends.py:86} INFO - Actor run succeeded for 'sunscreen skin aqua'.
[2024-11-21T10:55:31.859+0000] {extract_google_trends.py:44} INFO - Fetched dataset with status code: 200
[2024-11-21T10:55:31.882+0000] {extract_google_trends.py:104} INFO - Data for 'sunscreen skin aqua' saved to 'dags/hasil data extract/GoogleTrend_sunscreen_skin_aqua.json'.
[2024-11-21T10:55:31.888+0000] {extract_google_trends.py:131} INFO - Interest over time data for 'sunscreen skin aqua' saved to 'dags/hasil data extract/GoogleTrend_sunscreen_skin_aqua_interestOverTime.csv'.
[2024-11-21T10:55:31.888+0000] {extract_google_trends.py:56} INFO - Running Apify actor for 'sunscreen Azarine'...
[2024-11-21T10:55:33.351+0000] {extract_google_trends.py:16} INFO - Sent request to Apify API to run actor with status code: 201
[2024-11-21T10:55:34.504+0000] {extract_google_trends.py:30} INFO - Checked actor run status with status code: 200
[2024-11-21T10:55:34.505+0000] {extract_google_trends.py:88} INFO - Actor is still running for 'sunscreen Azarine'... Waiting...
[2024-11-21T10:55:45.573+0000] {extract_google_trends.py:30} INFO - Checked actor run status with status code: 200
[2024-11-21T10:55:45.575+0000] {extract_google_trends.py:88} INFO - Actor is still running for 'sunscreen Azarine'... Waiting...
[2024-11-21T10:55:56.819+0000] {extract_google_trends.py:30} INFO - Checked actor run status with status code: 200
[2024-11-21T10:55:56.821+0000] {extract_google_trends.py:88} INFO - Actor is still running for 'sunscreen Azarine'... Waiting...
[2024-11-21T10:56:07.991+0000] {extract_google_trends.py:30} INFO - Checked actor run status with status code: 200
[2024-11-21T10:56:07.993+0000] {extract_google_trends.py:88} INFO - Actor is still running for 'sunscreen Azarine'... Waiting...
[2024-11-21T10:56:19.241+0000] {extract_google_trends.py:30} INFO - Checked actor run status with status code: 200
[2024-11-21T10:56:19.243+0000] {extract_google_trends.py:88} INFO - Actor is still running for 'sunscreen Azarine'... Waiting...
[2024-11-21T10:56:30.451+0000] {extract_google_trends.py:30} INFO - Checked actor run status with status code: 200
[2024-11-21T10:56:30.452+0000] {extract_google_trends.py:88} INFO - Actor is still running for 'sunscreen Azarine'... Waiting...
[2024-11-21T10:56:41.600+0000] {extract_google_trends.py:30} INFO - Checked actor run status with status code: 200
[2024-11-21T10:56:41.601+0000] {extract_google_trends.py:88} INFO - Actor is still running for 'sunscreen Azarine'... Waiting...
[2024-11-21T10:56:52.930+0000] {extract_google_trends.py:30} INFO - Checked actor run status with status code: 200
[2024-11-21T10:56:52.932+0000] {extract_google_trends.py:88} INFO - Actor is still running for 'sunscreen Azarine'... Waiting...
[2024-11-21T10:57:03.954+0000] {extract_google_trends.py:30} INFO - Checked actor run status with status code: 200
[2024-11-21T10:57:03.956+0000] {extract_google_trends.py:88} INFO - Actor is still running for 'sunscreen Azarine'... Waiting...
[2024-11-21T10:57:15.094+0000] {extract_google_trends.py:30} INFO - Checked actor run status with status code: 200
[2024-11-21T10:57:15.096+0000] {extract_google_trends.py:88} INFO - Actor is still running for 'sunscreen Azarine'... Waiting...
[2024-11-21T10:57:26.312+0000] {extract_google_trends.py:30} INFO - Checked actor run status with status code: 200
[2024-11-21T10:57:26.313+0000] {extract_google_trends.py:88} INFO - Actor is still running for 'sunscreen Azarine'... Waiting...
[2024-11-21T10:57:37.575+0000] {extract_google_trends.py:30} INFO - Checked actor run status with status code: 200
[2024-11-21T10:57:37.577+0000] {extract_google_trends.py:86} INFO - Actor run succeeded for 'sunscreen Azarine'.
[2024-11-21T10:57:38.861+0000] {extract_google_trends.py:44} INFO - Fetched dataset with status code: 200
[2024-11-21T10:57:38.902+0000] {extract_google_trends.py:104} INFO - Data for 'sunscreen Azarine' saved to 'dags/hasil data extract/GoogleTrend_sunscreen_Azarine.json'.
[2024-11-21T10:57:38.922+0000] {extract_google_trends.py:131} INFO - Interest over time data for 'sunscreen Azarine' saved to 'dags/hasil data extract/GoogleTrend_sunscreen_Azarine_interestOverTime.csv'.
[2024-11-21T10:57:38.929+0000] {extract_google_trends.py:146} INFO - Google Trends data scraping completed.
[2024-11-21T10:57:38.954+0000] {python.py:240} INFO - Done. Returned value was: None
[2024-11-21T10:57:39.383+0000] {taskinstance.py:340} INFO - ::group::Post task execution logs
[2024-11-21T10:57:39.391+0000] {taskinstance.py:352} INFO - Marking task as SUCCESS. dag_id=etl_pipeline, task_id=extract_google_trends, run_id=manual__2024-11-21T10:53:05.521565+00:00, execution_date=20241121T105305, start_date=20241121T105313, end_date=20241121T105739
[2024-11-21T10:57:39.489+0000] {logging_mixin.py:190} INFO - Task instance in success state
[2024-11-21T10:57:39.490+0000] {logging_mixin.py:190} INFO -  Previous state of the Task instance: running
[2024-11-21T10:57:39.491+0000] {logging_mixin.py:190} INFO - Dag name:etl_pipeline queued_at:2024-11-21 10:53:05.809549+00:00
[2024-11-21T10:57:39.491+0000] {logging_mixin.py:190} INFO - Task hostname:7a40aa914b11 operator:PythonOperator
[2024-11-21T10:57:39.563+0000] {local_task_job_runner.py:266} INFO - Task exited with return code 0
[2024-11-21T10:57:39.604+0000] {local_task_job_runner.py:245} INFO - ::endgroup::
