[2024-11-21T11:40:11.648+0000] {local_task_job_runner.py:123} INFO - ::group::Pre task execution logs
[2024-11-21T11:40:11.672+0000] {taskinstance.py:2613} INFO - Dependencies all met for dep_context=non-requeueable deps ti=<TaskInstance: etl_pipeline.transform_female_daily manual__2024-11-21T11:35:14.427550+00:00 [queued]>
[2024-11-21T11:40:11.692+0000] {taskinstance.py:2613} INFO - Dependencies all met for dep_context=requeueable deps ti=<TaskInstance: etl_pipeline.transform_female_daily manual__2024-11-21T11:35:14.427550+00:00 [queued]>
[2024-11-21T11:40:11.694+0000] {taskinstance.py:2866} INFO - Starting attempt 1 of 1
[2024-11-21T11:40:11.781+0000] {taskinstance.py:2889} INFO - Executing <Task(PythonOperator): transform_female_daily> on 2024-11-21 11:35:14.427550+00:00
[2024-11-21T11:40:11.828+0000] {standard_task_runner.py:104} INFO - Running: ['***', 'tasks', 'run', 'etl_pipeline', 'transform_female_daily', 'manual__2024-11-21T11:35:14.427550+00:00', '--job-id', '238', '--raw', '--subdir', 'DAGS_FOLDER/dag.py', '--cfg-path', '/tmp/tmp7v5_rabh']
[2024-11-21T11:40:11.823+0000] {warnings.py:112} WARNING - /home/***/.local/lib/python3.12/site-packages/***/task/task_runner/standard_task_runner.py:70: DeprecationWarning: This process (pid=3963) is multi-threaded, use of fork() may lead to deadlocks in the child.
  pid = os.fork()

[2024-11-21T11:40:11.832+0000] {standard_task_runner.py:105} INFO - Job 238: Subtask transform_female_daily
[2024-11-21T11:40:11.833+0000] {standard_task_runner.py:72} INFO - Started process 3965 to run task
[2024-11-21T11:40:11.971+0000] {task_command.py:467} INFO - Running <TaskInstance: etl_pipeline.transform_female_daily manual__2024-11-21T11:35:14.427550+00:00 [running]> on host 7a40aa914b11
[2024-11-21T11:40:12.687+0000] {taskinstance.py:3132} INFO - Exporting env vars: AIRFLOW_CTX_DAG_OWNER='***' AIRFLOW_CTX_DAG_ID='etl_pipeline' AIRFLOW_CTX_TASK_ID='transform_female_daily' AIRFLOW_CTX_EXECUTION_DATE='2024-11-21T11:35:14.427550+00:00' AIRFLOW_CTX_TRY_NUMBER='1' AIRFLOW_CTX_DAG_RUN_ID='manual__2024-11-21T11:35:14.427550+00:00'
[2024-11-21T11:40:12.692+0000] {logging_mixin.py:190} INFO - Task instance is in running state
[2024-11-21T11:40:12.694+0000] {logging_mixin.py:190} INFO -  Previous state of the Task instance: queued
[2024-11-21T11:40:12.695+0000] {logging_mixin.py:190} INFO - Current task name:transform_female_daily state:running start_date:2024-11-21 11:40:11.673223+00:00
[2024-11-21T11:40:12.696+0000] {logging_mixin.py:190} INFO - Dag name:etl_pipeline and current dag run status:running
[2024-11-21T11:40:12.697+0000] {taskinstance.py:731} INFO - ::endgroup::
[2024-11-21T11:40:12.708+0000] {logging_mixin.py:190} INFO - Memproses file: FemaleDaily_Review Azarine Calm My Acne Sunscreen Moisturizer.csv
[2024-11-21T11:40:12.817+0000] {logging_mixin.py:190} INFO - Hasil diproses disimpan di: dags/hasil data transform/FemaleDaily_Review Azarine Calm My Acne Sunscreen Moisturizer.csv
[2024-11-21T11:40:12.817+0000] {logging_mixin.py:190} INFO - Memproses file: FemaleDaily_Review Azarine Hydramax C Sunscreen Serum.csv
[2024-11-21T11:40:12.889+0000] {logging_mixin.py:190} INFO - Hasil diproses disimpan di: dags/hasil data transform/FemaleDaily_Review Azarine Hydramax C Sunscreen Serum.csv
[2024-11-21T11:40:12.892+0000] {logging_mixin.py:190} INFO - Memproses file: FemaleDaily_Review Azarine Hydrashoote Sunscreen Gel.csv
[2024-11-21T11:40:12.972+0000] {logging_mixin.py:190} INFO - Hasil diproses disimpan di: dags/hasil data transform/FemaleDaily_Review Azarine Hydrashoote Sunscreen Gel.csv
[2024-11-21T11:40:12.975+0000] {logging_mixin.py:190} INFO - Memproses file: FemaleDaily_Review Skinaqua UV Moisture Gel.csv
[2024-11-21T11:40:13.022+0000] {logging_mixin.py:190} INFO - Hasil diproses disimpan di: dags/hasil data transform/FemaleDaily_Review Skinaqua UV Moisture Gel.csv
[2024-11-21T11:40:13.026+0000] {logging_mixin.py:190} INFO - Memproses file: FemaleDaily_Review Skinaqua UV Moisture Milk.csv
[2024-11-21T11:40:13.077+0000] {logging_mixin.py:190} INFO - Hasil diproses disimpan di: dags/hasil data transform/FemaleDaily_Review Skinaqua UV Moisture Milk.csv
[2024-11-21T11:40:13.078+0000] {logging_mixin.py:190} INFO - Memproses file: FemaleDaily_Review Skinaqua UV Whitening Milk.csv
[2024-11-21T11:40:13.131+0000] {logging_mixin.py:190} INFO - Hasil diproses disimpan di: dags/hasil data transform/FemaleDaily_Review Skinaqua UV Whitening Milk.csv
[2024-11-21T11:40:13.135+0000] {logging_mixin.py:190} INFO - Memproses file: FemaleDaily_Sunscreen Azarine.csv
[2024-11-21T11:40:13.170+0000] {logging_mixin.py:190} INFO - Tidak ada mapping untuk file: FemaleDaily_Sunscreen Azarine.csv
[2024-11-21T11:40:13.234+0000] {logging_mixin.py:190} INFO - Hasil diproses disimpan di: dags/hasil data transform/FemaleDaily_Sunscreen Azarine.csv
[2024-11-21T11:40:13.235+0000] {logging_mixin.py:190} INFO - Memproses file: FemaleDaily_Sunscreen Skinaqua.csv
[2024-11-21T11:40:13.261+0000] {logging_mixin.py:190} INFO - Tidak ada mapping untuk file: FemaleDaily_Sunscreen Skinaqua.csv
[2024-11-21T11:40:13.314+0000] {logging_mixin.py:190} INFO - Hasil diproses disimpan di: dags/hasil data transform/FemaleDaily_Sunscreen Skinaqua.csv
[2024-11-21T11:40:13.318+0000] {logging_mixin.py:190} INFO - Membaca file: FemaleDaily_Review Azarine Calm My Acne Sunscreen Moisturizer.csv
[2024-11-21T11:40:13.370+0000] {logging_mixin.py:190} INFO - Membaca file: FemaleDaily_Review Azarine Hydramax C Sunscreen Serum.csv
[2024-11-21T11:40:13.393+0000] {logging_mixin.py:190} INFO - Membaca file: FemaleDaily_Review Azarine Hydrashoote Sunscreen Gel.csv
[2024-11-21T11:40:13.477+0000] {logging_mixin.py:190} INFO - Hasil penggabungan disimpan di: dags/hasil data transform/FemaleDaily_Sunscreen Azarine.csv
[2024-11-21T11:40:13.484+0000] {logging_mixin.py:190} INFO - Membaca file: FemaleDaily_Review Skinaqua UV Moisture Gel.csv
[2024-11-21T11:40:13.508+0000] {logging_mixin.py:190} INFO - Membaca file: FemaleDaily_Review Skinaqua UV Moisture Milk.csv
[2024-11-21T11:40:13.538+0000] {logging_mixin.py:190} INFO - Membaca file: FemaleDaily_Review Skinaqua UV Whitening Milk.csv
[2024-11-21T11:40:13.631+0000] {logging_mixin.py:190} INFO - Hasil penggabungan disimpan di: dags/hasil data transform/FemaleDaily_Sunscreen Skinaqua.csv
[2024-11-21T11:40:13.805+0000] {logging_mixin.py:190} INFO - Data berhasil disimpan ke XCom.
[2024-11-21T11:40:13.807+0000] {python.py:240} INFO - Done. Returned value was: None
[2024-11-21T11:40:13.820+0000] {taskinstance.py:340} INFO - ::group::Post task execution logs
[2024-11-21T11:40:13.821+0000] {taskinstance.py:352} INFO - Marking task as SUCCESS. dag_id=etl_pipeline, task_id=transform_female_daily, run_id=manual__2024-11-21T11:35:14.427550+00:00, execution_date=20241121T113514, start_date=20241121T114011, end_date=20241121T114013
[2024-11-21T11:40:13.839+0000] {logging_mixin.py:190} INFO - Task instance in success state
[2024-11-21T11:40:13.841+0000] {logging_mixin.py:190} INFO -  Previous state of the Task instance: running
[2024-11-21T11:40:13.842+0000] {logging_mixin.py:190} INFO - Dag name:etl_pipeline queued_at:2024-11-21 11:35:14.595004+00:00
[2024-11-21T11:40:13.843+0000] {logging_mixin.py:190} INFO - Task hostname:7a40aa914b11 operator:PythonOperator
[2024-11-21T11:40:13.906+0000] {local_task_job_runner.py:266} INFO - Task exited with return code 0
[2024-11-21T11:40:13.955+0000] {taskinstance.py:3895} INFO - 1 downstream tasks scheduled from follow-on schedule check
[2024-11-21T11:40:13.960+0000] {local_task_job_runner.py:245} INFO - ::endgroup::
