[2024-11-21T10:45:49.562+0000] {local_task_job_runner.py:123} INFO - ::group::Pre task execution logs
[2024-11-21T10:45:49.579+0000] {taskinstance.py:2613} INFO - Dependencies all met for dep_context=non-requeueable deps ti=<TaskInstance: etl_pipeline.transform_merge_data manual__2024-11-21T10:41:29.990918+00:00 [queued]>
[2024-11-21T10:45:49.590+0000] {taskinstance.py:2613} INFO - Dependencies all met for dep_context=requeueable deps ti=<TaskInstance: etl_pipeline.transform_merge_data manual__2024-11-21T10:41:29.990918+00:00 [queued]>
[2024-11-21T10:45:49.591+0000] {taskinstance.py:2866} INFO - Starting attempt 1 of 1
[2024-11-21T10:45:49.606+0000] {taskinstance.py:2889} INFO - Executing <Task(PythonOperator): transform_merge_data> on 2024-11-21 10:41:29.990918+00:00
[2024-11-21T10:45:49.616+0000] {warnings.py:112} WARNING - /home/***/.local/lib/python3.12/site-packages/***/task/task_runner/standard_task_runner.py:70: DeprecationWarning: This process (pid=3172) is multi-threaded, use of fork() may lead to deadlocks in the child.
  pid = os.fork()

[2024-11-21T10:45:49.618+0000] {standard_task_runner.py:72} INFO - Started process 3174 to run task
[2024-11-21T10:45:49.618+0000] {standard_task_runner.py:104} INFO - Running: ['***', 'tasks', 'run', 'etl_pipeline', 'transform_merge_data', 'manual__2024-11-21T10:41:29.990918+00:00', '--job-id', '212', '--raw', '--subdir', 'DAGS_FOLDER/dag.py', '--cfg-path', '/tmp/tmpo53a3ug_']
[2024-11-21T10:45:49.620+0000] {standard_task_runner.py:105} INFO - Job 212: Subtask transform_merge_data
[2024-11-21T10:45:49.674+0000] {task_command.py:467} INFO - Running <TaskInstance: etl_pipeline.transform_merge_data manual__2024-11-21T10:41:29.990918+00:00 [running]> on host 7a40aa914b11
[2024-11-21T10:45:50.002+0000] {taskinstance.py:3132} INFO - Exporting env vars: AIRFLOW_CTX_DAG_OWNER='***' AIRFLOW_CTX_DAG_ID='etl_pipeline' AIRFLOW_CTX_TASK_ID='transform_merge_data' AIRFLOW_CTX_EXECUTION_DATE='2024-11-21T10:41:29.990918+00:00' AIRFLOW_CTX_TRY_NUMBER='1' AIRFLOW_CTX_DAG_RUN_ID='manual__2024-11-21T10:41:29.990918+00:00'
[2024-11-21T10:45:50.004+0000] {logging_mixin.py:190} INFO - Task instance is in running state
[2024-11-21T10:45:50.006+0000] {logging_mixin.py:190} INFO -  Previous state of the Task instance: queued
[2024-11-21T10:45:50.008+0000] {logging_mixin.py:190} INFO - Current task name:transform_merge_data state:running start_date:2024-11-21 10:45:49.581045+00:00
[2024-11-21T10:45:50.009+0000] {logging_mixin.py:190} INFO - Dag name:etl_pipeline and current dag run status:running
[2024-11-21T10:45:50.011+0000] {taskinstance.py:731} INFO - ::endgroup::
[2024-11-21T10:45:50.013+0000] {logging_mixin.py:190} INFO - Menggabungkan: FemaleDaily_Sunscreen Azarine.csv + GoogleTrend_sunscreen_Azarine_interestOverTime.csv
[2024-11-21T10:45:50.076+0000] {logging_mixin.py:190} INFO - File tidak ditemukan: dags/hasil data transform/GoogleTrend_sunscreen_Azarine_interestOverTime.csv
[2024-11-21T10:45:50.077+0000] {logging_mixin.py:190} INFO - Salah satu DataFrame tidak tersedia untuk penggabungan.
[2024-11-21T10:45:50.079+0000] {logging_mixin.py:190} INFO - Data gabungan kosong, tidak dapat menyimpan file.
[2024-11-21T10:45:50.080+0000] {logging_mixin.py:190} INFO - Menggabungkan: FemaleDaily_Sunscreen Skinaqua.csv + GoogleTrend_sunscreen_skin_aqua_interestOverTime.csv
[2024-11-21T10:45:50.125+0000] {logging_mixin.py:190} INFO - File tidak ditemukan: dags/hasil data transform/GoogleTrend_sunscreen_skin_aqua_interestOverTime.csv
[2024-11-21T10:45:50.127+0000] {logging_mixin.py:190} INFO - Salah satu DataFrame tidak tersedia untuk penggabungan.
[2024-11-21T10:45:50.128+0000] {logging_mixin.py:190} INFO - Data gabungan kosong, tidak dapat menyimpan file.
[2024-11-21T10:45:50.129+0000] {python.py:240} INFO - Done. Returned value was: None
[2024-11-21T10:45:50.144+0000] {taskinstance.py:340} INFO - ::group::Post task execution logs
[2024-11-21T10:45:50.146+0000] {taskinstance.py:352} INFO - Marking task as SUCCESS. dag_id=etl_pipeline, task_id=transform_merge_data, run_id=manual__2024-11-21T10:41:29.990918+00:00, execution_date=20241121T104129, start_date=20241121T104549, end_date=20241121T104550
[2024-11-21T10:45:50.161+0000] {logging_mixin.py:190} INFO - Task instance in success state
[2024-11-21T10:45:50.162+0000] {logging_mixin.py:190} INFO -  Previous state of the Task instance: running
[2024-11-21T10:45:50.162+0000] {logging_mixin.py:190} INFO - Dag name:etl_pipeline queued_at:2024-11-21 10:41:30.337704+00:00
[2024-11-21T10:45:50.162+0000] {logging_mixin.py:190} INFO - Task hostname:7a40aa914b11 operator:PythonOperator
[2024-11-21T10:45:50.198+0000] {local_task_job_runner.py:266} INFO - Task exited with return code 0
[2024-11-21T10:45:50.224+0000] {taskinstance.py:3895} INFO - 1 downstream tasks scheduled from follow-on schedule check
[2024-11-21T10:45:50.229+0000] {local_task_job_runner.py:245} INFO - ::endgroup::
