[2024-11-20T20:25:10.232+0000] {local_task_job_runner.py:123} INFO - ::group::Pre task execution logs
[2024-11-20T20:25:10.256+0000] {taskinstance.py:2613} INFO - Dependencies all met for dep_context=non-requeueable deps ti=<TaskInstance: etl_pipeline.create_table manual__2024-11-20T20:24:52.157172+00:00 [queued]>
[2024-11-20T20:25:10.268+0000] {taskinstance.py:2613} INFO - Dependencies all met for dep_context=requeueable deps ti=<TaskInstance: etl_pipeline.create_table manual__2024-11-20T20:24:52.157172+00:00 [queued]>
[2024-11-20T20:25:10.269+0000] {taskinstance.py:2866} INFO - Starting attempt 1 of 1
[2024-11-20T20:25:10.289+0000] {taskinstance.py:2889} INFO - Executing <Task(PostgresOperator): create_table> on 2024-11-20 20:24:52.157172+00:00
[2024-11-20T20:25:10.309+0000] {warnings.py:112} WARNING - /home/***/.local/lib/python3.12/site-packages/***/task/task_runner/standard_task_runner.py:70: DeprecationWarning: This process (pid=1292) is multi-threaded, use of fork() may lead to deadlocks in the child.
  pid = os.fork()

[2024-11-20T20:25:10.311+0000] {standard_task_runner.py:72} INFO - Started process 1294 to run task
[2024-11-20T20:25:10.312+0000] {standard_task_runner.py:104} INFO - Running: ['***', 'tasks', 'run', 'etl_pipeline', 'create_table', 'manual__2024-11-20T20:24:52.157172+00:00', '--job-id', '79', '--raw', '--subdir', 'DAGS_FOLDER/dag.py', '--cfg-path', '/tmp/tmp351i8xxt']
[2024-11-20T20:25:10.314+0000] {standard_task_runner.py:105} INFO - Job 79: Subtask create_table
[2024-11-20T20:25:10.378+0000] {task_command.py:467} INFO - Running <TaskInstance: etl_pipeline.create_table manual__2024-11-20T20:24:52.157172+00:00 [running]> on host 9d6dc26aeebb
[2024-11-20T20:25:10.737+0000] {taskinstance.py:3132} INFO - Exporting env vars: AIRFLOW_CTX_DAG_OWNER='***' AIRFLOW_CTX_DAG_ID='etl_pipeline' AIRFLOW_CTX_TASK_ID='create_table' AIRFLOW_CTX_EXECUTION_DATE='2024-11-20T20:24:52.157172+00:00' AIRFLOW_CTX_TRY_NUMBER='1' AIRFLOW_CTX_DAG_RUN_ID='manual__2024-11-20T20:24:52.157172+00:00'
[2024-11-20T20:25:10.740+0000] {logging_mixin.py:190} INFO - Task instance is in running state
[2024-11-20T20:25:10.744+0000] {logging_mixin.py:190} INFO -  Previous state of the Task instance: queued
[2024-11-20T20:25:10.747+0000] {logging_mixin.py:190} INFO - Current task name:create_table state:running start_date:2024-11-20 20:25:10.258079+00:00
[2024-11-20T20:25:10.748+0000] {logging_mixin.py:190} INFO - Dag name:etl_pipeline and current dag run status:running
[2024-11-20T20:25:10.749+0000] {taskinstance.py:731} INFO - ::endgroup::
[2024-11-20T20:25:10.750+0000] {sql.py:278} INFO - Executing: 
        CREATE TABLE IF NOT EXISTS female_daily_reviews (
    id SERIAL PRIMARY KEY,
    username TEXT NOT NULL,
    age TEXT,
    profile_description TEXT,
    date TIMESTAMP,
    review_content TEXT,
    usage_period TEXT,
    purchase_point TEXT,
    recommend TEXT,
    rating_count DECIMAL,
    jenis_produk TEXT
);
        
[2024-11-20T20:25:10.762+0000] {base.py:84} INFO - Retrieving connection 'skincare_connection'
[2024-11-20T20:25:10.775+0000] {base.py:84} INFO - Retrieving connection 'skincare_connection'
[2024-11-20T20:25:10.780+0000] {sql.py:544} INFO - Running statement: 
        CREATE TABLE IF NOT EXISTS female_daily_reviews (
    id SERIAL PRIMARY KEY,
    username TEXT NOT NULL,
    age TEXT,
    profile_description TEXT,
    date TIMESTAMP,
    review_content TEXT,
    usage_period TEXT,
    purchase_point TEXT,
    recommend TEXT,
    rating_count DECIMAL,
    jenis_produk TEXT
);
        , parameters: None
[2024-11-20T20:25:10.804+0000] {taskinstance.py:340} INFO - ::group::Post task execution logs
[2024-11-20T20:25:10.805+0000] {taskinstance.py:352} INFO - Marking task as SUCCESS. dag_id=etl_pipeline, task_id=create_table, run_id=manual__2024-11-20T20:24:52.157172+00:00, execution_date=20241120T202452, start_date=20241120T202510, end_date=20241120T202510
[2024-11-20T20:25:10.817+0000] {logging_mixin.py:190} INFO - Task instance in success state
[2024-11-20T20:25:10.818+0000] {logging_mixin.py:190} INFO -  Previous state of the Task instance: running
[2024-11-20T20:25:10.819+0000] {logging_mixin.py:190} INFO - Dag name:etl_pipeline queued_at:2024-11-20 20:24:52.452751+00:00
[2024-11-20T20:25:10.819+0000] {logging_mixin.py:190} INFO - Task hostname:9d6dc26aeebb operator:PostgresOperator
[2024-11-20T20:25:10.849+0000] {local_task_job_runner.py:266} INFO - Task exited with return code 0
[2024-11-20T20:25:10.877+0000] {taskinstance.py:3895} INFO - 1 downstream tasks scheduled from follow-on schedule check
[2024-11-20T20:25:10.883+0000] {local_task_job_runner.py:245} INFO - ::endgroup::
