[2024-11-21T12:20:33.638+0000] {local_task_job_runner.py:123} INFO - ::group::Pre task execution logs
[2024-11-21T12:20:33.655+0000] {taskinstance.py:2613} INFO - Dependencies all met for dep_context=non-requeueable deps ti=<TaskInstance: etl_pipeline.transform_google_trends manual__2024-11-21T12:12:13.438445+00:00 [queued]>
[2024-11-21T12:20:33.664+0000] {taskinstance.py:2613} INFO - Dependencies all met for dep_context=requeueable deps ti=<TaskInstance: etl_pipeline.transform_google_trends manual__2024-11-21T12:12:13.438445+00:00 [queued]>
[2024-11-21T12:20:33.665+0000] {taskinstance.py:2866} INFO - Starting attempt 1 of 1
[2024-11-21T12:20:33.679+0000] {taskinstance.py:2889} INFO - Executing <Task(PythonOperator): transform_google_trends> on 2024-11-21 12:12:13.438445+00:00
[2024-11-21T12:20:33.689+0000] {warnings.py:112} WARNING - /home/***/.local/lib/python3.12/site-packages/***/task/task_runner/standard_task_runner.py:70: DeprecationWarning: This process (pid=4551) is multi-threaded, use of fork() may lead to deadlocks in the child.
  pid = os.fork()

[2024-11-21T12:20:33.690+0000] {standard_task_runner.py:72} INFO - Started process 4560 to run task
[2024-11-21T12:20:33.690+0000] {standard_task_runner.py:104} INFO - Running: ['***', 'tasks', 'run', 'etl_pipeline', 'transform_google_trends', 'manual__2024-11-21T12:12:13.438445+00:00', '--job-id', '255', '--raw', '--subdir', 'DAGS_FOLDER/dag.py', '--cfg-path', '/tmp/tmpdzd81w0l']
[2024-11-21T12:20:33.692+0000] {standard_task_runner.py:105} INFO - Job 255: Subtask transform_google_trends
[2024-11-21T12:20:33.748+0000] {task_command.py:467} INFO - Running <TaskInstance: etl_pipeline.transform_google_trends manual__2024-11-21T12:12:13.438445+00:00 [running]> on host 7a40aa914b11
[2024-11-21T12:20:34.165+0000] {taskinstance.py:3132} INFO - Exporting env vars: AIRFLOW_CTX_DAG_OWNER='***' AIRFLOW_CTX_DAG_ID='etl_pipeline' AIRFLOW_CTX_TASK_ID='transform_google_trends' AIRFLOW_CTX_EXECUTION_DATE='2024-11-21T12:12:13.438445+00:00' AIRFLOW_CTX_TRY_NUMBER='1' AIRFLOW_CTX_DAG_RUN_ID='manual__2024-11-21T12:12:13.438445+00:00'
[2024-11-21T12:20:34.166+0000] {logging_mixin.py:190} INFO - Task instance is in running state
[2024-11-21T12:20:34.168+0000] {logging_mixin.py:190} INFO -  Previous state of the Task instance: queued
[2024-11-21T12:20:34.169+0000] {logging_mixin.py:190} INFO - Current task name:transform_google_trends state:running start_date:2024-11-21 12:20:33.656794+00:00
[2024-11-21T12:20:34.170+0000] {logging_mixin.py:190} INFO - Dag name:etl_pipeline and current dag run status:running
[2024-11-21T12:20:34.171+0000] {taskinstance.py:731} INFO - ::endgroup::
[2024-11-21T12:20:34.186+0000] {logging_mixin.py:190} INFO - Memproses file: dags/hasil data extract/GoogleTrend_sunscreen_Azarine_interestOverTime.csv
[2024-11-21T12:20:34.233+0000] {logging_mixin.py:190} INFO - Hasil diproses disimpan di: dags/hasil data transform/GoogleTrend_sunscreen_Azarine_interestOverTime.csv
[2024-11-21T12:20:34.237+0000] {logging_mixin.py:190} INFO - Memproses file: dags/hasil data extract/GoogleTrend_sunscreen_skin_aqua_interestOverTime.csv
[2024-11-21T12:20:34.263+0000] {logging_mixin.py:190} INFO - Hasil diproses disimpan di: dags/hasil data transform/GoogleTrend_sunscreen_skin_aqua_interestOverTime.csv
[2024-11-21T12:20:34.264+0000] {python.py:240} INFO - Done. Returned value was: None
[2024-11-21T12:20:34.282+0000] {taskinstance.py:340} INFO - ::group::Post task execution logs
[2024-11-21T12:20:34.284+0000] {taskinstance.py:352} INFO - Marking task as SUCCESS. dag_id=etl_pipeline, task_id=transform_google_trends, run_id=manual__2024-11-21T12:12:13.438445+00:00, execution_date=20241121T121213, start_date=20241121T122033, end_date=20241121T122034
[2024-11-21T12:20:34.302+0000] {logging_mixin.py:190} INFO - Task instance in success state
[2024-11-21T12:20:34.303+0000] {logging_mixin.py:190} INFO -  Previous state of the Task instance: running
[2024-11-21T12:20:34.304+0000] {logging_mixin.py:190} INFO - Dag name:etl_pipeline queued_at:2024-11-21 12:12:13.558991+00:00
[2024-11-21T12:20:34.306+0000] {logging_mixin.py:190} INFO - Task hostname:7a40aa914b11 operator:PythonOperator
[2024-11-21T12:20:34.350+0000] {local_task_job_runner.py:266} INFO - Task exited with return code 0
[2024-11-21T12:20:34.375+0000] {taskinstance.py:3895} INFO - 1 downstream tasks scheduled from follow-on schedule check
[2024-11-21T12:20:34.381+0000] {local_task_job_runner.py:245} INFO - ::endgroup::
