[2024-11-21T08:46:54.981+0000] {local_task_job_runner.py:123} INFO - ::group::Pre task execution logs
[2024-11-21T08:46:54.997+0000] {taskinstance.py:2613} INFO - Dependencies all met for dep_context=non-requeueable deps ti=<TaskInstance: etl_pipeline.transform_merge_data manual__2024-11-21T08:42:38.118074+00:00 [queued]>
[2024-11-21T08:46:55.007+0000] {taskinstance.py:2613} INFO - Dependencies all met for dep_context=requeueable deps ti=<TaskInstance: etl_pipeline.transform_merge_data manual__2024-11-21T08:42:38.118074+00:00 [queued]>
[2024-11-21T08:46:55.008+0000] {taskinstance.py:2866} INFO - Starting attempt 1 of 1
[2024-11-21T08:46:55.020+0000] {taskinstance.py:2889} INFO - Executing <Task(PythonOperator): transform_merge_data> on 2024-11-21 08:42:38.118074+00:00
[2024-11-21T08:46:55.028+0000] {warnings.py:112} WARNING - /home/***/.local/lib/python3.12/site-packages/***/task/task_runner/standard_task_runner.py:70: DeprecationWarning: This process (pid=1447) is multi-threaded, use of fork() may lead to deadlocks in the child.
  pid = os.fork()

[2024-11-21T08:46:55.030+0000] {standard_task_runner.py:72} INFO - Started process 1449 to run task
[2024-11-21T08:46:55.031+0000] {standard_task_runner.py:104} INFO - Running: ['***', 'tasks', 'run', 'etl_pipeline', 'transform_merge_data', 'manual__2024-11-21T08:42:38.118074+00:00', '--job-id', '163', '--raw', '--subdir', 'DAGS_FOLDER/dag.py', '--cfg-path', '/tmp/tmpm_88f_kd']
[2024-11-21T08:46:55.032+0000] {standard_task_runner.py:105} INFO - Job 163: Subtask transform_merge_data
[2024-11-21T08:46:55.094+0000] {task_command.py:467} INFO - Running <TaskInstance: etl_pipeline.transform_merge_data manual__2024-11-21T08:42:38.118074+00:00 [running]> on host 7a40aa914b11
[2024-11-21T08:46:58.306+0000] {taskinstance.py:3132} INFO - Exporting env vars: AIRFLOW_CTX_DAG_OWNER='***' AIRFLOW_CTX_DAG_ID='etl_pipeline' AIRFLOW_CTX_TASK_ID='transform_merge_data' AIRFLOW_CTX_EXECUTION_DATE='2024-11-21T08:42:38.118074+00:00' AIRFLOW_CTX_TRY_NUMBER='1' AIRFLOW_CTX_DAG_RUN_ID='manual__2024-11-21T08:42:38.118074+00:00'
[2024-11-21T08:46:58.308+0000] {logging_mixin.py:190} INFO - Task instance is in running state
[2024-11-21T08:46:58.309+0000] {logging_mixin.py:190} INFO -  Previous state of the Task instance: queued
[2024-11-21T08:46:58.310+0000] {logging_mixin.py:190} INFO - Current task name:transform_merge_data state:running start_date:2024-11-21 08:46:54.998229+00:00
[2024-11-21T08:46:58.312+0000] {logging_mixin.py:190} INFO - Dag name:etl_pipeline and current dag run status:running
[2024-11-21T08:46:58.329+0000] {taskinstance.py:731} INFO - ::endgroup::
[2024-11-21T08:46:58.429+0000] {logging_mixin.py:190} INFO - Menggabungkan: FemaleDaily_Sunscreen Azarine.csv + GoogleTrends_sunscreen Azarine.csv
[2024-11-21T08:46:59.006+0000] {logging_mixin.py:190} INFO - File tidak ditemukan: dags/hasil data transform/GoogleTrends_sunscreen Azarine.csv
[2024-11-21T08:46:59.009+0000] {logging_mixin.py:190} INFO - Salah satu DataFrame tidak tersedia untuk penggabungan.
[2024-11-21T08:46:59.011+0000] {logging_mixin.py:190} INFO - Data gabungan kosong, tidak dapat menyimpan file.
[2024-11-21T08:46:59.016+0000] {logging_mixin.py:190} INFO - Menggabungkan: FemaleDaily_Sunscreen Skinaqua.csv + GoogleTrends_sunscreen skin aqua.csv
[2024-11-21T08:46:59.110+0000] {logging_mixin.py:190} INFO - File tidak ditemukan: dags/hasil data transform/GoogleTrends_sunscreen skin aqua.csv
[2024-11-21T08:46:59.111+0000] {logging_mixin.py:190} INFO - Salah satu DataFrame tidak tersedia untuk penggabungan.
[2024-11-21T08:46:59.112+0000] {logging_mixin.py:190} INFO - Data gabungan kosong, tidak dapat menyimpan file.
[2024-11-21T08:46:59.113+0000] {python.py:240} INFO - Done. Returned value was: None
[2024-11-21T08:46:59.127+0000] {taskinstance.py:340} INFO - ::group::Post task execution logs
[2024-11-21T08:46:59.128+0000] {taskinstance.py:352} INFO - Marking task as SUCCESS. dag_id=etl_pipeline, task_id=transform_merge_data, run_id=manual__2024-11-21T08:42:38.118074+00:00, execution_date=20241121T084238, start_date=20241121T084654, end_date=20241121T084659
[2024-11-21T08:46:59.152+0000] {logging_mixin.py:190} INFO - Task instance in success state
[2024-11-21T08:46:59.152+0000] {logging_mixin.py:190} INFO -  Previous state of the Task instance: running
[2024-11-21T08:46:59.153+0000] {logging_mixin.py:190} INFO - Dag name:etl_pipeline queued_at:2024-11-21 08:42:38.332226+00:00
[2024-11-21T08:46:59.154+0000] {logging_mixin.py:190} INFO - Task hostname:7a40aa914b11 operator:PythonOperator
[2024-11-21T08:46:59.207+0000] {local_task_job_runner.py:266} INFO - Task exited with return code 0
[2024-11-21T08:46:59.237+0000] {taskinstance.py:3895} INFO - 1 downstream tasks scheduled from follow-on schedule check
[2024-11-21T08:46:59.247+0000] {local_task_job_runner.py:245} INFO - ::endgroup::
