[2024-11-20T19:43:43.628+0000] {local_task_job_runner.py:123} INFO - ::group::Pre task execution logs
[2024-11-20T19:43:43.646+0000] {taskinstance.py:2613} INFO - Dependencies all met for dep_context=non-requeueable deps ti=<TaskInstance: etl_pipeline.create_table manual__2024-11-20T19:41:16.100032+00:00 [queued]>
[2024-11-20T19:43:43.655+0000] {taskinstance.py:2613} INFO - Dependencies all met for dep_context=requeueable deps ti=<TaskInstance: etl_pipeline.create_table manual__2024-11-20T19:41:16.100032+00:00 [queued]>
[2024-11-20T19:43:43.659+0000] {taskinstance.py:2866} INFO - Starting attempt 2 of 2
[2024-11-20T19:43:43.677+0000] {taskinstance.py:2889} INFO - Executing <Task(PostgresOperator): create_table> on 2024-11-20 19:41:16.100032+00:00
[2024-11-20T19:43:43.689+0000] {warnings.py:112} WARNING - /home/***/.local/lib/python3.12/site-packages/***/task/task_runner/standard_task_runner.py:70: DeprecationWarning: This process (pid=701) is multi-threaded, use of fork() may lead to deadlocks in the child.
  pid = os.fork()

[2024-11-20T19:43:43.691+0000] {standard_task_runner.py:72} INFO - Started process 703 to run task
[2024-11-20T19:43:43.691+0000] {standard_task_runner.py:104} INFO - Running: ['***', 'tasks', 'run', 'etl_pipeline', 'create_table', 'manual__2024-11-20T19:41:16.100032+00:00', '--job-id', '63', '--raw', '--subdir', 'DAGS_FOLDER/dag.py', '--cfg-path', '/tmp/tmpyhaykoys']
[2024-11-20T19:43:43.693+0000] {standard_task_runner.py:105} INFO - Job 63: Subtask create_table
[2024-11-20T19:43:43.760+0000] {task_command.py:467} INFO - Running <TaskInstance: etl_pipeline.create_table manual__2024-11-20T19:41:16.100032+00:00 [running]> on host 9d6dc26aeebb
[2024-11-20T19:43:44.093+0000] {taskinstance.py:3132} INFO - Exporting env vars: AIRFLOW_CTX_DAG_OWNER='***' AIRFLOW_CTX_DAG_ID='etl_pipeline' AIRFLOW_CTX_TASK_ID='create_table' AIRFLOW_CTX_EXECUTION_DATE='2024-11-20T19:41:16.100032+00:00' AIRFLOW_CTX_TRY_NUMBER='2' AIRFLOW_CTX_DAG_RUN_ID='manual__2024-11-20T19:41:16.100032+00:00'
[2024-11-20T19:43:44.095+0000] {logging_mixin.py:190} INFO - Task instance is in running state
[2024-11-20T19:43:44.096+0000] {logging_mixin.py:190} INFO -  Previous state of the Task instance: queued
[2024-11-20T19:43:44.097+0000] {logging_mixin.py:190} INFO - Current task name:create_table state:running start_date:2024-11-20 19:43:43.647577+00:00
[2024-11-20T19:43:44.098+0000] {logging_mixin.py:190} INFO - Dag name:etl_pipeline and current dag run status:running
[2024-11-20T19:43:44.099+0000] {taskinstance.py:731} INFO - ::endgroup::
[2024-11-20T19:43:44.100+0000] {sql.py:278} INFO - Executing: 
        CREATE TABLE IF NOT EXISTS female_daily_reviews (
            id SERIAL PRIMARY KEY,
            username TEXT NOT NULL,
            age TEXT,
            profile_description TEXT,
            date TIMESTAMP,
            review_content TEXT,
            usage_period TEXT,
            purchase_point TEXT,
            recommend TEXT,
            rating_count DECIMAL,
            jenis_produk TEXT
        );
        
[2024-11-20T19:43:44.111+0000] {base.py:84} INFO - Retrieving connection 'skincare_connection'
[2024-11-20T19:43:44.125+0000] {base.py:84} INFO - Retrieving connection 'skincare_connection'
[2024-11-20T19:43:44.130+0000] {sql.py:544} INFO - Running statement: 
        CREATE TABLE IF NOT EXISTS female_daily_reviews (
            id SERIAL PRIMARY KEY,
            username TEXT NOT NULL,
            age TEXT,
            profile_description TEXT,
            date TIMESTAMP,
            review_content TEXT,
            usage_period TEXT,
            purchase_point TEXT,
            recommend TEXT,
            rating_count DECIMAL,
            jenis_produk TEXT
        );
        , parameters: None
[2024-11-20T19:43:44.143+0000] {taskinstance.py:340} INFO - ::group::Post task execution logs
[2024-11-20T19:43:44.145+0000] {taskinstance.py:352} INFO - Marking task as SUCCESS. dag_id=etl_pipeline, task_id=create_table, run_id=manual__2024-11-20T19:41:16.100032+00:00, execution_date=20241120T194116, start_date=20241120T194343, end_date=20241120T194344
[2024-11-20T19:43:44.158+0000] {logging_mixin.py:190} INFO - Task instance in success state
[2024-11-20T19:43:44.159+0000] {logging_mixin.py:190} INFO -  Previous state of the Task instance: running
[2024-11-20T19:43:44.160+0000] {logging_mixin.py:190} INFO - Dag name:etl_pipeline queued_at:2024-11-20 19:43:36.713533+00:00
[2024-11-20T19:43:44.161+0000] {logging_mixin.py:190} INFO - Task hostname:9d6dc26aeebb operator:PostgresOperator
[2024-11-20T19:43:44.190+0000] {local_task_job_runner.py:266} INFO - Task exited with return code 0
[2024-11-20T19:43:44.222+0000] {taskinstance.py:3895} INFO - 1 downstream tasks scheduled from follow-on schedule check
[2024-11-20T19:43:44.228+0000] {local_task_job_runner.py:245} INFO - ::endgroup::
