[2024-11-20T19:41:29.636+0000] {local_task_job_runner.py:123} INFO - ::group::Pre task execution logs
[2024-11-20T19:41:29.657+0000] {taskinstance.py:2613} INFO - Dependencies all met for dep_context=non-requeueable deps ti=<TaskInstance: etl_pipeline.create_table manual__2024-11-20T19:41:16.100032+00:00 [queued]>
[2024-11-20T19:41:29.668+0000] {taskinstance.py:2613} INFO - Dependencies all met for dep_context=requeueable deps ti=<TaskInstance: etl_pipeline.create_table manual__2024-11-20T19:41:16.100032+00:00 [queued]>
[2024-11-20T19:41:29.672+0000] {taskinstance.py:2866} INFO - Starting attempt 1 of 1
[2024-11-20T19:41:29.691+0000] {taskinstance.py:2889} INFO - Executing <Task(PostgresOperator): create_table> on 2024-11-20 19:41:16.100032+00:00
[2024-11-20T19:41:29.703+0000] {warnings.py:112} WARNING - /home/***/.local/lib/python3.12/site-packages/***/task/task_runner/standard_task_runner.py:70: DeprecationWarning: This process (pid=662) is multi-threaded, use of fork() may lead to deadlocks in the child.
  pid = os.fork()

[2024-11-20T19:41:29.705+0000] {standard_task_runner.py:72} INFO - Started process 664 to run task
[2024-11-20T19:41:29.705+0000] {standard_task_runner.py:104} INFO - Running: ['***', 'tasks', 'run', 'etl_pipeline', 'create_table', 'manual__2024-11-20T19:41:16.100032+00:00', '--job-id', '60', '--raw', '--subdir', 'DAGS_FOLDER/dag.py', '--cfg-path', '/tmp/tmpy13uzoz4']
[2024-11-20T19:41:29.707+0000] {standard_task_runner.py:105} INFO - Job 60: Subtask create_table
[2024-11-20T19:41:29.778+0000] {task_command.py:467} INFO - Running <TaskInstance: etl_pipeline.create_table manual__2024-11-20T19:41:16.100032+00:00 [running]> on host 9d6dc26aeebb
[2024-11-20T19:41:30.183+0000] {taskinstance.py:3132} INFO - Exporting env vars: AIRFLOW_CTX_DAG_OWNER='***' AIRFLOW_CTX_DAG_ID='etl_pipeline' AIRFLOW_CTX_TASK_ID='create_table' AIRFLOW_CTX_EXECUTION_DATE='2024-11-20T19:41:16.100032+00:00' AIRFLOW_CTX_TRY_NUMBER='1' AIRFLOW_CTX_DAG_RUN_ID='manual__2024-11-20T19:41:16.100032+00:00'
[2024-11-20T19:41:30.185+0000] {logging_mixin.py:190} INFO - Task instance is in running state
[2024-11-20T19:41:30.186+0000] {logging_mixin.py:190} INFO -  Previous state of the Task instance: queued
[2024-11-20T19:41:30.188+0000] {logging_mixin.py:190} INFO - Current task name:create_table state:running start_date:2024-11-20 19:41:29.658796+00:00
[2024-11-20T19:41:30.189+0000] {logging_mixin.py:190} INFO - Dag name:etl_pipeline and current dag run status:running
[2024-11-20T19:41:30.191+0000] {taskinstance.py:731} INFO - ::endgroup::
[2024-11-20T19:41:30.192+0000] {sql.py:278} INFO - Executing: 
        CREATE TABLE IF NOT EXISTS female_daily_reviews (
            id SERIAL PRIMARY KEY,
            username TEXT NOT NULL,
            age TEXT,
            profile_description TEXT,
            date TIMESTAMP,
            review_content TEXT,
            usage_period TEXT,
            purchase_point TEXT,
            recommend BOOLEAN,
            rating_count INTEGER,
            jenis_produk TEXT
        );
        
[2024-11-20T19:41:30.211+0000] {base.py:84} INFO - Retrieving connection 'skincare_connection'
[2024-11-20T19:41:30.231+0000] {base.py:84} INFO - Retrieving connection 'skincare_connection'
[2024-11-20T19:41:30.239+0000] {sql.py:544} INFO - Running statement: 
        CREATE TABLE IF NOT EXISTS female_daily_reviews (
            id SERIAL PRIMARY KEY,
            username TEXT NOT NULL,
            age TEXT,
            profile_description TEXT,
            date TIMESTAMP,
            review_content TEXT,
            usage_period TEXT,
            purchase_point TEXT,
            recommend BOOLEAN,
            rating_count INTEGER,
            jenis_produk TEXT
        );
        , parameters: None
[2024-11-20T19:41:30.262+0000] {taskinstance.py:340} INFO - ::group::Post task execution logs
[2024-11-20T19:41:30.264+0000] {taskinstance.py:352} INFO - Marking task as SUCCESS. dag_id=etl_pipeline, task_id=create_table, run_id=manual__2024-11-20T19:41:16.100032+00:00, execution_date=20241120T194116, start_date=20241120T194129, end_date=20241120T194130
[2024-11-20T19:41:30.286+0000] {logging_mixin.py:190} INFO - Task instance in success state
[2024-11-20T19:41:30.288+0000] {logging_mixin.py:190} INFO -  Previous state of the Task instance: running
[2024-11-20T19:41:30.289+0000] {logging_mixin.py:190} INFO - Dag name:etl_pipeline queued_at:2024-11-20 19:41:16.311651+00:00
[2024-11-20T19:41:30.290+0000] {logging_mixin.py:190} INFO - Task hostname:9d6dc26aeebb operator:PostgresOperator
[2024-11-20T19:41:30.326+0000] {local_task_job_runner.py:266} INFO - Task exited with return code 0
[2024-11-20T19:41:30.347+0000] {taskinstance.py:3895} INFO - 1 downstream tasks scheduled from follow-on schedule check
[2024-11-20T19:41:30.351+0000] {local_task_job_runner.py:245} INFO - ::endgroup::
