[2024-11-20T19:43:46.246+0000] {local_task_job_runner.py:123} INFO - ::group::Pre task execution logs
[2024-11-20T19:43:46.272+0000] {taskinstance.py:2613} INFO - Dependencies all met for dep_context=non-requeueable deps ti=<TaskInstance: etl_pipeline.load_to_postgres manual__2024-11-20T19:41:16.100032+00:00 [queued]>
[2024-11-20T19:43:46.291+0000] {taskinstance.py:2613} INFO - Dependencies all met for dep_context=requeueable deps ti=<TaskInstance: etl_pipeline.load_to_postgres manual__2024-11-20T19:41:16.100032+00:00 [queued]>
[2024-11-20T19:43:46.294+0000] {taskinstance.py:2866} INFO - Starting attempt 2 of 2
[2024-11-20T19:43:46.319+0000] {taskinstance.py:2889} INFO - Executing <Task(PythonOperator): load_to_postgres> on 2024-11-20 19:41:16.100032+00:00
[2024-11-20T19:43:46.329+0000] {warnings.py:112} WARNING - /home/***/.local/lib/python3.12/site-packages/***/task/task_runner/standard_task_runner.py:70: DeprecationWarning: This process (pid=705) is multi-threaded, use of fork() may lead to deadlocks in the child.
  pid = os.fork()

[2024-11-20T19:43:46.332+0000] {standard_task_runner.py:72} INFO - Started process 707 to run task
[2024-11-20T19:43:46.333+0000] {standard_task_runner.py:104} INFO - Running: ['***', 'tasks', 'run', 'etl_pipeline', 'load_to_postgres', 'manual__2024-11-20T19:41:16.100032+00:00', '--job-id', '64', '--raw', '--subdir', 'DAGS_FOLDER/dag.py', '--cfg-path', '/tmp/tmp4g0w_783']
[2024-11-20T19:43:46.336+0000] {standard_task_runner.py:105} INFO - Job 64: Subtask load_to_postgres
[2024-11-20T19:43:46.410+0000] {task_command.py:467} INFO - Running <TaskInstance: etl_pipeline.load_to_postgres manual__2024-11-20T19:41:16.100032+00:00 [running]> on host 9d6dc26aeebb
[2024-11-20T19:43:46.771+0000] {taskinstance.py:3132} INFO - Exporting env vars: AIRFLOW_CTX_DAG_OWNER='***' AIRFLOW_CTX_DAG_ID='etl_pipeline' AIRFLOW_CTX_TASK_ID='load_to_postgres' AIRFLOW_CTX_EXECUTION_DATE='2024-11-20T19:41:16.100032+00:00' AIRFLOW_CTX_TRY_NUMBER='2' AIRFLOW_CTX_DAG_RUN_ID='manual__2024-11-20T19:41:16.100032+00:00'
[2024-11-20T19:43:46.778+0000] {logging_mixin.py:190} INFO - Task instance is in running state
[2024-11-20T19:43:46.779+0000] {logging_mixin.py:190} INFO -  Previous state of the Task instance: queued
[2024-11-20T19:43:46.781+0000] {logging_mixin.py:190} INFO - Current task name:load_to_postgres state:running start_date:2024-11-20 19:43:46.274610+00:00
[2024-11-20T19:43:46.783+0000] {logging_mixin.py:190} INFO - Dag name:etl_pipeline and current dag run status:running
[2024-11-20T19:43:46.785+0000] {taskinstance.py:731} INFO - ::endgroup::
[2024-11-20T19:43:46.822+0000] {base.py:84} INFO - Retrieving connection 'skincare_connection'
[2024-11-20T19:43:46.832+0000] {load.py:43} ERROR - Error inserting data: invalid input syntax for type integer: "19 - 24"
LINE 5:     ) VALUES ('rahelch', '19 - 24', 'Combination, Medium Lig...
                                 ^

[2024-11-20T19:43:46.835+0000] {python.py:240} INFO - Done. Returned value was: None
[2024-11-20T19:43:46.848+0000] {taskinstance.py:340} INFO - ::group::Post task execution logs
[2024-11-20T19:43:46.849+0000] {taskinstance.py:352} INFO - Marking task as SUCCESS. dag_id=etl_pipeline, task_id=load_to_postgres, run_id=manual__2024-11-20T19:41:16.100032+00:00, execution_date=20241120T194116, start_date=20241120T194346, end_date=20241120T194346
[2024-11-20T19:43:46.865+0000] {logging_mixin.py:190} INFO - Task instance in success state
[2024-11-20T19:43:46.866+0000] {logging_mixin.py:190} INFO -  Previous state of the Task instance: running
[2024-11-20T19:43:46.867+0000] {logging_mixin.py:190} INFO - Dag name:etl_pipeline queued_at:2024-11-20 19:43:36.713533+00:00
[2024-11-20T19:43:46.868+0000] {logging_mixin.py:190} INFO - Task hostname:9d6dc26aeebb operator:PythonOperator
[2024-11-20T19:43:46.912+0000] {local_task_job_runner.py:266} INFO - Task exited with return code 0
[2024-11-20T19:43:46.942+0000] {taskinstance.py:3895} INFO - 0 downstream tasks scheduled from follow-on schedule check
[2024-11-20T19:43:46.950+0000] {local_task_job_runner.py:245} INFO - ::endgroup::
