[2024-11-21T12:12:20.739+0000] {local_task_job_runner.py:123} INFO - ::group::Pre task execution logs
[2024-11-21T12:12:20.755+0000] {taskinstance.py:2613} INFO - Dependencies all met for dep_context=non-requeueable deps ti=<TaskInstance: etl_pipeline.extract_google_trends manual__2024-11-21T12:12:13.438445+00:00 [queued]>
[2024-11-21T12:12:20.762+0000] {taskinstance.py:2613} INFO - Dependencies all met for dep_context=requeueable deps ti=<TaskInstance: etl_pipeline.extract_google_trends manual__2024-11-21T12:12:13.438445+00:00 [queued]>
[2024-11-21T12:12:20.764+0000] {taskinstance.py:2866} INFO - Starting attempt 1 of 1
[2024-11-21T12:12:20.780+0000] {taskinstance.py:2889} INFO - Executing <Task(PythonOperator): extract_google_trends> on 2024-11-21 12:12:13.438445+00:00
[2024-11-21T12:12:20.789+0000] {warnings.py:112} WARNING - /home/***/.local/lib/python3.12/site-packages/***/task/task_runner/standard_task_runner.py:70: DeprecationWarning: This process (pid=4438) is multi-threaded, use of fork() may lead to deadlocks in the child.
  pid = os.fork()

[2024-11-21T12:12:20.791+0000] {standard_task_runner.py:72} INFO - Started process 4440 to run task
[2024-11-21T12:12:20.791+0000] {standard_task_runner.py:104} INFO - Running: ['***', 'tasks', 'run', 'etl_pipeline', 'extract_google_trends', 'manual__2024-11-21T12:12:13.438445+00:00', '--job-id', '253', '--raw', '--subdir', 'DAGS_FOLDER/dag.py', '--cfg-path', '/tmp/tmprb92u6mv']
[2024-11-21T12:12:20.792+0000] {standard_task_runner.py:105} INFO - Job 253: Subtask extract_google_trends
[2024-11-21T12:12:20.836+0000] {task_command.py:467} INFO - Running <TaskInstance: etl_pipeline.extract_google_trends manual__2024-11-21T12:12:13.438445+00:00 [running]> on host 7a40aa914b11
[2024-11-21T12:12:21.169+0000] {taskinstance.py:3132} INFO - Exporting env vars: AIRFLOW_CTX_DAG_OWNER='***' AIRFLOW_CTX_DAG_ID='etl_pipeline' AIRFLOW_CTX_TASK_ID='extract_google_trends' AIRFLOW_CTX_EXECUTION_DATE='2024-11-21T12:12:13.438445+00:00' AIRFLOW_CTX_TRY_NUMBER='1' AIRFLOW_CTX_DAG_RUN_ID='manual__2024-11-21T12:12:13.438445+00:00'
[2024-11-21T12:12:21.171+0000] {logging_mixin.py:190} INFO - Task instance is in running state
[2024-11-21T12:12:21.172+0000] {logging_mixin.py:190} INFO -  Previous state of the Task instance: queued
[2024-11-21T12:12:21.172+0000] {logging_mixin.py:190} INFO - Current task name:extract_google_trends state:running start_date:2024-11-21 12:12:20.756637+00:00
[2024-11-21T12:12:21.173+0000] {logging_mixin.py:190} INFO - Dag name:etl_pipeline and current dag run status:running
[2024-11-21T12:12:21.174+0000] {taskinstance.py:731} INFO - ::endgroup::
[2024-11-21T12:12:21.176+0000] {extract_google_trends.py:144} INFO - Starting Google Trends data scraping...
[2024-11-21T12:12:21.177+0000] {extract_google_trends.py:56} INFO - Running Apify actor for 'sunscreen skin aqua'...
[2024-11-21T12:12:22.420+0000] {extract_google_trends.py:16} INFO - Sent request to Apify API to run actor with status code: 201
[2024-11-21T12:12:23.407+0000] {extract_google_trends.py:30} INFO - Checked actor run status with status code: 200
[2024-11-21T12:12:23.409+0000] {extract_google_trends.py:88} INFO - Actor is still running for 'sunscreen skin aqua'... Waiting...
[2024-11-21T12:12:34.414+0000] {extract_google_trends.py:30} INFO - Checked actor run status with status code: 200
[2024-11-21T12:12:34.415+0000] {extract_google_trends.py:88} INFO - Actor is still running for 'sunscreen skin aqua'... Waiting...
[2024-11-21T12:12:45.420+0000] {extract_google_trends.py:30} INFO - Checked actor run status with status code: 200
[2024-11-21T12:12:45.421+0000] {extract_google_trends.py:88} INFO - Actor is still running for 'sunscreen skin aqua'... Waiting...
[2024-11-21T12:12:56.520+0000] {extract_google_trends.py:30} INFO - Checked actor run status with status code: 200
[2024-11-21T12:12:56.521+0000] {extract_google_trends.py:88} INFO - Actor is still running for 'sunscreen skin aqua'... Waiting...
[2024-11-21T12:13:07.493+0000] {extract_google_trends.py:30} INFO - Checked actor run status with status code: 200
[2024-11-21T12:13:07.494+0000] {extract_google_trends.py:88} INFO - Actor is still running for 'sunscreen skin aqua'... Waiting...
[2024-11-21T12:13:18.597+0000] {extract_google_trends.py:30} INFO - Checked actor run status with status code: 200
[2024-11-21T12:13:18.599+0000] {extract_google_trends.py:88} INFO - Actor is still running for 'sunscreen skin aqua'... Waiting...
[2024-11-21T12:13:29.585+0000] {extract_google_trends.py:30} INFO - Checked actor run status with status code: 200
[2024-11-21T12:13:29.587+0000] {extract_google_trends.py:88} INFO - Actor is still running for 'sunscreen skin aqua'... Waiting...
[2024-11-21T12:13:40.603+0000] {extract_google_trends.py:30} INFO - Checked actor run status with status code: 200
[2024-11-21T12:13:40.604+0000] {extract_google_trends.py:88} INFO - Actor is still running for 'sunscreen skin aqua'... Waiting...
[2024-11-21T12:13:51.570+0000] {extract_google_trends.py:30} INFO - Checked actor run status with status code: 200
[2024-11-21T12:13:51.571+0000] {extract_google_trends.py:88} INFO - Actor is still running for 'sunscreen skin aqua'... Waiting...
[2024-11-21T12:14:02.555+0000] {extract_google_trends.py:30} INFO - Checked actor run status with status code: 200
[2024-11-21T12:14:02.556+0000] {extract_google_trends.py:88} INFO - Actor is still running for 'sunscreen skin aqua'... Waiting...
[2024-11-21T12:14:13.528+0000] {extract_google_trends.py:30} INFO - Checked actor run status with status code: 200
[2024-11-21T12:14:13.530+0000] {extract_google_trends.py:88} INFO - Actor is still running for 'sunscreen skin aqua'... Waiting...
[2024-11-21T12:14:24.516+0000] {extract_google_trends.py:30} INFO - Checked actor run status with status code: 200
[2024-11-21T12:14:24.518+0000] {extract_google_trends.py:88} INFO - Actor is still running for 'sunscreen skin aqua'... Waiting...
[2024-11-21T12:14:35.489+0000] {extract_google_trends.py:30} INFO - Checked actor run status with status code: 200
[2024-11-21T12:14:35.491+0000] {extract_google_trends.py:88} INFO - Actor is still running for 'sunscreen skin aqua'... Waiting...
[2024-11-21T12:14:46.505+0000] {extract_google_trends.py:30} INFO - Checked actor run status with status code: 200
[2024-11-21T12:14:46.506+0000] {extract_google_trends.py:88} INFO - Actor is still running for 'sunscreen skin aqua'... Waiting...
[2024-11-21T12:14:57.527+0000] {extract_google_trends.py:30} INFO - Checked actor run status with status code: 200
[2024-11-21T12:14:57.528+0000] {extract_google_trends.py:88} INFO - Actor is still running for 'sunscreen skin aqua'... Waiting...
[2024-11-21T12:15:08.505+0000] {extract_google_trends.py:30} INFO - Checked actor run status with status code: 200
[2024-11-21T12:15:08.506+0000] {extract_google_trends.py:88} INFO - Actor is still running for 'sunscreen skin aqua'... Waiting...
[2024-11-21T12:15:19.519+0000] {extract_google_trends.py:30} INFO - Checked actor run status with status code: 200
[2024-11-21T12:15:19.521+0000] {extract_google_trends.py:86} INFO - Actor run succeeded for 'sunscreen skin aqua'.
[2024-11-21T12:15:20.804+0000] {extract_google_trends.py:44} INFO - Fetched dataset with status code: 200
[2024-11-21T12:15:20.834+0000] {extract_google_trends.py:104} INFO - Data for 'sunscreen skin aqua' saved to 'dags/hasil data extract/GoogleTrend_sunscreen_skin_aqua.json'.
[2024-11-21T12:15:20.847+0000] {extract_google_trends.py:131} INFO - Interest over time data for 'sunscreen skin aqua' saved to 'dags/hasil data extract/GoogleTrend_sunscreen_skin_aqua_interestOverTime.csv'.
[2024-11-21T12:15:20.848+0000] {extract_google_trends.py:56} INFO - Running Apify actor for 'sunscreen Azarine'...
[2024-11-21T12:15:22.355+0000] {extract_google_trends.py:16} INFO - Sent request to Apify API to run actor with status code: 201
[2024-11-21T12:15:23.421+0000] {extract_google_trends.py:30} INFO - Checked actor run status with status code: 200
[2024-11-21T12:15:23.422+0000] {extract_google_trends.py:88} INFO - Actor is still running for 'sunscreen Azarine'... Waiting...
[2024-11-21T12:15:34.413+0000] {extract_google_trends.py:30} INFO - Checked actor run status with status code: 200
[2024-11-21T12:15:34.415+0000] {extract_google_trends.py:88} INFO - Actor is still running for 'sunscreen Azarine'... Waiting...
[2024-11-21T12:15:45.552+0000] {extract_google_trends.py:30} INFO - Checked actor run status with status code: 200
[2024-11-21T12:15:45.554+0000] {extract_google_trends.py:88} INFO - Actor is still running for 'sunscreen Azarine'... Waiting...
[2024-11-21T12:15:56.626+0000] {extract_google_trends.py:30} INFO - Checked actor run status with status code: 200
[2024-11-21T12:15:56.627+0000] {extract_google_trends.py:88} INFO - Actor is still running for 'sunscreen Azarine'... Waiting...
[2024-11-21T12:16:07.594+0000] {extract_google_trends.py:30} INFO - Checked actor run status with status code: 200
[2024-11-21T12:16:07.595+0000] {extract_google_trends.py:88} INFO - Actor is still running for 'sunscreen Azarine'... Waiting...
[2024-11-21T12:16:18.574+0000] {extract_google_trends.py:30} INFO - Checked actor run status with status code: 200
[2024-11-21T12:16:18.576+0000] {extract_google_trends.py:88} INFO - Actor is still running for 'sunscreen Azarine'... Waiting...
[2024-11-21T12:16:29.564+0000] {extract_google_trends.py:30} INFO - Checked actor run status with status code: 200
[2024-11-21T12:16:29.565+0000] {extract_google_trends.py:88} INFO - Actor is still running for 'sunscreen Azarine'... Waiting...
[2024-11-21T12:16:40.602+0000] {extract_google_trends.py:30} INFO - Checked actor run status with status code: 200
[2024-11-21T12:16:40.604+0000] {extract_google_trends.py:88} INFO - Actor is still running for 'sunscreen Azarine'... Waiting...
[2024-11-21T12:16:51.589+0000] {extract_google_trends.py:30} INFO - Checked actor run status with status code: 200
[2024-11-21T12:16:51.590+0000] {extract_google_trends.py:88} INFO - Actor is still running for 'sunscreen Azarine'... Waiting...
[2024-11-21T12:17:02.681+0000] {extract_google_trends.py:30} INFO - Checked actor run status with status code: 200
[2024-11-21T12:17:02.683+0000] {extract_google_trends.py:88} INFO - Actor is still running for 'sunscreen Azarine'... Waiting...
[2024-11-21T12:17:13.670+0000] {extract_google_trends.py:30} INFO - Checked actor run status with status code: 200
[2024-11-21T12:17:13.672+0000] {extract_google_trends.py:88} INFO - Actor is still running for 'sunscreen Azarine'... Waiting...
[2024-11-21T12:17:24.648+0000] {extract_google_trends.py:30} INFO - Checked actor run status with status code: 200
[2024-11-21T12:17:24.650+0000] {extract_google_trends.py:88} INFO - Actor is still running for 'sunscreen Azarine'... Waiting...
[2024-11-21T12:17:35.660+0000] {extract_google_trends.py:30} INFO - Checked actor run status with status code: 200
[2024-11-21T12:17:35.661+0000] {extract_google_trends.py:88} INFO - Actor is still running for 'sunscreen Azarine'... Waiting...
[2024-11-21T12:17:46.672+0000] {extract_google_trends.py:30} INFO - Checked actor run status with status code: 200
[2024-11-21T12:17:46.673+0000] {extract_google_trends.py:88} INFO - Actor is still running for 'sunscreen Azarine'... Waiting...
[2024-11-21T12:17:57.689+0000] {extract_google_trends.py:30} INFO - Checked actor run status with status code: 200
[2024-11-21T12:17:57.690+0000] {extract_google_trends.py:88} INFO - Actor is still running for 'sunscreen Azarine'... Waiting...
[2024-11-21T12:18:08.668+0000] {extract_google_trends.py:30} INFO - Checked actor run status with status code: 200
[2024-11-21T12:18:08.669+0000] {extract_google_trends.py:88} INFO - Actor is still running for 'sunscreen Azarine'... Waiting...
[2024-11-21T12:18:19.652+0000] {extract_google_trends.py:30} INFO - Checked actor run status with status code: 200
[2024-11-21T12:18:19.653+0000] {extract_google_trends.py:88} INFO - Actor is still running for 'sunscreen Azarine'... Waiting...
[2024-11-21T12:18:30.652+0000] {extract_google_trends.py:30} INFO - Checked actor run status with status code: 200
[2024-11-21T12:18:30.654+0000] {extract_google_trends.py:88} INFO - Actor is still running for 'sunscreen Azarine'... Waiting...
[2024-11-21T12:18:41.614+0000] {extract_google_trends.py:30} INFO - Checked actor run status with status code: 200
[2024-11-21T12:18:41.615+0000] {extract_google_trends.py:88} INFO - Actor is still running for 'sunscreen Azarine'... Waiting...
[2024-11-21T12:18:52.595+0000] {extract_google_trends.py:30} INFO - Checked actor run status with status code: 200
[2024-11-21T12:18:52.596+0000] {extract_google_trends.py:88} INFO - Actor is still running for 'sunscreen Azarine'... Waiting...
[2024-11-21T12:19:03.588+0000] {extract_google_trends.py:30} INFO - Checked actor run status with status code: 200
[2024-11-21T12:19:03.589+0000] {extract_google_trends.py:88} INFO - Actor is still running for 'sunscreen Azarine'... Waiting...
[2024-11-21T12:19:14.790+0000] {extract_google_trends.py:30} INFO - Checked actor run status with status code: 200
[2024-11-21T12:19:14.792+0000] {extract_google_trends.py:88} INFO - Actor is still running for 'sunscreen Azarine'... Waiting...
[2024-11-21T12:19:25.793+0000] {extract_google_trends.py:30} INFO - Checked actor run status with status code: 200
[2024-11-21T12:19:25.794+0000] {extract_google_trends.py:88} INFO - Actor is still running for 'sunscreen Azarine'... Waiting...
[2024-11-21T12:19:36.824+0000] {extract_google_trends.py:30} INFO - Checked actor run status with status code: 200
[2024-11-21T12:19:36.826+0000] {extract_google_trends.py:88} INFO - Actor is still running for 'sunscreen Azarine'... Waiting...
[2024-11-21T12:19:47.994+0000] {extract_google_trends.py:30} INFO - Checked actor run status with status code: 200
[2024-11-21T12:19:47.996+0000] {extract_google_trends.py:88} INFO - Actor is still running for 'sunscreen Azarine'... Waiting...
[2024-11-21T12:19:58.974+0000] {extract_google_trends.py:30} INFO - Checked actor run status with status code: 200
[2024-11-21T12:19:58.975+0000] {extract_google_trends.py:88} INFO - Actor is still running for 'sunscreen Azarine'... Waiting...
[2024-11-21T12:20:09.952+0000] {extract_google_trends.py:30} INFO - Checked actor run status with status code: 200
[2024-11-21T12:20:09.953+0000] {extract_google_trends.py:88} INFO - Actor is still running for 'sunscreen Azarine'... Waiting...
[2024-11-21T12:20:20.972+0000] {extract_google_trends.py:30} INFO - Checked actor run status with status code: 200
[2024-11-21T12:20:20.973+0000] {extract_google_trends.py:86} INFO - Actor run succeeded for 'sunscreen Azarine'.
[2024-11-21T12:20:22.103+0000] {extract_google_trends.py:44} INFO - Fetched dataset with status code: 200
[2024-11-21T12:20:22.141+0000] {extract_google_trends.py:104} INFO - Data for 'sunscreen Azarine' saved to 'dags/hasil data extract/GoogleTrend_sunscreen_Azarine.json'.
[2024-11-21T12:20:22.159+0000] {extract_google_trends.py:131} INFO - Interest over time data for 'sunscreen Azarine' saved to 'dags/hasil data extract/GoogleTrend_sunscreen_Azarine_interestOverTime.csv'.
[2024-11-21T12:20:22.163+0000] {extract_google_trends.py:146} INFO - Google Trends data scraping completed.
[2024-11-21T12:20:22.174+0000] {python.py:240} INFO - Done. Returned value was: None
[2024-11-21T12:20:22.333+0000] {taskinstance.py:340} INFO - ::group::Post task execution logs
[2024-11-21T12:20:22.342+0000] {taskinstance.py:352} INFO - Marking task as SUCCESS. dag_id=etl_pipeline, task_id=extract_google_trends, run_id=manual__2024-11-21T12:12:13.438445+00:00, execution_date=20241121T121213, start_date=20241121T121220, end_date=20241121T122022
[2024-11-21T12:20:22.428+0000] {logging_mixin.py:190} INFO - Task instance in success state
[2024-11-21T12:20:22.429+0000] {logging_mixin.py:190} INFO -  Previous state of the Task instance: running
[2024-11-21T12:20:22.430+0000] {logging_mixin.py:190} INFO - Dag name:etl_pipeline queued_at:2024-11-21 12:12:13.558991+00:00
[2024-11-21T12:20:22.431+0000] {logging_mixin.py:190} INFO - Task hostname:7a40aa914b11 operator:PythonOperator
[2024-11-21T12:20:22.538+0000] {local_task_job_runner.py:266} INFO - Task exited with return code 0
[2024-11-21T12:20:23.976+0000] {taskinstance.py:3895} INFO - 1 downstream tasks scheduled from follow-on schedule check
[2024-11-21T12:20:23.981+0000] {local_task_job_runner.py:245} INFO - ::endgroup::
