[2024-11-21T12:29:51.405+0000] {local_task_job_runner.py:123} INFO - ::group::Pre task execution logs
[2024-11-21T12:29:51.421+0000] {taskinstance.py:2613} INFO - Dependencies all met for dep_context=non-requeueable deps ti=<TaskInstance: etl_pipeline.extract_google_trends manual__2024-11-21T12:29:48.980640+00:00 [queued]>
[2024-11-21T12:29:51.430+0000] {taskinstance.py:2613} INFO - Dependencies all met for dep_context=requeueable deps ti=<TaskInstance: etl_pipeline.extract_google_trends manual__2024-11-21T12:29:48.980640+00:00 [queued]>
[2024-11-21T12:29:51.431+0000] {taskinstance.py:2866} INFO - Starting attempt 1 of 1
[2024-11-21T12:29:51.447+0000] {taskinstance.py:2889} INFO - Executing <Task(PythonOperator): extract_google_trends> on 2024-11-21 12:29:48.980640+00:00
[2024-11-21T12:29:51.462+0000] {warnings.py:112} WARNING - /home/***/.local/lib/python3.12/site-packages/***/task/task_runner/standard_task_runner.py:70: DeprecationWarning: This process (pid=4726) is multi-threaded, use of fork() may lead to deadlocks in the child.
  pid = os.fork()

[2024-11-21T12:29:51.464+0000] {standard_task_runner.py:72} INFO - Started process 4739 to run task
[2024-11-21T12:29:51.464+0000] {standard_task_runner.py:104} INFO - Running: ['***', 'tasks', 'run', 'etl_pipeline', 'extract_google_trends', 'manual__2024-11-21T12:29:48.980640+00:00', '--job-id', '270', '--raw', '--subdir', 'DAGS_FOLDER/dag.py', '--cfg-path', '/tmp/tmpmkq7kvyh']
[2024-11-21T12:29:51.466+0000] {standard_task_runner.py:105} INFO - Job 270: Subtask extract_google_trends
[2024-11-21T12:29:51.522+0000] {task_command.py:467} INFO - Running <TaskInstance: etl_pipeline.extract_google_trends manual__2024-11-21T12:29:48.980640+00:00 [running]> on host 7a40aa914b11
[2024-11-21T12:29:53.546+0000] {taskinstance.py:3132} INFO - Exporting env vars: AIRFLOW_CTX_DAG_OWNER='***' AIRFLOW_CTX_DAG_ID='etl_pipeline' AIRFLOW_CTX_TASK_ID='extract_google_trends' AIRFLOW_CTX_EXECUTION_DATE='2024-11-21T12:29:48.980640+00:00' AIRFLOW_CTX_TRY_NUMBER='1' AIRFLOW_CTX_DAG_RUN_ID='manual__2024-11-21T12:29:48.980640+00:00'
[2024-11-21T12:29:53.557+0000] {logging_mixin.py:190} INFO - Task instance is in running state
[2024-11-21T12:29:53.559+0000] {logging_mixin.py:190} INFO -  Previous state of the Task instance: queued
[2024-11-21T12:29:53.560+0000] {logging_mixin.py:190} INFO - Current task name:extract_google_trends state:running start_date:2024-11-21 12:29:51.422358+00:00
[2024-11-21T12:29:53.561+0000] {logging_mixin.py:190} INFO - Dag name:etl_pipeline and current dag run status:running
[2024-11-21T12:29:53.564+0000] {taskinstance.py:731} INFO - ::endgroup::
[2024-11-21T12:29:53.580+0000] {extract_google_trends.py:144} INFO - Starting Google Trends data scraping...
[2024-11-21T12:29:53.582+0000] {extract_google_trends.py:56} INFO - Running Apify actor for 'sunscreen skin aqua'...
[2024-11-21T12:29:54.636+0000] {extract_google_trends.py:16} INFO - Sent request to Apify API to run actor with status code: 403
[2024-11-21T12:29:54.637+0000] {extract_google_trends.py:20} ERROR - Error starting actor run: 403 - {
  "error": {
    "type": "actor-disabled",
    "message": "Monthly usage hard limit exceeded. Please upgrade your subscription or contact support@apify.com"
  }
}
[2024-11-21T12:29:54.639+0000] {extract_google_trends.py:75} WARNING - Failed to start actor run for 'sunscreen skin aqua'.
[2024-11-21T12:29:54.640+0000] {extract_google_trends.py:56} INFO - Running Apify actor for 'sunscreen Azarine'...
[2024-11-21T12:29:55.585+0000] {extract_google_trends.py:16} INFO - Sent request to Apify API to run actor with status code: 403
[2024-11-21T12:29:55.586+0000] {extract_google_trends.py:20} ERROR - Error starting actor run: 403 - {
  "error": {
    "type": "actor-disabled",
    "message": "Monthly usage hard limit exceeded. Please upgrade your subscription or contact support@apify.com"
  }
}
[2024-11-21T12:29:55.587+0000] {extract_google_trends.py:75} WARNING - Failed to start actor run for 'sunscreen Azarine'.
[2024-11-21T12:29:55.588+0000] {extract_google_trends.py:146} INFO - Google Trends data scraping completed.
[2024-11-21T12:29:55.589+0000] {python.py:240} INFO - Done. Returned value was: None
[2024-11-21T12:29:55.599+0000] {taskinstance.py:340} INFO - ::group::Post task execution logs
[2024-11-21T12:29:55.600+0000] {taskinstance.py:352} INFO - Marking task as SUCCESS. dag_id=etl_pipeline, task_id=extract_google_trends, run_id=manual__2024-11-21T12:29:48.980640+00:00, execution_date=20241121T122948, start_date=20241121T122951, end_date=20241121T122955
[2024-11-21T12:29:55.612+0000] {logging_mixin.py:190} INFO - Task instance in success state
[2024-11-21T12:29:55.613+0000] {logging_mixin.py:190} INFO -  Previous state of the Task instance: running
[2024-11-21T12:29:55.614+0000] {logging_mixin.py:190} INFO - Dag name:etl_pipeline queued_at:2024-11-21 12:29:49.175039+00:00
[2024-11-21T12:29:55.615+0000] {logging_mixin.py:190} INFO - Task hostname:7a40aa914b11 operator:PythonOperator
[2024-11-21T12:29:55.666+0000] {local_task_job_runner.py:266} INFO - Task exited with return code 0
[2024-11-21T12:29:55.688+0000] {taskinstance.py:3895} INFO - 0 downstream tasks scheduled from follow-on schedule check
[2024-11-21T12:29:55.692+0000] {local_task_job_runner.py:245} INFO - ::endgroup::
