[2024-11-21T07:41:56.696+0000] {local_task_job_runner.py:123} INFO - ::group::Pre task execution logs
[2024-11-21T07:41:56.711+0000] {taskinstance.py:2613} INFO - Dependencies all met for dep_context=non-requeueable deps ti=<TaskInstance: etl_pipeline.transform_female_daily manual__2024-11-21T07:20:11.280810+00:00 [queued]>
[2024-11-21T07:41:56.719+0000] {taskinstance.py:2613} INFO - Dependencies all met for dep_context=requeueable deps ti=<TaskInstance: etl_pipeline.transform_female_daily manual__2024-11-21T07:20:11.280810+00:00 [queued]>
[2024-11-21T07:41:56.720+0000] {taskinstance.py:2866} INFO - Starting attempt 2 of 2
[2024-11-21T07:41:56.732+0000] {taskinstance.py:2889} INFO - Executing <Task(PythonOperator): transform_female_daily> on 2024-11-21 07:20:11.280810+00:00
[2024-11-21T07:41:56.744+0000] {warnings.py:112} WARNING - /home/***/.local/lib/python3.12/site-packages/***/task/task_runner/standard_task_runner.py:70: DeprecationWarning: This process (pid=470) is multi-threaded, use of fork() may lead to deadlocks in the child.
  pid = os.fork()

[2024-11-21T07:41:56.746+0000] {standard_task_runner.py:72} INFO - Started process 472 to run task
[2024-11-21T07:41:56.747+0000] {standard_task_runner.py:104} INFO - Running: ['***', 'tasks', 'run', 'etl_pipeline', 'transform_female_daily', 'manual__2024-11-21T07:20:11.280810+00:00', '--job-id', '128', '--raw', '--subdir', 'DAGS_FOLDER/dag.py', '--cfg-path', '/tmp/tmpfu9cji_e']
[2024-11-21T07:41:56.749+0000] {standard_task_runner.py:105} INFO - Job 128: Subtask transform_female_daily
[2024-11-21T07:41:56.800+0000] {task_command.py:467} INFO - Running <TaskInstance: etl_pipeline.transform_female_daily manual__2024-11-21T07:20:11.280810+00:00 [running]> on host 7a40aa914b11
[2024-11-21T07:41:57.132+0000] {taskinstance.py:3132} INFO - Exporting env vars: AIRFLOW_CTX_DAG_OWNER='***' AIRFLOW_CTX_DAG_ID='etl_pipeline' AIRFLOW_CTX_TASK_ID='transform_female_daily' AIRFLOW_CTX_EXECUTION_DATE='2024-11-21T07:20:11.280810+00:00' AIRFLOW_CTX_TRY_NUMBER='2' AIRFLOW_CTX_DAG_RUN_ID='manual__2024-11-21T07:20:11.280810+00:00'
[2024-11-21T07:41:57.133+0000] {logging_mixin.py:190} INFO - Task instance is in running state
[2024-11-21T07:41:57.135+0000] {logging_mixin.py:190} INFO -  Previous state of the Task instance: queued
[2024-11-21T07:41:57.136+0000] {logging_mixin.py:190} INFO - Current task name:transform_female_daily state:running start_date:2024-11-21 07:41:56.712573+00:00
[2024-11-21T07:41:57.137+0000] {logging_mixin.py:190} INFO - Dag name:etl_pipeline and current dag run status:running
[2024-11-21T07:41:57.139+0000] {taskinstance.py:731} INFO - ::endgroup::
[2024-11-21T07:41:57.158+0000] {logging_mixin.py:190} INFO - Memproses file: FemaleDaily_Review Azarine Calm My Acne Sunscreen Moisturizer.csv
[2024-11-21T07:41:57.207+0000] {logging_mixin.py:190} INFO - Hasil diproses disimpan di: dags/hasil data extract/FemaleDaily_Review Azarine Calm My Acne Sunscreen Moisturizer.csv
[2024-11-21T07:41:57.208+0000] {logging_mixin.py:190} INFO - Memproses file: FemaleDaily_Review Azarine Hydramax C Sunscreen Serum.csv
[2024-11-21T07:41:57.237+0000] {logging_mixin.py:190} INFO - Hasil diproses disimpan di: dags/hasil data extract/FemaleDaily_Review Azarine Hydramax C Sunscreen Serum.csv
[2024-11-21T07:41:57.238+0000] {logging_mixin.py:190} INFO - Memproses file: FemaleDaily_Review Azarine Hydrashoote Sunscreen Gel.csv
[2024-11-21T07:41:57.270+0000] {logging_mixin.py:190} INFO - Hasil diproses disimpan di: dags/hasil data extract/FemaleDaily_Review Azarine Hydrashoote Sunscreen Gel.csv
[2024-11-21T07:41:57.272+0000] {logging_mixin.py:190} INFO - Memproses file: FemaleDaily_Review Skinaqua UV Moisture Gel.csv
[2024-11-21T07:41:57.296+0000] {logging_mixin.py:190} INFO - Hasil diproses disimpan di: dags/hasil data extract/FemaleDaily_Review Skinaqua UV Moisture Gel.csv
[2024-11-21T07:41:57.297+0000] {logging_mixin.py:190} INFO - Memproses file: FemaleDaily_Review Skinaqua UV Moisture Milk.csv
[2024-11-21T07:41:57.330+0000] {logging_mixin.py:190} INFO - Hasil diproses disimpan di: dags/hasil data extract/FemaleDaily_Review Skinaqua UV Moisture Milk.csv
[2024-11-21T07:41:57.331+0000] {logging_mixin.py:190} INFO - Memproses file: FemaleDaily_Review Skinaqua UV Whitening Milk.csv
[2024-11-21T07:41:57.365+0000] {logging_mixin.py:190} INFO - Hasil diproses disimpan di: dags/hasil data extract/FemaleDaily_Review Skinaqua UV Whitening Milk.csv
[2024-11-21T07:41:57.366+0000] {logging_mixin.py:190} INFO - Memproses file: FemaleDaily_Sunscreen Azarine.csv
[2024-11-21T07:41:57.388+0000] {logging_mixin.py:190} INFO - Tidak ada mapping untuk file: FemaleDaily_Sunscreen Azarine.csv
[2024-11-21T07:41:57.434+0000] {logging_mixin.py:190} INFO - Hasil diproses disimpan di: dags/hasil data extract/FemaleDaily_Sunscreen Azarine.csv
[2024-11-21T07:41:57.435+0000] {logging_mixin.py:190} INFO - Memproses file: FemaleDaily_Sunscreen Skinaqua.csv
[2024-11-21T07:41:57.454+0000] {logging_mixin.py:190} INFO - Tidak ada mapping untuk file: FemaleDaily_Sunscreen Skinaqua.csv
[2024-11-21T07:41:57.496+0000] {logging_mixin.py:190} INFO - Hasil diproses disimpan di: dags/hasil data extract/FemaleDaily_Sunscreen Skinaqua.csv
[2024-11-21T07:41:57.501+0000] {logging_mixin.py:190} INFO - Membaca file: FemaleDaily_Review Azarine Calm My Acne Sunscreen Moisturizer.csv
[2024-11-21T07:41:57.518+0000] {logging_mixin.py:190} INFO - Membaca file: FemaleDaily_Review Azarine Hydramax C Sunscreen Serum.csv
[2024-11-21T07:41:57.531+0000] {logging_mixin.py:190} INFO - Membaca file: FemaleDaily_Review Azarine Hydrashoote Sunscreen Gel.csv
[2024-11-21T07:41:57.579+0000] {logging_mixin.py:190} INFO - Hasil penggabungan disimpan di: dags/hasil data extract/FemaleDaily_Sunscreen Azarine.csv
[2024-11-21T07:41:57.583+0000] {logging_mixin.py:190} INFO - Membaca file: FemaleDaily_Review Skinaqua UV Moisture Gel.csv
[2024-11-21T07:41:57.596+0000] {logging_mixin.py:190} INFO - Membaca file: FemaleDaily_Review Skinaqua UV Moisture Milk.csv
[2024-11-21T07:41:57.612+0000] {logging_mixin.py:190} INFO - Membaca file: FemaleDaily_Review Skinaqua UV Whitening Milk.csv
[2024-11-21T07:41:57.659+0000] {logging_mixin.py:190} INFO - Hasil penggabungan disimpan di: dags/hasil data extract/FemaleDaily_Sunscreen Skinaqua.csv
[2024-11-21T07:41:57.723+0000] {logging_mixin.py:190} INFO - Data berhasil disimpan ke XCom.
[2024-11-21T07:41:57.724+0000] {python.py:240} INFO - Done. Returned value was: None
[2024-11-21T07:41:57.733+0000] {taskinstance.py:340} INFO - ::group::Post task execution logs
[2024-11-21T07:41:57.734+0000] {taskinstance.py:352} INFO - Marking task as SUCCESS. dag_id=etl_pipeline, task_id=transform_female_daily, run_id=manual__2024-11-21T07:20:11.280810+00:00, execution_date=20241121T072011, start_date=20241121T074156, end_date=20241121T074157
[2024-11-21T07:41:57.745+0000] {logging_mixin.py:190} INFO - Task instance in success state
[2024-11-21T07:41:57.746+0000] {logging_mixin.py:190} INFO -  Previous state of the Task instance: running
[2024-11-21T07:41:57.747+0000] {logging_mixin.py:190} INFO - Dag name:etl_pipeline queued_at:2024-11-21 07:37:45.701627+00:00
[2024-11-21T07:41:57.748+0000] {logging_mixin.py:190} INFO - Task hostname:7a40aa914b11 operator:PythonOperator
[2024-11-21T07:41:57.768+0000] {local_task_job_runner.py:266} INFO - Task exited with return code 0
[2024-11-21T07:41:57.789+0000] {taskinstance.py:3895} INFO - 1 downstream tasks scheduled from follow-on schedule check
[2024-11-21T07:41:57.793+0000] {local_task_job_runner.py:245} INFO - ::endgroup::
