[2024-11-21T10:45:52.539+0000] {local_task_job_runner.py:123} INFO - ::group::Pre task execution logs
[2024-11-21T10:45:52.559+0000] {taskinstance.py:2613} INFO - Dependencies all met for dep_context=non-requeueable deps ti=<TaskInstance: etl_pipeline.transform_cleaning manual__2024-11-21T10:41:29.990918+00:00 [queued]>
[2024-11-21T10:45:52.568+0000] {taskinstance.py:2613} INFO - Dependencies all met for dep_context=requeueable deps ti=<TaskInstance: etl_pipeline.transform_cleaning manual__2024-11-21T10:41:29.990918+00:00 [queued]>
[2024-11-21T10:45:52.570+0000] {taskinstance.py:2866} INFO - Starting attempt 1 of 1
[2024-11-21T10:45:52.585+0000] {taskinstance.py:2889} INFO - Executing <Task(PythonOperator): transform_cleaning> on 2024-11-21 10:41:29.990918+00:00
[2024-11-21T10:45:52.593+0000] {warnings.py:112} WARNING - /home/***/.local/lib/python3.12/site-packages/***/task/task_runner/standard_task_runner.py:70: DeprecationWarning: This process (pid=3176) is multi-threaded, use of fork() may lead to deadlocks in the child.
  pid = os.fork()

[2024-11-21T10:45:52.595+0000] {standard_task_runner.py:72} INFO - Started process 3178 to run task
[2024-11-21T10:45:52.595+0000] {standard_task_runner.py:104} INFO - Running: ['***', 'tasks', 'run', 'etl_pipeline', 'transform_cleaning', 'manual__2024-11-21T10:41:29.990918+00:00', '--job-id', '213', '--raw', '--subdir', 'DAGS_FOLDER/dag.py', '--cfg-path', '/tmp/tmp8fuyx1li']
[2024-11-21T10:45:52.597+0000] {standard_task_runner.py:105} INFO - Job 213: Subtask transform_cleaning
[2024-11-21T10:45:52.707+0000] {task_command.py:467} INFO - Running <TaskInstance: etl_pipeline.transform_cleaning manual__2024-11-21T10:41:29.990918+00:00 [running]> on host 7a40aa914b11
[2024-11-21T10:45:53.144+0000] {taskinstance.py:3132} INFO - Exporting env vars: AIRFLOW_CTX_DAG_OWNER='***' AIRFLOW_CTX_DAG_ID='etl_pipeline' AIRFLOW_CTX_TASK_ID='transform_cleaning' AIRFLOW_CTX_EXECUTION_DATE='2024-11-21T10:41:29.990918+00:00' AIRFLOW_CTX_TRY_NUMBER='1' AIRFLOW_CTX_DAG_RUN_ID='manual__2024-11-21T10:41:29.990918+00:00'
[2024-11-21T10:45:53.145+0000] {logging_mixin.py:190} INFO - Task instance is in running state
[2024-11-21T10:45:53.146+0000] {logging_mixin.py:190} INFO -  Previous state of the Task instance: queued
[2024-11-21T10:45:53.147+0000] {logging_mixin.py:190} INFO - Current task name:transform_cleaning state:running start_date:2024-11-21 10:45:52.560897+00:00
[2024-11-21T10:45:53.147+0000] {logging_mixin.py:190} INFO - Dag name:etl_pipeline and current dag run status:running
[2024-11-21T10:45:53.148+0000] {taskinstance.py:731} INFO - ::endgroup::
[2024-11-21T10:45:53.149+0000] {logging_mixin.py:190} INFO - Memproses file 'Merged_Sunscreen Azarine.csv'...
[2024-11-21T10:45:53.152+0000] {logging_mixin.py:190} INFO - File tidak ditemukan: dags/hasil data transform/Merged_Sunscreen Azarine.csv
[2024-11-21T10:45:53.153+0000] {logging_mixin.py:190} INFO - Memproses file 'Merged_Sunscreen Skinaqua.csv'...
[2024-11-21T10:45:53.156+0000] {logging_mixin.py:190} INFO - File tidak ditemukan: dags/hasil data transform/Merged_Sunscreen Skinaqua.csv
[2024-11-21T10:45:53.158+0000] {python.py:240} INFO - Done. Returned value was: None
[2024-11-21T10:45:53.177+0000] {taskinstance.py:340} INFO - ::group::Post task execution logs
[2024-11-21T10:45:53.179+0000] {taskinstance.py:352} INFO - Marking task as SUCCESS. dag_id=etl_pipeline, task_id=transform_cleaning, run_id=manual__2024-11-21T10:41:29.990918+00:00, execution_date=20241121T104129, start_date=20241121T104552, end_date=20241121T104553
[2024-11-21T10:45:53.199+0000] {logging_mixin.py:190} INFO - Task instance in success state
[2024-11-21T10:45:53.200+0000] {logging_mixin.py:190} INFO -  Previous state of the Task instance: running
[2024-11-21T10:45:53.201+0000] {logging_mixin.py:190} INFO - Dag name:etl_pipeline queued_at:2024-11-21 10:41:30.337704+00:00
[2024-11-21T10:45:53.202+0000] {logging_mixin.py:190} INFO - Task hostname:7a40aa914b11 operator:PythonOperator
[2024-11-21T10:45:53.255+0000] {local_task_job_runner.py:266} INFO - Task exited with return code 0
[2024-11-21T10:45:53.308+0000] {taskinstance.py:3895} INFO - 1 downstream tasks scheduled from follow-on schedule check
[2024-11-21T10:45:53.311+0000] {local_task_job_runner.py:245} INFO - ::endgroup::
