[2024-11-21T08:12:08.587+0000] {local_task_job_runner.py:123} INFO - ::group::Pre task execution logs
[2024-11-21T08:12:08.602+0000] {taskinstance.py:2613} INFO - Dependencies all met for dep_context=non-requeueable deps ti=<TaskInstance: etl_pipeline.transform_google_trends manual__2024-11-21T07:38:05.193191+00:00 [queued]>
[2024-11-21T08:12:08.611+0000] {taskinstance.py:2613} INFO - Dependencies all met for dep_context=requeueable deps ti=<TaskInstance: etl_pipeline.transform_google_trends manual__2024-11-21T07:38:05.193191+00:00 [queued]>
[2024-11-21T08:12:08.613+0000] {taskinstance.py:2866} INFO - Starting attempt 2 of 2
[2024-11-21T08:12:08.626+0000] {taskinstance.py:2889} INFO - Executing <Task(PythonOperator): transform_google_trends> on 2024-11-21 07:38:05.193191+00:00
[2024-11-21T08:12:08.633+0000] {warnings.py:112} WARNING - /home/***/.local/lib/python3.12/site-packages/***/task/task_runner/standard_task_runner.py:70: DeprecationWarning: This process (pid=914) is multi-threaded, use of fork() may lead to deadlocks in the child.
  pid = os.fork()

[2024-11-21T08:12:08.635+0000] {standard_task_runner.py:72} INFO - Started process 916 to run task
[2024-11-21T08:12:08.635+0000] {standard_task_runner.py:104} INFO - Running: ['***', 'tasks', 'run', 'etl_pipeline', 'transform_google_trends', 'manual__2024-11-21T07:38:05.193191+00:00', '--job-id', '141', '--raw', '--subdir', 'DAGS_FOLDER/dag.py', '--cfg-path', '/tmp/tmp1_6d3q9q']
[2024-11-21T08:12:08.637+0000] {standard_task_runner.py:105} INFO - Job 141: Subtask transform_google_trends
[2024-11-21T08:12:08.680+0000] {task_command.py:467} INFO - Running <TaskInstance: etl_pipeline.transform_google_trends manual__2024-11-21T07:38:05.193191+00:00 [running]> on host 7a40aa914b11
[2024-11-21T08:12:08.928+0000] {taskinstance.py:3132} INFO - Exporting env vars: AIRFLOW_CTX_DAG_OWNER='***' AIRFLOW_CTX_DAG_ID='etl_pipeline' AIRFLOW_CTX_TASK_ID='transform_google_trends' AIRFLOW_CTX_EXECUTION_DATE='2024-11-21T07:38:05.193191+00:00' AIRFLOW_CTX_TRY_NUMBER='2' AIRFLOW_CTX_DAG_RUN_ID='manual__2024-11-21T07:38:05.193191+00:00'
[2024-11-21T08:12:08.929+0000] {logging_mixin.py:190} INFO - Task instance is in running state
[2024-11-21T08:12:08.930+0000] {logging_mixin.py:190} INFO -  Previous state of the Task instance: queued
[2024-11-21T08:12:08.931+0000] {logging_mixin.py:190} INFO - Current task name:transform_google_trends state:running start_date:2024-11-21 08:12:08.603835+00:00
[2024-11-21T08:12:08.932+0000] {logging_mixin.py:190} INFO - Dag name:etl_pipeline and current dag run status:running
[2024-11-21T08:12:08.933+0000] {taskinstance.py:731} INFO - ::endgroup::
[2024-11-21T08:12:08.943+0000] {python.py:240} INFO - Done. Returned value was: None
[2024-11-21T08:12:08.953+0000] {taskinstance.py:340} INFO - ::group::Post task execution logs
[2024-11-21T08:12:08.954+0000] {taskinstance.py:352} INFO - Marking task as SUCCESS. dag_id=etl_pipeline, task_id=transform_google_trends, run_id=manual__2024-11-21T07:38:05.193191+00:00, execution_date=20241121T073805, start_date=20241121T081208, end_date=20241121T081208
[2024-11-21T08:12:08.963+0000] {logging_mixin.py:190} INFO - Task instance in success state
[2024-11-21T08:12:08.965+0000] {logging_mixin.py:190} INFO -  Previous state of the Task instance: running
[2024-11-21T08:12:08.966+0000] {logging_mixin.py:190} INFO - Dag name:etl_pipeline queued_at:2024-11-21 08:07:40.278597+00:00
[2024-11-21T08:12:08.967+0000] {logging_mixin.py:190} INFO - Task hostname:7a40aa914b11 operator:PythonOperator
[2024-11-21T08:12:09.013+0000] {local_task_job_runner.py:266} INFO - Task exited with return code 0
[2024-11-21T08:12:09.034+0000] {taskinstance.py:3895} INFO - 1 downstream tasks scheduled from follow-on schedule check
[2024-11-21T08:12:09.039+0000] {local_task_job_runner.py:245} INFO - ::endgroup::
