[2024-11-21T12:49:09.389+0000] {local_task_job_runner.py:123} INFO - ::group::Pre task execution logs
[2024-11-21T12:49:09.404+0000] {taskinstance.py:2613} INFO - Dependencies all met for dep_context=non-requeueable deps ti=<TaskInstance: etl_pipeline.transform_cleaning manual__2024-11-21T12:48:51.874288+00:00 [queued]>
[2024-11-21T12:49:09.412+0000] {taskinstance.py:2613} INFO - Dependencies all met for dep_context=requeueable deps ti=<TaskInstance: etl_pipeline.transform_cleaning manual__2024-11-21T12:48:51.874288+00:00 [queued]>
[2024-11-21T12:49:09.414+0000] {taskinstance.py:2866} INFO - Starting attempt 1 of 1
[2024-11-21T12:49:09.426+0000] {taskinstance.py:2889} INFO - Executing <Task(PythonOperator): transform_cleaning> on 2024-11-21 12:48:51.874288+00:00
[2024-11-21T12:49:09.435+0000] {warnings.py:112} WARNING - /home/***/.local/lib/python3.12/site-packages/***/task/task_runner/standard_task_runner.py:70: DeprecationWarning: This process (pid=5091) is multi-threaded, use of fork() may lead to deadlocks in the child.
  pid = os.fork()

[2024-11-21T12:49:09.436+0000] {standard_task_runner.py:104} INFO - Running: ['***', 'tasks', 'run', 'etl_pipeline', 'transform_cleaning', 'manual__2024-11-21T12:48:51.874288+00:00', '--job-id', '297', '--raw', '--subdir', 'DAGS_FOLDER/dag.py', '--cfg-path', '/tmp/tmpqggzm7dj']
[2024-11-21T12:49:09.437+0000] {standard_task_runner.py:72} INFO - Started process 5093 to run task
[2024-11-21T12:49:09.438+0000] {standard_task_runner.py:105} INFO - Job 297: Subtask transform_cleaning
[2024-11-21T12:49:09.480+0000] {task_command.py:467} INFO - Running <TaskInstance: etl_pipeline.transform_cleaning manual__2024-11-21T12:48:51.874288+00:00 [running]> on host 7a40aa914b11
[2024-11-21T12:49:09.794+0000] {taskinstance.py:3132} INFO - Exporting env vars: AIRFLOW_CTX_DAG_OWNER='***' AIRFLOW_CTX_DAG_ID='etl_pipeline' AIRFLOW_CTX_TASK_ID='transform_cleaning' AIRFLOW_CTX_EXECUTION_DATE='2024-11-21T12:48:51.874288+00:00' AIRFLOW_CTX_TRY_NUMBER='1' AIRFLOW_CTX_DAG_RUN_ID='manual__2024-11-21T12:48:51.874288+00:00'
[2024-11-21T12:49:09.795+0000] {logging_mixin.py:190} INFO - Task instance is in running state
[2024-11-21T12:49:09.795+0000] {logging_mixin.py:190} INFO -  Previous state of the Task instance: queued
[2024-11-21T12:49:09.796+0000] {logging_mixin.py:190} INFO - Current task name:transform_cleaning state:running start_date:2024-11-21 12:49:09.405392+00:00
[2024-11-21T12:49:09.797+0000] {logging_mixin.py:190} INFO - Dag name:etl_pipeline and current dag run status:running
[2024-11-21T12:49:09.798+0000] {taskinstance.py:731} INFO - ::endgroup::
[2024-11-21T12:49:09.799+0000] {logging_mixin.py:190} INFO - Memproses file 'Merged_Sunscreen Azarine.csv'...
[2024-11-21T12:49:09.845+0000] {logging_mixin.py:190} INFO - Data telah disimpan di: dags/hasil data transform/Clean_Sunscreen Azarine.csv
[2024-11-21T12:49:09.846+0000] {logging_mixin.py:190} INFO - Memproses file 'Merged_Sunscreen Skinaqua.csv'...
[2024-11-21T12:49:09.885+0000] {logging_mixin.py:190} INFO - Data telah disimpan di: dags/hasil data transform/Clean_Sunscreen Skinaqua.csv
[2024-11-21T12:49:09.886+0000] {python.py:240} INFO - Done. Returned value was: None
[2024-11-21T12:49:09.899+0000] {taskinstance.py:340} INFO - ::group::Post task execution logs
[2024-11-21T12:49:09.900+0000] {taskinstance.py:352} INFO - Marking task as SUCCESS. dag_id=etl_pipeline, task_id=transform_cleaning, run_id=manual__2024-11-21T12:48:51.874288+00:00, execution_date=20241121T124851, start_date=20241121T124909, end_date=20241121T124909
[2024-11-21T12:49:09.914+0000] {logging_mixin.py:190} INFO - Task instance in success state
[2024-11-21T12:49:09.915+0000] {logging_mixin.py:190} INFO -  Previous state of the Task instance: running
[2024-11-21T12:49:09.915+0000] {logging_mixin.py:190} INFO - Dag name:etl_pipeline queued_at:2024-11-21 12:48:52.204627+00:00
[2024-11-21T12:49:09.916+0000] {logging_mixin.py:190} INFO - Task hostname:7a40aa914b11 operator:PythonOperator
[2024-11-21T12:49:09.976+0000] {local_task_job_runner.py:266} INFO - Task exited with return code 0
[2024-11-21T12:49:10.005+0000] {taskinstance.py:3895} INFO - 1 downstream tasks scheduled from follow-on schedule check
[2024-11-21T12:49:10.008+0000] {local_task_job_runner.py:245} INFO - ::endgroup::
