[2024-11-21T10:06:47.039+0000] {local_task_job_runner.py:123} INFO - ::group::Pre task execution logs
[2024-11-21T10:06:47.056+0000] {taskinstance.py:2613} INFO - Dependencies all met for dep_context=non-requeueable deps ti=<TaskInstance: etl_pipeline.transform_google_trends manual__2024-11-21T10:06:32.467673+00:00 [queued]>
[2024-11-21T10:06:47.065+0000] {taskinstance.py:2613} INFO - Dependencies all met for dep_context=requeueable deps ti=<TaskInstance: etl_pipeline.transform_google_trends manual__2024-11-21T10:06:32.467673+00:00 [queued]>
[2024-11-21T10:06:47.066+0000] {taskinstance.py:2866} INFO - Starting attempt 1 of 1
[2024-11-21T10:06:47.079+0000] {taskinstance.py:2889} INFO - Executing <Task(PythonOperator): transform_google_trends> on 2024-11-21 10:06:32.467673+00:00
[2024-11-21T10:06:47.088+0000] {warnings.py:112} WARNING - /home/***/.local/lib/python3.12/site-packages/***/task/task_runner/standard_task_runner.py:70: DeprecationWarning: This process (pid=2607) is multi-threaded, use of fork() may lead to deadlocks in the child.
  pid = os.fork()

[2024-11-21T10:06:47.090+0000] {standard_task_runner.py:72} INFO - Started process 2609 to run task
[2024-11-21T10:06:47.090+0000] {standard_task_runner.py:104} INFO - Running: ['***', 'tasks', 'run', 'etl_pipeline', 'transform_google_trends', 'manual__2024-11-21T10:06:32.467673+00:00', '--job-id', '195', '--raw', '--subdir', 'DAGS_FOLDER/dag.py', '--cfg-path', '/tmp/tmpzr1k4rr1']
[2024-11-21T10:06:47.092+0000] {standard_task_runner.py:105} INFO - Job 195: Subtask transform_google_trends
[2024-11-21T10:06:47.140+0000] {task_command.py:467} INFO - Running <TaskInstance: etl_pipeline.transform_google_trends manual__2024-11-21T10:06:32.467673+00:00 [running]> on host 7a40aa914b11
[2024-11-21T10:06:47.437+0000] {taskinstance.py:3132} INFO - Exporting env vars: AIRFLOW_CTX_DAG_OWNER='***' AIRFLOW_CTX_DAG_ID='etl_pipeline' AIRFLOW_CTX_TASK_ID='transform_google_trends' AIRFLOW_CTX_EXECUTION_DATE='2024-11-21T10:06:32.467673+00:00' AIRFLOW_CTX_TRY_NUMBER='1' AIRFLOW_CTX_DAG_RUN_ID='manual__2024-11-21T10:06:32.467673+00:00'
[2024-11-21T10:06:47.447+0000] {logging_mixin.py:190} INFO - Task instance is in running state
[2024-11-21T10:06:47.448+0000] {logging_mixin.py:190} INFO -  Previous state of the Task instance: queued
[2024-11-21T10:06:47.449+0000] {logging_mixin.py:190} INFO - Current task name:transform_google_trends state:running start_date:2024-11-21 10:06:47.057640+00:00
[2024-11-21T10:06:47.451+0000] {logging_mixin.py:190} INFO - Dag name:etl_pipeline and current dag run status:running
[2024-11-21T10:06:47.452+0000] {taskinstance.py:731} INFO - ::endgroup::
[2024-11-21T10:06:47.463+0000] {python.py:240} INFO - Done. Returned value was: None
[2024-11-21T10:06:47.479+0000] {taskinstance.py:340} INFO - ::group::Post task execution logs
[2024-11-21T10:06:47.480+0000] {taskinstance.py:352} INFO - Marking task as SUCCESS. dag_id=etl_pipeline, task_id=transform_google_trends, run_id=manual__2024-11-21T10:06:32.467673+00:00, execution_date=20241121T100632, start_date=20241121T100647, end_date=20241121T100647
[2024-11-21T10:06:47.498+0000] {logging_mixin.py:190} INFO - Task instance in success state
[2024-11-21T10:06:47.500+0000] {logging_mixin.py:190} INFO -  Previous state of the Task instance: running
[2024-11-21T10:06:47.501+0000] {logging_mixin.py:190} INFO - Dag name:etl_pipeline queued_at:2024-11-21 10:06:32.765837+00:00
[2024-11-21T10:06:47.502+0000] {logging_mixin.py:190} INFO - Task hostname:7a40aa914b11 operator:PythonOperator
[2024-11-21T10:06:47.548+0000] {local_task_job_runner.py:266} INFO - Task exited with return code 0
[2024-11-21T10:06:47.594+0000] {taskinstance.py:3895} INFO - 1 downstream tasks scheduled from follow-on schedule check
[2024-11-21T10:06:47.598+0000] {local_task_job_runner.py:245} INFO - ::endgroup::
