[2024-11-21T12:53:03.242+0000] {local_task_job_runner.py:123} INFO - ::group::Pre task execution logs
[2024-11-21T12:53:03.255+0000] {taskinstance.py:2613} INFO - Dependencies all met for dep_context=non-requeueable deps ti=<TaskInstance: etl_pipeline.insert_data_to_postgres manual__2024-11-21T12:52:45.779245+00:00 [queued]>
[2024-11-21T12:53:03.264+0000] {taskinstance.py:2613} INFO - Dependencies all met for dep_context=requeueable deps ti=<TaskInstance: etl_pipeline.insert_data_to_postgres manual__2024-11-21T12:52:45.779245+00:00 [queued]>
[2024-11-21T12:53:03.267+0000] {taskinstance.py:2866} INFO - Starting attempt 1 of 1
[2024-11-21T12:53:03.280+0000] {taskinstance.py:2889} INFO - Executing <Task(PythonOperator): insert_data_to_postgres> on 2024-11-21 12:52:45.779245+00:00
[2024-11-21T12:53:03.286+0000] {warnings.py:112} WARNING - /home/***/.local/lib/python3.12/site-packages/***/task/task_runner/standard_task_runner.py:70: DeprecationWarning: This process (pid=5184) is multi-threaded, use of fork() may lead to deadlocks in the child.
  pid = os.fork()

[2024-11-21T12:53:03.288+0000] {standard_task_runner.py:72} INFO - Started process 5186 to run task
[2024-11-21T12:53:03.289+0000] {standard_task_runner.py:104} INFO - Running: ['***', 'tasks', 'run', 'etl_pipeline', 'insert_data_to_postgres', 'manual__2024-11-21T12:52:45.779245+00:00', '--job-id', '308', '--raw', '--subdir', 'DAGS_FOLDER/dag.py', '--cfg-path', '/tmp/tmpi9g3oip_']
[2024-11-21T12:53:03.290+0000] {standard_task_runner.py:105} INFO - Job 308: Subtask insert_data_to_postgres
[2024-11-21T12:53:03.333+0000] {task_command.py:467} INFO - Running <TaskInstance: etl_pipeline.insert_data_to_postgres manual__2024-11-21T12:52:45.779245+00:00 [running]> on host 7a40aa914b11
[2024-11-21T12:53:03.566+0000] {taskinstance.py:3132} INFO - Exporting env vars: AIRFLOW_CTX_DAG_OWNER='***' AIRFLOW_CTX_DAG_ID='etl_pipeline' AIRFLOW_CTX_TASK_ID='insert_data_to_postgres' AIRFLOW_CTX_EXECUTION_DATE='2024-11-21T12:52:45.779245+00:00' AIRFLOW_CTX_TRY_NUMBER='1' AIRFLOW_CTX_DAG_RUN_ID='manual__2024-11-21T12:52:45.779245+00:00'
[2024-11-21T12:53:03.567+0000] {logging_mixin.py:190} INFO - Task instance is in running state
[2024-11-21T12:53:03.568+0000] {logging_mixin.py:190} INFO -  Previous state of the Task instance: queued
[2024-11-21T12:53:03.569+0000] {logging_mixin.py:190} INFO - Current task name:insert_data_to_postgres state:running start_date:2024-11-21 12:53:03.257052+00:00
[2024-11-21T12:53:03.570+0000] {logging_mixin.py:190} INFO - Dag name:etl_pipeline and current dag run status:running
[2024-11-21T12:53:03.571+0000] {taskinstance.py:731} INFO - ::endgroup::
[2024-11-21T12:53:03.599+0000] {load.py:15} INFO - Preview Azarine Data:
[2024-11-21T12:53:03.600+0000] {load.py:16} INFO -         username        date  ...      skintone undertone
0        rahelch  2024-11-17  ...  Medium Light   Neutral
1        Vinna23  2024-11-17  ...        Medium      Cool
2      cellinaas  2024-11-05  ...   Medium Dark      Warm
3  Lilyraharjo18  2024-11-04  ...        Medium   Neutral
4       Sanarooo  2024-11-03  ...        Medium   Neutral

[5 rows x 13 columns]
[2024-11-21T12:53:03.611+0000] {load.py:17} INFO - Azarine Column Names:
[2024-11-21T12:53:03.612+0000] {load.py:18} INFO - ['username', 'date', 'review_content', 'purchase_point', 'recommend', 'rating', 'jenis_produk', 'trend', 'age_category', 'periode_penggunaan', 'skintype', 'skintone', 'undertone']
[2024-11-21T12:53:03.613+0000] {load.py:20} INFO - Preview Skinaqua Data:
[2024-11-21T12:53:03.614+0000] {load.py:21} INFO -       username        date  ...      skintone undertone
0    Laelatulr  2024-11-20  ...        Medium      Warm
1     nrlazzh_  2024-11-20  ...  Medium Light   Neutral
2  SilviaMD208  2024-11-20  ...   Medium Dark   Neutral
3   dsekarayoe  2024-11-18  ...         Light      Cool
4       resina  2024-11-18  ...  Medium Light   Neutral

[5 rows x 13 columns]
[2024-11-21T12:53:03.621+0000] {load.py:22} INFO - Skinaqua Column Names:
[2024-11-21T12:53:03.622+0000] {load.py:23} INFO - ['username', 'date', 'review_content', 'purchase_point', 'recommend', 'rating', 'jenis_produk', 'trend', 'age_category', 'periode_penggunaan', 'skintype', 'skintone', 'undertone']
[2024-11-21T12:53:03.630+0000] {base.py:84} INFO - Retrieving connection 'skincare_connection'
[2024-11-21T12:53:03.744+0000] {load.py:88} INFO - Successfully inserted records into the database.
[2024-11-21T12:53:03.745+0000] {python.py:240} INFO - Done. Returned value was: None
[2024-11-21T12:53:03.754+0000] {taskinstance.py:340} INFO - ::group::Post task execution logs
[2024-11-21T12:53:03.755+0000] {taskinstance.py:352} INFO - Marking task as SUCCESS. dag_id=etl_pipeline, task_id=insert_data_to_postgres, run_id=manual__2024-11-21T12:52:45.779245+00:00, execution_date=20241121T125245, start_date=20241121T125303, end_date=20241121T125303
[2024-11-21T12:53:03.765+0000] {logging_mixin.py:190} INFO - Task instance in success state
[2024-11-21T12:53:03.766+0000] {logging_mixin.py:190} INFO -  Previous state of the Task instance: running
[2024-11-21T12:53:03.767+0000] {logging_mixin.py:190} INFO - Dag name:etl_pipeline queued_at:2024-11-21 12:52:45.930360+00:00
[2024-11-21T12:53:03.767+0000] {logging_mixin.py:190} INFO - Task hostname:7a40aa914b11 operator:PythonOperator
[2024-11-21T12:53:03.786+0000] {local_task_job_runner.py:266} INFO - Task exited with return code 0
[2024-11-21T12:53:03.800+0000] {taskinstance.py:3895} INFO - 0 downstream tasks scheduled from follow-on schedule check
[2024-11-21T12:53:03.803+0000] {local_task_job_runner.py:245} INFO - ::endgroup::
