[2024-11-21T12:52:55.449+0000] {local_task_job_runner.py:123} INFO - ::group::Pre task execution logs
[2024-11-21T12:52:55.463+0000] {taskinstance.py:2613} INFO - Dependencies all met for dep_context=non-requeueable deps ti=<TaskInstance: etl_pipeline.transform_cleaning manual__2024-11-21T12:52:45.779245+00:00 [queued]>
[2024-11-21T12:52:55.470+0000] {taskinstance.py:2613} INFO - Dependencies all met for dep_context=requeueable deps ti=<TaskInstance: etl_pipeline.transform_cleaning manual__2024-11-21T12:52:45.779245+00:00 [queued]>
[2024-11-21T12:52:55.474+0000] {taskinstance.py:2866} INFO - Starting attempt 1 of 1
[2024-11-21T12:52:55.486+0000] {taskinstance.py:2889} INFO - Executing <Task(PythonOperator): transform_cleaning> on 2024-11-21 12:52:45.779245+00:00
[2024-11-21T12:52:55.494+0000] {warnings.py:112} WARNING - /home/***/.local/lib/python3.12/site-packages/***/task/task_runner/standard_task_runner.py:70: DeprecationWarning: This process (pid=5172) is multi-threaded, use of fork() may lead to deadlocks in the child.
  pid = os.fork()

[2024-11-21T12:52:55.496+0000] {standard_task_runner.py:72} INFO - Started process 5174 to run task
[2024-11-21T12:52:55.496+0000] {standard_task_runner.py:104} INFO - Running: ['***', 'tasks', 'run', 'etl_pipeline', 'transform_cleaning', 'manual__2024-11-21T12:52:45.779245+00:00', '--job-id', '305', '--raw', '--subdir', 'DAGS_FOLDER/dag.py', '--cfg-path', '/tmp/tmpcxfms4of']
[2024-11-21T12:52:55.498+0000] {standard_task_runner.py:105} INFO - Job 305: Subtask transform_cleaning
[2024-11-21T12:52:55.542+0000] {task_command.py:467} INFO - Running <TaskInstance: etl_pipeline.transform_cleaning manual__2024-11-21T12:52:45.779245+00:00 [running]> on host 7a40aa914b11
[2024-11-21T12:52:55.802+0000] {taskinstance.py:3132} INFO - Exporting env vars: AIRFLOW_CTX_DAG_OWNER='***' AIRFLOW_CTX_DAG_ID='etl_pipeline' AIRFLOW_CTX_TASK_ID='transform_cleaning' AIRFLOW_CTX_EXECUTION_DATE='2024-11-21T12:52:45.779245+00:00' AIRFLOW_CTX_TRY_NUMBER='1' AIRFLOW_CTX_DAG_RUN_ID='manual__2024-11-21T12:52:45.779245+00:00'
[2024-11-21T12:52:55.803+0000] {logging_mixin.py:190} INFO - Task instance is in running state
[2024-11-21T12:52:55.805+0000] {logging_mixin.py:190} INFO -  Previous state of the Task instance: queued
[2024-11-21T12:52:55.806+0000] {logging_mixin.py:190} INFO - Current task name:transform_cleaning state:running start_date:2024-11-21 12:52:55.464874+00:00
[2024-11-21T12:52:55.807+0000] {logging_mixin.py:190} INFO - Dag name:etl_pipeline and current dag run status:running
[2024-11-21T12:52:55.808+0000] {taskinstance.py:731} INFO - ::endgroup::
[2024-11-21T12:52:55.810+0000] {logging_mixin.py:190} INFO - Memproses file 'Merged_Sunscreen Azarine.csv'...
[2024-11-21T12:52:55.868+0000] {logging_mixin.py:190} INFO - Data telah disimpan di: dags/hasil data transform/Clean_Sunscreen Azarine.csv
[2024-11-21T12:52:55.870+0000] {logging_mixin.py:190} INFO - Memproses file 'Merged_Sunscreen Skinaqua.csv'...
[2024-11-21T12:52:55.913+0000] {logging_mixin.py:190} INFO - Data telah disimpan di: dags/hasil data transform/Clean_Sunscreen Skinaqua.csv
[2024-11-21T12:52:55.914+0000] {python.py:240} INFO - Done. Returned value was: None
[2024-11-21T12:52:55.923+0000] {taskinstance.py:340} INFO - ::group::Post task execution logs
[2024-11-21T12:52:55.924+0000] {taskinstance.py:352} INFO - Marking task as SUCCESS. dag_id=etl_pipeline, task_id=transform_cleaning, run_id=manual__2024-11-21T12:52:45.779245+00:00, execution_date=20241121T125245, start_date=20241121T125255, end_date=20241121T125255
[2024-11-21T12:52:55.936+0000] {logging_mixin.py:190} INFO - Task instance in success state
[2024-11-21T12:52:55.938+0000] {logging_mixin.py:190} INFO -  Previous state of the Task instance: running
[2024-11-21T12:52:55.939+0000] {logging_mixin.py:190} INFO - Dag name:etl_pipeline queued_at:2024-11-21 12:52:45.930360+00:00
[2024-11-21T12:52:55.940+0000] {logging_mixin.py:190} INFO - Task hostname:7a40aa914b11 operator:PythonOperator
[2024-11-21T12:52:55.954+0000] {local_task_job_runner.py:266} INFO - Task exited with return code 0
[2024-11-21T12:52:55.994+0000] {taskinstance.py:3895} INFO - 1 downstream tasks scheduled from follow-on schedule check
[2024-11-21T12:52:55.998+0000] {local_task_job_runner.py:245} INFO - ::endgroup::
