[2024-11-21T10:57:51.803+0000] {local_task_job_runner.py:123} INFO - ::group::Pre task execution logs
[2024-11-21T10:57:51.820+0000] {taskinstance.py:2613} INFO - Dependencies all met for dep_context=non-requeueable deps ti=<TaskInstance: etl_pipeline.transform_merge_data manual__2024-11-21T10:53:05.521565+00:00 [queued]>
[2024-11-21T10:57:51.831+0000] {taskinstance.py:2613} INFO - Dependencies all met for dep_context=requeueable deps ti=<TaskInstance: etl_pipeline.transform_merge_data manual__2024-11-21T10:53:05.521565+00:00 [queued]>
[2024-11-21T10:57:51.833+0000] {taskinstance.py:2866} INFO - Starting attempt 1 of 1
[2024-11-21T10:57:51.847+0000] {taskinstance.py:2889} INFO - Executing <Task(PythonOperator): transform_merge_data> on 2024-11-21 10:53:05.521565+00:00
[2024-11-21T10:57:51.855+0000] {warnings.py:112} WARNING - /home/***/.local/lib/python3.12/site-packages/***/task/task_runner/standard_task_runner.py:70: DeprecationWarning: This process (pid=3354) is multi-threaded, use of fork() may lead to deadlocks in the child.
  pid = os.fork()

[2024-11-21T10:57:51.857+0000] {standard_task_runner.py:72} INFO - Started process 3356 to run task
[2024-11-21T10:57:51.857+0000] {standard_task_runner.py:104} INFO - Running: ['***', 'tasks', 'run', 'etl_pipeline', 'transform_merge_data', 'manual__2024-11-21T10:53:05.521565+00:00', '--job-id', '219', '--raw', '--subdir', 'DAGS_FOLDER/dag.py', '--cfg-path', '/tmp/tmp2875jm9l']
[2024-11-21T10:57:51.861+0000] {standard_task_runner.py:105} INFO - Job 219: Subtask transform_merge_data
[2024-11-21T10:57:51.920+0000] {task_command.py:467} INFO - Running <TaskInstance: etl_pipeline.transform_merge_data manual__2024-11-21T10:53:05.521565+00:00 [running]> on host 7a40aa914b11
[2024-11-21T10:57:52.251+0000] {taskinstance.py:3132} INFO - Exporting env vars: AIRFLOW_CTX_DAG_OWNER='***' AIRFLOW_CTX_DAG_ID='etl_pipeline' AIRFLOW_CTX_TASK_ID='transform_merge_data' AIRFLOW_CTX_EXECUTION_DATE='2024-11-21T10:53:05.521565+00:00' AIRFLOW_CTX_TRY_NUMBER='1' AIRFLOW_CTX_DAG_RUN_ID='manual__2024-11-21T10:53:05.521565+00:00'
[2024-11-21T10:57:52.253+0000] {logging_mixin.py:190} INFO - Task instance is in running state
[2024-11-21T10:57:52.254+0000] {logging_mixin.py:190} INFO -  Previous state of the Task instance: queued
[2024-11-21T10:57:52.255+0000] {logging_mixin.py:190} INFO - Current task name:transform_merge_data state:running start_date:2024-11-21 10:57:51.822157+00:00
[2024-11-21T10:57:52.256+0000] {logging_mixin.py:190} INFO - Dag name:etl_pipeline and current dag run status:running
[2024-11-21T10:57:52.256+0000] {taskinstance.py:731} INFO - ::endgroup::
[2024-11-21T10:57:52.257+0000] {logging_mixin.py:190} INFO - Menggabungkan: FemaleDaily_Sunscreen Azarine.csv + GoogleTrend_sunscreen_Azarine_interestOverTime.csv
[2024-11-21T10:57:52.302+0000] {logging_mixin.py:190} INFO - File tidak ditemukan: dags/hasil data transform/GoogleTrend_sunscreen_Azarine_interestOverTime.csv
[2024-11-21T10:57:52.303+0000] {logging_mixin.py:190} INFO - Salah satu DataFrame tidak tersedia untuk penggabungan.
[2024-11-21T10:57:52.303+0000] {logging_mixin.py:190} INFO - Data gabungan kosong, tidak dapat menyimpan file.
[2024-11-21T10:57:52.304+0000] {logging_mixin.py:190} INFO - Menggabungkan: FemaleDaily_Sunscreen Skinaqua.csv + GoogleTrend_sunscreen_skin_aqua_interestOverTime.csv
[2024-11-21T10:57:52.322+0000] {logging_mixin.py:190} INFO - File tidak ditemukan: dags/hasil data transform/GoogleTrend_sunscreen_skin_aqua_interestOverTime.csv
[2024-11-21T10:57:52.323+0000] {logging_mixin.py:190} INFO - Salah satu DataFrame tidak tersedia untuk penggabungan.
[2024-11-21T10:57:52.324+0000] {logging_mixin.py:190} INFO - Data gabungan kosong, tidak dapat menyimpan file.
[2024-11-21T10:57:52.324+0000] {python.py:240} INFO - Done. Returned value was: None
[2024-11-21T10:57:52.334+0000] {taskinstance.py:340} INFO - ::group::Post task execution logs
[2024-11-21T10:57:52.335+0000] {taskinstance.py:352} INFO - Marking task as SUCCESS. dag_id=etl_pipeline, task_id=transform_merge_data, run_id=manual__2024-11-21T10:53:05.521565+00:00, execution_date=20241121T105305, start_date=20241121T105751, end_date=20241121T105752
[2024-11-21T10:57:52.346+0000] {logging_mixin.py:190} INFO - Task instance in success state
[2024-11-21T10:57:52.347+0000] {logging_mixin.py:190} INFO -  Previous state of the Task instance: running
[2024-11-21T10:57:52.348+0000] {logging_mixin.py:190} INFO - Dag name:etl_pipeline queued_at:2024-11-21 10:53:05.809549+00:00
[2024-11-21T10:57:52.349+0000] {logging_mixin.py:190} INFO - Task hostname:7a40aa914b11 operator:PythonOperator
[2024-11-21T10:57:52.397+0000] {local_task_job_runner.py:266} INFO - Task exited with return code 0
[2024-11-21T10:57:52.439+0000] {taskinstance.py:3895} INFO - 1 downstream tasks scheduled from follow-on schedule check
[2024-11-21T10:57:52.446+0000] {local_task_job_runner.py:245} INFO - ::endgroup::
