[2024-11-21T11:19:13.891+0000] {local_task_job_runner.py:123} INFO - ::group::Pre task execution logs
[2024-11-21T11:19:13.911+0000] {taskinstance.py:2613} INFO - Dependencies all met for dep_context=non-requeueable deps ti=<TaskInstance: etl_pipeline.transform_cleaning manual__2024-11-21T11:15:36.225373+00:00 [queued]>
[2024-11-21T11:19:13.922+0000] {taskinstance.py:2613} INFO - Dependencies all met for dep_context=requeueable deps ti=<TaskInstance: etl_pipeline.transform_cleaning manual__2024-11-21T11:15:36.225373+00:00 [queued]>
[2024-11-21T11:19:13.923+0000] {taskinstance.py:2866} INFO - Starting attempt 1 of 1
[2024-11-21T11:19:13.939+0000] {taskinstance.py:2889} INFO - Executing <Task(PythonOperator): transform_cleaning> on 2024-11-21 11:15:36.225373+00:00
[2024-11-21T11:19:13.951+0000] {warnings.py:112} WARNING - /home/***/.local/lib/python3.12/site-packages/***/task/task_runner/standard_task_runner.py:70: DeprecationWarning: This process (pid=3681) is multi-threaded, use of fork() may lead to deadlocks in the child.
  pid = os.fork()

[2024-11-21T11:19:13.953+0000] {standard_task_runner.py:72} INFO - Started process 3683 to run task
[2024-11-21T11:19:13.953+0000] {standard_task_runner.py:104} INFO - Running: ['***', 'tasks', 'run', 'etl_pipeline', 'transform_cleaning', 'manual__2024-11-21T11:15:36.225373+00:00', '--job-id', '234', '--raw', '--subdir', 'DAGS_FOLDER/dag.py', '--cfg-path', '/tmp/tmpsk799mhh']
[2024-11-21T11:19:13.954+0000] {standard_task_runner.py:105} INFO - Job 234: Subtask transform_cleaning
[2024-11-21T11:19:14.013+0000] {task_command.py:467} INFO - Running <TaskInstance: etl_pipeline.transform_cleaning manual__2024-11-21T11:15:36.225373+00:00 [running]> on host 7a40aa914b11
[2024-11-21T11:19:14.333+0000] {taskinstance.py:3132} INFO - Exporting env vars: AIRFLOW_CTX_DAG_OWNER='***' AIRFLOW_CTX_DAG_ID='etl_pipeline' AIRFLOW_CTX_TASK_ID='transform_cleaning' AIRFLOW_CTX_EXECUTION_DATE='2024-11-21T11:15:36.225373+00:00' AIRFLOW_CTX_TRY_NUMBER='1' AIRFLOW_CTX_DAG_RUN_ID='manual__2024-11-21T11:15:36.225373+00:00'
[2024-11-21T11:19:14.334+0000] {logging_mixin.py:190} INFO - Task instance is in running state
[2024-11-21T11:19:14.335+0000] {logging_mixin.py:190} INFO -  Previous state of the Task instance: queued
[2024-11-21T11:19:14.336+0000] {logging_mixin.py:190} INFO - Current task name:transform_cleaning state:running start_date:2024-11-21 11:19:13.912271+00:00
[2024-11-21T11:19:14.337+0000] {logging_mixin.py:190} INFO - Dag name:etl_pipeline and current dag run status:running
[2024-11-21T11:19:14.338+0000] {taskinstance.py:731} INFO - ::endgroup::
[2024-11-21T11:19:14.339+0000] {logging_mixin.py:190} INFO - Memproses file 'Merged_Sunscreen Azarine.csv'...
[2024-11-21T11:19:14.371+0000] {warnings.py:112} WARNING - /opt/***/dags/etl/transform_cleaning.py:48: SettingWithCopyWarning: 
A value is trying to be set on a copy of a slice from a DataFrame.
Try using .loc[row_indexer,col_indexer] = value instead

See the caveats in the documentation: https://pandas.pydata.org/pandas-docs/stable/user_guide/indexing.html#returning-a-view-versus-a-copy
  df['periode_penggunaan'] = df['usage_period'].map(usage_period_mapping_id)

[2024-11-21T11:19:14.373+0000] {warnings.py:112} WARNING - /opt/***/dags/etl/transform_cleaning.py:51: SettingWithCopyWarning: 
A value is trying to be set on a copy of a slice from a DataFrame

See the caveats in the documentation: https://pandas.pydata.org/pandas-docs/stable/user_guide/indexing.html#returning-a-view-versus-a-copy
  df.rename(columns={'rating_count': 'rating'}, inplace=True)

[2024-11-21T11:19:14.374+0000] {warnings.py:112} WARNING - /opt/***/dags/etl/transform_cleaning.py:52: SettingWithCopyWarning: 
A value is trying to be set on a copy of a slice from a DataFrame

See the caveats in the documentation: https://pandas.pydata.org/pandas-docs/stable/user_guide/indexing.html#returning-a-view-versus-a-copy
  df.rename(columns={'value': 'trend'}, inplace=True)

[2024-11-21T11:19:14.376+0000] {warnings.py:112} WARNING - /opt/***/dags/etl/transform_cleaning.py:55: SettingWithCopyWarning: 
A value is trying to be set on a copy of a slice from a DataFrame.
Try using .loc[row_indexer,col_indexer] = value instead

See the caveats in the documentation: https://pandas.pydata.org/pandas-docs/stable/user_guide/indexing.html#returning-a-view-versus-a-copy
  df[['skintype', 'skintone', 'undertone']] = df['profile_description'].str.split(',', expand=True)

[2024-11-21T11:19:14.377+0000] {warnings.py:112} WARNING - /opt/***/dags/etl/transform_cleaning.py:55: SettingWithCopyWarning: 
A value is trying to be set on a copy of a slice from a DataFrame.
Try using .loc[row_indexer,col_indexer] = value instead

See the caveats in the documentation: https://pandas.pydata.org/pandas-docs/stable/user_guide/indexing.html#returning-a-view-versus-a-copy
  df[['skintype', 'skintone', 'undertone']] = df['profile_description'].str.split(',', expand=True)

[2024-11-21T11:19:14.378+0000] {warnings.py:112} WARNING - /opt/***/dags/etl/transform_cleaning.py:55: SettingWithCopyWarning: 
A value is trying to be set on a copy of a slice from a DataFrame.
Try using .loc[row_indexer,col_indexer] = value instead

See the caveats in the documentation: https://pandas.pydata.org/pandas-docs/stable/user_guide/indexing.html#returning-a-view-versus-a-copy
  df[['skintype', 'skintone', 'undertone']] = df['profile_description'].str.split(',', expand=True)

[2024-11-21T11:19:14.379+0000] {warnings.py:112} WARNING - /opt/***/dags/etl/transform_cleaning.py:56: SettingWithCopyWarning: 
A value is trying to be set on a copy of a slice from a DataFrame.
Try using .loc[row_indexer,col_indexer] = value instead

See the caveats in the documentation: https://pandas.pydata.org/pandas-docs/stable/user_guide/indexing.html#returning-a-view-versus-a-copy
  df['skintype'] = df['skintype'].str.strip()

[2024-11-21T11:19:14.381+0000] {warnings.py:112} WARNING - /opt/***/dags/etl/transform_cleaning.py:57: SettingWithCopyWarning: 
A value is trying to be set on a copy of a slice from a DataFrame.
Try using .loc[row_indexer,col_indexer] = value instead

See the caveats in the documentation: https://pandas.pydata.org/pandas-docs/stable/user_guide/indexing.html#returning-a-view-versus-a-copy
  df['skintone'] = df['skintone'].str.strip()

[2024-11-21T11:19:14.382+0000] {warnings.py:112} WARNING - /opt/***/dags/etl/transform_cleaning.py:58: SettingWithCopyWarning: 
A value is trying to be set on a copy of a slice from a DataFrame.
Try using .loc[row_indexer,col_indexer] = value instead

See the caveats in the documentation: https://pandas.pydata.org/pandas-docs/stable/user_guide/indexing.html#returning-a-view-versus-a-copy
  df['undertone'] = df['undertone'].str.strip()

[2024-11-21T11:19:14.383+0000] {warnings.py:112} WARNING - /opt/***/dags/etl/transform_cleaning.py:61: SettingWithCopyWarning: 
A value is trying to be set on a copy of a slice from a DataFrame

See the caveats in the documentation: https://pandas.pydata.org/pandas-docs/stable/user_guide/indexing.html#returning-a-view-versus-a-copy
  df.drop(columns=['usage_period'], inplace=True)

[2024-11-21T11:19:14.384+0000] {warnings.py:112} WARNING - /opt/***/dags/etl/transform_cleaning.py:62: SettingWithCopyWarning: 
A value is trying to be set on a copy of a slice from a DataFrame

See the caveats in the documentation: https://pandas.pydata.org/pandas-docs/stable/user_guide/indexing.html#returning-a-view-versus-a-copy
  df.drop(columns=['age'], inplace=True)

[2024-11-21T11:19:14.386+0000] {warnings.py:112} WARNING - /opt/***/dags/etl/transform_cleaning.py:63: SettingWithCopyWarning: 
A value is trying to be set on a copy of a slice from a DataFrame

See the caveats in the documentation: https://pandas.pydata.org/pandas-docs/stable/user_guide/indexing.html#returning-a-view-versus-a-copy
  df.drop(columns=['recommend'], inplace=True)

[2024-11-21T11:19:14.387+0000] {warnings.py:112} WARNING - /opt/***/dags/etl/transform_cleaning.py:64: SettingWithCopyWarning: 
A value is trying to be set on a copy of a slice from a DataFrame

See the caveats in the documentation: https://pandas.pydata.org/pandas-docs/stable/user_guide/indexing.html#returning-a-view-versus-a-copy
  df.drop(columns=['profile_description'], inplace=True)

[2024-11-21T11:19:14.410+0000] {logging_mixin.py:190} INFO - Data telah disimpan di: dags/hasil data transform/Clean_Sunscreen Azarine.csv
[2024-11-21T11:19:14.411+0000] {logging_mixin.py:190} INFO - Memproses file 'Merged_Sunscreen Skinaqua.csv'...
[2024-11-21T11:19:14.429+0000] {warnings.py:112} WARNING - /opt/***/dags/etl/transform_cleaning.py:48: SettingWithCopyWarning: 
A value is trying to be set on a copy of a slice from a DataFrame.
Try using .loc[row_indexer,col_indexer] = value instead

See the caveats in the documentation: https://pandas.pydata.org/pandas-docs/stable/user_guide/indexing.html#returning-a-view-versus-a-copy
  df['periode_penggunaan'] = df['usage_period'].map(usage_period_mapping_id)

[2024-11-21T11:19:14.431+0000] {warnings.py:112} WARNING - /opt/***/dags/etl/transform_cleaning.py:51: SettingWithCopyWarning: 
A value is trying to be set on a copy of a slice from a DataFrame

See the caveats in the documentation: https://pandas.pydata.org/pandas-docs/stable/user_guide/indexing.html#returning-a-view-versus-a-copy
  df.rename(columns={'rating_count': 'rating'}, inplace=True)

[2024-11-21T11:19:14.432+0000] {warnings.py:112} WARNING - /opt/***/dags/etl/transform_cleaning.py:52: SettingWithCopyWarning: 
A value is trying to be set on a copy of a slice from a DataFrame

See the caveats in the documentation: https://pandas.pydata.org/pandas-docs/stable/user_guide/indexing.html#returning-a-view-versus-a-copy
  df.rename(columns={'value': 'trend'}, inplace=True)

[2024-11-21T11:19:14.434+0000] {warnings.py:112} WARNING - /opt/***/dags/etl/transform_cleaning.py:55: SettingWithCopyWarning: 
A value is trying to be set on a copy of a slice from a DataFrame.
Try using .loc[row_indexer,col_indexer] = value instead

See the caveats in the documentation: https://pandas.pydata.org/pandas-docs/stable/user_guide/indexing.html#returning-a-view-versus-a-copy
  df[['skintype', 'skintone', 'undertone']] = df['profile_description'].str.split(',', expand=True)

[2024-11-21T11:19:14.435+0000] {warnings.py:112} WARNING - /opt/***/dags/etl/transform_cleaning.py:55: SettingWithCopyWarning: 
A value is trying to be set on a copy of a slice from a DataFrame.
Try using .loc[row_indexer,col_indexer] = value instead

See the caveats in the documentation: https://pandas.pydata.org/pandas-docs/stable/user_guide/indexing.html#returning-a-view-versus-a-copy
  df[['skintype', 'skintone', 'undertone']] = df['profile_description'].str.split(',', expand=True)

[2024-11-21T11:19:14.437+0000] {warnings.py:112} WARNING - /opt/***/dags/etl/transform_cleaning.py:55: SettingWithCopyWarning: 
A value is trying to be set on a copy of a slice from a DataFrame.
Try using .loc[row_indexer,col_indexer] = value instead

See the caveats in the documentation: https://pandas.pydata.org/pandas-docs/stable/user_guide/indexing.html#returning-a-view-versus-a-copy
  df[['skintype', 'skintone', 'undertone']] = df['profile_description'].str.split(',', expand=True)

[2024-11-21T11:19:14.438+0000] {warnings.py:112} WARNING - /opt/***/dags/etl/transform_cleaning.py:56: SettingWithCopyWarning: 
A value is trying to be set on a copy of a slice from a DataFrame.
Try using .loc[row_indexer,col_indexer] = value instead

See the caveats in the documentation: https://pandas.pydata.org/pandas-docs/stable/user_guide/indexing.html#returning-a-view-versus-a-copy
  df['skintype'] = df['skintype'].str.strip()

[2024-11-21T11:19:14.439+0000] {warnings.py:112} WARNING - /opt/***/dags/etl/transform_cleaning.py:57: SettingWithCopyWarning: 
A value is trying to be set on a copy of a slice from a DataFrame.
Try using .loc[row_indexer,col_indexer] = value instead

See the caveats in the documentation: https://pandas.pydata.org/pandas-docs/stable/user_guide/indexing.html#returning-a-view-versus-a-copy
  df['skintone'] = df['skintone'].str.strip()

[2024-11-21T11:19:14.442+0000] {warnings.py:112} WARNING - /opt/***/dags/etl/transform_cleaning.py:58: SettingWithCopyWarning: 
A value is trying to be set on a copy of a slice from a DataFrame.
Try using .loc[row_indexer,col_indexer] = value instead

See the caveats in the documentation: https://pandas.pydata.org/pandas-docs/stable/user_guide/indexing.html#returning-a-view-versus-a-copy
  df['undertone'] = df['undertone'].str.strip()

[2024-11-21T11:19:14.444+0000] {warnings.py:112} WARNING - /opt/***/dags/etl/transform_cleaning.py:61: SettingWithCopyWarning: 
A value is trying to be set on a copy of a slice from a DataFrame

See the caveats in the documentation: https://pandas.pydata.org/pandas-docs/stable/user_guide/indexing.html#returning-a-view-versus-a-copy
  df.drop(columns=['usage_period'], inplace=True)

[2024-11-21T11:19:14.445+0000] {warnings.py:112} WARNING - /opt/***/dags/etl/transform_cleaning.py:62: SettingWithCopyWarning: 
A value is trying to be set on a copy of a slice from a DataFrame

See the caveats in the documentation: https://pandas.pydata.org/pandas-docs/stable/user_guide/indexing.html#returning-a-view-versus-a-copy
  df.drop(columns=['age'], inplace=True)

[2024-11-21T11:19:14.446+0000] {warnings.py:112} WARNING - /opt/***/dags/etl/transform_cleaning.py:63: SettingWithCopyWarning: 
A value is trying to be set on a copy of a slice from a DataFrame

See the caveats in the documentation: https://pandas.pydata.org/pandas-docs/stable/user_guide/indexing.html#returning-a-view-versus-a-copy
  df.drop(columns=['recommend'], inplace=True)

[2024-11-21T11:19:14.448+0000] {warnings.py:112} WARNING - /opt/***/dags/etl/transform_cleaning.py:64: SettingWithCopyWarning: 
A value is trying to be set on a copy of a slice from a DataFrame

See the caveats in the documentation: https://pandas.pydata.org/pandas-docs/stable/user_guide/indexing.html#returning-a-view-versus-a-copy
  df.drop(columns=['profile_description'], inplace=True)

[2024-11-21T11:19:14.464+0000] {logging_mixin.py:190} INFO - Data telah disimpan di: dags/hasil data transform/Clean_Sunscreen Skinaqua.csv
[2024-11-21T11:19:14.465+0000] {python.py:240} INFO - Done. Returned value was: None
[2024-11-21T11:19:14.474+0000] {taskinstance.py:340} INFO - ::group::Post task execution logs
[2024-11-21T11:19:14.475+0000] {taskinstance.py:352} INFO - Marking task as SUCCESS. dag_id=etl_pipeline, task_id=transform_cleaning, run_id=manual__2024-11-21T11:15:36.225373+00:00, execution_date=20241121T111536, start_date=20241121T111913, end_date=20241121T111914
[2024-11-21T11:19:14.487+0000] {logging_mixin.py:190} INFO - Task instance in success state
[2024-11-21T11:19:14.487+0000] {logging_mixin.py:190} INFO -  Previous state of the Task instance: running
[2024-11-21T11:19:14.488+0000] {logging_mixin.py:190} INFO - Dag name:etl_pipeline queued_at:2024-11-21 11:15:36.442184+00:00
[2024-11-21T11:19:14.489+0000] {logging_mixin.py:190} INFO - Task hostname:7a40aa914b11 operator:PythonOperator
[2024-11-21T11:19:14.531+0000] {local_task_job_runner.py:266} INFO - Task exited with return code 0
[2024-11-21T11:19:14.557+0000] {taskinstance.py:3895} INFO - 1 downstream tasks scheduled from follow-on schedule check
[2024-11-21T11:19:14.562+0000] {local_task_job_runner.py:245} INFO - ::endgroup::
