[2024-11-21T03:39:59.216+0000] {local_task_job_runner.py:123} INFO - ::group::Pre task execution logs
[2024-11-21T03:39:59.232+0000] {taskinstance.py:2613} INFO - Dependencies all met for dep_context=non-requeueable deps ti=<TaskInstance: etl_pipeline.transform_merge_data manual__2024-11-21T03:25:55.868483+00:00 [queued]>
[2024-11-21T03:39:59.247+0000] {taskinstance.py:2613} INFO - Dependencies all met for dep_context=requeueable deps ti=<TaskInstance: etl_pipeline.transform_merge_data manual__2024-11-21T03:25:55.868483+00:00 [queued]>
[2024-11-21T03:39:59.249+0000] {taskinstance.py:2866} INFO - Starting attempt 1 of 1
[2024-11-21T03:39:59.263+0000] {taskinstance.py:2889} INFO - Executing <Task(PythonOperator): transform_merge_data> on 2024-11-21 03:25:55.868483+00:00
[2024-11-21T03:39:59.270+0000] {warnings.py:112} WARNING - /home/***/.local/lib/python3.12/site-packages/***/task/task_runner/standard_task_runner.py:70: DeprecationWarning: This process (pid=869) is multi-threaded, use of fork() may lead to deadlocks in the child.
  pid = os.fork()

[2024-11-21T03:39:59.272+0000] {standard_task_runner.py:72} INFO - Started process 879 to run task
[2024-11-21T03:39:59.273+0000] {standard_task_runner.py:104} INFO - Running: ['***', 'tasks', 'run', 'etl_pipeline', 'transform_merge_data', 'manual__2024-11-21T03:25:55.868483+00:00', '--job-id', '104', '--raw', '--subdir', 'DAGS_FOLDER/dag.py', '--cfg-path', '/tmp/tmprkznl1fc']
[2024-11-21T03:39:59.274+0000] {standard_task_runner.py:105} INFO - Job 104: Subtask transform_merge_data
[2024-11-21T03:39:59.344+0000] {task_command.py:467} INFO - Running <TaskInstance: etl_pipeline.transform_merge_data manual__2024-11-21T03:25:55.868483+00:00 [running]> on host d5003ff2a60e
[2024-11-21T03:39:59.691+0000] {taskinstance.py:3132} INFO - Exporting env vars: AIRFLOW_CTX_DAG_OWNER='***' AIRFLOW_CTX_DAG_ID='etl_pipeline' AIRFLOW_CTX_TASK_ID='transform_merge_data' AIRFLOW_CTX_EXECUTION_DATE='2024-11-21T03:25:55.868483+00:00' AIRFLOW_CTX_TRY_NUMBER='1' AIRFLOW_CTX_DAG_RUN_ID='manual__2024-11-21T03:25:55.868483+00:00'
[2024-11-21T03:39:59.692+0000] {logging_mixin.py:190} INFO - Task instance is in running state
[2024-11-21T03:39:59.693+0000] {logging_mixin.py:190} INFO -  Previous state of the Task instance: queued
[2024-11-21T03:39:59.694+0000] {logging_mixin.py:190} INFO - Current task name:transform_merge_data state:running start_date:2024-11-21 03:39:59.233734+00:00
[2024-11-21T03:39:59.695+0000] {logging_mixin.py:190} INFO - Dag name:etl_pipeline and current dag run status:running
[2024-11-21T03:39:59.696+0000] {taskinstance.py:731} INFO - ::endgroup::
[2024-11-21T03:39:59.697+0000] {logging_mixin.py:190} INFO - Menggabungkan: FemaleDaily_Sunscreen Azarine.csv + GoogleTrends_Sunscreen Azarine.csv
[2024-11-21T03:39:59.702+0000] {logging_mixin.py:190} INFO - File tidak ditemukan: /opt/***/dags/etl/dags/hasil data transform/FemaleDaily_Sunscreen Azarine.csv
[2024-11-21T03:39:59.709+0000] {logging_mixin.py:190} INFO - File tidak ditemukan: /opt/***/dags/etl/dags/hasil data transform/GoogleTrends_Sunscreen Azarine.csv
[2024-11-21T03:39:59.711+0000] {logging_mixin.py:190} INFO - Salah satu DataFrame tidak tersedia untuk penggabungan.
[2024-11-21T03:39:59.711+0000] {logging_mixin.py:190} INFO - Data gabungan kosong, tidak dapat menyimpan file.
[2024-11-21T03:39:59.712+0000] {logging_mixin.py:190} INFO - Menggabungkan: FemaleDaily_Sunscreen Skinaqua.csv + GoogleTrends_Sunscreen Skinaqua.csv
[2024-11-21T03:39:59.718+0000] {logging_mixin.py:190} INFO - File tidak ditemukan: /opt/***/dags/etl/dags/hasil data transform/FemaleDaily_Sunscreen Skinaqua.csv
[2024-11-21T03:39:59.725+0000] {logging_mixin.py:190} INFO - File tidak ditemukan: /opt/***/dags/etl/dags/hasil data transform/GoogleTrends_Sunscreen Skinaqua.csv
[2024-11-21T03:39:59.726+0000] {logging_mixin.py:190} INFO - Salah satu DataFrame tidak tersedia untuk penggabungan.
[2024-11-21T03:39:59.727+0000] {logging_mixin.py:190} INFO - Data gabungan kosong, tidak dapat menyimpan file.
[2024-11-21T03:39:59.728+0000] {python.py:240} INFO - Done. Returned value was: None
[2024-11-21T03:39:59.739+0000] {taskinstance.py:340} INFO - ::group::Post task execution logs
[2024-11-21T03:39:59.740+0000] {taskinstance.py:352} INFO - Marking task as SUCCESS. dag_id=etl_pipeline, task_id=transform_merge_data, run_id=manual__2024-11-21T03:25:55.868483+00:00, execution_date=20241121T032555, start_date=20241121T033959, end_date=20241121T033959
[2024-11-21T03:39:59.753+0000] {logging_mixin.py:190} INFO - Task instance in success state
[2024-11-21T03:39:59.754+0000] {logging_mixin.py:190} INFO -  Previous state of the Task instance: running
[2024-11-21T03:39:59.755+0000] {logging_mixin.py:190} INFO - Dag name:etl_pipeline queued_at:2024-11-21 03:25:55.997338+00:00
[2024-11-21T03:39:59.756+0000] {logging_mixin.py:190} INFO - Task hostname:d5003ff2a60e operator:PythonOperator
[2024-11-21T03:39:59.770+0000] {local_task_job_runner.py:266} INFO - Task exited with return code 0
[2024-11-21T03:39:59.784+0000] {taskinstance.py:3895} INFO - 0 downstream tasks scheduled from follow-on schedule check
[2024-11-21T03:39:59.788+0000] {local_task_job_runner.py:245} INFO - ::endgroup::
