[2024-11-21T12:39:43.731+0000] {local_task_job_runner.py:123} INFO - ::group::Pre task execution logs
[2024-11-21T12:39:43.779+0000] {taskinstance.py:2613} INFO - Dependencies all met for dep_context=non-requeueable deps ti=<TaskInstance: etl_pipeline.transform_merge_data manual__2024-11-21T12:39:34.953991+00:00 [queued]>
[2024-11-21T12:39:43.791+0000] {taskinstance.py:2613} INFO - Dependencies all met for dep_context=requeueable deps ti=<TaskInstance: etl_pipeline.transform_merge_data manual__2024-11-21T12:39:34.953991+00:00 [queued]>
[2024-11-21T12:39:43.793+0000] {taskinstance.py:2866} INFO - Starting attempt 1 of 1
[2024-11-21T12:39:43.811+0000] {taskinstance.py:2889} INFO - Executing <Task(PythonOperator): transform_merge_data> on 2024-11-21 12:39:34.953991+00:00
[2024-11-21T12:39:43.821+0000] {warnings.py:112} WARNING - /home/***/.local/lib/python3.12/site-packages/***/task/task_runner/standard_task_runner.py:70: DeprecationWarning: This process (pid=4935) is multi-threaded, use of fork() may lead to deadlocks in the child.
  pid = os.fork()

[2024-11-21T12:39:43.823+0000] {standard_task_runner.py:72} INFO - Started process 4937 to run task
[2024-11-21T12:39:43.824+0000] {standard_task_runner.py:104} INFO - Running: ['***', 'tasks', 'run', 'etl_pipeline', 'transform_merge_data', 'manual__2024-11-21T12:39:34.953991+00:00', '--job-id', '288', '--raw', '--subdir', 'DAGS_FOLDER/dag.py', '--cfg-path', '/tmp/tmp_o7861fv']
[2024-11-21T12:39:43.825+0000] {standard_task_runner.py:105} INFO - Job 288: Subtask transform_merge_data
[2024-11-21T12:39:43.895+0000] {task_command.py:467} INFO - Running <TaskInstance: etl_pipeline.transform_merge_data manual__2024-11-21T12:39:34.953991+00:00 [running]> on host 7a40aa914b11
[2024-11-21T12:39:44.607+0000] {taskinstance.py:3132} INFO - Exporting env vars: AIRFLOW_CTX_DAG_OWNER='***' AIRFLOW_CTX_DAG_ID='etl_pipeline' AIRFLOW_CTX_TASK_ID='transform_merge_data' AIRFLOW_CTX_EXECUTION_DATE='2024-11-21T12:39:34.953991+00:00' AIRFLOW_CTX_TRY_NUMBER='1' AIRFLOW_CTX_DAG_RUN_ID='manual__2024-11-21T12:39:34.953991+00:00'
[2024-11-21T12:39:44.613+0000] {logging_mixin.py:190} INFO - Task instance is in running state
[2024-11-21T12:39:44.614+0000] {logging_mixin.py:190} INFO -  Previous state of the Task instance: queued
[2024-11-21T12:39:44.615+0000] {logging_mixin.py:190} INFO - Current task name:transform_merge_data state:running start_date:2024-11-21 12:39:43.780562+00:00
[2024-11-21T12:39:44.616+0000] {logging_mixin.py:190} INFO - Dag name:etl_pipeline and current dag run status:running
[2024-11-21T12:39:44.617+0000] {taskinstance.py:731} INFO - ::endgroup::
[2024-11-21T12:39:44.618+0000] {logging_mixin.py:190} INFO - Menggabungkan: FemaleDaily_Sunscreen Azarine.csv + GoogleTrend_sunscreen_Azarine_interestOverTime.csv
[2024-11-21T12:39:44.820+0000] {logging_mixin.py:190} INFO - Hasil gabungan disimpan di: dags/hasil data transform/Merged_Sunscreen Azarine.csv
[2024-11-21T12:39:44.822+0000] {logging_mixin.py:190} INFO - Menggabungkan: FemaleDaily_Sunscreen Skinaqua.csv + GoogleTrend_sunscreen_skin_aqua_interestOverTime.csv
[2024-11-21T12:39:44.983+0000] {logging_mixin.py:190} INFO - Hasil gabungan disimpan di: dags/hasil data transform/Merged_Sunscreen Skinaqua.csv
[2024-11-21T12:39:44.984+0000] {python.py:240} INFO - Done. Returned value was: None
[2024-11-21T12:39:45.049+0000] {taskinstance.py:340} INFO - ::group::Post task execution logs
[2024-11-21T12:39:45.062+0000] {taskinstance.py:352} INFO - Marking task as SUCCESS. dag_id=etl_pipeline, task_id=transform_merge_data, run_id=manual__2024-11-21T12:39:34.953991+00:00, execution_date=20241121T123934, start_date=20241121T123943, end_date=20241121T123945
[2024-11-21T12:39:45.126+0000] {logging_mixin.py:190} INFO - Task instance in success state
[2024-11-21T12:39:45.132+0000] {logging_mixin.py:190} INFO -  Previous state of the Task instance: running
[2024-11-21T12:39:45.136+0000] {logging_mixin.py:190} INFO - Dag name:etl_pipeline queued_at:2024-11-21 12:39:35.005122+00:00
[2024-11-21T12:39:45.137+0000] {logging_mixin.py:190} INFO - Task hostname:7a40aa914b11 operator:PythonOperator
[2024-11-21T12:39:45.214+0000] {local_task_job_runner.py:266} INFO - Task exited with return code 0
[2024-11-21T12:39:45.292+0000] {taskinstance.py:3895} INFO - 1 downstream tasks scheduled from follow-on schedule check
[2024-11-21T12:39:45.296+0000] {local_task_job_runner.py:245} INFO - ::endgroup::
