[2024-11-21T10:31:08.510+0000] {local_task_job_runner.py:123} INFO - ::group::Pre task execution logs
[2024-11-21T10:31:08.529+0000] {taskinstance.py:2613} INFO - Dependencies all met for dep_context=non-requeueable deps ti=<TaskInstance: etl_pipeline.extract_google_trends manual__2024-11-21T10:31:02.360604+00:00 [queued]>
[2024-11-21T10:31:08.542+0000] {taskinstance.py:2613} INFO - Dependencies all met for dep_context=requeueable deps ti=<TaskInstance: etl_pipeline.extract_google_trends manual__2024-11-21T10:31:02.360604+00:00 [queued]>
[2024-11-21T10:31:08.544+0000] {taskinstance.py:2866} INFO - Starting attempt 1 of 1
[2024-11-21T10:31:08.576+0000] {taskinstance.py:2889} INFO - Executing <Task(PythonOperator): extract_google_trends> on 2024-11-21 10:31:02.360604+00:00
[2024-11-21T10:31:08.586+0000] {warnings.py:112} WARNING - /home/***/.local/lib/python3.12/site-packages/***/task/task_runner/standard_task_runner.py:70: DeprecationWarning: This process (pid=2942) is multi-threaded, use of fork() may lead to deadlocks in the child.
  pid = os.fork()

[2024-11-21T10:31:08.589+0000] {standard_task_runner.py:72} INFO - Started process 2944 to run task
[2024-11-21T10:31:08.589+0000] {standard_task_runner.py:104} INFO - Running: ['***', 'tasks', 'run', 'etl_pipeline', 'extract_google_trends', 'manual__2024-11-21T10:31:02.360604+00:00', '--job-id', '202', '--raw', '--subdir', 'DAGS_FOLDER/dag.py', '--cfg-path', '/tmp/tmpgxitbj3j']
[2024-11-21T10:31:08.591+0000] {standard_task_runner.py:105} INFO - Job 202: Subtask extract_google_trends
[2024-11-21T10:31:08.659+0000] {task_command.py:467} INFO - Running <TaskInstance: etl_pipeline.extract_google_trends manual__2024-11-21T10:31:02.360604+00:00 [running]> on host 7a40aa914b11
[2024-11-21T10:31:09.197+0000] {taskinstance.py:3132} INFO - Exporting env vars: AIRFLOW_CTX_DAG_OWNER='***' AIRFLOW_CTX_DAG_ID='etl_pipeline' AIRFLOW_CTX_TASK_ID='extract_google_trends' AIRFLOW_CTX_EXECUTION_DATE='2024-11-21T10:31:02.360604+00:00' AIRFLOW_CTX_TRY_NUMBER='1' AIRFLOW_CTX_DAG_RUN_ID='manual__2024-11-21T10:31:02.360604+00:00'
[2024-11-21T10:31:09.200+0000] {logging_mixin.py:190} INFO - Task instance is in running state
[2024-11-21T10:31:09.200+0000] {logging_mixin.py:190} INFO -  Previous state of the Task instance: queued
[2024-11-21T10:31:09.201+0000] {logging_mixin.py:190} INFO - Current task name:extract_google_trends state:running start_date:2024-11-21 10:31:08.530462+00:00
[2024-11-21T10:31:09.202+0000] {logging_mixin.py:190} INFO - Dag name:etl_pipeline and current dag run status:running
[2024-11-21T10:31:09.203+0000] {taskinstance.py:731} INFO - ::endgroup::
[2024-11-21T10:31:09.209+0000] {extract_google_trends.py:144} INFO - Starting Google Trends data scraping...
[2024-11-21T10:31:09.210+0000] {extract_google_trends.py:56} INFO - Running Apify actor for 'sunscreen skin aqua'...
[2024-11-21T10:31:10.525+0000] {extract_google_trends.py:16} INFO - Sent request to Apify API to run actor with status code: 201
[2024-11-21T10:31:11.556+0000] {extract_google_trends.py:30} INFO - Checked actor run status with status code: 200
[2024-11-21T10:31:11.566+0000] {extract_google_trends.py:88} INFO - Actor is still running for 'sunscreen skin aqua'... Waiting...
[2024-11-21T10:31:22.716+0000] {extract_google_trends.py:30} INFO - Checked actor run status with status code: 200
[2024-11-21T10:31:22.718+0000] {extract_google_trends.py:88} INFO - Actor is still running for 'sunscreen skin aqua'... Waiting...
[2024-11-21T10:31:33.839+0000] {extract_google_trends.py:30} INFO - Checked actor run status with status code: 200
[2024-11-21T10:31:33.841+0000] {extract_google_trends.py:88} INFO - Actor is still running for 'sunscreen skin aqua'... Waiting...
[2024-11-21T10:31:44.875+0000] {extract_google_trends.py:30} INFO - Checked actor run status with status code: 200
[2024-11-21T10:31:44.877+0000] {extract_google_trends.py:88} INFO - Actor is still running for 'sunscreen skin aqua'... Waiting...
[2024-11-21T10:31:55.877+0000] {extract_google_trends.py:30} INFO - Checked actor run status with status code: 200
[2024-11-21T10:31:55.878+0000] {extract_google_trends.py:88} INFO - Actor is still running for 'sunscreen skin aqua'... Waiting...
[2024-11-21T10:32:06.910+0000] {extract_google_trends.py:30} INFO - Checked actor run status with status code: 200
[2024-11-21T10:32:06.912+0000] {extract_google_trends.py:88} INFO - Actor is still running for 'sunscreen skin aqua'... Waiting...
[2024-11-21T10:32:18.126+0000] {extract_google_trends.py:30} INFO - Checked actor run status with status code: 200
[2024-11-21T10:32:18.127+0000] {extract_google_trends.py:88} INFO - Actor is still running for 'sunscreen skin aqua'... Waiting...
[2024-11-21T10:32:29.239+0000] {extract_google_trends.py:30} INFO - Checked actor run status with status code: 200
[2024-11-21T10:32:29.241+0000] {extract_google_trends.py:88} INFO - Actor is still running for 'sunscreen skin aqua'... Waiting...
[2024-11-21T10:32:40.271+0000] {extract_google_trends.py:30} INFO - Checked actor run status with status code: 200
[2024-11-21T10:32:40.273+0000] {extract_google_trends.py:88} INFO - Actor is still running for 'sunscreen skin aqua'... Waiting...
[2024-11-21T10:32:51.354+0000] {extract_google_trends.py:30} INFO - Checked actor run status with status code: 200
[2024-11-21T10:32:51.355+0000] {extract_google_trends.py:88} INFO - Actor is still running for 'sunscreen skin aqua'... Waiting...
[2024-11-21T10:33:02.475+0000] {extract_google_trends.py:30} INFO - Checked actor run status with status code: 200
[2024-11-21T10:33:02.477+0000] {extract_google_trends.py:88} INFO - Actor is still running for 'sunscreen skin aqua'... Waiting...
[2024-11-21T10:33:13.654+0000] {extract_google_trends.py:30} INFO - Checked actor run status with status code: 200
[2024-11-21T10:33:13.657+0000] {extract_google_trends.py:86} INFO - Actor run succeeded for 'sunscreen skin aqua'.
[2024-11-21T10:33:15.019+0000] {extract_google_trends.py:44} INFO - Fetched dataset with status code: 200
[2024-11-21T10:33:15.070+0000] {extract_google_trends.py:104} INFO - Data for 'sunscreen skin aqua' saved to 'dags/hasil data extract/GoogleTrend_sunscreen_skin_aqua.json'.
[2024-11-21T10:33:15.082+0000] {extract_google_trends.py:131} INFO - Interest over time data for 'sunscreen skin aqua' saved to 'dags/hasil data extract/GoogleTrend_sunscreen_skin_aqua_interestOverTime.csv'.
[2024-11-21T10:33:15.083+0000] {extract_google_trends.py:56} INFO - Running Apify actor for 'sunscreen Azarine'...
[2024-11-21T10:33:16.283+0000] {extract_google_trends.py:16} INFO - Sent request to Apify API to run actor with status code: 201
[2024-11-21T10:33:17.691+0000] {extract_google_trends.py:30} INFO - Checked actor run status with status code: 200
[2024-11-21T10:33:17.693+0000] {extract_google_trends.py:88} INFO - Actor is still running for 'sunscreen Azarine'... Waiting...
[2024-11-21T10:33:28.804+0000] {extract_google_trends.py:30} INFO - Checked actor run status with status code: 200
[2024-11-21T10:33:28.805+0000] {extract_google_trends.py:88} INFO - Actor is still running for 'sunscreen Azarine'... Waiting...
[2024-11-21T10:33:39.853+0000] {extract_google_trends.py:30} INFO - Checked actor run status with status code: 200
[2024-11-21T10:33:39.855+0000] {extract_google_trends.py:88} INFO - Actor is still running for 'sunscreen Azarine'... Waiting...
[2024-11-21T10:33:50.938+0000] {extract_google_trends.py:30} INFO - Checked actor run status with status code: 200
[2024-11-21T10:33:50.940+0000] {extract_google_trends.py:88} INFO - Actor is still running for 'sunscreen Azarine'... Waiting...
[2024-11-21T10:34:01.971+0000] {extract_google_trends.py:30} INFO - Checked actor run status with status code: 200
[2024-11-21T10:34:01.972+0000] {extract_google_trends.py:88} INFO - Actor is still running for 'sunscreen Azarine'... Waiting...
[2024-11-21T10:34:13.028+0000] {extract_google_trends.py:30} INFO - Checked actor run status with status code: 200
[2024-11-21T10:34:13.029+0000] {extract_google_trends.py:88} INFO - Actor is still running for 'sunscreen Azarine'... Waiting...
[2024-11-21T10:34:24.127+0000] {extract_google_trends.py:30} INFO - Checked actor run status with status code: 200
[2024-11-21T10:34:24.129+0000] {extract_google_trends.py:88} INFO - Actor is still running for 'sunscreen Azarine'... Waiting...
[2024-11-21T10:34:35.125+0000] {extract_google_trends.py:30} INFO - Checked actor run status with status code: 200
[2024-11-21T10:34:35.128+0000] {extract_google_trends.py:88} INFO - Actor is still running for 'sunscreen Azarine'... Waiting...
[2024-11-21T10:34:46.346+0000] {extract_google_trends.py:30} INFO - Checked actor run status with status code: 200
[2024-11-21T10:34:46.349+0000] {extract_google_trends.py:88} INFO - Actor is still running for 'sunscreen Azarine'... Waiting...
[2024-11-21T10:34:57.611+0000] {extract_google_trends.py:30} INFO - Checked actor run status with status code: 200
[2024-11-21T10:34:57.613+0000] {extract_google_trends.py:88} INFO - Actor is still running for 'sunscreen Azarine'... Waiting...
[2024-11-21T10:35:08.815+0000] {extract_google_trends.py:30} INFO - Checked actor run status with status code: 200
[2024-11-21T10:35:08.826+0000] {extract_google_trends.py:86} INFO - Actor run succeeded for 'sunscreen Azarine'.
[2024-11-21T10:35:10.013+0000] {extract_google_trends.py:44} INFO - Fetched dataset with status code: 200
[2024-11-21T10:35:10.045+0000] {extract_google_trends.py:104} INFO - Data for 'sunscreen Azarine' saved to 'dags/hasil data extract/GoogleTrend_sunscreen_Azarine.json'.
[2024-11-21T10:35:10.057+0000] {extract_google_trends.py:131} INFO - Interest over time data for 'sunscreen Azarine' saved to 'dags/hasil data extract/GoogleTrend_sunscreen_Azarine_interestOverTime.csv'.
[2024-11-21T10:35:10.061+0000] {extract_google_trends.py:146} INFO - Google Trends data scraping completed.
[2024-11-21T10:35:10.089+0000] {python.py:240} INFO - Done. Returned value was: None
[2024-11-21T10:35:10.465+0000] {taskinstance.py:340} INFO - ::group::Post task execution logs
[2024-11-21T10:35:10.484+0000] {taskinstance.py:352} INFO - Marking task as SUCCESS. dag_id=etl_pipeline, task_id=extract_google_trends, run_id=manual__2024-11-21T10:31:02.360604+00:00, execution_date=20241121T103102, start_date=20241121T103108, end_date=20241121T103510
[2024-11-21T10:35:10.668+0000] {logging_mixin.py:190} INFO - Task instance in success state
[2024-11-21T10:35:10.669+0000] {logging_mixin.py:190} INFO -  Previous state of the Task instance: running
[2024-11-21T10:35:10.671+0000] {logging_mixin.py:190} INFO - Dag name:etl_pipeline queued_at:2024-11-21 10:31:02.559902+00:00
[2024-11-21T10:35:10.672+0000] {logging_mixin.py:190} INFO - Task hostname:7a40aa914b11 operator:PythonOperator
[2024-11-21T10:35:10.914+0000] {local_task_job_runner.py:266} INFO - Task exited with return code 0
[2024-11-21T10:35:11.330+0000] {taskinstance.py:3895} INFO - 1 downstream tasks scheduled from follow-on schedule check
[2024-11-21T10:35:11.338+0000] {local_task_job_runner.py:245} INFO - ::endgroup::
