[2024-11-21T10:57:48.967+0000] {local_task_job_runner.py:123} INFO - ::group::Pre task execution logs
[2024-11-21T10:57:48.986+0000] {taskinstance.py:2613} INFO - Dependencies all met for dep_context=non-requeueable deps ti=<TaskInstance: etl_pipeline.transform_google_trends manual__2024-11-21T10:53:05.521565+00:00 [queued]>
[2024-11-21T10:57:48.995+0000] {taskinstance.py:2613} INFO - Dependencies all met for dep_context=requeueable deps ti=<TaskInstance: etl_pipeline.transform_google_trends manual__2024-11-21T10:53:05.521565+00:00 [queued]>
[2024-11-21T10:57:48.998+0000] {taskinstance.py:2866} INFO - Starting attempt 1 of 1
[2024-11-21T10:57:49.018+0000] {taskinstance.py:2889} INFO - Executing <Task(PythonOperator): transform_google_trends> on 2024-11-21 10:53:05.521565+00:00
[2024-11-21T10:57:49.030+0000] {warnings.py:112} WARNING - /home/***/.local/lib/python3.12/site-packages/***/task/task_runner/standard_task_runner.py:70: DeprecationWarning: This process (pid=3350) is multi-threaded, use of fork() may lead to deadlocks in the child.
  pid = os.fork()

[2024-11-21T10:57:49.032+0000] {standard_task_runner.py:72} INFO - Started process 3352 to run task
[2024-11-21T10:57:49.033+0000] {standard_task_runner.py:104} INFO - Running: ['***', 'tasks', 'run', 'etl_pipeline', 'transform_google_trends', 'manual__2024-11-21T10:53:05.521565+00:00', '--job-id', '218', '--raw', '--subdir', 'DAGS_FOLDER/dag.py', '--cfg-path', '/tmp/tmpok68eqpg']
[2024-11-21T10:57:49.035+0000] {standard_task_runner.py:105} INFO - Job 218: Subtask transform_google_trends
[2024-11-21T10:57:49.120+0000] {task_command.py:467} INFO - Running <TaskInstance: etl_pipeline.transform_google_trends manual__2024-11-21T10:53:05.521565+00:00 [running]> on host 7a40aa914b11
[2024-11-21T10:57:49.573+0000] {taskinstance.py:3132} INFO - Exporting env vars: AIRFLOW_CTX_DAG_OWNER='***' AIRFLOW_CTX_DAG_ID='etl_pipeline' AIRFLOW_CTX_TASK_ID='transform_google_trends' AIRFLOW_CTX_EXECUTION_DATE='2024-11-21T10:53:05.521565+00:00' AIRFLOW_CTX_TRY_NUMBER='1' AIRFLOW_CTX_DAG_RUN_ID='manual__2024-11-21T10:53:05.521565+00:00'
[2024-11-21T10:57:49.575+0000] {logging_mixin.py:190} INFO - Task instance is in running state
[2024-11-21T10:57:49.577+0000] {logging_mixin.py:190} INFO -  Previous state of the Task instance: queued
[2024-11-21T10:57:49.579+0000] {logging_mixin.py:190} INFO - Current task name:transform_google_trends state:running start_date:2024-11-21 10:57:48.988101+00:00
[2024-11-21T10:57:49.581+0000] {logging_mixin.py:190} INFO - Dag name:etl_pipeline and current dag run status:running
[2024-11-21T10:57:49.583+0000] {taskinstance.py:731} INFO - ::endgroup::
[2024-11-21T10:57:49.603+0000] {logging_mixin.py:190} INFO - Memproses file: dags/hasil data extract/GoogleTrend_sunscreen_Azarine_interestOverTime.csv
[2024-11-21T10:57:49.620+0000] {logging_mixin.py:190} INFO - Error memproses file dags/hasil data extract/GoogleTrend_sunscreen_Azarine_interestOverTime.csv - Error tokenizing data. C error: Expected 6 fields in line 94, saw 7
[2024-11-21T10:57:49.622+0000] {logging_mixin.py:190} INFO - Memproses file: dags/hasil data extract/GoogleTrend_sunscreen_skin_aqua.csv
[2024-11-21T10:57:49.670+0000] {logging_mixin.py:190} INFO - Hasil diproses disimpan di: dags/hasil data transform/GoogleTrend_sunscreen_skin_aqua.csv
[2024-11-21T10:57:49.672+0000] {logging_mixin.py:190} INFO - Memproses file: dags/hasil data extract/GoogleTrend_sunscreen_skin_aqua_interestOverTime.csv
[2024-11-21T10:57:49.687+0000] {logging_mixin.py:190} INFO - Error memproses file dags/hasil data extract/GoogleTrend_sunscreen_skin_aqua_interestOverTime.csv - Error tokenizing data. C error: Expected 6 fields in line 94, saw 7
[2024-11-21T10:57:49.689+0000] {python.py:240} INFO - Done. Returned value was: None
[2024-11-21T10:57:49.706+0000] {taskinstance.py:340} INFO - ::group::Post task execution logs
[2024-11-21T10:57:49.713+0000] {taskinstance.py:352} INFO - Marking task as SUCCESS. dag_id=etl_pipeline, task_id=transform_google_trends, run_id=manual__2024-11-21T10:53:05.521565+00:00, execution_date=20241121T105305, start_date=20241121T105748, end_date=20241121T105749
[2024-11-21T10:57:49.740+0000] {logging_mixin.py:190} INFO - Task instance in success state
[2024-11-21T10:57:49.742+0000] {logging_mixin.py:190} INFO -  Previous state of the Task instance: running
[2024-11-21T10:57:49.743+0000] {logging_mixin.py:190} INFO - Dag name:etl_pipeline queued_at:2024-11-21 10:53:05.809549+00:00
[2024-11-21T10:57:49.744+0000] {logging_mixin.py:190} INFO - Task hostname:7a40aa914b11 operator:PythonOperator
[2024-11-21T10:57:49.775+0000] {local_task_job_runner.py:266} INFO - Task exited with return code 0
[2024-11-21T10:57:49.786+0000] {local_task_job_runner.py:245} INFO - ::endgroup::
