[2024-11-21T08:50:40.976+0000] {local_task_job_runner.py:123} INFO - ::group::Pre task execution logs
[2024-11-21T08:50:40.994+0000] {taskinstance.py:2613} INFO - Dependencies all met for dep_context=non-requeueable deps ti=<TaskInstance: etl_pipeline.transform_merge_data manual__2024-11-21T08:46:42.438753+00:00 [queued]>
[2024-11-21T08:50:41.004+0000] {taskinstance.py:2613} INFO - Dependencies all met for dep_context=requeueable deps ti=<TaskInstance: etl_pipeline.transform_merge_data manual__2024-11-21T08:46:42.438753+00:00 [queued]>
[2024-11-21T08:50:41.006+0000] {taskinstance.py:2866} INFO - Starting attempt 1 of 1
[2024-11-21T08:50:41.022+0000] {taskinstance.py:2889} INFO - Executing <Task(PythonOperator): transform_merge_data> on 2024-11-21 08:46:42.438753+00:00
[2024-11-21T08:50:41.034+0000] {warnings.py:112} WARNING - /home/***/.local/lib/python3.12/site-packages/***/task/task_runner/standard_task_runner.py:70: DeprecationWarning: This process (pid=1544) is multi-threaded, use of fork() may lead to deadlocks in the child.
  pid = os.fork()

[2024-11-21T08:50:41.036+0000] {standard_task_runner.py:104} INFO - Running: ['***', 'tasks', 'run', 'etl_pipeline', 'transform_merge_data', 'manual__2024-11-21T08:46:42.438753+00:00', '--job-id', '175', '--raw', '--subdir', 'DAGS_FOLDER/dag.py', '--cfg-path', '/tmp/tmp584ay4xr']
[2024-11-21T08:50:41.037+0000] {standard_task_runner.py:72} INFO - Started process 1546 to run task
[2024-11-21T08:50:41.038+0000] {standard_task_runner.py:105} INFO - Job 175: Subtask transform_merge_data
[2024-11-21T08:50:41.093+0000] {task_command.py:467} INFO - Running <TaskInstance: etl_pipeline.transform_merge_data manual__2024-11-21T08:46:42.438753+00:00 [running]> on host 7a40aa914b11
[2024-11-21T08:50:41.402+0000] {taskinstance.py:3132} INFO - Exporting env vars: AIRFLOW_CTX_DAG_OWNER='***' AIRFLOW_CTX_DAG_ID='etl_pipeline' AIRFLOW_CTX_TASK_ID='transform_merge_data' AIRFLOW_CTX_EXECUTION_DATE='2024-11-21T08:46:42.438753+00:00' AIRFLOW_CTX_TRY_NUMBER='1' AIRFLOW_CTX_DAG_RUN_ID='manual__2024-11-21T08:46:42.438753+00:00'
[2024-11-21T08:50:41.404+0000] {logging_mixin.py:190} INFO - Task instance is in running state
[2024-11-21T08:50:41.405+0000] {logging_mixin.py:190} INFO -  Previous state of the Task instance: queued
[2024-11-21T08:50:41.406+0000] {logging_mixin.py:190} INFO - Current task name:transform_merge_data state:running start_date:2024-11-21 08:50:40.995800+00:00
[2024-11-21T08:50:41.407+0000] {logging_mixin.py:190} INFO - Dag name:etl_pipeline and current dag run status:running
[2024-11-21T08:50:41.408+0000] {taskinstance.py:731} INFO - ::endgroup::
[2024-11-21T08:50:41.410+0000] {logging_mixin.py:190} INFO - Menggabungkan: FemaleDaily_Sunscreen Azarine.csv + GoogleTrends_sunscreen Azarine.csv
[2024-11-21T08:50:41.452+0000] {logging_mixin.py:190} INFO - File tidak ditemukan: dags/hasil data transform/GoogleTrends_sunscreen Azarine.csv
[2024-11-21T08:50:41.454+0000] {logging_mixin.py:190} INFO - Salah satu DataFrame tidak tersedia untuk penggabungan.
[2024-11-21T08:50:41.455+0000] {logging_mixin.py:190} INFO - Data gabungan kosong, tidak dapat menyimpan file.
[2024-11-21T08:50:41.456+0000] {logging_mixin.py:190} INFO - Menggabungkan: FemaleDaily_Sunscreen Skinaqua.csv + GoogleTrends_sunscreen skin aqua.csv
[2024-11-21T08:50:41.490+0000] {logging_mixin.py:190} INFO - File tidak ditemukan: dags/hasil data transform/GoogleTrends_sunscreen skin aqua.csv
[2024-11-21T08:50:41.491+0000] {logging_mixin.py:190} INFO - Salah satu DataFrame tidak tersedia untuk penggabungan.
[2024-11-21T08:50:41.492+0000] {logging_mixin.py:190} INFO - Data gabungan kosong, tidak dapat menyimpan file.
[2024-11-21T08:50:41.493+0000] {python.py:240} INFO - Done. Returned value was: None
[2024-11-21T08:50:41.503+0000] {taskinstance.py:340} INFO - ::group::Post task execution logs
[2024-11-21T08:50:41.504+0000] {taskinstance.py:352} INFO - Marking task as SUCCESS. dag_id=etl_pipeline, task_id=transform_merge_data, run_id=manual__2024-11-21T08:46:42.438753+00:00, execution_date=20241121T084642, start_date=20241121T085040, end_date=20241121T085041
[2024-11-21T08:50:41.513+0000] {logging_mixin.py:190} INFO - Task instance in success state
[2024-11-21T08:50:41.513+0000] {logging_mixin.py:190} INFO -  Previous state of the Task instance: running
[2024-11-21T08:50:41.514+0000] {logging_mixin.py:190} INFO - Dag name:etl_pipeline queued_at:2024-11-21 08:46:42.663240+00:00
[2024-11-21T08:50:41.515+0000] {logging_mixin.py:190} INFO - Task hostname:7a40aa914b11 operator:PythonOperator
[2024-11-21T08:50:41.537+0000] {local_task_job_runner.py:266} INFO - Task exited with return code 0
[2024-11-21T08:50:41.557+0000] {taskinstance.py:3895} INFO - 1 downstream tasks scheduled from follow-on schedule check
[2024-11-21T08:50:41.565+0000] {local_task_job_runner.py:245} INFO - ::endgroup::
