[2024-11-21T12:49:16.557+0000] {local_task_job_runner.py:123} INFO - ::group::Pre task execution logs
[2024-11-21T12:49:16.573+0000] {taskinstance.py:2613} INFO - Dependencies all met for dep_context=non-requeueable deps ti=<TaskInstance: etl_pipeline.insert_data_to_postgres manual__2024-11-21T12:48:51.874288+00:00 [queued]>
[2024-11-21T12:49:16.581+0000] {taskinstance.py:2613} INFO - Dependencies all met for dep_context=requeueable deps ti=<TaskInstance: etl_pipeline.insert_data_to_postgres manual__2024-11-21T12:48:51.874288+00:00 [queued]>
[2024-11-21T12:49:16.583+0000] {taskinstance.py:2866} INFO - Starting attempt 1 of 1
[2024-11-21T12:49:16.599+0000] {taskinstance.py:2889} INFO - Executing <Task(PythonOperator): insert_data_to_postgres> on 2024-11-21 12:48:51.874288+00:00
[2024-11-21T12:49:16.610+0000] {warnings.py:112} WARNING - /home/***/.local/lib/python3.12/site-packages/***/task/task_runner/standard_task_runner.py:70: DeprecationWarning: This process (pid=5103) is multi-threaded, use of fork() may lead to deadlocks in the child.
  pid = os.fork()

[2024-11-21T12:49:16.613+0000] {standard_task_runner.py:72} INFO - Started process 5105 to run task
[2024-11-21T12:49:16.613+0000] {standard_task_runner.py:104} INFO - Running: ['***', 'tasks', 'run', 'etl_pipeline', 'insert_data_to_postgres', 'manual__2024-11-21T12:48:51.874288+00:00', '--job-id', '300', '--raw', '--subdir', 'DAGS_FOLDER/dag.py', '--cfg-path', '/tmp/tmpfdt__t5n']
[2024-11-21T12:49:16.614+0000] {standard_task_runner.py:105} INFO - Job 300: Subtask insert_data_to_postgres
[2024-11-21T12:49:16.668+0000] {task_command.py:467} INFO - Running <TaskInstance: etl_pipeline.insert_data_to_postgres manual__2024-11-21T12:48:51.874288+00:00 [running]> on host 7a40aa914b11
[2024-11-21T12:49:17.019+0000] {taskinstance.py:3132} INFO - Exporting env vars: AIRFLOW_CTX_DAG_OWNER='***' AIRFLOW_CTX_DAG_ID='etl_pipeline' AIRFLOW_CTX_TASK_ID='insert_data_to_postgres' AIRFLOW_CTX_EXECUTION_DATE='2024-11-21T12:48:51.874288+00:00' AIRFLOW_CTX_TRY_NUMBER='1' AIRFLOW_CTX_DAG_RUN_ID='manual__2024-11-21T12:48:51.874288+00:00'
[2024-11-21T12:49:17.020+0000] {logging_mixin.py:190} INFO - Task instance is in running state
[2024-11-21T12:49:17.021+0000] {logging_mixin.py:190} INFO -  Previous state of the Task instance: queued
[2024-11-21T12:49:17.021+0000] {logging_mixin.py:190} INFO - Current task name:insert_data_to_postgres state:running start_date:2024-11-21 12:49:16.573911+00:00
[2024-11-21T12:49:17.022+0000] {logging_mixin.py:190} INFO - Dag name:etl_pipeline and current dag run status:running
[2024-11-21T12:49:17.022+0000] {taskinstance.py:731} INFO - ::endgroup::
[2024-11-21T12:49:17.038+0000] {load.py:15} INFO - Preview Azarine Data:
[2024-11-21T12:49:17.039+0000] {load.py:16} INFO -         username        date  ...      skintone undertone
0        rahelch  2024-11-17  ...  Medium Light   Neutral
1        Vinna23  2024-11-17  ...        Medium      Cool
2      cellinaas  2024-11-05  ...   Medium Dark      Warm
3  Lilyraharjo18  2024-11-04  ...        Medium   Neutral
4       Sanarooo  2024-11-03  ...        Medium   Neutral

[5 rows x 13 columns]
[2024-11-21T12:49:17.079+0000] {load.py:17} INFO - Azarine Column Names:
[2024-11-21T12:49:17.080+0000] {load.py:18} INFO - ['username', 'date', 'review_content', 'purchase_point', 'recommend', 'rating', 'jenis_produk', 'trend', 'age_category', 'periode_penggunaan', 'skintype', 'skintone', 'undertone']
[2024-11-21T12:49:17.081+0000] {load.py:20} INFO - Preview Skinaqua Data:
[2024-11-21T12:49:17.081+0000] {load.py:21} INFO -       username        date  ...      skintone undertone
0    Laelatulr  2024-11-20  ...        Medium      Warm
1     nrlazzh_  2024-11-20  ...  Medium Light   Neutral
2  SilviaMD208  2024-11-20  ...   Medium Dark   Neutral
3   dsekarayoe  2024-11-18  ...         Light      Cool
4       resina  2024-11-18  ...  Medium Light   Neutral

[5 rows x 13 columns]
[2024-11-21T12:49:17.094+0000] {load.py:22} INFO - Skinaqua Column Names:
[2024-11-21T12:49:17.095+0000] {load.py:23} INFO - ['username', 'date', 'review_content', 'purchase_point', 'recommend', 'rating', 'jenis_produk', 'trend', 'age_category', 'periode_penggunaan', 'skintype', 'skintone', 'undertone']
[2024-11-21T12:49:17.104+0000] {base.py:84} INFO - Retrieving connection 'skincare_connection'
[2024-11-21T12:49:17.196+0000] {load.py:88} INFO - Successfully inserted records into the database.
[2024-11-21T12:49:17.198+0000] {python.py:240} INFO - Done. Returned value was: None
[2024-11-21T12:49:17.208+0000] {taskinstance.py:340} INFO - ::group::Post task execution logs
[2024-11-21T12:49:17.209+0000] {taskinstance.py:352} INFO - Marking task as SUCCESS. dag_id=etl_pipeline, task_id=insert_data_to_postgres, run_id=manual__2024-11-21T12:48:51.874288+00:00, execution_date=20241121T124851, start_date=20241121T124916, end_date=20241121T124917
[2024-11-21T12:49:17.221+0000] {logging_mixin.py:190} INFO - Task instance in success state
[2024-11-21T12:49:17.222+0000] {logging_mixin.py:190} INFO -  Previous state of the Task instance: running
[2024-11-21T12:49:17.222+0000] {logging_mixin.py:190} INFO - Dag name:etl_pipeline queued_at:2024-11-21 12:48:52.204627+00:00
[2024-11-21T12:49:17.223+0000] {logging_mixin.py:190} INFO - Task hostname:7a40aa914b11 operator:PythonOperator
[2024-11-21T12:49:17.271+0000] {local_task_job_runner.py:266} INFO - Task exited with return code 0
[2024-11-21T12:49:17.291+0000] {taskinstance.py:3895} INFO - 0 downstream tasks scheduled from follow-on schedule check
[2024-11-21T12:49:17.295+0000] {local_task_job_runner.py:245} INFO - ::endgroup::
