[2024-11-20T20:37:28.179+0000] {local_task_job_runner.py:123} INFO - ::group::Pre task execution logs
[2024-11-20T20:37:28.196+0000] {taskinstance.py:2613} INFO - Dependencies all met for dep_context=non-requeueable deps ti=<TaskInstance: etl_pipeline.extract_google_trends manual__2024-11-20T20:37:21.964038+00:00 [queued]>
[2024-11-20T20:37:28.205+0000] {taskinstance.py:2613} INFO - Dependencies all met for dep_context=requeueable deps ti=<TaskInstance: etl_pipeline.extract_google_trends manual__2024-11-20T20:37:21.964038+00:00 [queued]>
[2024-11-20T20:37:28.207+0000] {taskinstance.py:2866} INFO - Starting attempt 1 of 1
[2024-11-20T20:37:28.221+0000] {taskinstance.py:2889} INFO - Executing <Task(PythonOperator): extract_google_trends> on 2024-11-20 20:37:21.964038+00:00
[2024-11-20T20:37:28.230+0000] {warnings.py:112} WARNING - /home/***/.local/lib/python3.12/site-packages/***/task/task_runner/standard_task_runner.py:70: DeprecationWarning: This process (pid=1476) is multi-threaded, use of fork() may lead to deadlocks in the child.
  pid = os.fork()

[2024-11-20T20:37:28.233+0000] {standard_task_runner.py:72} INFO - Started process 1478 to run task
[2024-11-20T20:37:28.233+0000] {standard_task_runner.py:104} INFO - Running: ['***', 'tasks', 'run', 'etl_pipeline', 'extract_google_trends', 'manual__2024-11-20T20:37:21.964038+00:00', '--job-id', '86', '--raw', '--subdir', 'DAGS_FOLDER/dag.py', '--cfg-path', '/tmp/tmpjbt3b0g8']
[2024-11-20T20:37:28.235+0000] {standard_task_runner.py:105} INFO - Job 86: Subtask extract_google_trends
[2024-11-20T20:37:28.287+0000] {task_command.py:467} INFO - Running <TaskInstance: etl_pipeline.extract_google_trends manual__2024-11-20T20:37:21.964038+00:00 [running]> on host 9d6dc26aeebb
[2024-11-20T20:37:29.233+0000] {taskinstance.py:3132} INFO - Exporting env vars: AIRFLOW_CTX_DAG_OWNER='***' AIRFLOW_CTX_DAG_ID='etl_pipeline' AIRFLOW_CTX_TASK_ID='extract_google_trends' AIRFLOW_CTX_EXECUTION_DATE='2024-11-20T20:37:21.964038+00:00' AIRFLOW_CTX_TRY_NUMBER='1' AIRFLOW_CTX_DAG_RUN_ID='manual__2024-11-20T20:37:21.964038+00:00'
[2024-11-20T20:37:29.235+0000] {logging_mixin.py:190} INFO - Task instance is in running state
[2024-11-20T20:37:29.236+0000] {logging_mixin.py:190} INFO -  Previous state of the Task instance: queued
[2024-11-20T20:37:29.237+0000] {logging_mixin.py:190} INFO - Current task name:extract_google_trends state:running start_date:2024-11-20 20:37:28.198040+00:00
[2024-11-20T20:37:29.237+0000] {logging_mixin.py:190} INFO - Dag name:etl_pipeline and current dag run status:running
[2024-11-20T20:37:29.238+0000] {taskinstance.py:731} INFO - ::endgroup::
[2024-11-20T20:37:29.241+0000] {logging_mixin.py:190} INFO - Menjalankan Actor di Apify untuk 'sunscreen Azarine'...
[2024-11-20T20:37:31.417+0000] {logging_mixin.py:190} INFO - Actor dijalankan dengan run_id: y9lYtdelqRWLTnDej
[2024-11-20T20:37:32.542+0000] {logging_mixin.py:190} INFO - Error checking status: 404 - {
  "error": {
    "type": "page-not-found",
    "message": "We have bad news: there is no API endpoint at this URL. Did you specify it correctly?"
  }
}
[2024-11-20T20:37:32.543+0000] {logging_mixin.py:190} INFO - Unknown status: None
[2024-11-20T20:38:03.882+0000] {logging_mixin.py:190} INFO - Error checking status: 404 - {
  "error": {
    "type": "page-not-found",
    "message": "We have bad news: there is no API endpoint at this URL. Did you specify it correctly?"
  }
}
[2024-11-20T20:38:03.883+0000] {logging_mixin.py:190} INFO - Unknown status: None
[2024-11-20T20:38:35.112+0000] {logging_mixin.py:190} INFO - Error checking status: 404 - {
  "error": {
    "type": "page-not-found",
    "message": "We have bad news: there is no API endpoint at this URL. Did you specify it correctly?"
  }
}
[2024-11-20T20:38:35.160+0000] {logging_mixin.py:190} INFO - Unknown status: None
[2024-11-20T20:39:06.557+0000] {logging_mixin.py:190} INFO - Error checking status: 404 - {
  "error": {
    "type": "page-not-found",
    "message": "We have bad news: there is no API endpoint at this URL. Did you specify it correctly?"
  }
}
[2024-11-20T20:39:06.572+0000] {logging_mixin.py:190} INFO - Unknown status: None
[2024-11-20T20:39:39.637+0000] {logging_mixin.py:190} INFO - Error checking status: 404 - {
  "error": {
    "type": "page-not-found",
    "message": "We have bad news: there is no API endpoint at this URL. Did you specify it correctly?"
  }
}
[2024-11-20T20:39:39.657+0000] {logging_mixin.py:190} INFO - Unknown status: None
[2024-11-20T20:40:10.871+0000] {logging_mixin.py:190} INFO - Error checking status: 404 - {
  "error": {
    "type": "page-not-found",
    "message": "We have bad news: there is no API endpoint at this URL. Did you specify it correctly?"
  }
}
[2024-11-20T20:40:10.895+0000] {logging_mixin.py:190} INFO - Unknown status: None
[2024-11-20T20:40:43.220+0000] {logging_mixin.py:190} INFO - Error checking status: 404 - {
  "error": {
    "type": "page-not-found",
    "message": "We have bad news: there is no API endpoint at this URL. Did you specify it correctly?"
  }
}
[2024-11-20T20:40:43.223+0000] {logging_mixin.py:190} INFO - Unknown status: None
[2024-11-20T20:41:15.521+0000] {logging_mixin.py:190} INFO - Error checking status: 404 - {
  "error": {
    "type": "page-not-found",
    "message": "We have bad news: there is no API endpoint at this URL. Did you specify it correctly?"
  }
}
[2024-11-20T20:41:15.524+0000] {logging_mixin.py:190} INFO - Unknown status: None
