[2024-11-21T08:26:51.184+0000] {local_task_job_runner.py:123} INFO - ::group::Pre task execution logs
[2024-11-21T08:26:51.207+0000] {taskinstance.py:2613} INFO - Dependencies all met for dep_context=non-requeueable deps ti=<TaskInstance: etl_pipeline.transform_female_daily manual__2024-11-21T08:23:24.375511+00:00 [queued]>
[2024-11-21T08:26:51.219+0000] {taskinstance.py:2613} INFO - Dependencies all met for dep_context=requeueable deps ti=<TaskInstance: etl_pipeline.transform_female_daily manual__2024-11-21T08:23:24.375511+00:00 [queued]>
[2024-11-21T08:26:51.221+0000] {taskinstance.py:2866} INFO - Starting attempt 1 of 1
[2024-11-21T08:26:51.240+0000] {taskinstance.py:2889} INFO - Executing <Task(PythonOperator): transform_female_daily> on 2024-11-21 08:23:24.375511+00:00
[2024-11-21T08:26:51.262+0000] {standard_task_runner.py:104} INFO - Running: ['***', 'tasks', 'run', 'etl_pipeline', 'transform_female_daily', 'manual__2024-11-21T08:23:24.375511+00:00', '--job-id', '147', '--raw', '--subdir', 'DAGS_FOLDER/dag.py', '--cfg-path', '/tmp/tmpfax5vbi2']
[2024-11-21T08:26:51.259+0000] {warnings.py:112} WARNING - /home/***/.local/lib/python3.12/site-packages/***/task/task_runner/standard_task_runner.py:70: DeprecationWarning: This process (pid=1127) is multi-threaded, use of fork() may lead to deadlocks in the child.
  pid = os.fork()

[2024-11-21T08:26:51.265+0000] {standard_task_runner.py:105} INFO - Job 147: Subtask transform_female_daily
[2024-11-21T08:26:51.267+0000] {standard_task_runner.py:72} INFO - Started process 1130 to run task
[2024-11-21T08:26:51.441+0000] {task_command.py:467} INFO - Running <TaskInstance: etl_pipeline.transform_female_daily manual__2024-11-21T08:23:24.375511+00:00 [running]> on host 7a40aa914b11
[2024-11-21T08:26:53.021+0000] {taskinstance.py:3132} INFO - Exporting env vars: AIRFLOW_CTX_DAG_OWNER='***' AIRFLOW_CTX_DAG_ID='etl_pipeline' AIRFLOW_CTX_TASK_ID='transform_female_daily' AIRFLOW_CTX_EXECUTION_DATE='2024-11-21T08:23:24.375511+00:00' AIRFLOW_CTX_TRY_NUMBER='1' AIRFLOW_CTX_DAG_RUN_ID='manual__2024-11-21T08:23:24.375511+00:00'
[2024-11-21T08:26:53.028+0000] {logging_mixin.py:190} INFO - Task instance is in running state
[2024-11-21T08:26:53.032+0000] {logging_mixin.py:190} INFO -  Previous state of the Task instance: queued
[2024-11-21T08:26:53.033+0000] {logging_mixin.py:190} INFO - Current task name:transform_female_daily state:running start_date:2024-11-21 08:26:51.208832+00:00
[2024-11-21T08:26:53.034+0000] {logging_mixin.py:190} INFO - Dag name:etl_pipeline and current dag run status:running
[2024-11-21T08:26:53.035+0000] {taskinstance.py:731} INFO - ::endgroup::
[2024-11-21T08:26:53.049+0000] {logging_mixin.py:190} INFO - Memproses file: FemaleDaily_Review Azarine Calm My Acne Sunscreen Moisturizer.csv
[2024-11-21T08:26:53.218+0000] {logging_mixin.py:190} INFO - Hasil diproses disimpan di: dags/hasil data extract/FemaleDaily_Review Azarine Calm My Acne Sunscreen Moisturizer.csv
[2024-11-21T08:26:53.219+0000] {logging_mixin.py:190} INFO - Memproses file: FemaleDaily_Review Azarine Hydramax C Sunscreen Serum.csv
[2024-11-21T08:26:53.254+0000] {logging_mixin.py:190} INFO - Hasil diproses disimpan di: dags/hasil data extract/FemaleDaily_Review Azarine Hydramax C Sunscreen Serum.csv
[2024-11-21T08:26:53.255+0000] {logging_mixin.py:190} INFO - Memproses file: FemaleDaily_Review Azarine Hydrashoote Sunscreen Gel.csv
[2024-11-21T08:26:53.286+0000] {logging_mixin.py:190} INFO - Hasil diproses disimpan di: dags/hasil data extract/FemaleDaily_Review Azarine Hydrashoote Sunscreen Gel.csv
[2024-11-21T08:26:53.287+0000] {logging_mixin.py:190} INFO - Memproses file: FemaleDaily_Review Skinaqua UV Moisture Gel.csv
[2024-11-21T08:26:53.321+0000] {logging_mixin.py:190} INFO - Hasil diproses disimpan di: dags/hasil data extract/FemaleDaily_Review Skinaqua UV Moisture Gel.csv
[2024-11-21T08:26:53.322+0000] {logging_mixin.py:190} INFO - Memproses file: FemaleDaily_Review Skinaqua UV Moisture Milk.csv
[2024-11-21T08:26:53.359+0000] {logging_mixin.py:190} INFO - Hasil diproses disimpan di: dags/hasil data extract/FemaleDaily_Review Skinaqua UV Moisture Milk.csv
[2024-11-21T08:26:53.360+0000] {logging_mixin.py:190} INFO - Memproses file: FemaleDaily_Review Skinaqua UV Whitening Milk.csv
[2024-11-21T08:26:53.398+0000] {logging_mixin.py:190} INFO - Hasil diproses disimpan di: dags/hasil data extract/FemaleDaily_Review Skinaqua UV Whitening Milk.csv
[2024-11-21T08:26:53.399+0000] {logging_mixin.py:190} INFO - Memproses file: FemaleDaily_Sunscreen Azarine.csv
[2024-11-21T08:26:53.426+0000] {logging_mixin.py:190} INFO - Tidak ada mapping untuk file: FemaleDaily_Sunscreen Azarine.csv
[2024-11-21T08:26:53.464+0000] {logging_mixin.py:190} INFO - Hasil diproses disimpan di: dags/hasil data extract/FemaleDaily_Sunscreen Azarine.csv
[2024-11-21T08:26:53.465+0000] {logging_mixin.py:190} INFO - Memproses file: FemaleDaily_Sunscreen Skinaqua.csv
[2024-11-21T08:26:53.491+0000] {logging_mixin.py:190} INFO - Tidak ada mapping untuk file: FemaleDaily_Sunscreen Skinaqua.csv
[2024-11-21T08:26:53.529+0000] {logging_mixin.py:190} INFO - Hasil diproses disimpan di: dags/hasil data extract/FemaleDaily_Sunscreen Skinaqua.csv
[2024-11-21T08:26:53.532+0000] {logging_mixin.py:190} INFO - Membaca file: FemaleDaily_Review Azarine Calm My Acne Sunscreen Moisturizer.csv
[2024-11-21T08:26:53.554+0000] {logging_mixin.py:190} INFO - Membaca file: FemaleDaily_Review Azarine Hydramax C Sunscreen Serum.csv
[2024-11-21T08:26:53.567+0000] {logging_mixin.py:190} INFO - Membaca file: FemaleDaily_Review Azarine Hydrashoote Sunscreen Gel.csv
[2024-11-21T08:26:53.606+0000] {logging_mixin.py:190} INFO - Hasil penggabungan disimpan di: dags/hasil data extract/FemaleDaily_Sunscreen Azarine.csv
[2024-11-21T08:26:53.609+0000] {logging_mixin.py:190} INFO - Membaca file: FemaleDaily_Review Skinaqua UV Moisture Gel.csv
[2024-11-21T08:26:53.618+0000] {logging_mixin.py:190} INFO - Membaca file: FemaleDaily_Review Skinaqua UV Moisture Milk.csv
[2024-11-21T08:26:53.630+0000] {logging_mixin.py:190} INFO - Membaca file: FemaleDaily_Review Skinaqua UV Whitening Milk.csv
[2024-11-21T08:26:53.668+0000] {logging_mixin.py:190} INFO - Hasil penggabungan disimpan di: dags/hasil data extract/FemaleDaily_Sunscreen Skinaqua.csv
[2024-11-21T08:26:53.845+0000] {logging_mixin.py:190} INFO - Data berhasil disimpan ke XCom.
[2024-11-21T08:26:53.846+0000] {python.py:240} INFO - Done. Returned value was: None
[2024-11-21T08:26:53.860+0000] {taskinstance.py:340} INFO - ::group::Post task execution logs
[2024-11-21T08:26:53.861+0000] {taskinstance.py:352} INFO - Marking task as SUCCESS. dag_id=etl_pipeline, task_id=transform_female_daily, run_id=manual__2024-11-21T08:23:24.375511+00:00, execution_date=20241121T082324, start_date=20241121T082651, end_date=20241121T082653
[2024-11-21T08:26:53.876+0000] {logging_mixin.py:190} INFO - Task instance in success state
[2024-11-21T08:26:53.877+0000] {logging_mixin.py:190} INFO -  Previous state of the Task instance: running
[2024-11-21T08:26:53.878+0000] {logging_mixin.py:190} INFO - Dag name:etl_pipeline queued_at:2024-11-21 08:23:24.637542+00:00
[2024-11-21T08:26:53.878+0000] {logging_mixin.py:190} INFO - Task hostname:7a40aa914b11 operator:PythonOperator
[2024-11-21T08:26:53.908+0000] {local_task_job_runner.py:266} INFO - Task exited with return code 0
[2024-11-21T08:26:53.940+0000] {taskinstance.py:3895} INFO - 1 downstream tasks scheduled from follow-on schedule check
[2024-11-21T08:26:53.944+0000] {local_task_job_runner.py:245} INFO - ::endgroup::
