[2024-11-21T12:28:53.095+0000] {local_task_job_runner.py:123} INFO - ::group::Pre task execution logs
[2024-11-21T12:28:53.110+0000] {taskinstance.py:2613} INFO - Dependencies all met for dep_context=non-requeueable deps ti=<TaskInstance: etl_pipeline.extract_google_trends manual__2024-11-21T12:28:43.371314+00:00 [queued]>
[2024-11-21T12:28:53.118+0000] {taskinstance.py:2613} INFO - Dependencies all met for dep_context=requeueable deps ti=<TaskInstance: etl_pipeline.extract_google_trends manual__2024-11-21T12:28:43.371314+00:00 [queued]>
[2024-11-21T12:28:53.119+0000] {taskinstance.py:2866} INFO - Starting attempt 1 of 1
[2024-11-21T12:28:53.133+0000] {taskinstance.py:2889} INFO - Executing <Task(PythonOperator): extract_google_trends> on 2024-11-21 12:28:43.371314+00:00
[2024-11-21T12:28:53.145+0000] {warnings.py:112} WARNING - /home/***/.local/lib/python3.12/site-packages/***/task/task_runner/standard_task_runner.py:70: DeprecationWarning: This process (pid=4697) is multi-threaded, use of fork() may lead to deadlocks in the child.
  pid = os.fork()

[2024-11-21T12:28:53.147+0000] {standard_task_runner.py:72} INFO - Started process 4707 to run task
[2024-11-21T12:28:53.147+0000] {standard_task_runner.py:104} INFO - Running: ['***', 'tasks', 'run', 'etl_pipeline', 'extract_google_trends', 'manual__2024-11-21T12:28:43.371314+00:00', '--job-id', '265', '--raw', '--subdir', 'DAGS_FOLDER/dag.py', '--cfg-path', '/tmp/tmp26rncv9h']
[2024-11-21T12:28:53.149+0000] {standard_task_runner.py:105} INFO - Job 265: Subtask extract_google_trends
[2024-11-21T12:28:53.200+0000] {task_command.py:467} INFO - Running <TaskInstance: etl_pipeline.extract_google_trends manual__2024-11-21T12:28:43.371314+00:00 [running]> on host 7a40aa914b11
[2024-11-21T12:28:53.478+0000] {taskinstance.py:3132} INFO - Exporting env vars: AIRFLOW_CTX_DAG_OWNER='***' AIRFLOW_CTX_DAG_ID='etl_pipeline' AIRFLOW_CTX_TASK_ID='extract_google_trends' AIRFLOW_CTX_EXECUTION_DATE='2024-11-21T12:28:43.371314+00:00' AIRFLOW_CTX_TRY_NUMBER='1' AIRFLOW_CTX_DAG_RUN_ID='manual__2024-11-21T12:28:43.371314+00:00'
[2024-11-21T12:28:53.480+0000] {logging_mixin.py:190} INFO - Task instance is in running state
[2024-11-21T12:28:53.481+0000] {logging_mixin.py:190} INFO -  Previous state of the Task instance: queued
[2024-11-21T12:28:53.482+0000] {logging_mixin.py:190} INFO - Current task name:extract_google_trends state:running start_date:2024-11-21 12:28:53.111301+00:00
[2024-11-21T12:28:53.482+0000] {logging_mixin.py:190} INFO - Dag name:etl_pipeline and current dag run status:running
[2024-11-21T12:28:53.483+0000] {taskinstance.py:731} INFO - ::endgroup::
[2024-11-21T12:28:53.488+0000] {extract_google_trends.py:144} INFO - Starting Google Trends data scraping...
[2024-11-21T12:28:53.489+0000] {extract_google_trends.py:56} INFO - Running Apify actor for 'sunscreen skin aqua'...
[2024-11-21T12:28:54.848+0000] {extract_google_trends.py:16} INFO - Sent request to Apify API to run actor with status code: 201
[2024-11-21T12:28:55.790+0000] {extract_google_trends.py:30} INFO - Checked actor run status with status code: 200
[2024-11-21T12:28:55.791+0000] {extract_google_trends.py:88} INFO - Actor is still running for 'sunscreen skin aqua'... Waiting...
[2024-11-21T12:29:06.733+0000] {extract_google_trends.py:30} INFO - Checked actor run status with status code: 200
[2024-11-21T12:29:06.734+0000] {extract_google_trends.py:88} INFO - Actor is still running for 'sunscreen skin aqua'... Waiting...
[2024-11-21T12:29:17.672+0000] {extract_google_trends.py:30} INFO - Checked actor run status with status code: 200
[2024-11-21T12:29:17.675+0000] {extract_google_trends.py:88} INFO - Actor is still running for 'sunscreen skin aqua'... Waiting...
[2024-11-21T12:29:28.642+0000] {extract_google_trends.py:30} INFO - Checked actor run status with status code: 200
[2024-11-21T12:29:28.645+0000] {extract_google_trends.py:88} INFO - Actor is still running for 'sunscreen skin aqua'... Waiting...
[2024-11-21T12:29:39.576+0000] {extract_google_trends.py:30} INFO - Checked actor run status with status code: 200
[2024-11-21T12:29:39.577+0000] {extract_google_trends.py:83} ERROR - Actor run failed for 'sunscreen skin aqua'.
[2024-11-21T12:29:39.578+0000] {extract_google_trends.py:56} INFO - Running Apify actor for 'sunscreen Azarine'...
[2024-11-21T12:29:40.530+0000] {extract_google_trends.py:16} INFO - Sent request to Apify API to run actor with status code: 403
[2024-11-21T12:29:40.530+0000] {extract_google_trends.py:20} ERROR - Error starting actor run: 403 - {
  "error": {
    "type": "actor-disabled",
    "message": "Monthly usage hard limit exceeded. Please upgrade your subscription or contact support@apify.com"
  }
}
[2024-11-21T12:29:40.532+0000] {extract_google_trends.py:75} WARNING - Failed to start actor run for 'sunscreen Azarine'.
[2024-11-21T12:29:40.532+0000] {extract_google_trends.py:146} INFO - Google Trends data scraping completed.
[2024-11-21T12:29:40.532+0000] {python.py:240} INFO - Done. Returned value was: None
[2024-11-21T12:29:40.549+0000] {taskinstance.py:340} INFO - ::group::Post task execution logs
[2024-11-21T12:29:40.601+0000] {taskinstance.py:352} INFO - Marking task as SUCCESS. dag_id=etl_pipeline, task_id=extract_google_trends, run_id=manual__2024-11-21T12:28:43.371314+00:00, execution_date=20241121T122843, start_date=20241121T122853, end_date=20241121T122940
[2024-11-21T12:29:40.639+0000] {logging_mixin.py:190} INFO - Task instance in success state
[2024-11-21T12:29:40.645+0000] {logging_mixin.py:190} INFO -  Previous state of the Task instance: running
[2024-11-21T12:29:40.647+0000] {logging_mixin.py:190} INFO - Dag name:etl_pipeline queued_at:2024-11-21 12:28:43.500846+00:00
[2024-11-21T12:29:40.658+0000] {logging_mixin.py:190} INFO - Task hostname:7a40aa914b11 operator:PythonOperator
[2024-11-21T12:29:40.722+0000] {local_task_job_runner.py:266} INFO - Task exited with return code 0
[2024-11-21T12:29:40.736+0000] {taskinstance.py:3895} INFO - 0 downstream tasks scheduled from follow-on schedule check
[2024-11-21T12:29:40.742+0000] {local_task_job_runner.py:245} INFO - ::endgroup::
