[2024-11-21T04:53:23.681+0000] {local_task_job_runner.py:123} INFO - ::group::Pre task execution logs
[2024-11-21T04:53:23.699+0000] {taskinstance.py:2613} INFO - Dependencies all met for dep_context=non-requeueable deps ti=<TaskInstance: etl_pipeline.extract_google_trends manual__2024-11-21T04:46:11.578349+00:00 [queued]>
[2024-11-21T04:53:23.708+0000] {taskinstance.py:2613} INFO - Dependencies all met for dep_context=requeueable deps ti=<TaskInstance: etl_pipeline.extract_google_trends manual__2024-11-21T04:46:11.578349+00:00 [queued]>
[2024-11-21T04:53:23.711+0000] {taskinstance.py:2866} INFO - Starting attempt 2 of 1
[2024-11-21T04:53:23.729+0000] {taskinstance.py:2889} INFO - Executing <Task(PythonOperator): extract_google_trends> on 2024-11-21 04:46:11.578349+00:00
[2024-11-21T04:53:23.740+0000] {warnings.py:112} WARNING - /home/***/.local/lib/python3.12/site-packages/***/task/task_runner/standard_task_runner.py:70: DeprecationWarning: This process (pid=647) is multi-threaded, use of fork() may lead to deadlocks in the child.
  pid = os.fork()

[2024-11-21T04:53:23.743+0000] {standard_task_runner.py:104} INFO - Running: ['***', 'tasks', 'run', 'etl_pipeline', 'extract_google_trends', 'manual__2024-11-21T04:46:11.578349+00:00', '--job-id', '109', '--raw', '--subdir', 'DAGS_FOLDER/dag.py', '--cfg-path', '/tmp/tmpfs7c8186']
[2024-11-21T04:53:23.744+0000] {standard_task_runner.py:72} INFO - Started process 649 to run task
[2024-11-21T04:53:23.745+0000] {standard_task_runner.py:105} INFO - Job 109: Subtask extract_google_trends
[2024-11-21T04:53:23.815+0000] {task_command.py:467} INFO - Running <TaskInstance: etl_pipeline.extract_google_trends manual__2024-11-21T04:46:11.578349+00:00 [running]> on host 03a340403ece
[2024-11-21T04:53:24.191+0000] {taskinstance.py:3132} INFO - Exporting env vars: AIRFLOW_CTX_DAG_OWNER='***' AIRFLOW_CTX_DAG_ID='etl_pipeline' AIRFLOW_CTX_TASK_ID='extract_google_trends' AIRFLOW_CTX_EXECUTION_DATE='2024-11-21T04:46:11.578349+00:00' AIRFLOW_CTX_TRY_NUMBER='2' AIRFLOW_CTX_DAG_RUN_ID='manual__2024-11-21T04:46:11.578349+00:00'
[2024-11-21T04:53:24.193+0000] {logging_mixin.py:190} INFO - Task instance is in running state
[2024-11-21T04:53:24.194+0000] {logging_mixin.py:190} INFO -  Previous state of the Task instance: queued
[2024-11-21T04:53:24.195+0000] {logging_mixin.py:190} INFO - Current task name:extract_google_trends state:running start_date:2024-11-21 04:53:23.700386+00:00
[2024-11-21T04:53:24.197+0000] {logging_mixin.py:190} INFO - Dag name:etl_pipeline and current dag run status:running
[2024-11-21T04:53:24.198+0000] {taskinstance.py:731} INFO - ::endgroup::
[2024-11-21T04:53:24.201+0000] {logging_mixin.py:190} INFO - Menjalankan Actor di Apify untuk 'sunscreen Azarine'...
[2024-11-21T04:53:24.202+0000] {logging_mixin.py:190} INFO - Menjalankan Actor di Apify untuk 'sunscreen Skin Aqua'...
[2024-11-21T04:53:25.708+0000] {logging_mixin.py:190} INFO - Actor dijalankan dengan run_id: 07AbAdR0naKAP2HE2
[2024-11-21T04:53:25.708+0000] {logging_mixin.py:190} INFO - Actor dijalankan dengan run_id: TYYkebWBrzjtFEA18
[2024-11-21T04:53:26.940+0000] {logging_mixin.py:190} INFO - Error checking status: 404 - {
  "error": {
    "type": "page-not-found",
    "message": "We have bad news: there is no API endpoint at this URL. Did you specify it correctly?"
  }
}
[2024-11-21T04:53:26.942+0000] {logging_mixin.py:190} INFO - Error checking status: 404 - {
  "error": {
    "type": "page-not-found",
    "message": "We have bad news: there is no API endpoint at this URL. Did you specify it correctly?"
  }
}
[2024-11-21T04:53:26.943+0000] {logging_mixin.py:190} INFO - Unknown status: None
[2024-11-21T04:53:26.945+0000] {logging_mixin.py:190} INFO - Unknown status: None
[2024-11-21T04:53:58.168+0000] {logging_mixin.py:190} INFO - Error checking status: 404 - {
  "error": {
    "type": "page-not-found",
    "message": "We have bad news: there is no API endpoint at this URL. Did you specify it correctly?"
  }
}
[2024-11-21T04:53:58.170+0000] {logging_mixin.py:190} INFO - Error checking status: 404 - {
  "error": {
    "type": "page-not-found",
    "message": "We have bad news: there is no API endpoint at this URL. Did you specify it correctly?"
  }
}
[2024-11-21T04:53:58.171+0000] {logging_mixin.py:190} INFO - Unknown status: None
[2024-11-21T04:53:58.173+0000] {logging_mixin.py:190} INFO - Unknown status: None
[2024-11-21T04:54:29.407+0000] {logging_mixin.py:190} INFO - Error checking status: 404 - {
  "error": {
    "type": "page-not-found",
    "message": "We have bad news: there is no API endpoint at this URL. Did you specify it correctly?"
  }
}
[2024-11-21T04:54:29.409+0000] {logging_mixin.py:190} INFO - Error checking status: 404 - {
  "error": {
    "type": "page-not-found",
    "message": "We have bad news: there is no API endpoint at this URL. Did you specify it correctly?"
  }
}
[2024-11-21T04:54:29.411+0000] {logging_mixin.py:190} INFO - Unknown status: None
[2024-11-21T04:54:29.413+0000] {logging_mixin.py:190} INFO - Unknown status: None
[2024-11-21T04:55:00.750+0000] {logging_mixin.py:190} INFO - Error checking status: 404 - {
  "error": {
    "type": "page-not-found",
    "message": "We have bad news: there is no API endpoint at this URL. Did you specify it correctly?"
  }
}
[2024-11-21T04:55:00.750+0000] {logging_mixin.py:190} INFO - Error checking status: 404 - {
  "error": {
    "type": "page-not-found",
    "message": "We have bad news: there is no API endpoint at this URL. Did you specify it correctly?"
  }
}
[2024-11-21T04:55:00.752+0000] {logging_mixin.py:190} INFO - Unknown status: None
[2024-11-21T04:55:00.753+0000] {logging_mixin.py:190} INFO - Unknown status: None
[2024-11-21T04:55:32.055+0000] {logging_mixin.py:190} INFO - Error checking status: 404 - {
  "error": {
    "type": "page-not-found",
    "message": "We have bad news: there is no API endpoint at this URL. Did you specify it correctly?"
  }
}
[2024-11-21T04:55:32.056+0000] {logging_mixin.py:190} INFO - Error checking status: 404 - {
  "error": {
    "type": "page-not-found",
    "message": "We have bad news: there is no API endpoint at this URL. Did you specify it correctly?"
  }
}
[2024-11-21T04:55:32.056+0000] {logging_mixin.py:190} INFO - Unknown status: None
[2024-11-21T04:55:32.057+0000] {logging_mixin.py:190} INFO - Unknown status: None
[2024-11-21T04:56:03.421+0000] {logging_mixin.py:190} INFO - Error checking status: 404 - {
  "error": {
    "type": "page-not-found",
    "message": "We have bad news: there is no API endpoint at this URL. Did you specify it correctly?"
  }
}
[2024-11-21T04:56:03.423+0000] {logging_mixin.py:190} INFO - Error checking status: 404 - {
  "error": {
    "type": "page-not-found",
    "message": "We have bad news: there is no API endpoint at this URL. Did you specify it correctly?"
  }
}
[2024-11-21T04:56:03.424+0000] {logging_mixin.py:190} INFO - Unknown status: None
[2024-11-21T04:56:03.426+0000] {logging_mixin.py:190} INFO - Unknown status: None
[2024-11-21T04:56:34.675+0000] {logging_mixin.py:190} INFO - Error checking status: 404 - {
  "error": {
    "type": "page-not-found",
    "message": "We have bad news: there is no API endpoint at this URL. Did you specify it correctly?"
  }
}
[2024-11-21T04:56:34.677+0000] {logging_mixin.py:190} INFO - Error checking status: 404 - {
  "error": {
    "type": "page-not-found",
    "message": "We have bad news: there is no API endpoint at this URL. Did you specify it correctly?"
  }
}
[2024-11-21T04:56:34.678+0000] {logging_mixin.py:190} INFO - Unknown status: None
[2024-11-21T04:56:34.680+0000] {logging_mixin.py:190} INFO - Unknown status: None
[2024-11-21T04:57:06.106+0000] {logging_mixin.py:190} INFO - Error checking status: 404 - {
  "error": {
    "type": "page-not-found",
    "message": "We have bad news: there is no API endpoint at this URL. Did you specify it correctly?"
  }
}
[2024-11-21T04:57:06.107+0000] {logging_mixin.py:190} INFO - Error checking status: 404 - {
  "error": {
    "type": "page-not-found",
    "message": "We have bad news: there is no API endpoint at this URL. Did you specify it correctly?"
  }
}
[2024-11-21T04:57:06.108+0000] {logging_mixin.py:190} INFO - Unknown status: None
[2024-11-21T04:57:06.109+0000] {logging_mixin.py:190} INFO - Unknown status: None
[2024-11-21T04:57:37.511+0000] {logging_mixin.py:190} INFO - Error checking status: 404 - {
  "error": {
    "type": "page-not-found",
    "message": "We have bad news: there is no API endpoint at this URL. Did you specify it correctly?"
  }
}
[2024-11-21T04:57:37.512+0000] {logging_mixin.py:190} INFO - Error checking status: 404 - {
  "error": {
    "type": "page-not-found",
    "message": "We have bad news: there is no API endpoint at this URL. Did you specify it correctly?"
  }
}
[2024-11-21T04:57:37.513+0000] {logging_mixin.py:190} INFO - Unknown status: None
[2024-11-21T04:57:37.514+0000] {logging_mixin.py:190} INFO - Unknown status: None
[2024-11-21T04:58:08.966+0000] {logging_mixin.py:190} INFO - Error checking status: 404 - {
  "error": {
    "type": "page-not-found",
    "message": "We have bad news: there is no API endpoint at this URL. Did you specify it correctly?"
  }
}
[2024-11-21T04:58:08.968+0000] {logging_mixin.py:190} INFO - Error checking status: 404 - {
  "error": {
    "type": "page-not-found",
    "message": "We have bad news: there is no API endpoint at this URL. Did you specify it correctly?"
  }
}
[2024-11-21T04:58:08.969+0000] {logging_mixin.py:190} INFO - Unknown status: None
[2024-11-21T04:58:08.970+0000] {logging_mixin.py:190} INFO - Unknown status: None
[2024-11-21T04:58:40.361+0000] {logging_mixin.py:190} INFO - Error checking status: 404 - {
  "error": {
    "type": "page-not-found",
    "message": "We have bad news: there is no API endpoint at this URL. Did you specify it correctly?"
  }
}
[2024-11-21T04:58:40.362+0000] {logging_mixin.py:190} INFO - Error checking status: 404 - {
  "error": {
    "type": "page-not-found",
    "message": "We have bad news: there is no API endpoint at this URL. Did you specify it correctly?"
  }
}
[2024-11-21T04:58:40.365+0000] {logging_mixin.py:190} INFO - Unknown status: None
[2024-11-21T04:58:40.366+0000] {logging_mixin.py:190} INFO - Unknown status: None
[2024-11-21T04:59:11.943+0000] {logging_mixin.py:190} INFO - Error checking status: 404 - {
  "error": {
    "type": "page-not-found",
    "message": "We have bad news: there is no API endpoint at this URL. Did you specify it correctly?"
  }
}
[2024-11-21T04:59:11.945+0000] {logging_mixin.py:190} INFO - Error checking status: 404 - {
  "error": {
    "type": "page-not-found",
    "message": "We have bad news: there is no API endpoint at this URL. Did you specify it correctly?"
  }
}
[2024-11-21T04:59:11.946+0000] {logging_mixin.py:190} INFO - Unknown status: None
[2024-11-21T04:59:11.949+0000] {logging_mixin.py:190} INFO - Unknown status: None
[2024-11-21T04:59:43.366+0000] {logging_mixin.py:190} INFO - Error checking status: 404 - {
  "error": {
    "type": "page-not-found",
    "message": "We have bad news: there is no API endpoint at this URL. Did you specify it correctly?"
  }
}
[2024-11-21T04:59:43.368+0000] {logging_mixin.py:190} INFO - Error checking status: 404 - {
  "error": {
    "type": "page-not-found",
    "message": "We have bad news: there is no API endpoint at this URL. Did you specify it correctly?"
  }
}
[2024-11-21T04:59:43.369+0000] {logging_mixin.py:190} INFO - Unknown status: None
[2024-11-21T04:59:43.370+0000] {logging_mixin.py:190} INFO - Unknown status: None
[2024-11-21T05:00:14.657+0000] {logging_mixin.py:190} INFO - Error checking status: 404 - {
  "error": {
    "type": "page-not-found",
    "message": "We have bad news: there is no API endpoint at this URL. Did you specify it correctly?"
  }
}
[2024-11-21T05:00:14.659+0000] {logging_mixin.py:190} INFO - Unknown status: None
[2024-11-21T05:00:14.659+0000] {logging_mixin.py:190} INFO - Error checking status: 404 - {
  "error": {
    "type": "page-not-found",
    "message": "We have bad news: there is no API endpoint at this URL. Did you specify it correctly?"
  }
}
[2024-11-21T05:00:14.661+0000] {logging_mixin.py:190} INFO - Unknown status: None
[2024-11-21T05:00:47.083+0000] {logging_mixin.py:190} INFO - Error checking status: 404 - {
  "error": {
    "type": "page-not-found",
    "message": "We have bad news: there is no API endpoint at this URL. Did you specify it correctly?"
  }
}
[2024-11-21T05:00:47.084+0000] {logging_mixin.py:190} INFO - Error checking status: 404 - {
  "error": {
    "type": "page-not-found",
    "message": "We have bad news: there is no API endpoint at this URL. Did you specify it correctly?"
  }
}
[2024-11-21T05:00:47.085+0000] {logging_mixin.py:190} INFO - Unknown status: None
[2024-11-21T05:00:47.085+0000] {logging_mixin.py:190} INFO - Unknown status: None
[2024-11-21T05:01:18.031+0000] {logging_mixin.py:190} INFO - Error checking status: 404 - {
  "error": {
    "type": "page-not-found",
    "message": "We have bad news: there is no API endpoint at this URL. Did you specify it correctly?"
  }
}
[2024-11-21T05:01:18.032+0000] {logging_mixin.py:190} INFO - Unknown status: None
[2024-11-21T05:01:18.038+0000] {logging_mixin.py:190} INFO - Error checking status: 404 - {
  "error": {
    "type": "page-not-found",
    "message": "We have bad news: there is no API endpoint at this URL. Did you specify it correctly?"
  }
}
[2024-11-21T05:01:18.038+0000] {logging_mixin.py:190} INFO - Unknown status: None
[2024-11-21T05:01:51.444+0000] {logging_mixin.py:190} INFO - Error checking status: 404 - {
  "error": {
    "type": "page-not-found",
    "message": "We have bad news: there is no API endpoint at this URL. Did you specify it correctly?"
  }
}
[2024-11-21T05:01:51.445+0000] {logging_mixin.py:190} INFO - Error checking status: 404 - {
  "error": {
    "type": "page-not-found",
    "message": "We have bad news: there is no API endpoint at this URL. Did you specify it correctly?"
  }
}
[2024-11-21T05:01:51.447+0000] {logging_mixin.py:190} INFO - Unknown status: None
[2024-11-21T05:01:51.447+0000] {logging_mixin.py:190} INFO - Unknown status: None
[2024-11-21T05:02:27.127+0000] {logging_mixin.py:190} INFO - Error checking status: 404 - {
  "error": {
    "type": "page-not-found",
    "message": "We have bad news: there is no API endpoint at this URL. Did you specify it correctly?"
  }
}
[2024-11-21T05:02:27.127+0000] {logging_mixin.py:190} INFO - Error checking status: 404 - {
  "error": {
    "type": "page-not-found",
    "message": "We have bad news: there is no API endpoint at this URL. Did you specify it correctly?"
  }
}
[2024-11-21T05:02:27.128+0000] {logging_mixin.py:190} INFO - Unknown status: None
[2024-11-21T05:02:27.129+0000] {logging_mixin.py:190} INFO - Unknown status: None
[2024-11-21T05:02:58.620+0000] {logging_mixin.py:190} INFO - Error checking status: 404 - {
  "error": {
    "type": "page-not-found",
    "message": "We have bad news: there is no API endpoint at this URL. Did you specify it correctly?"
  }
}
[2024-11-21T05:02:58.622+0000] {logging_mixin.py:190} INFO - Error checking status: 404 - {
  "error": {
    "type": "page-not-found",
    "message": "We have bad news: there is no API endpoint at this URL. Did you specify it correctly?"
  }
}
[2024-11-21T05:02:58.623+0000] {logging_mixin.py:190} INFO - Unknown status: None
[2024-11-21T05:02:58.625+0000] {logging_mixin.py:190} INFO - Unknown status: None
[2024-11-21T05:03:29.868+0000] {logging_mixin.py:190} INFO - Error checking status: 404 - {
  "error": {
    "type": "page-not-found",
    "message": "We have bad news: there is no API endpoint at this URL. Did you specify it correctly?"
  }
}
[2024-11-21T05:03:29.869+0000] {logging_mixin.py:190} INFO - Error checking status: 404 - {
  "error": {
    "type": "page-not-found",
    "message": "We have bad news: there is no API endpoint at this URL. Did you specify it correctly?"
  }
}
[2024-11-21T05:03:29.870+0000] {logging_mixin.py:190} INFO - Unknown status: None
[2024-11-21T05:03:29.871+0000] {logging_mixin.py:190} INFO - Unknown status: None
[2024-11-21T05:04:01.183+0000] {logging_mixin.py:190} INFO - Error checking status: 404 - {
  "error": {
    "type": "page-not-found",
    "message": "We have bad news: there is no API endpoint at this URL. Did you specify it correctly?"
  }
}
[2024-11-21T05:04:01.182+0000] {logging_mixin.py:190} INFO - Error checking status: 404 - {
  "error": {
    "type": "page-not-found",
    "message": "We have bad news: there is no API endpoint at this URL. Did you specify it correctly?"
  }
}
[2024-11-21T05:04:01.184+0000] {logging_mixin.py:190} INFO - Unknown status: None
[2024-11-21T05:04:01.185+0000] {logging_mixin.py:190} INFO - Unknown status: None
[2024-11-21T05:04:33.264+0000] {logging_mixin.py:190} INFO - Error checking status: 404 - {
  "error": {
    "type": "page-not-found",
    "message": "We have bad news: there is no API endpoint at this URL. Did you specify it correctly?"
  }
}
[2024-11-21T05:04:33.263+0000] {logging_mixin.py:190} INFO - Error checking status: 404 - {
  "error": {
    "type": "page-not-found",
    "message": "We have bad news: there is no API endpoint at this URL. Did you specify it correctly?"
  }
}
[2024-11-21T05:04:33.266+0000] {logging_mixin.py:190} INFO - Unknown status: None
[2024-11-21T05:04:33.267+0000] {logging_mixin.py:190} INFO - Unknown status: None
[2024-11-21T05:05:04.489+0000] {logging_mixin.py:190} INFO - Error checking status: 404 - {
  "error": {
    "type": "page-not-found",
    "message": "We have bad news: there is no API endpoint at this URL. Did you specify it correctly?"
  }
}
[2024-11-21T05:05:04.493+0000] {logging_mixin.py:190} INFO - Error checking status: 404 - {
  "error": {
    "type": "page-not-found",
    "message": "We have bad news: there is no API endpoint at this URL. Did you specify it correctly?"
  }
}
[2024-11-21T05:05:04.495+0000] {logging_mixin.py:190} INFO - Unknown status: None
[2024-11-21T05:05:04.496+0000] {logging_mixin.py:190} INFO - Unknown status: None
[2024-11-21T05:05:35.742+0000] {logging_mixin.py:190} INFO - Error checking status: 404 - {
  "error": {
    "type": "page-not-found",
    "message": "We have bad news: there is no API endpoint at this URL. Did you specify it correctly?"
  }
}
[2024-11-21T05:05:35.743+0000] {logging_mixin.py:190} INFO - Error checking status: 404 - {
  "error": {
    "type": "page-not-found",
    "message": "We have bad news: there is no API endpoint at this URL. Did you specify it correctly?"
  }
}
[2024-11-21T05:05:35.744+0000] {logging_mixin.py:190} INFO - Unknown status: None
[2024-11-21T05:05:35.745+0000] {logging_mixin.py:190} INFO - Unknown status: None
[2024-11-21T05:06:07.187+0000] {logging_mixin.py:190} INFO - Error checking status: 404 - {
  "error": {
    "type": "page-not-found",
    "message": "We have bad news: there is no API endpoint at this URL. Did you specify it correctly?"
  }
}
[2024-11-21T05:06:07.188+0000] {logging_mixin.py:190} INFO - Unknown status: None
[2024-11-21T05:06:07.211+0000] {logging_mixin.py:190} INFO - Error checking status: 404 - {
  "error": {
    "type": "page-not-found",
    "message": "We have bad news: there is no API endpoint at this URL. Did you specify it correctly?"
  }
}
[2024-11-21T05:06:07.212+0000] {logging_mixin.py:190} INFO - Unknown status: None
[2024-11-21T05:06:39.560+0000] {logging_mixin.py:190} INFO - Error checking status: 404 - {
  "error": {
    "type": "page-not-found",
    "message": "We have bad news: there is no API endpoint at this URL. Did you specify it correctly?"
  }
}
[2024-11-21T05:06:39.563+0000] {logging_mixin.py:190} INFO - Error checking status: 404 - {
  "error": {
    "type": "page-not-found",
    "message": "We have bad news: there is no API endpoint at this URL. Did you specify it correctly?"
  }
}
[2024-11-21T05:06:39.564+0000] {logging_mixin.py:190} INFO - Unknown status: None
[2024-11-21T05:06:39.566+0000] {logging_mixin.py:190} INFO - Unknown status: None
[2024-11-21T05:07:10.982+0000] {logging_mixin.py:190} INFO - Error checking status: 404 - {
  "error": {
    "type": "page-not-found",
    "message": "We have bad news: there is no API endpoint at this URL. Did you specify it correctly?"
  }
}
[2024-11-21T05:07:10.983+0000] {logging_mixin.py:190} INFO - Unknown status: None
[2024-11-21T05:07:10.989+0000] {logging_mixin.py:190} INFO - Error checking status: 404 - {
  "error": {
    "type": "page-not-found",
    "message": "We have bad news: there is no API endpoint at this URL. Did you specify it correctly?"
  }
}
[2024-11-21T05:07:10.991+0000] {logging_mixin.py:190} INFO - Unknown status: None
[2024-11-21T05:07:42.393+0000] {logging_mixin.py:190} INFO - Error checking status: 404 - {
  "error": {
    "type": "page-not-found",
    "message": "We have bad news: there is no API endpoint at this URL. Did you specify it correctly?"
  }
}
[2024-11-21T05:07:42.394+0000] {logging_mixin.py:190} INFO - Error checking status: 404 - {
  "error": {
    "type": "page-not-found",
    "message": "We have bad news: there is no API endpoint at this URL. Did you specify it correctly?"
  }
}
[2024-11-21T05:07:42.397+0000] {logging_mixin.py:190} INFO - Unknown status: None
[2024-11-21T05:07:42.398+0000] {logging_mixin.py:190} INFO - Unknown status: None
[2024-11-21T05:08:13.622+0000] {logging_mixin.py:190} INFO - Error checking status: 404 - {
  "error": {
    "type": "page-not-found",
    "message": "We have bad news: there is no API endpoint at this URL. Did you specify it correctly?"
  }
}
[2024-11-21T05:08:13.624+0000] {logging_mixin.py:190} INFO - Error checking status: 404 - {
  "error": {
    "type": "page-not-found",
    "message": "We have bad news: there is no API endpoint at this URL. Did you specify it correctly?"
  }
}
[2024-11-21T05:08:13.625+0000] {logging_mixin.py:190} INFO - Unknown status: None
[2024-11-21T05:08:13.626+0000] {logging_mixin.py:190} INFO - Unknown status: None
[2024-11-21T05:08:44.860+0000] {logging_mixin.py:190} INFO - Error checking status: 404 - {
  "error": {
    "type": "page-not-found",
    "message": "We have bad news: there is no API endpoint at this URL. Did you specify it correctly?"
  }
}
[2024-11-21T05:08:44.862+0000] {logging_mixin.py:190} INFO - Error checking status: 404 - {
  "error": {
    "type": "page-not-found",
    "message": "We have bad news: there is no API endpoint at this URL. Did you specify it correctly?"
  }
}
[2024-11-21T05:08:44.864+0000] {logging_mixin.py:190} INFO - Unknown status: None
[2024-11-21T05:08:44.865+0000] {logging_mixin.py:190} INFO - Unknown status: None
[2024-11-21T05:09:16.102+0000] {logging_mixin.py:190} INFO - Error checking status: 404 - {
  "error": {
    "type": "page-not-found",
    "message": "We have bad news: there is no API endpoint at this URL. Did you specify it correctly?"
  }
}
[2024-11-21T05:09:16.103+0000] {logging_mixin.py:190} INFO - Error checking status: 404 - {
  "error": {
    "type": "page-not-found",
    "message": "We have bad news: there is no API endpoint at this URL. Did you specify it correctly?"
  }
}
[2024-11-21T05:09:16.104+0000] {logging_mixin.py:190} INFO - Unknown status: None
[2024-11-21T05:09:16.106+0000] {logging_mixin.py:190} INFO - Unknown status: None
[2024-11-21T05:09:48.468+0000] {logging_mixin.py:190} INFO - Error checking status: 404 - {
  "error": {
    "type": "page-not-found",
    "message": "We have bad news: there is no API endpoint at this URL. Did you specify it correctly?"
  }
}
[2024-11-21T05:09:48.471+0000] {logging_mixin.py:190} INFO - Error checking status: 404 - {
  "error": {
    "type": "page-not-found",
    "message": "We have bad news: there is no API endpoint at this URL. Did you specify it correctly?"
  }
}
[2024-11-21T05:09:48.490+0000] {logging_mixin.py:190} INFO - Unknown status: None
[2024-11-21T05:09:48.493+0000] {logging_mixin.py:190} INFO - Unknown status: None
