[2024-11-21T12:52:48.410+0000] {local_task_job_runner.py:123} INFO - ::group::Pre task execution logs
[2024-11-21T12:52:48.425+0000] {taskinstance.py:2613} INFO - Dependencies all met for dep_context=non-requeueable deps ti=<TaskInstance: etl_pipeline.transform_female_daily manual__2024-11-21T12:52:45.779245+00:00 [queued]>
[2024-11-21T12:52:48.433+0000] {taskinstance.py:2613} INFO - Dependencies all met for dep_context=requeueable deps ti=<TaskInstance: etl_pipeline.transform_female_daily manual__2024-11-21T12:52:45.779245+00:00 [queued]>
[2024-11-21T12:52:48.436+0000] {taskinstance.py:2866} INFO - Starting attempt 1 of 1
[2024-11-21T12:52:48.450+0000] {taskinstance.py:2889} INFO - Executing <Task(PythonOperator): transform_female_daily> on 2024-11-21 12:52:45.779245+00:00
[2024-11-21T12:52:48.459+0000] {warnings.py:112} WARNING - /home/***/.local/lib/python3.12/site-packages/***/task/task_runner/standard_task_runner.py:70: DeprecationWarning: This process (pid=5157) is multi-threaded, use of fork() may lead to deadlocks in the child.
  pid = os.fork()

[2024-11-21T12:52:48.461+0000] {standard_task_runner.py:72} INFO - Started process 5161 to run task
[2024-11-21T12:52:48.462+0000] {standard_task_runner.py:104} INFO - Running: ['***', 'tasks', 'run', 'etl_pipeline', 'transform_female_daily', 'manual__2024-11-21T12:52:45.779245+00:00', '--job-id', '302', '--raw', '--subdir', 'DAGS_FOLDER/dag.py', '--cfg-path', '/tmp/tmp3cu94nsf']
[2024-11-21T12:52:48.463+0000] {standard_task_runner.py:105} INFO - Job 302: Subtask transform_female_daily
[2024-11-21T12:52:48.508+0000] {task_command.py:467} INFO - Running <TaskInstance: etl_pipeline.transform_female_daily manual__2024-11-21T12:52:45.779245+00:00 [running]> on host 7a40aa914b11
[2024-11-21T12:52:48.775+0000] {taskinstance.py:3132} INFO - Exporting env vars: AIRFLOW_CTX_DAG_OWNER='***' AIRFLOW_CTX_DAG_ID='etl_pipeline' AIRFLOW_CTX_TASK_ID='transform_female_daily' AIRFLOW_CTX_EXECUTION_DATE='2024-11-21T12:52:45.779245+00:00' AIRFLOW_CTX_TRY_NUMBER='1' AIRFLOW_CTX_DAG_RUN_ID='manual__2024-11-21T12:52:45.779245+00:00'
[2024-11-21T12:52:48.776+0000] {logging_mixin.py:190} INFO - Task instance is in running state
[2024-11-21T12:52:48.777+0000] {logging_mixin.py:190} INFO -  Previous state of the Task instance: queued
[2024-11-21T12:52:48.778+0000] {logging_mixin.py:190} INFO - Current task name:transform_female_daily state:running start_date:2024-11-21 12:52:48.427466+00:00
[2024-11-21T12:52:48.778+0000] {logging_mixin.py:190} INFO - Dag name:etl_pipeline and current dag run status:running
[2024-11-21T12:52:48.779+0000] {taskinstance.py:731} INFO - ::endgroup::
[2024-11-21T12:52:48.792+0000] {logging_mixin.py:190} INFO - Memproses file: FemaleDaily_Review Azarine Calm My Acne Sunscreen Moisturizer.csv
[2024-11-21T12:52:48.838+0000] {logging_mixin.py:190} INFO - Hasil diproses disimpan di: dags/hasil data transform/FemaleDaily_Review Azarine Calm My Acne Sunscreen Moisturizer.csv
[2024-11-21T12:52:48.839+0000] {logging_mixin.py:190} INFO - Memproses file: FemaleDaily_Review Azarine Hydramax C Sunscreen Serum.csv
[2024-11-21T12:52:48.884+0000] {logging_mixin.py:190} INFO - Hasil diproses disimpan di: dags/hasil data transform/FemaleDaily_Review Azarine Hydramax C Sunscreen Serum.csv
[2024-11-21T12:52:48.886+0000] {logging_mixin.py:190} INFO - Memproses file: FemaleDaily_Review Azarine Hydrashoote Sunscreen Gel.csv
[2024-11-21T12:52:48.928+0000] {logging_mixin.py:190} INFO - Hasil diproses disimpan di: dags/hasil data transform/FemaleDaily_Review Azarine Hydrashoote Sunscreen Gel.csv
[2024-11-21T12:52:48.929+0000] {logging_mixin.py:190} INFO - Memproses file: FemaleDaily_Review Skinaqua UV Moisture Gel.csv
[2024-11-21T12:52:48.961+0000] {logging_mixin.py:190} INFO - Hasil diproses disimpan di: dags/hasil data transform/FemaleDaily_Review Skinaqua UV Moisture Gel.csv
[2024-11-21T12:52:48.963+0000] {logging_mixin.py:190} INFO - Memproses file: FemaleDaily_Review Skinaqua UV Moisture Milk.csv
[2024-11-21T12:52:49.011+0000] {logging_mixin.py:190} INFO - Hasil diproses disimpan di: dags/hasil data transform/FemaleDaily_Review Skinaqua UV Moisture Milk.csv
[2024-11-21T12:52:49.012+0000] {logging_mixin.py:190} INFO - Memproses file: FemaleDaily_Review Skinaqua UV Whitening Milk.csv
[2024-11-21T12:52:49.063+0000] {logging_mixin.py:190} INFO - Hasil diproses disimpan di: dags/hasil data transform/FemaleDaily_Review Skinaqua UV Whitening Milk.csv
[2024-11-21T12:52:49.064+0000] {logging_mixin.py:190} INFO - Memproses file: FemaleDaily_Sunscreen Azarine.csv
[2024-11-21T12:52:49.086+0000] {logging_mixin.py:190} INFO - Tidak ada mapping untuk file: FemaleDaily_Sunscreen Azarine.csv
[2024-11-21T12:52:49.124+0000] {logging_mixin.py:190} INFO - Hasil diproses disimpan di: dags/hasil data transform/FemaleDaily_Sunscreen Azarine.csv
[2024-11-21T12:52:49.125+0000] {logging_mixin.py:190} INFO - Memproses file: FemaleDaily_Sunscreen Skinaqua.csv
[2024-11-21T12:52:49.139+0000] {logging_mixin.py:190} INFO - Tidak ada mapping untuk file: FemaleDaily_Sunscreen Skinaqua.csv
[2024-11-21T12:52:49.176+0000] {logging_mixin.py:190} INFO - Hasil diproses disimpan di: dags/hasil data transform/FemaleDaily_Sunscreen Skinaqua.csv
[2024-11-21T12:52:49.179+0000] {logging_mixin.py:190} INFO - Membaca file: FemaleDaily_Review Azarine Calm My Acne Sunscreen Moisturizer.csv
[2024-11-21T12:52:49.194+0000] {logging_mixin.py:190} INFO - Membaca file: FemaleDaily_Review Azarine Hydramax C Sunscreen Serum.csv
[2024-11-21T12:52:49.208+0000] {logging_mixin.py:190} INFO - Membaca file: FemaleDaily_Review Azarine Hydrashoote Sunscreen Gel.csv
[2024-11-21T12:52:49.261+0000] {logging_mixin.py:190} INFO - Hasil penggabungan disimpan di: dags/hasil data transform/FemaleDaily_Sunscreen Azarine.csv
[2024-11-21T12:52:49.264+0000] {logging_mixin.py:190} INFO - Membaca file: FemaleDaily_Review Skinaqua UV Moisture Gel.csv
[2024-11-21T12:52:49.273+0000] {logging_mixin.py:190} INFO - Membaca file: FemaleDaily_Review Skinaqua UV Moisture Milk.csv
[2024-11-21T12:52:49.290+0000] {logging_mixin.py:190} INFO - Membaca file: FemaleDaily_Review Skinaqua UV Whitening Milk.csv
[2024-11-21T12:52:49.357+0000] {logging_mixin.py:190} INFO - Hasil penggabungan disimpan di: dags/hasil data transform/FemaleDaily_Sunscreen Skinaqua.csv
[2024-11-21T12:52:49.419+0000] {logging_mixin.py:190} INFO - Data berhasil disimpan ke XCom.
[2024-11-21T12:52:49.420+0000] {python.py:240} INFO - Done. Returned value was: None
[2024-11-21T12:52:49.431+0000] {taskinstance.py:340} INFO - ::group::Post task execution logs
[2024-11-21T12:52:49.432+0000] {taskinstance.py:352} INFO - Marking task as SUCCESS. dag_id=etl_pipeline, task_id=transform_female_daily, run_id=manual__2024-11-21T12:52:45.779245+00:00, execution_date=20241121T125245, start_date=20241121T125248, end_date=20241121T125249
[2024-11-21T12:52:49.444+0000] {logging_mixin.py:190} INFO - Task instance in success state
[2024-11-21T12:52:49.445+0000] {logging_mixin.py:190} INFO -  Previous state of the Task instance: running
[2024-11-21T12:52:49.446+0000] {logging_mixin.py:190} INFO - Dag name:etl_pipeline queued_at:2024-11-21 12:52:45.930360+00:00
[2024-11-21T12:52:49.448+0000] {logging_mixin.py:190} INFO - Task hostname:7a40aa914b11 operator:PythonOperator
[2024-11-21T12:52:49.481+0000] {local_task_job_runner.py:266} INFO - Task exited with return code 0
[2024-11-21T12:52:49.506+0000] {taskinstance.py:3895} INFO - 1 downstream tasks scheduled from follow-on schedule check
[2024-11-21T12:52:49.512+0000] {local_task_job_runner.py:245} INFO - ::endgroup::
