[2024-11-21T12:52:53.258+0000] {local_task_job_runner.py:123} INFO - ::group::Pre task execution logs
[2024-11-21T12:52:53.272+0000] {taskinstance.py:2613} INFO - Dependencies all met for dep_context=non-requeueable deps ti=<TaskInstance: etl_pipeline.transform_merge_data manual__2024-11-21T12:52:45.779245+00:00 [queued]>
[2024-11-21T12:52:53.279+0000] {taskinstance.py:2613} INFO - Dependencies all met for dep_context=requeueable deps ti=<TaskInstance: etl_pipeline.transform_merge_data manual__2024-11-21T12:52:45.779245+00:00 [queued]>
[2024-11-21T12:52:53.283+0000] {taskinstance.py:2866} INFO - Starting attempt 1 of 1
[2024-11-21T12:52:53.295+0000] {taskinstance.py:2889} INFO - Executing <Task(PythonOperator): transform_merge_data> on 2024-11-21 12:52:45.779245+00:00
[2024-11-21T12:52:53.303+0000] {warnings.py:112} WARNING - /home/***/.local/lib/python3.12/site-packages/***/task/task_runner/standard_task_runner.py:70: DeprecationWarning: This process (pid=5168) is multi-threaded, use of fork() may lead to deadlocks in the child.
  pid = os.fork()

[2024-11-21T12:52:53.305+0000] {standard_task_runner.py:104} INFO - Running: ['***', 'tasks', 'run', 'etl_pipeline', 'transform_merge_data', 'manual__2024-11-21T12:52:45.779245+00:00', '--job-id', '304', '--raw', '--subdir', 'DAGS_FOLDER/dag.py', '--cfg-path', '/tmp/tmp6gj01era']
[2024-11-21T12:52:53.306+0000] {standard_task_runner.py:72} INFO - Started process 5170 to run task
[2024-11-21T12:52:53.306+0000] {standard_task_runner.py:105} INFO - Job 304: Subtask transform_merge_data
[2024-11-21T12:52:53.349+0000] {task_command.py:467} INFO - Running <TaskInstance: etl_pipeline.transform_merge_data manual__2024-11-21T12:52:45.779245+00:00 [running]> on host 7a40aa914b11
[2024-11-21T12:52:53.578+0000] {taskinstance.py:3132} INFO - Exporting env vars: AIRFLOW_CTX_DAG_OWNER='***' AIRFLOW_CTX_DAG_ID='etl_pipeline' AIRFLOW_CTX_TASK_ID='transform_merge_data' AIRFLOW_CTX_EXECUTION_DATE='2024-11-21T12:52:45.779245+00:00' AIRFLOW_CTX_TRY_NUMBER='1' AIRFLOW_CTX_DAG_RUN_ID='manual__2024-11-21T12:52:45.779245+00:00'
[2024-11-21T12:52:53.580+0000] {logging_mixin.py:190} INFO - Task instance is in running state
[2024-11-21T12:52:53.581+0000] {logging_mixin.py:190} INFO -  Previous state of the Task instance: queued
[2024-11-21T12:52:53.582+0000] {logging_mixin.py:190} INFO - Current task name:transform_merge_data state:running start_date:2024-11-21 12:52:53.273335+00:00
[2024-11-21T12:52:53.584+0000] {logging_mixin.py:190} INFO - Dag name:etl_pipeline and current dag run status:running
[2024-11-21T12:52:53.585+0000] {taskinstance.py:731} INFO - ::endgroup::
[2024-11-21T12:52:53.587+0000] {logging_mixin.py:190} INFO - Menggabungkan: FemaleDaily_Sunscreen Azarine.csv + GoogleTrend_sunscreen_Azarine_interestOverTime.csv
[2024-11-21T12:52:53.675+0000] {logging_mixin.py:190} INFO - Hasil gabungan disimpan di: dags/hasil data transform/Merged_Sunscreen Azarine.csv
[2024-11-21T12:52:53.676+0000] {logging_mixin.py:190} INFO - Menggabungkan: FemaleDaily_Sunscreen Skinaqua.csv + GoogleTrend_sunscreen_skin_aqua_interestOverTime.csv
[2024-11-21T12:52:53.740+0000] {logging_mixin.py:190} INFO - Hasil gabungan disimpan di: dags/hasil data transform/Merged_Sunscreen Skinaqua.csv
[2024-11-21T12:52:53.742+0000] {python.py:240} INFO - Done. Returned value was: None
[2024-11-21T12:52:53.751+0000] {taskinstance.py:340} INFO - ::group::Post task execution logs
[2024-11-21T12:52:53.752+0000] {taskinstance.py:352} INFO - Marking task as SUCCESS. dag_id=etl_pipeline, task_id=transform_merge_data, run_id=manual__2024-11-21T12:52:45.779245+00:00, execution_date=20241121T125245, start_date=20241121T125253, end_date=20241121T125253
[2024-11-21T12:52:53.764+0000] {logging_mixin.py:190} INFO - Task instance in success state
[2024-11-21T12:52:53.765+0000] {logging_mixin.py:190} INFO -  Previous state of the Task instance: running
[2024-11-21T12:52:53.766+0000] {logging_mixin.py:190} INFO - Dag name:etl_pipeline queued_at:2024-11-21 12:52:45.930360+00:00
[2024-11-21T12:52:53.767+0000] {logging_mixin.py:190} INFO - Task hostname:7a40aa914b11 operator:PythonOperator
[2024-11-21T12:52:53.804+0000] {local_task_job_runner.py:266} INFO - Task exited with return code 0
[2024-11-21T12:52:53.824+0000] {taskinstance.py:3895} INFO - 1 downstream tasks scheduled from follow-on schedule check
[2024-11-21T12:52:53.831+0000] {local_task_job_runner.py:245} INFO - ::endgroup::
