[2024-11-20T15:47:20.878+0000] {local_task_job_runner.py:123} INFO - ::group::Pre task execution logs
[2024-11-20T15:47:20.895+0000] {taskinstance.py:2613} INFO - Dependencies all met for dep_context=non-requeueable deps ti=<TaskInstance: etl_pipeline.create_table manual__2024-11-20T15:41:20.289580+00:00 [queued]>
[2024-11-20T15:47:20.904+0000] {taskinstance.py:2613} INFO - Dependencies all met for dep_context=requeueable deps ti=<TaskInstance: etl_pipeline.create_table manual__2024-11-20T15:41:20.289580+00:00 [queued]>
[2024-11-20T15:47:20.906+0000] {taskinstance.py:2866} INFO - Starting attempt 2 of 2
[2024-11-20T15:47:20.918+0000] {taskinstance.py:2889} INFO - Executing <Task(PostgresOperator): create_table> on 2024-11-20 15:41:20.289580+00:00
[2024-11-20T15:47:20.927+0000] {warnings.py:112} WARNING - /home/***/.local/lib/python3.12/site-packages/***/task/task_runner/standard_task_runner.py:70: DeprecationWarning: This process (pid=379) is multi-threaded, use of fork() may lead to deadlocks in the child.
  pid = os.fork()

[2024-11-20T15:47:20.928+0000] {standard_task_runner.py:104} INFO - Running: ['***', 'tasks', 'run', 'etl_pipeline', 'create_table', 'manual__2024-11-20T15:41:20.289580+00:00', '--job-id', '17', '--raw', '--subdir', 'DAGS_FOLDER/dag.py', '--cfg-path', '/tmp/tmpt055lhbe']
[2024-11-20T15:47:20.929+0000] {standard_task_runner.py:72} INFO - Started process 381 to run task
[2024-11-20T15:47:20.930+0000] {standard_task_runner.py:105} INFO - Job 17: Subtask create_table
[2024-11-20T15:47:20.976+0000] {task_command.py:467} INFO - Running <TaskInstance: etl_pipeline.create_table manual__2024-11-20T15:41:20.289580+00:00 [running]> on host 5fadb8d48c54
[2024-11-20T15:47:21.195+0000] {taskinstance.py:3132} INFO - Exporting env vars: AIRFLOW_CTX_DAG_OWNER='***' AIRFLOW_CTX_DAG_ID='etl_pipeline' AIRFLOW_CTX_TASK_ID='create_table' AIRFLOW_CTX_EXECUTION_DATE='2024-11-20T15:41:20.289580+00:00' AIRFLOW_CTX_TRY_NUMBER='2' AIRFLOW_CTX_DAG_RUN_ID='manual__2024-11-20T15:41:20.289580+00:00'
[2024-11-20T15:47:21.196+0000] {logging_mixin.py:190} INFO - Task instance is in running state
[2024-11-20T15:47:21.197+0000] {logging_mixin.py:190} INFO -  Previous state of the Task instance: queued
[2024-11-20T15:47:21.198+0000] {logging_mixin.py:190} INFO - Current task name:create_table state:running start_date:2024-11-20 15:47:20.896855+00:00
[2024-11-20T15:47:21.199+0000] {logging_mixin.py:190} INFO - Dag name:etl_pipeline and current dag run status:running
[2024-11-20T15:47:21.201+0000] {taskinstance.py:731} INFO - ::endgroup::
[2024-11-20T15:47:21.202+0000] {sql.py:278} INFO - Executing: 
        CREATE TABLE IF NOT EXISTS female_daily_reviews (
            id SERIAL PRIMARY KEY,
            username TEXT NOT NULL,
            age INTEGER,
            profile_description TEXT,
            date TIMESTAMP,
            review_content TEXT,
            usage_period TEXT,
            purchase_point TEXT,
            recommend BOOLEAN,
            rating_count INTEGER,
            jenis_produk TEXT
        );
        
[2024-11-20T15:47:21.211+0000] {base.py:84} INFO - Retrieving connection 'skincare_connection'
[2024-11-20T15:47:21.218+0000] {base.py:84} INFO - Retrieving connection 'skincare_connection'
[2024-11-20T15:47:21.221+0000] {sql.py:544} INFO - Running statement: 
        CREATE TABLE IF NOT EXISTS female_daily_reviews (
            id SERIAL PRIMARY KEY,
            username TEXT NOT NULL,
            age INTEGER,
            profile_description TEXT,
            date TIMESTAMP,
            review_content TEXT,
            usage_period TEXT,
            purchase_point TEXT,
            recommend BOOLEAN,
            rating_count INTEGER,
            jenis_produk TEXT
        );
        , parameters: None
[2024-11-20T15:47:21.235+0000] {taskinstance.py:340} INFO - ::group::Post task execution logs
[2024-11-20T15:47:21.237+0000] {taskinstance.py:352} INFO - Marking task as SUCCESS. dag_id=etl_pipeline, task_id=create_table, run_id=manual__2024-11-20T15:41:20.289580+00:00, execution_date=20241120T154120, start_date=20241120T154720, end_date=20241120T154721
[2024-11-20T15:47:21.246+0000] {logging_mixin.py:190} INFO - Task instance in success state
[2024-11-20T15:47:21.247+0000] {logging_mixin.py:190} INFO -  Previous state of the Task instance: running
[2024-11-20T15:47:21.248+0000] {logging_mixin.py:190} INFO - Dag name:etl_pipeline queued_at:2024-11-20 15:47:16.392531+00:00
[2024-11-20T15:47:21.249+0000] {logging_mixin.py:190} INFO - Task hostname:5fadb8d48c54 operator:PostgresOperator
[2024-11-20T15:47:21.268+0000] {local_task_job_runner.py:266} INFO - Task exited with return code 0
[2024-11-20T15:47:21.285+0000] {taskinstance.py:3895} INFO - 1 downstream tasks scheduled from follow-on schedule check
[2024-11-20T15:47:21.289+0000] {local_task_job_runner.py:245} INFO - ::endgroup::
