[2024-11-21T12:25:27.678+0000] {local_task_job_runner.py:123} INFO - ::group::Pre task execution logs
[2024-11-21T12:25:27.695+0000] {taskinstance.py:2613} INFO - Dependencies all met for dep_context=non-requeueable deps ti=<TaskInstance: etl_pipeline.extract_google_trends manual__2024-11-21T12:25:18.278769+00:00 [queued]>
[2024-11-21T12:25:27.704+0000] {taskinstance.py:2613} INFO - Dependencies all met for dep_context=requeueable deps ti=<TaskInstance: etl_pipeline.extract_google_trends manual__2024-11-21T12:25:18.278769+00:00 [queued]>
[2024-11-21T12:25:27.705+0000] {taskinstance.py:2866} INFO - Starting attempt 1 of 1
[2024-11-21T12:25:27.735+0000] {taskinstance.py:2889} INFO - Executing <Task(PythonOperator): extract_google_trends> on 2024-11-21 12:25:18.278769+00:00
[2024-11-21T12:25:27.753+0000] {warnings.py:112} WARNING - /home/***/.local/lib/python3.12/site-packages/***/task/task_runner/standard_task_runner.py:70: DeprecationWarning: This process (pid=4625) is multi-threaded, use of fork() may lead to deadlocks in the child.
  pid = os.fork()

[2024-11-21T12:25:27.755+0000] {standard_task_runner.py:72} INFO - Started process 4637 to run task
[2024-11-21T12:25:27.755+0000] {standard_task_runner.py:104} INFO - Running: ['***', 'tasks', 'run', 'etl_pipeline', 'extract_google_trends', 'manual__2024-11-21T12:25:18.278769+00:00', '--job-id', '258', '--raw', '--subdir', 'DAGS_FOLDER/dag.py', '--cfg-path', '/tmp/tmp12drxkrc']
[2024-11-21T12:25:27.757+0000] {standard_task_runner.py:105} INFO - Job 258: Subtask extract_google_trends
[2024-11-21T12:25:27.824+0000] {task_command.py:467} INFO - Running <TaskInstance: etl_pipeline.extract_google_trends manual__2024-11-21T12:25:18.278769+00:00 [running]> on host 7a40aa914b11
[2024-11-21T12:25:30.596+0000] {taskinstance.py:3132} INFO - Exporting env vars: AIRFLOW_CTX_DAG_OWNER='***' AIRFLOW_CTX_DAG_ID='etl_pipeline' AIRFLOW_CTX_TASK_ID='extract_google_trends' AIRFLOW_CTX_EXECUTION_DATE='2024-11-21T12:25:18.278769+00:00' AIRFLOW_CTX_TRY_NUMBER='1' AIRFLOW_CTX_DAG_RUN_ID='manual__2024-11-21T12:25:18.278769+00:00'
[2024-11-21T12:25:30.600+0000] {logging_mixin.py:190} INFO - Task instance is in running state
[2024-11-21T12:25:30.602+0000] {logging_mixin.py:190} INFO -  Previous state of the Task instance: queued
[2024-11-21T12:25:30.603+0000] {logging_mixin.py:190} INFO - Current task name:extract_google_trends state:running start_date:2024-11-21 12:25:27.696960+00:00
[2024-11-21T12:25:30.604+0000] {logging_mixin.py:190} INFO - Dag name:etl_pipeline and current dag run status:running
[2024-11-21T12:25:30.605+0000] {taskinstance.py:731} INFO - ::endgroup::
[2024-11-21T12:25:30.613+0000] {extract_google_trends.py:144} INFO - Starting Google Trends data scraping...
[2024-11-21T12:25:30.614+0000] {extract_google_trends.py:56} INFO - Running Apify actor for 'sunscreen skin aqua'...
[2024-11-21T12:25:32.104+0000] {extract_google_trends.py:16} INFO - Sent request to Apify API to run actor with status code: 201
[2024-11-21T12:25:33.051+0000] {extract_google_trends.py:30} INFO - Checked actor run status with status code: 200
[2024-11-21T12:25:33.052+0000] {extract_google_trends.py:88} INFO - Actor is still running for 'sunscreen skin aqua'... Waiting...
[2024-11-21T12:25:44.086+0000] {extract_google_trends.py:30} INFO - Checked actor run status with status code: 200
[2024-11-21T12:25:44.088+0000] {extract_google_trends.py:88} INFO - Actor is still running for 'sunscreen skin aqua'... Waiting...
[2024-11-21T12:25:55.072+0000] {extract_google_trends.py:30} INFO - Checked actor run status with status code: 200
[2024-11-21T12:25:55.073+0000] {extract_google_trends.py:88} INFO - Actor is still running for 'sunscreen skin aqua'... Waiting...
[2024-11-21T12:26:06.039+0000] {extract_google_trends.py:30} INFO - Checked actor run status with status code: 200
[2024-11-21T12:26:06.041+0000] {extract_google_trends.py:88} INFO - Actor is still running for 'sunscreen skin aqua'... Waiting...
[2024-11-21T12:26:17.089+0000] {extract_google_trends.py:30} INFO - Checked actor run status with status code: 200
[2024-11-21T12:26:17.090+0000] {extract_google_trends.py:88} INFO - Actor is still running for 'sunscreen skin aqua'... Waiting...
[2024-11-21T12:26:28.088+0000] {extract_google_trends.py:30} INFO - Checked actor run status with status code: 200
[2024-11-21T12:26:28.090+0000] {extract_google_trends.py:88} INFO - Actor is still running for 'sunscreen skin aqua'... Waiting...
[2024-11-21T12:26:39.296+0000] {extract_google_trends.py:30} INFO - Checked actor run status with status code: 200
[2024-11-21T12:26:39.296+0000] {extract_google_trends.py:88} INFO - Actor is still running for 'sunscreen skin aqua'... Waiting...
[2024-11-21T12:26:50.290+0000] {extract_google_trends.py:30} INFO - Checked actor run status with status code: 200
[2024-11-21T12:26:50.291+0000] {extract_google_trends.py:88} INFO - Actor is still running for 'sunscreen skin aqua'... Waiting...
[2024-11-21T12:27:01.330+0000] {extract_google_trends.py:30} INFO - Checked actor run status with status code: 200
[2024-11-21T12:27:01.331+0000] {extract_google_trends.py:88} INFO - Actor is still running for 'sunscreen skin aqua'... Waiting...
[2024-11-21T12:27:12.357+0000] {extract_google_trends.py:30} INFO - Checked actor run status with status code: 200
[2024-11-21T12:27:12.358+0000] {extract_google_trends.py:88} INFO - Actor is still running for 'sunscreen skin aqua'... Waiting...
[2024-11-21T12:27:23.357+0000] {extract_google_trends.py:30} INFO - Checked actor run status with status code: 200
[2024-11-21T12:27:23.359+0000] {extract_google_trends.py:88} INFO - Actor is still running for 'sunscreen skin aqua'... Waiting...
[2024-11-21T12:27:34.361+0000] {extract_google_trends.py:30} INFO - Checked actor run status with status code: 200
[2024-11-21T12:27:34.362+0000] {extract_google_trends.py:86} INFO - Actor run succeeded for 'sunscreen skin aqua'.
[2024-11-21T12:27:35.446+0000] {extract_google_trends.py:44} INFO - Fetched dataset with status code: 200
[2024-11-21T12:27:35.495+0000] {extract_google_trends.py:104} INFO - Data for 'sunscreen skin aqua' saved to 'dags/hasil data extract/GoogleTrend_sunscreen_skin_aqua.json'.
[2024-11-21T12:27:35.512+0000] {extract_google_trends.py:131} INFO - Interest over time data for 'sunscreen skin aqua' saved to 'dags/hasil data extract/GoogleTrend_sunscreen_skin_aqua_interestOverTime.csv'.
[2024-11-21T12:27:35.513+0000] {extract_google_trends.py:56} INFO - Running Apify actor for 'sunscreen Azarine'...
[2024-11-21T12:27:36.687+0000] {extract_google_trends.py:16} INFO - Sent request to Apify API to run actor with status code: 201
[2024-11-21T12:27:37.693+0000] {extract_google_trends.py:30} INFO - Checked actor run status with status code: 200
[2024-11-21T12:27:37.694+0000] {extract_google_trends.py:88} INFO - Actor is still running for 'sunscreen Azarine'... Waiting...
[2024-11-21T12:27:48.689+0000] {extract_google_trends.py:30} INFO - Checked actor run status with status code: 200
[2024-11-21T12:27:48.690+0000] {extract_google_trends.py:88} INFO - Actor is still running for 'sunscreen Azarine'... Waiting...
[2024-11-21T12:27:59.660+0000] {extract_google_trends.py:30} INFO - Checked actor run status with status code: 200
[2024-11-21T12:27:59.663+0000] {extract_google_trends.py:88} INFO - Actor is still running for 'sunscreen Azarine'... Waiting...
[2024-11-21T12:28:10.647+0000] {extract_google_trends.py:30} INFO - Checked actor run status with status code: 200
[2024-11-21T12:28:10.649+0000] {extract_google_trends.py:88} INFO - Actor is still running for 'sunscreen Azarine'... Waiting...
[2024-11-21T12:28:21.655+0000] {extract_google_trends.py:30} INFO - Checked actor run status with status code: 200
[2024-11-21T12:28:21.656+0000] {extract_google_trends.py:88} INFO - Actor is still running for 'sunscreen Azarine'... Waiting...
[2024-11-21T12:28:32.630+0000] {extract_google_trends.py:30} INFO - Checked actor run status with status code: 200
[2024-11-21T12:28:32.631+0000] {extract_google_trends.py:88} INFO - Actor is still running for 'sunscreen Azarine'... Waiting...
[2024-11-21T12:28:43.599+0000] {extract_google_trends.py:30} INFO - Checked actor run status with status code: 200
[2024-11-21T12:28:43.601+0000] {extract_google_trends.py:88} INFO - Actor is still running for 'sunscreen Azarine'... Waiting...
[2024-11-21T12:28:54.540+0000] {extract_google_trends.py:30} INFO - Checked actor run status with status code: 200
[2024-11-21T12:28:54.541+0000] {extract_google_trends.py:88} INFO - Actor is still running for 'sunscreen Azarine'... Waiting...
[2024-11-21T12:29:05.516+0000] {extract_google_trends.py:30} INFO - Checked actor run status with status code: 200
[2024-11-21T12:29:05.517+0000] {extract_google_trends.py:88} INFO - Actor is still running for 'sunscreen Azarine'... Waiting...
[2024-11-21T12:29:16.572+0000] {extract_google_trends.py:30} INFO - Checked actor run status with status code: 200
[2024-11-21T12:29:16.573+0000] {extract_google_trends.py:88} INFO - Actor is still running for 'sunscreen Azarine'... Waiting...
[2024-11-21T12:29:27.539+0000] {extract_google_trends.py:30} INFO - Checked actor run status with status code: 200
[2024-11-21T12:29:27.539+0000] {extract_google_trends.py:88} INFO - Actor is still running for 'sunscreen Azarine'... Waiting...
[2024-11-21T12:29:38.531+0000] {extract_google_trends.py:30} INFO - Checked actor run status with status code: 200
[2024-11-21T12:29:38.533+0000] {extract_google_trends.py:88} INFO - Actor is still running for 'sunscreen Azarine'... Waiting...
[2024-11-21T12:29:49.497+0000] {extract_google_trends.py:30} INFO - Checked actor run status with status code: 200
[2024-11-21T12:29:49.499+0000] {extract_google_trends.py:88} INFO - Actor is still running for 'sunscreen Azarine'... Waiting...
[2024-11-21T12:30:00.483+0000] {extract_google_trends.py:30} INFO - Checked actor run status with status code: 200
[2024-11-21T12:30:00.484+0000] {extract_google_trends.py:88} INFO - Actor is still running for 'sunscreen Azarine'... Waiting...
[2024-11-21T12:30:11.512+0000] {extract_google_trends.py:30} INFO - Checked actor run status with status code: 200
[2024-11-21T12:30:11.513+0000] {extract_google_trends.py:88} INFO - Actor is still running for 'sunscreen Azarine'... Waiting...
[2024-11-21T12:30:22.503+0000] {extract_google_trends.py:30} INFO - Checked actor run status with status code: 200
[2024-11-21T12:30:22.504+0000] {extract_google_trends.py:88} INFO - Actor is still running for 'sunscreen Azarine'... Waiting...
[2024-11-21T12:30:33.559+0000] {extract_google_trends.py:30} INFO - Checked actor run status with status code: 200
[2024-11-21T12:30:33.560+0000] {extract_google_trends.py:88} INFO - Actor is still running for 'sunscreen Azarine'... Waiting...
[2024-11-21T12:30:44.540+0000] {extract_google_trends.py:30} INFO - Checked actor run status with status code: 200
[2024-11-21T12:30:44.541+0000] {extract_google_trends.py:88} INFO - Actor is still running for 'sunscreen Azarine'... Waiting...
[2024-11-21T12:30:55.581+0000] {extract_google_trends.py:30} INFO - Checked actor run status with status code: 200
[2024-11-21T12:30:55.582+0000] {extract_google_trends.py:88} INFO - Actor is still running for 'sunscreen Azarine'... Waiting...
[2024-11-21T12:31:06.599+0000] {extract_google_trends.py:30} INFO - Checked actor run status with status code: 200
[2024-11-21T12:31:06.600+0000] {extract_google_trends.py:88} INFO - Actor is still running for 'sunscreen Azarine'... Waiting...
[2024-11-21T12:31:17.749+0000] {extract_google_trends.py:30} INFO - Checked actor run status with status code: 200
[2024-11-21T12:31:17.750+0000] {extract_google_trends.py:88} INFO - Actor is still running for 'sunscreen Azarine'... Waiting...
[2024-11-21T12:31:28.967+0000] {extract_google_trends.py:30} INFO - Checked actor run status with status code: 200
[2024-11-21T12:31:28.969+0000] {extract_google_trends.py:88} INFO - Actor is still running for 'sunscreen Azarine'... Waiting...
[2024-11-21T12:31:39.964+0000] {extract_google_trends.py:30} INFO - Checked actor run status with status code: 200
[2024-11-21T12:31:39.965+0000] {extract_google_trends.py:88} INFO - Actor is still running for 'sunscreen Azarine'... Waiting...
[2024-11-21T12:31:51.044+0000] {extract_google_trends.py:30} INFO - Checked actor run status with status code: 200
[2024-11-21T12:31:51.045+0000] {extract_google_trends.py:88} INFO - Actor is still running for 'sunscreen Azarine'... Waiting...
[2024-11-21T12:32:02.023+0000] {extract_google_trends.py:30} INFO - Checked actor run status with status code: 200
[2024-11-21T12:32:02.025+0000] {extract_google_trends.py:88} INFO - Actor is still running for 'sunscreen Azarine'... Waiting...
[2024-11-21T12:32:13.007+0000] {extract_google_trends.py:30} INFO - Checked actor run status with status code: 200
[2024-11-21T12:32:13.009+0000] {extract_google_trends.py:88} INFO - Actor is still running for 'sunscreen Azarine'... Waiting...
[2024-11-21T12:32:23.983+0000] {extract_google_trends.py:30} INFO - Checked actor run status with status code: 200
[2024-11-21T12:32:23.985+0000] {extract_google_trends.py:88} INFO - Actor is still running for 'sunscreen Azarine'... Waiting...
[2024-11-21T12:32:34.979+0000] {extract_google_trends.py:30} INFO - Checked actor run status with status code: 200
[2024-11-21T12:32:34.981+0000] {extract_google_trends.py:88} INFO - Actor is still running for 'sunscreen Azarine'... Waiting...
[2024-11-21T12:32:45.951+0000] {extract_google_trends.py:30} INFO - Checked actor run status with status code: 200
[2024-11-21T12:32:45.953+0000] {extract_google_trends.py:88} INFO - Actor is still running for 'sunscreen Azarine'... Waiting...
[2024-11-21T12:32:56.932+0000] {extract_google_trends.py:30} INFO - Checked actor run status with status code: 200
[2024-11-21T12:32:56.934+0000] {extract_google_trends.py:88} INFO - Actor is still running for 'sunscreen Azarine'... Waiting...
[2024-11-21T12:33:07.906+0000] {extract_google_trends.py:30} INFO - Checked actor run status with status code: 200
[2024-11-21T12:33:07.907+0000] {extract_google_trends.py:88} INFO - Actor is still running for 'sunscreen Azarine'... Waiting...
[2024-11-21T12:33:18.901+0000] {extract_google_trends.py:30} INFO - Checked actor run status with status code: 200
[2024-11-21T12:33:18.902+0000] {extract_google_trends.py:88} INFO - Actor is still running for 'sunscreen Azarine'... Waiting...
[2024-11-21T12:33:29.896+0000] {extract_google_trends.py:30} INFO - Checked actor run status with status code: 200
[2024-11-21T12:33:29.897+0000] {extract_google_trends.py:88} INFO - Actor is still running for 'sunscreen Azarine'... Waiting...
[2024-11-21T12:33:40.902+0000] {extract_google_trends.py:30} INFO - Checked actor run status with status code: 200
[2024-11-21T12:33:40.903+0000] {extract_google_trends.py:88} INFO - Actor is still running for 'sunscreen Azarine'... Waiting...
[2024-11-21T12:33:51.876+0000] {extract_google_trends.py:30} INFO - Checked actor run status with status code: 200
[2024-11-21T12:33:51.877+0000] {extract_google_trends.py:88} INFO - Actor is still running for 'sunscreen Azarine'... Waiting...
[2024-11-21T12:34:02.838+0000] {extract_google_trends.py:30} INFO - Checked actor run status with status code: 200
[2024-11-21T12:34:02.839+0000] {extract_google_trends.py:88} INFO - Actor is still running for 'sunscreen Azarine'... Waiting...
[2024-11-21T12:34:13.843+0000] {extract_google_trends.py:30} INFO - Checked actor run status with status code: 200
[2024-11-21T12:34:13.844+0000] {extract_google_trends.py:88} INFO - Actor is still running for 'sunscreen Azarine'... Waiting...
[2024-11-21T12:34:24.810+0000] {extract_google_trends.py:30} INFO - Checked actor run status with status code: 200
[2024-11-21T12:34:24.811+0000] {extract_google_trends.py:88} INFO - Actor is still running for 'sunscreen Azarine'... Waiting...
[2024-11-21T12:34:35.831+0000] {extract_google_trends.py:30} INFO - Checked actor run status with status code: 200
[2024-11-21T12:34:35.833+0000] {extract_google_trends.py:88} INFO - Actor is still running for 'sunscreen Azarine'... Waiting...
[2024-11-21T12:34:46.796+0000] {extract_google_trends.py:30} INFO - Checked actor run status with status code: 200
[2024-11-21T12:34:46.798+0000] {extract_google_trends.py:88} INFO - Actor is still running for 'sunscreen Azarine'... Waiting...
[2024-11-21T12:34:58.039+0000] {extract_google_trends.py:30} INFO - Checked actor run status with status code: 200
[2024-11-21T12:34:58.040+0000] {extract_google_trends.py:88} INFO - Actor is still running for 'sunscreen Azarine'... Waiting...
[2024-11-21T12:35:09.209+0000] {extract_google_trends.py:30} INFO - Checked actor run status with status code: 200
[2024-11-21T12:35:09.212+0000] {extract_google_trends.py:88} INFO - Actor is still running for 'sunscreen Azarine'... Waiting...
[2024-11-21T12:35:20.619+0000] {extract_google_trends.py:30} INFO - Checked actor run status with status code: 200
[2024-11-21T12:35:20.620+0000] {extract_google_trends.py:88} INFO - Actor is still running for 'sunscreen Azarine'... Waiting...
[2024-11-21T12:35:31.615+0000] {extract_google_trends.py:30} INFO - Checked actor run status with status code: 200
[2024-11-21T12:35:31.617+0000] {extract_google_trends.py:88} INFO - Actor is still running for 'sunscreen Azarine'... Waiting...
[2024-11-21T12:35:42.603+0000] {extract_google_trends.py:30} INFO - Checked actor run status with status code: 200
[2024-11-21T12:35:42.605+0000] {extract_google_trends.py:88} INFO - Actor is still running for 'sunscreen Azarine'... Waiting...
[2024-11-21T12:35:53.620+0000] {extract_google_trends.py:30} INFO - Checked actor run status with status code: 200
[2024-11-21T12:35:53.622+0000] {extract_google_trends.py:88} INFO - Actor is still running for 'sunscreen Azarine'... Waiting...
[2024-11-21T12:36:04.610+0000] {extract_google_trends.py:30} INFO - Checked actor run status with status code: 200
[2024-11-21T12:36:04.611+0000] {extract_google_trends.py:88} INFO - Actor is still running for 'sunscreen Azarine'... Waiting...
[2024-11-21T12:36:15.574+0000] {extract_google_trends.py:30} INFO - Checked actor run status with status code: 200
[2024-11-21T12:36:15.575+0000] {extract_google_trends.py:88} INFO - Actor is still running for 'sunscreen Azarine'... Waiting...
[2024-11-21T12:36:26.544+0000] {extract_google_trends.py:30} INFO - Checked actor run status with status code: 200
[2024-11-21T12:36:26.545+0000] {extract_google_trends.py:88} INFO - Actor is still running for 'sunscreen Azarine'... Waiting...
[2024-11-21T12:36:38.020+0000] {extract_google_trends.py:30} INFO - Checked actor run status with status code: 200
[2024-11-21T12:36:38.021+0000] {extract_google_trends.py:88} INFO - Actor is still running for 'sunscreen Azarine'... Waiting...
[2024-11-21T12:36:48.987+0000] {extract_google_trends.py:30} INFO - Checked actor run status with status code: 200
[2024-11-21T12:36:48.989+0000] {extract_google_trends.py:88} INFO - Actor is still running for 'sunscreen Azarine'... Waiting...
[2024-11-21T12:36:59.975+0000] {extract_google_trends.py:30} INFO - Checked actor run status with status code: 200
[2024-11-21T12:36:59.977+0000] {extract_google_trends.py:88} INFO - Actor is still running for 'sunscreen Azarine'... Waiting...
[2024-11-21T12:37:11.027+0000] {extract_google_trends.py:30} INFO - Checked actor run status with status code: 200
[2024-11-21T12:37:11.031+0000] {extract_google_trends.py:88} INFO - Actor is still running for 'sunscreen Azarine'... Waiting...
[2024-11-21T12:37:22.001+0000] {extract_google_trends.py:30} INFO - Checked actor run status with status code: 200
[2024-11-21T12:37:22.003+0000] {extract_google_trends.py:88} INFO - Actor is still running for 'sunscreen Azarine'... Waiting...
[2024-11-21T12:37:33.041+0000] {extract_google_trends.py:30} INFO - Checked actor run status with status code: 200
[2024-11-21T12:37:33.043+0000] {extract_google_trends.py:88} INFO - Actor is still running for 'sunscreen Azarine'... Waiting...
[2024-11-21T12:37:44.076+0000] {extract_google_trends.py:30} INFO - Checked actor run status with status code: 200
[2024-11-21T12:37:44.079+0000] {extract_google_trends.py:88} INFO - Actor is still running for 'sunscreen Azarine'... Waiting...
[2024-11-21T12:37:55.048+0000] {extract_google_trends.py:30} INFO - Checked actor run status with status code: 200
[2024-11-21T12:37:55.049+0000] {extract_google_trends.py:88} INFO - Actor is still running for 'sunscreen Azarine'... Waiting...
[2024-11-21T12:38:06.019+0000] {extract_google_trends.py:30} INFO - Checked actor run status with status code: 200
[2024-11-21T12:38:06.020+0000] {extract_google_trends.py:88} INFO - Actor is still running for 'sunscreen Azarine'... Waiting...
[2024-11-21T12:38:16.976+0000] {extract_google_trends.py:30} INFO - Checked actor run status with status code: 200
[2024-11-21T12:38:16.977+0000] {extract_google_trends.py:88} INFO - Actor is still running for 'sunscreen Azarine'... Waiting...
[2024-11-21T12:38:28.017+0000] {extract_google_trends.py:30} INFO - Checked actor run status with status code: 200
[2024-11-21T12:38:28.018+0000] {extract_google_trends.py:88} INFO - Actor is still running for 'sunscreen Azarine'... Waiting...
[2024-11-21T12:38:39.027+0000] {extract_google_trends.py:30} INFO - Checked actor run status with status code: 200
[2024-11-21T12:38:39.028+0000] {extract_google_trends.py:88} INFO - Actor is still running for 'sunscreen Azarine'... Waiting...
[2024-11-21T12:38:50.038+0000] {extract_google_trends.py:30} INFO - Checked actor run status with status code: 200
[2024-11-21T12:38:50.039+0000] {extract_google_trends.py:88} INFO - Actor is still running for 'sunscreen Azarine'... Waiting...
[2024-11-21T12:39:01.019+0000] {extract_google_trends.py:30} INFO - Checked actor run status with status code: 200
[2024-11-21T12:39:01.021+0000] {extract_google_trends.py:88} INFO - Actor is still running for 'sunscreen Azarine'... Waiting...
[2024-11-21T12:39:11.986+0000] {extract_google_trends.py:30} INFO - Checked actor run status with status code: 200
[2024-11-21T12:39:11.987+0000] {extract_google_trends.py:88} INFO - Actor is still running for 'sunscreen Azarine'... Waiting...
[2024-11-21T12:39:23.029+0000] {extract_google_trends.py:30} INFO - Checked actor run status with status code: 200
[2024-11-21T12:39:23.031+0000] {extract_google_trends.py:88} INFO - Actor is still running for 'sunscreen Azarine'... Waiting...
[2024-11-21T12:39:34.021+0000] {extract_google_trends.py:30} INFO - Checked actor run status with status code: 200
[2024-11-21T12:39:34.022+0000] {extract_google_trends.py:88} INFO - Actor is still running for 'sunscreen Azarine'... Waiting...
[2024-11-21T12:39:45.181+0000] {extract_google_trends.py:30} INFO - Checked actor run status with status code: 200
[2024-11-21T12:39:45.198+0000] {extract_google_trends.py:88} INFO - Actor is still running for 'sunscreen Azarine'... Waiting...
[2024-11-21T12:39:56.218+0000] {extract_google_trends.py:30} INFO - Checked actor run status with status code: 200
[2024-11-21T12:39:56.219+0000] {extract_google_trends.py:88} INFO - Actor is still running for 'sunscreen Azarine'... Waiting...
[2024-11-21T12:40:07.203+0000] {extract_google_trends.py:30} INFO - Checked actor run status with status code: 200
[2024-11-21T12:40:07.207+0000] {extract_google_trends.py:88} INFO - Actor is still running for 'sunscreen Azarine'... Waiting...
[2024-11-21T12:40:18.191+0000] {extract_google_trends.py:30} INFO - Checked actor run status with status code: 200
[2024-11-21T12:40:18.193+0000] {extract_google_trends.py:88} INFO - Actor is still running for 'sunscreen Azarine'... Waiting...
[2024-11-21T12:40:29.179+0000] {extract_google_trends.py:30} INFO - Checked actor run status with status code: 200
[2024-11-21T12:40:29.180+0000] {extract_google_trends.py:88} INFO - Actor is still running for 'sunscreen Azarine'... Waiting...
[2024-11-21T12:40:40.204+0000] {extract_google_trends.py:30} INFO - Checked actor run status with status code: 200
[2024-11-21T12:40:40.206+0000] {extract_google_trends.py:88} INFO - Actor is still running for 'sunscreen Azarine'... Waiting...
[2024-11-21T12:40:51.225+0000] {extract_google_trends.py:30} INFO - Checked actor run status with status code: 200
[2024-11-21T12:40:51.231+0000] {extract_google_trends.py:88} INFO - Actor is still running for 'sunscreen Azarine'... Waiting...
[2024-11-21T12:41:02.221+0000] {extract_google_trends.py:30} INFO - Checked actor run status with status code: 200
[2024-11-21T12:41:02.224+0000] {extract_google_trends.py:88} INFO - Actor is still running for 'sunscreen Azarine'... Waiting...
[2024-11-21T12:41:13.214+0000] {extract_google_trends.py:30} INFO - Checked actor run status with status code: 200
[2024-11-21T12:41:13.216+0000] {extract_google_trends.py:88} INFO - Actor is still running for 'sunscreen Azarine'... Waiting...
[2024-11-21T12:41:24.212+0000] {extract_google_trends.py:30} INFO - Checked actor run status with status code: 200
[2024-11-21T12:41:24.214+0000] {extract_google_trends.py:88} INFO - Actor is still running for 'sunscreen Azarine'... Waiting...
[2024-11-21T12:41:35.236+0000] {extract_google_trends.py:30} INFO - Checked actor run status with status code: 200
[2024-11-21T12:41:35.243+0000] {extract_google_trends.py:88} INFO - Actor is still running for 'sunscreen Azarine'... Waiting...
[2024-11-21T12:41:46.233+0000] {extract_google_trends.py:30} INFO - Checked actor run status with status code: 200
[2024-11-21T12:41:46.238+0000] {extract_google_trends.py:88} INFO - Actor is still running for 'sunscreen Azarine'... Waiting...
[2024-11-21T12:41:57.211+0000] {extract_google_trends.py:30} INFO - Checked actor run status with status code: 200
[2024-11-21T12:41:57.215+0000] {extract_google_trends.py:88} INFO - Actor is still running for 'sunscreen Azarine'... Waiting...
[2024-11-21T12:42:08.325+0000] {extract_google_trends.py:30} INFO - Checked actor run status with status code: 200
[2024-11-21T12:42:08.326+0000] {extract_google_trends.py:88} INFO - Actor is still running for 'sunscreen Azarine'... Waiting...
[2024-11-21T12:42:19.566+0000] {extract_google_trends.py:30} INFO - Checked actor run status with status code: 200
[2024-11-21T12:42:19.569+0000] {extract_google_trends.py:88} INFO - Actor is still running for 'sunscreen Azarine'... Waiting...
[2024-11-21T12:42:30.597+0000] {extract_google_trends.py:30} INFO - Checked actor run status with status code: 200
[2024-11-21T12:42:30.598+0000] {extract_google_trends.py:88} INFO - Actor is still running for 'sunscreen Azarine'... Waiting...
[2024-11-21T12:42:41.571+0000] {extract_google_trends.py:30} INFO - Checked actor run status with status code: 200
[2024-11-21T12:42:41.576+0000] {extract_google_trends.py:88} INFO - Actor is still running for 'sunscreen Azarine'... Waiting...
[2024-11-21T12:42:52.554+0000] {extract_google_trends.py:30} INFO - Checked actor run status with status code: 200
[2024-11-21T12:42:52.556+0000] {extract_google_trends.py:88} INFO - Actor is still running for 'sunscreen Azarine'... Waiting...
[2024-11-21T12:43:03.539+0000] {extract_google_trends.py:30} INFO - Checked actor run status with status code: 200
[2024-11-21T12:43:03.541+0000] {extract_google_trends.py:88} INFO - Actor is still running for 'sunscreen Azarine'... Waiting...
[2024-11-21T12:43:14.546+0000] {extract_google_trends.py:30} INFO - Checked actor run status with status code: 200
[2024-11-21T12:43:14.547+0000] {extract_google_trends.py:88} INFO - Actor is still running for 'sunscreen Azarine'... Waiting...
[2024-11-21T12:43:25.543+0000] {extract_google_trends.py:30} INFO - Checked actor run status with status code: 200
[2024-11-21T12:43:25.545+0000] {extract_google_trends.py:88} INFO - Actor is still running for 'sunscreen Azarine'... Waiting...
[2024-11-21T12:43:36.549+0000] {extract_google_trends.py:30} INFO - Checked actor run status with status code: 200
[2024-11-21T12:43:36.554+0000] {extract_google_trends.py:88} INFO - Actor is still running for 'sunscreen Azarine'... Waiting...
[2024-11-21T12:43:47.540+0000] {extract_google_trends.py:30} INFO - Checked actor run status with status code: 200
[2024-11-21T12:43:47.544+0000] {extract_google_trends.py:88} INFO - Actor is still running for 'sunscreen Azarine'... Waiting...
[2024-11-21T12:43:58.524+0000] {extract_google_trends.py:30} INFO - Checked actor run status with status code: 200
[2024-11-21T12:43:58.525+0000] {extract_google_trends.py:88} INFO - Actor is still running for 'sunscreen Azarine'... Waiting...
[2024-11-21T12:44:09.507+0000] {extract_google_trends.py:30} INFO - Checked actor run status with status code: 200
[2024-11-21T12:44:09.508+0000] {extract_google_trends.py:88} INFO - Actor is still running for 'sunscreen Azarine'... Waiting...
[2024-11-21T12:44:20.549+0000] {extract_google_trends.py:30} INFO - Checked actor run status with status code: 200
[2024-11-21T12:44:20.551+0000] {extract_google_trends.py:88} INFO - Actor is still running for 'sunscreen Azarine'... Waiting...
[2024-11-21T12:44:31.525+0000] {extract_google_trends.py:30} INFO - Checked actor run status with status code: 200
[2024-11-21T12:44:31.526+0000] {extract_google_trends.py:88} INFO - Actor is still running for 'sunscreen Azarine'... Waiting...
[2024-11-21T12:44:42.553+0000] {extract_google_trends.py:30} INFO - Checked actor run status with status code: 200
[2024-11-21T12:44:42.559+0000] {extract_google_trends.py:88} INFO - Actor is still running for 'sunscreen Azarine'... Waiting...
[2024-11-21T12:44:53.556+0000] {extract_google_trends.py:30} INFO - Checked actor run status with status code: 200
[2024-11-21T12:44:53.561+0000] {extract_google_trends.py:88} INFO - Actor is still running for 'sunscreen Azarine'... Waiting...
[2024-11-21T12:45:04.585+0000] {extract_google_trends.py:30} INFO - Checked actor run status with status code: 200
[2024-11-21T12:45:04.586+0000] {extract_google_trends.py:88} INFO - Actor is still running for 'sunscreen Azarine'... Waiting...
[2024-11-21T12:45:15.549+0000] {extract_google_trends.py:30} INFO - Checked actor run status with status code: 200
[2024-11-21T12:45:15.557+0000] {extract_google_trends.py:88} INFO - Actor is still running for 'sunscreen Azarine'... Waiting...
[2024-11-21T12:45:26.553+0000] {extract_google_trends.py:30} INFO - Checked actor run status with status code: 200
[2024-11-21T12:45:26.554+0000] {extract_google_trends.py:88} INFO - Actor is still running for 'sunscreen Azarine'... Waiting...
[2024-11-21T12:45:37.584+0000] {extract_google_trends.py:30} INFO - Checked actor run status with status code: 200
[2024-11-21T12:45:37.586+0000] {extract_google_trends.py:88} INFO - Actor is still running for 'sunscreen Azarine'... Waiting...
[2024-11-21T12:45:48.592+0000] {extract_google_trends.py:30} INFO - Checked actor run status with status code: 200
[2024-11-21T12:45:48.594+0000] {extract_google_trends.py:88} INFO - Actor is still running for 'sunscreen Azarine'... Waiting...
[2024-11-21T12:45:59.561+0000] {extract_google_trends.py:30} INFO - Checked actor run status with status code: 200
[2024-11-21T12:45:59.566+0000] {extract_google_trends.py:88} INFO - Actor is still running for 'sunscreen Azarine'... Waiting...
[2024-11-21T12:46:10.567+0000] {extract_google_trends.py:30} INFO - Checked actor run status with status code: 200
[2024-11-21T12:46:10.570+0000] {extract_google_trends.py:88} INFO - Actor is still running for 'sunscreen Azarine'... Waiting...
[2024-11-21T12:46:21.548+0000] {extract_google_trends.py:30} INFO - Checked actor run status with status code: 200
[2024-11-21T12:46:21.549+0000] {extract_google_trends.py:88} INFO - Actor is still running for 'sunscreen Azarine'... Waiting...
[2024-11-21T12:46:32.526+0000] {extract_google_trends.py:30} INFO - Checked actor run status with status code: 200
[2024-11-21T12:46:32.528+0000] {extract_google_trends.py:88} INFO - Actor is still running for 'sunscreen Azarine'... Waiting...
[2024-11-21T12:46:43.495+0000] {extract_google_trends.py:30} INFO - Checked actor run status with status code: 200
[2024-11-21T12:46:43.497+0000] {extract_google_trends.py:88} INFO - Actor is still running for 'sunscreen Azarine'... Waiting...
[2024-11-21T12:46:54.533+0000] {extract_google_trends.py:30} INFO - Checked actor run status with status code: 200
[2024-11-21T12:46:54.535+0000] {extract_google_trends.py:88} INFO - Actor is still running for 'sunscreen Azarine'... Waiting...
[2024-11-21T12:47:05.532+0000] {extract_google_trends.py:30} INFO - Checked actor run status with status code: 200
[2024-11-21T12:47:05.535+0000] {extract_google_trends.py:88} INFO - Actor is still running for 'sunscreen Azarine'... Waiting...
[2024-11-21T12:47:16.535+0000] {extract_google_trends.py:30} INFO - Checked actor run status with status code: 200
[2024-11-21T12:47:16.536+0000] {extract_google_trends.py:88} INFO - Actor is still running for 'sunscreen Azarine'... Waiting...
[2024-11-21T12:47:27.557+0000] {extract_google_trends.py:30} INFO - Checked actor run status with status code: 200
[2024-11-21T12:47:27.560+0000] {extract_google_trends.py:88} INFO - Actor is still running for 'sunscreen Azarine'... Waiting...
[2024-11-21T12:47:38.549+0000] {extract_google_trends.py:30} INFO - Checked actor run status with status code: 200
[2024-11-21T12:47:38.553+0000] {extract_google_trends.py:88} INFO - Actor is still running for 'sunscreen Azarine'... Waiting...
[2024-11-21T12:47:49.528+0000] {extract_google_trends.py:30} INFO - Checked actor run status with status code: 200
[2024-11-21T12:47:49.530+0000] {extract_google_trends.py:88} INFO - Actor is still running for 'sunscreen Azarine'... Waiting...
[2024-11-21T12:48:00.487+0000] {extract_google_trends.py:30} INFO - Checked actor run status with status code: 200
[2024-11-21T12:48:00.489+0000] {extract_google_trends.py:88} INFO - Actor is still running for 'sunscreen Azarine'... Waiting...
[2024-11-21T12:48:11.445+0000] {extract_google_trends.py:30} INFO - Checked actor run status with status code: 200
[2024-11-21T12:48:11.449+0000] {extract_google_trends.py:88} INFO - Actor is still running for 'sunscreen Azarine'... Waiting...
[2024-11-21T12:48:22.480+0000] {extract_google_trends.py:30} INFO - Checked actor run status with status code: 200
[2024-11-21T12:48:22.484+0000] {extract_google_trends.py:88} INFO - Actor is still running for 'sunscreen Azarine'... Waiting...
[2024-11-21T12:48:33.566+0000] {extract_google_trends.py:30} INFO - Checked actor run status with status code: 200
[2024-11-21T12:48:33.571+0000] {extract_google_trends.py:88} INFO - Actor is still running for 'sunscreen Azarine'... Waiting...
[2024-11-21T12:48:44.555+0000] {extract_google_trends.py:30} INFO - Checked actor run status with status code: 200
[2024-11-21T12:48:44.559+0000] {extract_google_trends.py:88} INFO - Actor is still running for 'sunscreen Azarine'... Waiting...
[2024-11-21T12:48:55.590+0000] {extract_google_trends.py:30} INFO - Checked actor run status with status code: 200
[2024-11-21T12:48:55.599+0000] {extract_google_trends.py:88} INFO - Actor is still running for 'sunscreen Azarine'... Waiting...
[2024-11-21T12:49:06.582+0000] {extract_google_trends.py:30} INFO - Checked actor run status with status code: 200
[2024-11-21T12:49:06.587+0000] {extract_google_trends.py:88} INFO - Actor is still running for 'sunscreen Azarine'... Waiting...
[2024-11-21T12:49:17.636+0000] {extract_google_trends.py:30} INFO - Checked actor run status with status code: 200
[2024-11-21T12:49:17.639+0000] {extract_google_trends.py:88} INFO - Actor is still running for 'sunscreen Azarine'... Waiting...
[2024-11-21T12:49:28.690+0000] {extract_google_trends.py:30} INFO - Checked actor run status with status code: 200
[2024-11-21T12:49:28.693+0000] {extract_google_trends.py:88} INFO - Actor is still running for 'sunscreen Azarine'... Waiting...
[2024-11-21T12:49:39.708+0000] {extract_google_trends.py:30} INFO - Checked actor run status with status code: 200
[2024-11-21T12:49:39.709+0000] {extract_google_trends.py:88} INFO - Actor is still running for 'sunscreen Azarine'... Waiting...
[2024-11-21T12:49:50.746+0000] {extract_google_trends.py:30} INFO - Checked actor run status with status code: 200
[2024-11-21T12:49:50.748+0000] {extract_google_trends.py:88} INFO - Actor is still running for 'sunscreen Azarine'... Waiting...
[2024-11-21T12:50:01.724+0000] {extract_google_trends.py:30} INFO - Checked actor run status with status code: 200
[2024-11-21T12:50:01.725+0000] {extract_google_trends.py:88} INFO - Actor is still running for 'sunscreen Azarine'... Waiting...
[2024-11-21T12:50:12.778+0000] {extract_google_trends.py:30} INFO - Checked actor run status with status code: 200
[2024-11-21T12:50:12.779+0000] {extract_google_trends.py:88} INFO - Actor is still running for 'sunscreen Azarine'... Waiting...
[2024-11-21T12:50:23.830+0000] {extract_google_trends.py:30} INFO - Checked actor run status with status code: 200
[2024-11-21T12:50:23.831+0000] {extract_google_trends.py:88} INFO - Actor is still running for 'sunscreen Azarine'... Waiting...
[2024-11-21T12:50:34.825+0000] {extract_google_trends.py:30} INFO - Checked actor run status with status code: 200
[2024-11-21T12:50:34.826+0000] {extract_google_trends.py:88} INFO - Actor is still running for 'sunscreen Azarine'... Waiting...
[2024-11-21T12:50:45.838+0000] {extract_google_trends.py:30} INFO - Checked actor run status with status code: 200
[2024-11-21T12:50:45.841+0000] {extract_google_trends.py:88} INFO - Actor is still running for 'sunscreen Azarine'... Waiting...
[2024-11-21T12:50:56.943+0000] {extract_google_trends.py:30} INFO - Checked actor run status with status code: 200
[2024-11-21T12:50:56.947+0000] {extract_google_trends.py:88} INFO - Actor is still running for 'sunscreen Azarine'... Waiting...
[2024-11-21T12:51:07.921+0000] {extract_google_trends.py:30} INFO - Checked actor run status with status code: 200
[2024-11-21T12:51:07.929+0000] {extract_google_trends.py:88} INFO - Actor is still running for 'sunscreen Azarine'... Waiting...
[2024-11-21T12:51:18.913+0000] {extract_google_trends.py:30} INFO - Checked actor run status with status code: 200
[2024-11-21T12:51:18.922+0000] {extract_google_trends.py:88} INFO - Actor is still running for 'sunscreen Azarine'... Waiting...
[2024-11-21T12:51:29.913+0000] {extract_google_trends.py:30} INFO - Checked actor run status with status code: 200
[2024-11-21T12:51:29.915+0000] {extract_google_trends.py:88} INFO - Actor is still running for 'sunscreen Azarine'... Waiting...
[2024-11-21T12:51:40.877+0000] {extract_google_trends.py:30} INFO - Checked actor run status with status code: 200
[2024-11-21T12:51:40.878+0000] {extract_google_trends.py:88} INFO - Actor is still running for 'sunscreen Azarine'... Waiting...
[2024-11-21T12:51:51.845+0000] {extract_google_trends.py:30} INFO - Checked actor run status with status code: 200
[2024-11-21T12:51:51.848+0000] {extract_google_trends.py:88} INFO - Actor is still running for 'sunscreen Azarine'... Waiting...
[2024-11-21T12:52:02.833+0000] {extract_google_trends.py:30} INFO - Checked actor run status with status code: 200
[2024-11-21T12:52:02.835+0000] {extract_google_trends.py:88} INFO - Actor is still running for 'sunscreen Azarine'... Waiting...
[2024-11-21T12:52:13.830+0000] {extract_google_trends.py:30} INFO - Checked actor run status with status code: 200
[2024-11-21T12:52:13.834+0000] {extract_google_trends.py:88} INFO - Actor is still running for 'sunscreen Azarine'... Waiting...
[2024-11-21T12:52:24.852+0000] {extract_google_trends.py:30} INFO - Checked actor run status with status code: 200
[2024-11-21T12:52:24.854+0000] {extract_google_trends.py:88} INFO - Actor is still running for 'sunscreen Azarine'... Waiting...
[2024-11-21T12:52:35.838+0000] {extract_google_trends.py:30} INFO - Checked actor run status with status code: 200
[2024-11-21T12:52:35.839+0000] {extract_google_trends.py:88} INFO - Actor is still running for 'sunscreen Azarine'... Waiting...
[2024-11-21T12:52:46.811+0000] {extract_google_trends.py:30} INFO - Checked actor run status with status code: 200
[2024-11-21T12:52:46.813+0000] {extract_google_trends.py:88} INFO - Actor is still running for 'sunscreen Azarine'... Waiting...
[2024-11-21T12:52:58.206+0000] {extract_google_trends.py:30} INFO - Checked actor run status with status code: 200
[2024-11-21T12:52:58.208+0000] {extract_google_trends.py:88} INFO - Actor is still running for 'sunscreen Azarine'... Waiting...
[2024-11-21T12:53:09.367+0000] {extract_google_trends.py:30} INFO - Checked actor run status with status code: 200
[2024-11-21T12:53:09.368+0000] {extract_google_trends.py:88} INFO - Actor is still running for 'sunscreen Azarine'... Waiting...
[2024-11-21T12:53:20.349+0000] {extract_google_trends.py:30} INFO - Checked actor run status with status code: 200
[2024-11-21T12:53:20.351+0000] {extract_google_trends.py:88} INFO - Actor is still running for 'sunscreen Azarine'... Waiting...
[2024-11-21T12:53:31.331+0000] {extract_google_trends.py:30} INFO - Checked actor run status with status code: 200
[2024-11-21T12:53:31.334+0000] {extract_google_trends.py:88} INFO - Actor is still running for 'sunscreen Azarine'... Waiting...
[2024-11-21T12:53:42.302+0000] {extract_google_trends.py:30} INFO - Checked actor run status with status code: 200
[2024-11-21T12:53:42.302+0000] {extract_google_trends.py:88} INFO - Actor is still running for 'sunscreen Azarine'... Waiting...
[2024-11-21T12:53:53.327+0000] {extract_google_trends.py:30} INFO - Checked actor run status with status code: 200
[2024-11-21T12:53:53.329+0000] {extract_google_trends.py:88} INFO - Actor is still running for 'sunscreen Azarine'... Waiting...
[2024-11-21T12:54:04.330+0000] {extract_google_trends.py:30} INFO - Checked actor run status with status code: 200
[2024-11-21T12:54:04.331+0000] {extract_google_trends.py:88} INFO - Actor is still running for 'sunscreen Azarine'... Waiting...
[2024-11-21T12:54:15.293+0000] {extract_google_trends.py:30} INFO - Checked actor run status with status code: 200
[2024-11-21T12:54:15.294+0000] {extract_google_trends.py:88} INFO - Actor is still running for 'sunscreen Azarine'... Waiting...
[2024-11-21T12:54:26.421+0000] {extract_google_trends.py:30} INFO - Checked actor run status with status code: 200
[2024-11-21T12:54:26.422+0000] {extract_google_trends.py:88} INFO - Actor is still running for 'sunscreen Azarine'... Waiting...
[2024-11-21T12:54:37.458+0000] {extract_google_trends.py:30} INFO - Checked actor run status with status code: 200
[2024-11-21T12:54:37.460+0000] {extract_google_trends.py:88} INFO - Actor is still running for 'sunscreen Azarine'... Waiting...
[2024-11-21T12:54:48.426+0000] {extract_google_trends.py:30} INFO - Checked actor run status with status code: 200
[2024-11-21T12:54:48.426+0000] {extract_google_trends.py:88} INFO - Actor is still running for 'sunscreen Azarine'... Waiting...
[2024-11-21T12:54:59.444+0000] {extract_google_trends.py:30} INFO - Checked actor run status with status code: 200
[2024-11-21T12:54:59.445+0000] {extract_google_trends.py:88} INFO - Actor is still running for 'sunscreen Azarine'... Waiting...
[2024-11-21T12:55:10.537+0000] {extract_google_trends.py:30} INFO - Checked actor run status with status code: 200
[2024-11-21T12:55:10.539+0000] {extract_google_trends.py:88} INFO - Actor is still running for 'sunscreen Azarine'... Waiting...
[2024-11-21T12:55:21.531+0000] {extract_google_trends.py:30} INFO - Checked actor run status with status code: 200
[2024-11-21T12:55:21.536+0000] {extract_google_trends.py:88} INFO - Actor is still running for 'sunscreen Azarine'... Waiting...
[2024-11-21T12:55:32.515+0000] {extract_google_trends.py:30} INFO - Checked actor run status with status code: 200
[2024-11-21T12:55:32.517+0000] {extract_google_trends.py:88} INFO - Actor is still running for 'sunscreen Azarine'... Waiting...
[2024-11-21T12:55:43.499+0000] {extract_google_trends.py:30} INFO - Checked actor run status with status code: 200
[2024-11-21T12:55:43.502+0000] {extract_google_trends.py:88} INFO - Actor is still running for 'sunscreen Azarine'... Waiting...
[2024-11-21T12:55:54.522+0000] {extract_google_trends.py:30} INFO - Checked actor run status with status code: 200
[2024-11-21T12:55:54.523+0000] {extract_google_trends.py:88} INFO - Actor is still running for 'sunscreen Azarine'... Waiting...
[2024-11-21T12:56:05.515+0000] {extract_google_trends.py:30} INFO - Checked actor run status with status code: 200
[2024-11-21T12:56:05.516+0000] {extract_google_trends.py:88} INFO - Actor is still running for 'sunscreen Azarine'... Waiting...
[2024-11-21T12:56:16.500+0000] {extract_google_trends.py:30} INFO - Checked actor run status with status code: 200
[2024-11-21T12:56:16.512+0000] {extract_google_trends.py:88} INFO - Actor is still running for 'sunscreen Azarine'... Waiting...
[2024-11-21T12:56:27.476+0000] {extract_google_trends.py:30} INFO - Checked actor run status with status code: 200
[2024-11-21T12:56:27.478+0000] {extract_google_trends.py:88} INFO - Actor is still running for 'sunscreen Azarine'... Waiting...
[2024-11-21T12:56:38.468+0000] {extract_google_trends.py:30} INFO - Checked actor run status with status code: 200
[2024-11-21T12:56:38.472+0000] {extract_google_trends.py:88} INFO - Actor is still running for 'sunscreen Azarine'... Waiting...
[2024-11-21T12:56:49.443+0000] {extract_google_trends.py:30} INFO - Checked actor run status with status code: 200
[2024-11-21T12:56:49.444+0000] {extract_google_trends.py:88} INFO - Actor is still running for 'sunscreen Azarine'... Waiting...
[2024-11-21T12:57:00.456+0000] {extract_google_trends.py:30} INFO - Checked actor run status with status code: 200
[2024-11-21T12:57:00.457+0000] {extract_google_trends.py:88} INFO - Actor is still running for 'sunscreen Azarine'... Waiting...
[2024-11-21T12:57:11.438+0000] {extract_google_trends.py:30} INFO - Checked actor run status with status code: 200
[2024-11-21T12:57:11.442+0000] {extract_google_trends.py:88} INFO - Actor is still running for 'sunscreen Azarine'... Waiting...
[2024-11-21T12:57:22.461+0000] {extract_google_trends.py:30} INFO - Checked actor run status with status code: 200
[2024-11-21T12:57:22.462+0000] {extract_google_trends.py:88} INFO - Actor is still running for 'sunscreen Azarine'... Waiting...
[2024-11-21T12:57:33.450+0000] {extract_google_trends.py:30} INFO - Checked actor run status with status code: 200
[2024-11-21T12:57:33.451+0000] {extract_google_trends.py:88} INFO - Actor is still running for 'sunscreen Azarine'... Waiting...
[2024-11-21T12:57:44.434+0000] {extract_google_trends.py:30} INFO - Checked actor run status with status code: 200
[2024-11-21T12:57:44.437+0000] {extract_google_trends.py:88} INFO - Actor is still running for 'sunscreen Azarine'... Waiting...
[2024-11-21T12:57:55.419+0000] {extract_google_trends.py:30} INFO - Checked actor run status with status code: 200
[2024-11-21T12:57:55.420+0000] {extract_google_trends.py:88} INFO - Actor is still running for 'sunscreen Azarine'... Waiting...
[2024-11-21T12:58:06.460+0000] {extract_google_trends.py:30} INFO - Checked actor run status with status code: 200
[2024-11-21T12:58:06.462+0000] {extract_google_trends.py:88} INFO - Actor is still running for 'sunscreen Azarine'... Waiting...
[2024-11-21T12:58:17.455+0000] {extract_google_trends.py:30} INFO - Checked actor run status with status code: 200
[2024-11-21T12:58:17.457+0000] {extract_google_trends.py:88} INFO - Actor is still running for 'sunscreen Azarine'... Waiting...
[2024-11-21T12:58:28.426+0000] {extract_google_trends.py:30} INFO - Checked actor run status with status code: 200
[2024-11-21T12:58:28.428+0000] {extract_google_trends.py:88} INFO - Actor is still running for 'sunscreen Azarine'... Waiting...
[2024-11-21T12:58:39.403+0000] {extract_google_trends.py:30} INFO - Checked actor run status with status code: 200
[2024-11-21T12:58:39.406+0000] {extract_google_trends.py:88} INFO - Actor is still running for 'sunscreen Azarine'... Waiting...
[2024-11-21T12:58:50.392+0000] {extract_google_trends.py:30} INFO - Checked actor run status with status code: 200
[2024-11-21T12:58:50.394+0000] {extract_google_trends.py:88} INFO - Actor is still running for 'sunscreen Azarine'... Waiting...
[2024-11-21T12:59:01.346+0000] {extract_google_trends.py:30} INFO - Checked actor run status with status code: 200
[2024-11-21T12:59:01.350+0000] {extract_google_trends.py:88} INFO - Actor is still running for 'sunscreen Azarine'... Waiting...
[2024-11-21T12:59:12.319+0000] {extract_google_trends.py:30} INFO - Checked actor run status with status code: 200
[2024-11-21T12:59:12.320+0000] {extract_google_trends.py:88} INFO - Actor is still running for 'sunscreen Azarine'... Waiting...
[2024-11-21T12:59:23.393+0000] {extract_google_trends.py:30} INFO - Checked actor run status with status code: 200
[2024-11-21T12:59:23.396+0000] {extract_google_trends.py:88} INFO - Actor is still running for 'sunscreen Azarine'... Waiting...
[2024-11-21T12:59:34.372+0000] {extract_google_trends.py:30} INFO - Checked actor run status with status code: 200
[2024-11-21T12:59:34.374+0000] {extract_google_trends.py:88} INFO - Actor is still running for 'sunscreen Azarine'... Waiting...
[2024-11-21T12:59:45.365+0000] {extract_google_trends.py:30} INFO - Checked actor run status with status code: 200
[2024-11-21T12:59:45.367+0000] {extract_google_trends.py:88} INFO - Actor is still running for 'sunscreen Azarine'... Waiting...
[2024-11-21T12:59:56.336+0000] {extract_google_trends.py:30} INFO - Checked actor run status with status code: 200
[2024-11-21T12:59:56.339+0000] {extract_google_trends.py:88} INFO - Actor is still running for 'sunscreen Azarine'... Waiting...
[2024-11-21T13:00:07.375+0000] {extract_google_trends.py:30} INFO - Checked actor run status with status code: 200
[2024-11-21T13:00:07.377+0000] {extract_google_trends.py:88} INFO - Actor is still running for 'sunscreen Azarine'... Waiting...
[2024-11-21T13:00:18.353+0000] {extract_google_trends.py:30} INFO - Checked actor run status with status code: 200
[2024-11-21T13:00:18.355+0000] {extract_google_trends.py:88} INFO - Actor is still running for 'sunscreen Azarine'... Waiting...
[2024-11-21T13:00:29.326+0000] {extract_google_trends.py:30} INFO - Checked actor run status with status code: 200
[2024-11-21T13:00:29.328+0000] {extract_google_trends.py:88} INFO - Actor is still running for 'sunscreen Azarine'... Waiting...
[2024-11-21T13:00:40.314+0000] {extract_google_trends.py:30} INFO - Checked actor run status with status code: 200
[2024-11-21T13:00:40.315+0000] {extract_google_trends.py:88} INFO - Actor is still running for 'sunscreen Azarine'... Waiting...
[2024-11-21T13:00:51.352+0000] {extract_google_trends.py:30} INFO - Checked actor run status with status code: 200
[2024-11-21T13:00:51.356+0000] {extract_google_trends.py:88} INFO - Actor is still running for 'sunscreen Azarine'... Waiting...
[2024-11-21T13:01:02.321+0000] {extract_google_trends.py:30} INFO - Checked actor run status with status code: 200
[2024-11-21T13:01:02.323+0000] {extract_google_trends.py:88} INFO - Actor is still running for 'sunscreen Azarine'... Waiting...
[2024-11-21T13:01:13.310+0000] {extract_google_trends.py:30} INFO - Checked actor run status with status code: 200
[2024-11-21T13:01:13.311+0000] {extract_google_trends.py:88} INFO - Actor is still running for 'sunscreen Azarine'... Waiting...
[2024-11-21T13:01:24.472+0000] {extract_google_trends.py:30} INFO - Checked actor run status with status code: 200
[2024-11-21T13:01:24.474+0000] {extract_google_trends.py:88} INFO - Actor is still running for 'sunscreen Azarine'... Waiting...
[2024-11-21T13:01:35.514+0000] {extract_google_trends.py:30} INFO - Checked actor run status with status code: 200
[2024-11-21T13:01:35.516+0000] {extract_google_trends.py:88} INFO - Actor is still running for 'sunscreen Azarine'... Waiting...
[2024-11-21T13:01:46.522+0000] {extract_google_trends.py:30} INFO - Checked actor run status with status code: 200
[2024-11-21T13:01:46.524+0000] {extract_google_trends.py:88} INFO - Actor is still running for 'sunscreen Azarine'... Waiting...
[2024-11-21T13:01:57.500+0000] {extract_google_trends.py:30} INFO - Checked actor run status with status code: 200
[2024-11-21T13:01:57.503+0000] {extract_google_trends.py:88} INFO - Actor is still running for 'sunscreen Azarine'... Waiting...
[2024-11-21T13:02:08.581+0000] {extract_google_trends.py:30} INFO - Checked actor run status with status code: 200
[2024-11-21T13:02:08.583+0000] {extract_google_trends.py:88} INFO - Actor is still running for 'sunscreen Azarine'... Waiting...
[2024-11-21T13:02:19.648+0000] {extract_google_trends.py:30} INFO - Checked actor run status with status code: 200
[2024-11-21T13:02:19.650+0000] {extract_google_trends.py:88} INFO - Actor is still running for 'sunscreen Azarine'... Waiting...
[2024-11-21T13:02:30.769+0000] {extract_google_trends.py:30} INFO - Checked actor run status with status code: 200
[2024-11-21T13:02:30.770+0000] {extract_google_trends.py:88} INFO - Actor is still running for 'sunscreen Azarine'... Waiting...
[2024-11-21T13:02:41.748+0000] {extract_google_trends.py:30} INFO - Checked actor run status with status code: 200
[2024-11-21T13:02:41.750+0000] {extract_google_trends.py:88} INFO - Actor is still running for 'sunscreen Azarine'... Waiting...
[2024-11-21T13:02:52.871+0000] {extract_google_trends.py:30} INFO - Checked actor run status with status code: 200
[2024-11-21T13:02:52.879+0000] {extract_google_trends.py:88} INFO - Actor is still running for 'sunscreen Azarine'... Waiting...
[2024-11-21T13:03:03.867+0000] {extract_google_trends.py:30} INFO - Checked actor run status with status code: 200
[2024-11-21T13:03:03.868+0000] {extract_google_trends.py:88} INFO - Actor is still running for 'sunscreen Azarine'... Waiting...
[2024-11-21T13:03:14.864+0000] {extract_google_trends.py:30} INFO - Checked actor run status with status code: 200
[2024-11-21T13:03:14.865+0000] {extract_google_trends.py:88} INFO - Actor is still running for 'sunscreen Azarine'... Waiting...
[2024-11-21T13:03:25.958+0000] {extract_google_trends.py:30} INFO - Checked actor run status with status code: 200
[2024-11-21T13:03:25.960+0000] {extract_google_trends.py:88} INFO - Actor is still running for 'sunscreen Azarine'... Waiting...
[2024-11-21T13:03:36.976+0000] {extract_google_trends.py:30} INFO - Checked actor run status with status code: 200
[2024-11-21T13:03:36.980+0000] {extract_google_trends.py:88} INFO - Actor is still running for 'sunscreen Azarine'... Waiting...
[2024-11-21T13:03:47.974+0000] {extract_google_trends.py:30} INFO - Checked actor run status with status code: 200
[2024-11-21T13:03:47.975+0000] {extract_google_trends.py:88} INFO - Actor is still running for 'sunscreen Azarine'... Waiting...
[2024-11-21T13:03:59.136+0000] {extract_google_trends.py:30} INFO - Checked actor run status with status code: 200
[2024-11-21T13:03:59.138+0000] {extract_google_trends.py:88} INFO - Actor is still running for 'sunscreen Azarine'... Waiting...
[2024-11-21T13:04:10.188+0000] {extract_google_trends.py:30} INFO - Checked actor run status with status code: 200
[2024-11-21T13:04:10.190+0000] {extract_google_trends.py:88} INFO - Actor is still running for 'sunscreen Azarine'... Waiting...
[2024-11-21T13:04:21.184+0000] {extract_google_trends.py:30} INFO - Checked actor run status with status code: 200
[2024-11-21T13:04:21.186+0000] {extract_google_trends.py:88} INFO - Actor is still running for 'sunscreen Azarine'... Waiting...
[2024-11-21T13:04:32.168+0000] {extract_google_trends.py:30} INFO - Checked actor run status with status code: 200
[2024-11-21T13:04:32.172+0000] {extract_google_trends.py:88} INFO - Actor is still running for 'sunscreen Azarine'... Waiting...
[2024-11-21T13:04:43.162+0000] {extract_google_trends.py:30} INFO - Checked actor run status with status code: 200
[2024-11-21T13:04:43.172+0000] {extract_google_trends.py:88} INFO - Actor is still running for 'sunscreen Azarine'... Waiting...
[2024-11-21T13:04:54.156+0000] {extract_google_trends.py:30} INFO - Checked actor run status with status code: 200
[2024-11-21T13:04:54.157+0000] {extract_google_trends.py:88} INFO - Actor is still running for 'sunscreen Azarine'... Waiting...
[2024-11-21T13:05:05.145+0000] {extract_google_trends.py:30} INFO - Checked actor run status with status code: 200
[2024-11-21T13:05:05.147+0000] {extract_google_trends.py:88} INFO - Actor is still running for 'sunscreen Azarine'... Waiting...
[2024-11-21T13:05:16.141+0000] {extract_google_trends.py:30} INFO - Checked actor run status with status code: 200
[2024-11-21T13:05:16.144+0000] {extract_google_trends.py:88} INFO - Actor is still running for 'sunscreen Azarine'... Waiting...
[2024-11-21T13:05:27.115+0000] {extract_google_trends.py:30} INFO - Checked actor run status with status code: 200
[2024-11-21T13:05:27.116+0000] {extract_google_trends.py:88} INFO - Actor is still running for 'sunscreen Azarine'... Waiting...
