[2024-11-21T08:27:07.358+0000] {local_task_job_runner.py:123} INFO - ::group::Pre task execution logs
[2024-11-21T08:27:07.421+0000] {taskinstance.py:2613} INFO - Dependencies all met for dep_context=non-requeueable deps ti=<TaskInstance: etl_pipeline.transform_cleaning manual__2024-11-21T08:23:24.375511+00:00 [queued]>
[2024-11-21T08:27:07.437+0000] {taskinstance.py:2613} INFO - Dependencies all met for dep_context=requeueable deps ti=<TaskInstance: etl_pipeline.transform_cleaning manual__2024-11-21T08:23:24.375511+00:00 [queued]>
[2024-11-21T08:27:07.440+0000] {taskinstance.py:2866} INFO - Starting attempt 1 of 1
[2024-11-21T08:27:07.488+0000] {taskinstance.py:2889} INFO - Executing <Task(PythonOperator): transform_cleaning> on 2024-11-21 08:23:24.375511+00:00
[2024-11-21T08:27:07.506+0000] {warnings.py:112} WARNING - /home/***/.local/lib/python3.12/site-packages/***/task/task_runner/standard_task_runner.py:70: DeprecationWarning: This process (pid=1155) is multi-threaded, use of fork() may lead to deadlocks in the child.
  pid = os.fork()

[2024-11-21T08:27:07.516+0000] {standard_task_runner.py:72} INFO - Started process 1161 to run task
[2024-11-21T08:27:07.514+0000] {standard_task_runner.py:104} INFO - Running: ['***', 'tasks', 'run', 'etl_pipeline', 'transform_cleaning', 'manual__2024-11-21T08:23:24.375511+00:00', '--job-id', '153', '--raw', '--subdir', 'DAGS_FOLDER/dag.py', '--cfg-path', '/tmp/tmppc0a4gt4']
[2024-11-21T08:27:07.518+0000] {standard_task_runner.py:105} INFO - Job 153: Subtask transform_cleaning
[2024-11-21T08:27:07.642+0000] {task_command.py:467} INFO - Running <TaskInstance: etl_pipeline.transform_cleaning manual__2024-11-21T08:23:24.375511+00:00 [running]> on host 7a40aa914b11
[2024-11-21T08:27:08.171+0000] {taskinstance.py:3132} INFO - Exporting env vars: AIRFLOW_CTX_DAG_OWNER='***' AIRFLOW_CTX_DAG_ID='etl_pipeline' AIRFLOW_CTX_TASK_ID='transform_cleaning' AIRFLOW_CTX_EXECUTION_DATE='2024-11-21T08:23:24.375511+00:00' AIRFLOW_CTX_TRY_NUMBER='1' AIRFLOW_CTX_DAG_RUN_ID='manual__2024-11-21T08:23:24.375511+00:00'
[2024-11-21T08:27:08.174+0000] {logging_mixin.py:190} INFO - Task instance is in running state
[2024-11-21T08:27:08.174+0000] {logging_mixin.py:190} INFO -  Previous state of the Task instance: queued
[2024-11-21T08:27:08.175+0000] {logging_mixin.py:190} INFO - Current task name:transform_cleaning state:running start_date:2024-11-21 08:27:07.423856+00:00
[2024-11-21T08:27:08.176+0000] {logging_mixin.py:190} INFO - Dag name:etl_pipeline and current dag run status:running
[2024-11-21T08:27:08.177+0000] {taskinstance.py:731} INFO - ::endgroup::
[2024-11-21T08:27:08.178+0000] {logging_mixin.py:190} INFO - Memproses file 'Merged_Sunscreen Azarine.csv'...
[2024-11-21T08:27:08.180+0000] {logging_mixin.py:190} INFO - File tidak ditemukan: dags/hasil data transform/Merged_Sunscreen Azarine.csv
[2024-11-21T08:27:08.181+0000] {logging_mixin.py:190} INFO - Memproses file 'Merged_Sunscreen Skinaqua.csv'...
[2024-11-21T08:27:08.183+0000] {logging_mixin.py:190} INFO - File tidak ditemukan: dags/hasil data transform/Merged_Sunscreen Skinaqua.csv
[2024-11-21T08:27:08.184+0000] {python.py:240} INFO - Done. Returned value was: None
[2024-11-21T08:27:08.197+0000] {taskinstance.py:340} INFO - ::group::Post task execution logs
[2024-11-21T08:27:08.198+0000] {taskinstance.py:352} INFO - Marking task as SUCCESS. dag_id=etl_pipeline, task_id=transform_cleaning, run_id=manual__2024-11-21T08:23:24.375511+00:00, execution_date=20241121T082324, start_date=20241121T082707, end_date=20241121T082708
[2024-11-21T08:27:08.213+0000] {logging_mixin.py:190} INFO - Task instance in success state
[2024-11-21T08:27:08.214+0000] {logging_mixin.py:190} INFO -  Previous state of the Task instance: running
[2024-11-21T08:27:08.214+0000] {logging_mixin.py:190} INFO - Dag name:etl_pipeline queued_at:2024-11-21 08:23:24.637542+00:00
[2024-11-21T08:27:08.215+0000] {logging_mixin.py:190} INFO - Task hostname:7a40aa914b11 operator:PythonOperator
[2024-11-21T08:27:08.260+0000] {local_task_job_runner.py:266} INFO - Task exited with return code 0
[2024-11-21T08:27:08.411+0000] {taskinstance.py:3895} INFO - 1 downstream tasks scheduled from follow-on schedule check
[2024-11-21T08:27:08.419+0000] {local_task_job_runner.py:245} INFO - ::endgroup::
