[2024-11-21T03:39:58.690+0000] {local_task_job_runner.py:123} INFO - ::group::Pre task execution logs
[2024-11-21T03:39:58.718+0000] {taskinstance.py:2613} INFO - Dependencies all met for dep_context=non-requeueable deps ti=<TaskInstance: etl_pipeline.transform_cleaning manual__2024-11-21T03:08:48.754121+00:00 [queued]>
[2024-11-21T03:39:58.727+0000] {taskinstance.py:2613} INFO - Dependencies all met for dep_context=requeueable deps ti=<TaskInstance: etl_pipeline.transform_cleaning manual__2024-11-21T03:08:48.754121+00:00 [queued]>
[2024-11-21T03:39:58.730+0000] {taskinstance.py:2866} INFO - Starting attempt 1 of 1
[2024-11-21T03:39:58.744+0000] {taskinstance.py:2889} INFO - Executing <Task(PythonOperator): transform_cleaning> on 2024-11-21 03:08:48.754121+00:00
[2024-11-21T03:39:58.752+0000] {warnings.py:112} WARNING - /home/***/.local/lib/python3.12/site-packages/***/task/task_runner/standard_task_runner.py:70: DeprecationWarning: This process (pid=870) is multi-threaded, use of fork() may lead to deadlocks in the child.
  pid = os.fork()

[2024-11-21T03:39:58.754+0000] {standard_task_runner.py:72} INFO - Started process 877 to run task
[2024-11-21T03:39:58.754+0000] {standard_task_runner.py:104} INFO - Running: ['***', 'tasks', 'run', 'etl_pipeline', 'transform_cleaning', 'manual__2024-11-21T03:08:48.754121+00:00', '--job-id', '103', '--raw', '--subdir', 'DAGS_FOLDER/dag.py', '--cfg-path', '/tmp/tmpedkms0l3']
[2024-11-21T03:39:58.756+0000] {standard_task_runner.py:105} INFO - Job 103: Subtask transform_cleaning
[2024-11-21T03:39:58.800+0000] {task_command.py:467} INFO - Running <TaskInstance: etl_pipeline.transform_cleaning manual__2024-11-21T03:08:48.754121+00:00 [running]> on host d5003ff2a60e
[2024-11-21T03:39:59.200+0000] {taskinstance.py:3132} INFO - Exporting env vars: AIRFLOW_CTX_DAG_OWNER='***' AIRFLOW_CTX_DAG_ID='etl_pipeline' AIRFLOW_CTX_TASK_ID='transform_cleaning' AIRFLOW_CTX_EXECUTION_DATE='2024-11-21T03:08:48.754121+00:00' AIRFLOW_CTX_TRY_NUMBER='1' AIRFLOW_CTX_DAG_RUN_ID='manual__2024-11-21T03:08:48.754121+00:00'
[2024-11-21T03:39:59.202+0000] {logging_mixin.py:190} INFO - Task instance is in running state
[2024-11-21T03:39:59.203+0000] {logging_mixin.py:190} INFO -  Previous state of the Task instance: queued
[2024-11-21T03:39:59.204+0000] {logging_mixin.py:190} INFO - Current task name:transform_cleaning state:running start_date:2024-11-21 03:39:58.720023+00:00
[2024-11-21T03:39:59.204+0000] {logging_mixin.py:190} INFO - Dag name:etl_pipeline and current dag run status:running
[2024-11-21T03:39:59.205+0000] {taskinstance.py:731} INFO - ::endgroup::
[2024-11-21T03:39:59.206+0000] {logging_mixin.py:190} INFO - Memproses file 'Merged_Sunscreen Azarine.csv'...
[2024-11-21T03:39:59.212+0000] {logging_mixin.py:190} INFO - File tidak ditemukan: /opt/***/dags/etl/dags/hasil data transform/Merged_Sunscreen Azarine.csv
[2024-11-21T03:39:59.213+0000] {logging_mixin.py:190} INFO - Memproses file 'Merged_Sunscreen Skinaqua.csv'...
[2024-11-21T03:39:59.218+0000] {logging_mixin.py:190} INFO - File tidak ditemukan: /opt/***/dags/etl/dags/hasil data transform/Merged_Sunscreen Skinaqua.csv
[2024-11-21T03:39:59.219+0000] {python.py:240} INFO - Done. Returned value was: None
[2024-11-21T03:39:59.228+0000] {taskinstance.py:340} INFO - ::group::Post task execution logs
[2024-11-21T03:39:59.229+0000] {taskinstance.py:352} INFO - Marking task as SUCCESS. dag_id=etl_pipeline, task_id=transform_cleaning, run_id=manual__2024-11-21T03:08:48.754121+00:00, execution_date=20241121T030848, start_date=20241121T033958, end_date=20241121T033959
[2024-11-21T03:39:59.245+0000] {logging_mixin.py:190} INFO - Task instance in success state
[2024-11-21T03:39:59.246+0000] {logging_mixin.py:190} INFO -  Previous state of the Task instance: running
[2024-11-21T03:39:59.247+0000] {logging_mixin.py:190} INFO - Dag name:etl_pipeline queued_at:2024-11-21 03:08:48.926395+00:00
[2024-11-21T03:39:59.247+0000] {logging_mixin.py:190} INFO - Task hostname:d5003ff2a60e operator:PythonOperator
[2024-11-21T03:39:59.293+0000] {local_task_job_runner.py:266} INFO - Task exited with return code 0
[2024-11-21T03:39:59.307+0000] {taskinstance.py:3895} INFO - 0 downstream tasks scheduled from follow-on schedule check
[2024-11-21T03:39:59.311+0000] {local_task_job_runner.py:245} INFO - ::endgroup::
