[2024-11-21T12:39:37.824+0000] {local_task_job_runner.py:123} INFO - ::group::Pre task execution logs
[2024-11-21T12:39:37.840+0000] {taskinstance.py:2613} INFO - Dependencies all met for dep_context=non-requeueable deps ti=<TaskInstance: etl_pipeline.extract_google_trends manual__2024-11-21T12:39:34.953991+00:00 [queued]>
[2024-11-21T12:39:37.848+0000] {taskinstance.py:2613} INFO - Dependencies all met for dep_context=requeueable deps ti=<TaskInstance: etl_pipeline.extract_google_trends manual__2024-11-21T12:39:34.953991+00:00 [queued]>
[2024-11-21T12:39:37.849+0000] {taskinstance.py:2866} INFO - Starting attempt 1 of 1
[2024-11-21T12:39:37.863+0000] {taskinstance.py:2889} INFO - Executing <Task(PythonOperator): extract_google_trends> on 2024-11-21 12:39:34.953991+00:00
[2024-11-21T12:39:37.874+0000] {warnings.py:112} WARNING - /home/***/.local/lib/python3.12/site-packages/***/task/task_runner/standard_task_runner.py:70: DeprecationWarning: This process (pid=4923) is multi-threaded, use of fork() may lead to deadlocks in the child.
  pid = os.fork()

[2024-11-21T12:39:37.877+0000] {standard_task_runner.py:72} INFO - Started process 4929 to run task
[2024-11-21T12:39:37.876+0000] {standard_task_runner.py:104} INFO - Running: ['***', 'tasks', 'run', 'etl_pipeline', 'extract_google_trends', 'manual__2024-11-21T12:39:34.953991+00:00', '--job-id', '286', '--raw', '--subdir', 'DAGS_FOLDER/dag.py', '--cfg-path', '/tmp/tmpe0ur1yho']
[2024-11-21T12:39:37.878+0000] {standard_task_runner.py:105} INFO - Job 286: Subtask extract_google_trends
[2024-11-21T12:39:37.986+0000] {task_command.py:467} INFO - Running <TaskInstance: etl_pipeline.extract_google_trends manual__2024-11-21T12:39:34.953991+00:00 [running]> on host 7a40aa914b11
[2024-11-21T12:39:38.364+0000] {taskinstance.py:3132} INFO - Exporting env vars: AIRFLOW_CTX_DAG_OWNER='***' AIRFLOW_CTX_DAG_ID='etl_pipeline' AIRFLOW_CTX_TASK_ID='extract_google_trends' AIRFLOW_CTX_EXECUTION_DATE='2024-11-21T12:39:34.953991+00:00' AIRFLOW_CTX_TRY_NUMBER='1' AIRFLOW_CTX_DAG_RUN_ID='manual__2024-11-21T12:39:34.953991+00:00'
[2024-11-21T12:39:38.365+0000] {logging_mixin.py:190} INFO - Task instance is in running state
[2024-11-21T12:39:38.366+0000] {logging_mixin.py:190} INFO -  Previous state of the Task instance: queued
[2024-11-21T12:39:38.367+0000] {logging_mixin.py:190} INFO - Current task name:extract_google_trends state:running start_date:2024-11-21 12:39:37.841255+00:00
[2024-11-21T12:39:38.367+0000] {logging_mixin.py:190} INFO - Dag name:etl_pipeline and current dag run status:running
[2024-11-21T12:39:38.368+0000] {taskinstance.py:731} INFO - ::endgroup::
[2024-11-21T12:39:38.372+0000] {extract_google_trends.py:144} INFO - Starting Google Trends data scraping...
[2024-11-21T12:39:38.373+0000] {extract_google_trends.py:56} INFO - Running Apify actor for 'sunscreen skin aqua'...
[2024-11-21T12:39:39.415+0000] {extract_google_trends.py:16} INFO - Sent request to Apify API to run actor with status code: 403
[2024-11-21T12:39:39.417+0000] {extract_google_trends.py:20} ERROR - Error starting actor run: 403 - {
  "error": {
    "type": "actor-disabled",
    "message": "Monthly usage hard limit exceeded. Please upgrade your subscription or contact support@apify.com"
  }
}
[2024-11-21T12:39:39.418+0000] {extract_google_trends.py:75} WARNING - Failed to start actor run for 'sunscreen skin aqua'.
[2024-11-21T12:39:39.419+0000] {extract_google_trends.py:56} INFO - Running Apify actor for 'sunscreen Azarine'...
[2024-11-21T12:39:40.481+0000] {extract_google_trends.py:16} INFO - Sent request to Apify API to run actor with status code: 403
[2024-11-21T12:39:40.482+0000] {extract_google_trends.py:20} ERROR - Error starting actor run: 403 - {
  "error": {
    "type": "actor-disabled",
    "message": "Monthly usage hard limit exceeded. Please upgrade your subscription or contact support@apify.com"
  }
}
[2024-11-21T12:39:40.483+0000] {extract_google_trends.py:75} WARNING - Failed to start actor run for 'sunscreen Azarine'.
[2024-11-21T12:39:40.484+0000] {extract_google_trends.py:146} INFO - Google Trends data scraping completed.
[2024-11-21T12:39:40.485+0000] {python.py:240} INFO - Done. Returned value was: None
[2024-11-21T12:39:40.493+0000] {taskinstance.py:340} INFO - ::group::Post task execution logs
[2024-11-21T12:39:40.494+0000] {taskinstance.py:352} INFO - Marking task as SUCCESS. dag_id=etl_pipeline, task_id=extract_google_trends, run_id=manual__2024-11-21T12:39:34.953991+00:00, execution_date=20241121T123934, start_date=20241121T123937, end_date=20241121T123940
[2024-11-21T12:39:40.506+0000] {logging_mixin.py:190} INFO - Task instance in success state
[2024-11-21T12:39:40.507+0000] {logging_mixin.py:190} INFO -  Previous state of the Task instance: running
[2024-11-21T12:39:40.507+0000] {logging_mixin.py:190} INFO - Dag name:etl_pipeline queued_at:2024-11-21 12:39:35.005122+00:00
[2024-11-21T12:39:40.508+0000] {logging_mixin.py:190} INFO - Task hostname:7a40aa914b11 operator:PythonOperator
[2024-11-21T12:39:40.548+0000] {local_task_job_runner.py:266} INFO - Task exited with return code 0
[2024-11-21T12:39:40.566+0000] {taskinstance.py:3895} INFO - 0 downstream tasks scheduled from follow-on schedule check
[2024-11-21T12:39:40.570+0000] {local_task_job_runner.py:245} INFO - ::endgroup::
