[2024-11-20T15:47:39.059+0000] {local_task_job_runner.py:123} INFO - ::group::Pre task execution logs
[2024-11-20T15:47:39.078+0000] {taskinstance.py:2613} INFO - Dependencies all met for dep_context=non-requeueable deps ti=<TaskInstance: etl_pipeline.transform_female_daily manual__2024-11-20T15:47:36.829271+00:00 [queued]>
[2024-11-20T15:47:39.086+0000] {taskinstance.py:2613} INFO - Dependencies all met for dep_context=requeueable deps ti=<TaskInstance: etl_pipeline.transform_female_daily manual__2024-11-20T15:47:36.829271+00:00 [queued]>
[2024-11-20T15:47:39.088+0000] {taskinstance.py:2866} INFO - Starting attempt 1 of 1
[2024-11-20T15:47:39.098+0000] {taskinstance.py:2889} INFO - Executing <Task(PythonOperator): transform_female_daily> on 2024-11-20 15:47:36.829271+00:00
[2024-11-20T15:47:39.106+0000] {warnings.py:112} WARNING - /home/***/.local/lib/python3.12/site-packages/***/task/task_runner/standard_task_runner.py:70: DeprecationWarning: This process (pid=387) is multi-threaded, use of fork() may lead to deadlocks in the child.
  pid = os.fork()

[2024-11-20T15:47:39.108+0000] {standard_task_runner.py:72} INFO - Started process 389 to run task
[2024-11-20T15:47:39.108+0000] {standard_task_runner.py:104} INFO - Running: ['***', 'tasks', 'run', 'etl_pipeline', 'transform_female_daily', 'manual__2024-11-20T15:47:36.829271+00:00', '--job-id', '19', '--raw', '--subdir', 'DAGS_FOLDER/dag.py', '--cfg-path', '/tmp/tmpfr9rbv_m']
[2024-11-20T15:47:39.109+0000] {standard_task_runner.py:105} INFO - Job 19: Subtask transform_female_daily
[2024-11-20T15:47:39.161+0000] {task_command.py:467} INFO - Running <TaskInstance: etl_pipeline.transform_female_daily manual__2024-11-20T15:47:36.829271+00:00 [running]> on host 5fadb8d48c54
[2024-11-20T15:47:39.393+0000] {taskinstance.py:3132} INFO - Exporting env vars: AIRFLOW_CTX_DAG_OWNER='***' AIRFLOW_CTX_DAG_ID='etl_pipeline' AIRFLOW_CTX_TASK_ID='transform_female_daily' AIRFLOW_CTX_EXECUTION_DATE='2024-11-20T15:47:36.829271+00:00' AIRFLOW_CTX_TRY_NUMBER='1' AIRFLOW_CTX_DAG_RUN_ID='manual__2024-11-20T15:47:36.829271+00:00'
[2024-11-20T15:47:39.395+0000] {logging_mixin.py:190} INFO - Task instance is in running state
[2024-11-20T15:47:39.395+0000] {logging_mixin.py:190} INFO -  Previous state of the Task instance: queued
[2024-11-20T15:47:39.396+0000] {logging_mixin.py:190} INFO - Current task name:transform_female_daily state:running start_date:2024-11-20 15:47:39.079814+00:00
[2024-11-20T15:47:39.397+0000] {logging_mixin.py:190} INFO - Dag name:etl_pipeline and current dag run status:running
[2024-11-20T15:47:39.398+0000] {taskinstance.py:731} INFO - ::endgroup::
[2024-11-20T15:47:39.399+0000] {logging_mixin.py:190} INFO - File tidak ditemukan: FemaleDaily_Review Azarine Calm My Acne Sunscreen Moisturizer.csv
[2024-11-20T15:47:39.400+0000] {logging_mixin.py:190} INFO - File tidak ditemukan: FemaleDaily_Review Azarine Hydramax C Sunscreen Serum.csv
[2024-11-20T15:47:39.401+0000] {logging_mixin.py:190} INFO - File tidak ditemukan: FemaleDaily_Review Azarine Hydrashoote Sunscreen Gel.csv
[2024-11-20T15:47:39.402+0000] {logging_mixin.py:190} INFO - Tidak ada file yang berhasil digabungkan untuk grup: Azarine
[2024-11-20T15:47:39.402+0000] {logging_mixin.py:190} INFO - File tidak ditemukan: FemaleDaily_Review Skinaqua UV Moisture Gel.csv
[2024-11-20T15:47:39.403+0000] {logging_mixin.py:190} INFO - File tidak ditemukan: FemaleDaily_Review Skinaqua UV Moisture Milk.csv
[2024-11-20T15:47:39.404+0000] {logging_mixin.py:190} INFO - File tidak ditemukan: FemaleDaily_Review Skinaqua UV Whitening Milk.csv
[2024-11-20T15:47:39.405+0000] {logging_mixin.py:190} INFO - Tidak ada file yang berhasil digabungkan untuk grup: Skinaqua
[2024-11-20T15:47:39.406+0000] {python.py:240} INFO - Done. Returned value was: None
[2024-11-20T15:47:39.415+0000] {taskinstance.py:340} INFO - ::group::Post task execution logs
[2024-11-20T15:47:39.415+0000] {taskinstance.py:352} INFO - Marking task as SUCCESS. dag_id=etl_pipeline, task_id=transform_female_daily, run_id=manual__2024-11-20T15:47:36.829271+00:00, execution_date=20241120T154736, start_date=20241120T154739, end_date=20241120T154739
[2024-11-20T15:47:39.425+0000] {logging_mixin.py:190} INFO - Task instance in success state
[2024-11-20T15:47:39.426+0000] {logging_mixin.py:190} INFO -  Previous state of the Task instance: running
[2024-11-20T15:47:39.427+0000] {logging_mixin.py:190} INFO - Dag name:etl_pipeline queued_at:2024-11-20 15:47:37.064526+00:00
[2024-11-20T15:47:39.428+0000] {logging_mixin.py:190} INFO - Task hostname:5fadb8d48c54 operator:PythonOperator
[2024-11-20T15:47:39.447+0000] {local_task_job_runner.py:266} INFO - Task exited with return code 0
[2024-11-20T15:47:39.466+0000] {taskinstance.py:3895} INFO - 1 downstream tasks scheduled from follow-on schedule check
[2024-11-20T15:47:39.471+0000] {local_task_job_runner.py:245} INFO - ::endgroup::
