[2024-11-20T15:51:34.073+0000] {local_task_job_runner.py:123} INFO - ::group::Pre task execution logs
[2024-11-20T15:51:34.089+0000] {taskinstance.py:2613} INFO - Dependencies all met for dep_context=non-requeueable deps ti=<TaskInstance: etl_pipeline.transform_female_daily manual__2024-11-20T15:47:36.829271+00:00 [queued]>
[2024-11-20T15:51:34.098+0000] {taskinstance.py:2613} INFO - Dependencies all met for dep_context=requeueable deps ti=<TaskInstance: etl_pipeline.transform_female_daily manual__2024-11-20T15:47:36.829271+00:00 [queued]>
[2024-11-20T15:51:34.100+0000] {taskinstance.py:2866} INFO - Starting attempt 2 of 2
[2024-11-20T15:51:34.113+0000] {taskinstance.py:2889} INFO - Executing <Task(PythonOperator): transform_female_daily> on 2024-11-20 15:47:36.829271+00:00
[2024-11-20T15:51:34.120+0000] {warnings.py:112} WARNING - /home/***/.local/lib/python3.12/site-packages/***/task/task_runner/standard_task_runner.py:70: DeprecationWarning: This process (pid=448) is multi-threaded, use of fork() may lead to deadlocks in the child.
  pid = os.fork()

[2024-11-20T15:51:34.122+0000] {standard_task_runner.py:72} INFO - Started process 450 to run task
[2024-11-20T15:51:34.122+0000] {standard_task_runner.py:104} INFO - Running: ['***', 'tasks', 'run', 'etl_pipeline', 'transform_female_daily', 'manual__2024-11-20T15:47:36.829271+00:00', '--job-id', '22', '--raw', '--subdir', 'DAGS_FOLDER/dag.py', '--cfg-path', '/tmp/tmpf2w30oku']
[2024-11-20T15:51:34.123+0000] {standard_task_runner.py:105} INFO - Job 22: Subtask transform_female_daily
[2024-11-20T15:51:34.169+0000] {task_command.py:467} INFO - Running <TaskInstance: etl_pipeline.transform_female_daily manual__2024-11-20T15:47:36.829271+00:00 [running]> on host 5fadb8d48c54
[2024-11-20T15:51:35.336+0000] {taskinstance.py:3132} INFO - Exporting env vars: AIRFLOW_CTX_DAG_OWNER='***' AIRFLOW_CTX_DAG_ID='etl_pipeline' AIRFLOW_CTX_TASK_ID='transform_female_daily' AIRFLOW_CTX_EXECUTION_DATE='2024-11-20T15:47:36.829271+00:00' AIRFLOW_CTX_TRY_NUMBER='2' AIRFLOW_CTX_DAG_RUN_ID='manual__2024-11-20T15:47:36.829271+00:00'
[2024-11-20T15:51:35.339+0000] {logging_mixin.py:190} INFO - Task instance is in running state
[2024-11-20T15:51:35.340+0000] {logging_mixin.py:190} INFO -  Previous state of the Task instance: queued
[2024-11-20T15:51:35.341+0000] {logging_mixin.py:190} INFO - Current task name:transform_female_daily state:running start_date:2024-11-20 15:51:34.090269+00:00
[2024-11-20T15:51:35.341+0000] {logging_mixin.py:190} INFO - Dag name:etl_pipeline and current dag run status:running
[2024-11-20T15:51:35.342+0000] {taskinstance.py:731} INFO - ::endgroup::
[2024-11-20T15:51:35.346+0000] {logging_mixin.py:190} INFO - File tidak ditemukan: FemaleDaily_Review Azarine Calm My Acne Sunscreen Moisturizer.csv
[2024-11-20T15:51:35.347+0000] {logging_mixin.py:190} INFO - File tidak ditemukan: FemaleDaily_Review Azarine Hydramax C Sunscreen Serum.csv
[2024-11-20T15:51:35.348+0000] {logging_mixin.py:190} INFO - File tidak ditemukan: FemaleDaily_Review Azarine Hydrashoote Sunscreen Gel.csv
[2024-11-20T15:51:35.349+0000] {logging_mixin.py:190} INFO - Tidak ada file yang berhasil digabungkan untuk grup: Azarine
[2024-11-20T15:51:35.350+0000] {logging_mixin.py:190} INFO - File tidak ditemukan: FemaleDaily_Review Skinaqua UV Moisture Gel.csv
[2024-11-20T15:51:35.351+0000] {logging_mixin.py:190} INFO - File tidak ditemukan: FemaleDaily_Review Skinaqua UV Moisture Milk.csv
[2024-11-20T15:51:35.352+0000] {logging_mixin.py:190} INFO - File tidak ditemukan: FemaleDaily_Review Skinaqua UV Whitening Milk.csv
[2024-11-20T15:51:35.353+0000] {logging_mixin.py:190} INFO - Tidak ada file yang berhasil digabungkan untuk grup: Skinaqua
[2024-11-20T15:51:35.353+0000] {python.py:240} INFO - Done. Returned value was: None
[2024-11-20T15:51:35.428+0000] {taskinstance.py:340} INFO - ::group::Post task execution logs
[2024-11-20T15:51:35.429+0000] {taskinstance.py:352} INFO - Marking task as SUCCESS. dag_id=etl_pipeline, task_id=transform_female_daily, run_id=manual__2024-11-20T15:47:36.829271+00:00, execution_date=20241120T154736, start_date=20241120T155134, end_date=20241120T155135
[2024-11-20T15:51:35.450+0000] {logging_mixin.py:190} INFO - Task instance in success state
[2024-11-20T15:51:35.452+0000] {logging_mixin.py:190} INFO -  Previous state of the Task instance: running
[2024-11-20T15:51:35.453+0000] {logging_mixin.py:190} INFO - Dag name:etl_pipeline queued_at:2024-11-20 15:51:31.242335+00:00
[2024-11-20T15:51:35.453+0000] {logging_mixin.py:190} INFO - Task hostname:5fadb8d48c54 operator:PythonOperator
[2024-11-20T15:51:35.505+0000] {local_task_job_runner.py:266} INFO - Task exited with return code 0
[2024-11-20T15:51:35.532+0000] {taskinstance.py:3895} INFO - 1 downstream tasks scheduled from follow-on schedule check
[2024-11-20T15:51:35.536+0000] {local_task_job_runner.py:245} INFO - ::endgroup::
