[2024-11-20T15:51:38.036+0000] {local_task_job_runner.py:123} INFO - ::group::Pre task execution logs
[2024-11-20T15:51:38.051+0000] {taskinstance.py:2613} INFO - Dependencies all met for dep_context=non-requeueable deps ti=<TaskInstance: etl_pipeline.create_table manual__2024-11-20T15:47:36.829271+00:00 [queued]>
[2024-11-20T15:51:38.059+0000] {taskinstance.py:2613} INFO - Dependencies all met for dep_context=requeueable deps ti=<TaskInstance: etl_pipeline.create_table manual__2024-11-20T15:47:36.829271+00:00 [queued]>
[2024-11-20T15:51:38.061+0000] {taskinstance.py:2866} INFO - Starting attempt 2 of 2
[2024-11-20T15:51:38.073+0000] {taskinstance.py:2889} INFO - Executing <Task(PostgresOperator): create_table> on 2024-11-20 15:47:36.829271+00:00
[2024-11-20T15:51:38.081+0000] {warnings.py:112} WARNING - /home/***/.local/lib/python3.12/site-packages/***/task/task_runner/standard_task_runner.py:70: DeprecationWarning: This process (pid=460) is multi-threaded, use of fork() may lead to deadlocks in the child.
  pid = os.fork()

[2024-11-20T15:51:38.083+0000] {standard_task_runner.py:72} INFO - Started process 462 to run task
[2024-11-20T15:51:38.083+0000] {standard_task_runner.py:104} INFO - Running: ['***', 'tasks', 'run', 'etl_pipeline', 'create_table', 'manual__2024-11-20T15:47:36.829271+00:00', '--job-id', '23', '--raw', '--subdir', 'DAGS_FOLDER/dag.py', '--cfg-path', '/tmp/tmp3uxfibux']
[2024-11-20T15:51:38.085+0000] {standard_task_runner.py:105} INFO - Job 23: Subtask create_table
[2024-11-20T15:51:38.169+0000] {task_command.py:467} INFO - Running <TaskInstance: etl_pipeline.create_table manual__2024-11-20T15:47:36.829271+00:00 [running]> on host 5fadb8d48c54
[2024-11-20T15:51:38.428+0000] {taskinstance.py:3132} INFO - Exporting env vars: AIRFLOW_CTX_DAG_OWNER='***' AIRFLOW_CTX_DAG_ID='etl_pipeline' AIRFLOW_CTX_TASK_ID='create_table' AIRFLOW_CTX_EXECUTION_DATE='2024-11-20T15:47:36.829271+00:00' AIRFLOW_CTX_TRY_NUMBER='2' AIRFLOW_CTX_DAG_RUN_ID='manual__2024-11-20T15:47:36.829271+00:00'
[2024-11-20T15:51:38.429+0000] {logging_mixin.py:190} INFO - Task instance is in running state
[2024-11-20T15:51:38.430+0000] {logging_mixin.py:190} INFO -  Previous state of the Task instance: queued
[2024-11-20T15:51:38.431+0000] {logging_mixin.py:190} INFO - Current task name:create_table state:running start_date:2024-11-20 15:51:38.052953+00:00
[2024-11-20T15:51:38.432+0000] {logging_mixin.py:190} INFO - Dag name:etl_pipeline and current dag run status:running
[2024-11-20T15:51:38.433+0000] {taskinstance.py:731} INFO - ::endgroup::
[2024-11-20T15:51:38.434+0000] {sql.py:278} INFO - Executing: 
        CREATE TABLE IF NOT EXISTS female_daily_reviews (
            id SERIAL PRIMARY KEY,
            username TEXT NOT NULL,
            age INTEGER,
            profile_description TEXT,
            date TIMESTAMP,
            review_content TEXT,
            usage_period TEXT,
            purchase_point TEXT,
            recommend BOOLEAN,
            rating_count INTEGER,
            jenis_produk TEXT
        );
        
[2024-11-20T15:51:38.444+0000] {base.py:84} INFO - Retrieving connection 'skincare_connection'
[2024-11-20T15:51:38.452+0000] {base.py:84} INFO - Retrieving connection 'skincare_connection'
[2024-11-20T15:51:38.456+0000] {sql.py:544} INFO - Running statement: 
        CREATE TABLE IF NOT EXISTS female_daily_reviews (
            id SERIAL PRIMARY KEY,
            username TEXT NOT NULL,
            age INTEGER,
            profile_description TEXT,
            date TIMESTAMP,
            review_content TEXT,
            usage_period TEXT,
            purchase_point TEXT,
            recommend BOOLEAN,
            rating_count INTEGER,
            jenis_produk TEXT
        );
        , parameters: None
[2024-11-20T15:51:38.468+0000] {taskinstance.py:340} INFO - ::group::Post task execution logs
[2024-11-20T15:51:38.470+0000] {taskinstance.py:352} INFO - Marking task as SUCCESS. dag_id=etl_pipeline, task_id=create_table, run_id=manual__2024-11-20T15:47:36.829271+00:00, execution_date=20241120T154736, start_date=20241120T155138, end_date=20241120T155138
[2024-11-20T15:51:38.479+0000] {logging_mixin.py:190} INFO - Task instance in success state
[2024-11-20T15:51:38.480+0000] {logging_mixin.py:190} INFO -  Previous state of the Task instance: running
[2024-11-20T15:51:38.481+0000] {logging_mixin.py:190} INFO - Dag name:etl_pipeline queued_at:2024-11-20 15:51:31.242335+00:00
[2024-11-20T15:51:38.482+0000] {logging_mixin.py:190} INFO - Task hostname:5fadb8d48c54 operator:PostgresOperator
[2024-11-20T15:51:38.501+0000] {local_task_job_runner.py:266} INFO - Task exited with return code 0
[2024-11-20T15:51:38.519+0000] {taskinstance.py:3895} INFO - 1 downstream tasks scheduled from follow-on schedule check
[2024-11-20T15:51:38.523+0000] {local_task_job_runner.py:245} INFO - ::endgroup::
