[2024-11-20T19:52:28.770+0000] {local_task_job_runner.py:123} INFO - ::group::Pre task execution logs
[2024-11-20T19:52:28.789+0000] {taskinstance.py:2613} INFO - Dependencies all met for dep_context=non-requeueable deps ti=<TaskInstance: etl_pipeline.load_to_postgres manual__2024-11-20T19:52:14.604027+00:00 [queued]>
[2024-11-20T19:52:28.798+0000] {taskinstance.py:2613} INFO - Dependencies all met for dep_context=requeueable deps ti=<TaskInstance: etl_pipeline.load_to_postgres manual__2024-11-20T19:52:14.604027+00:00 [queued]>
[2024-11-20T19:52:28.799+0000] {taskinstance.py:2866} INFO - Starting attempt 1 of 1
[2024-11-20T19:52:28.816+0000] {taskinstance.py:2889} INFO - Executing <Task(PythonOperator): load_to_postgres> on 2024-11-20 19:52:14.604027+00:00
[2024-11-20T19:52:28.825+0000] {warnings.py:112} WARNING - /home/***/.local/lib/python3.12/site-packages/***/task/task_runner/standard_task_runner.py:70: DeprecationWarning: This process (pid=846) is multi-threaded, use of fork() may lead to deadlocks in the child.
  pid = os.fork()

[2024-11-20T19:52:28.827+0000] {standard_task_runner.py:72} INFO - Started process 855 to run task
[2024-11-20T19:52:28.827+0000] {standard_task_runner.py:104} INFO - Running: ['***', 'tasks', 'run', 'etl_pipeline', 'load_to_postgres', 'manual__2024-11-20T19:52:14.604027+00:00', '--job-id', '73', '--raw', '--subdir', 'DAGS_FOLDER/dag.py', '--cfg-path', '/tmp/tmp8el82sm8']
[2024-11-20T19:52:28.828+0000] {standard_task_runner.py:105} INFO - Job 73: Subtask load_to_postgres
[2024-11-20T19:52:28.883+0000] {task_command.py:467} INFO - Running <TaskInstance: etl_pipeline.load_to_postgres manual__2024-11-20T19:52:14.604027+00:00 [running]> on host 9d6dc26aeebb
[2024-11-20T19:52:29.216+0000] {taskinstance.py:3132} INFO - Exporting env vars: AIRFLOW_CTX_DAG_OWNER='***' AIRFLOW_CTX_DAG_ID='etl_pipeline' AIRFLOW_CTX_TASK_ID='load_to_postgres' AIRFLOW_CTX_EXECUTION_DATE='2024-11-20T19:52:14.604027+00:00' AIRFLOW_CTX_TRY_NUMBER='1' AIRFLOW_CTX_DAG_RUN_ID='manual__2024-11-20T19:52:14.604027+00:00'
[2024-11-20T19:52:29.218+0000] {logging_mixin.py:190} INFO - Task instance is in running state
[2024-11-20T19:52:29.218+0000] {logging_mixin.py:190} INFO -  Previous state of the Task instance: queued
[2024-11-20T19:52:29.219+0000] {logging_mixin.py:190} INFO - Current task name:load_to_postgres state:running start_date:2024-11-20 19:52:28.790377+00:00
[2024-11-20T19:52:29.220+0000] {logging_mixin.py:190} INFO - Dag name:etl_pipeline and current dag run status:running
[2024-11-20T19:52:29.221+0000] {taskinstance.py:731} INFO - ::endgroup::
[2024-11-20T19:52:29.258+0000] {base.py:84} INFO - Retrieving connection 'skincare_connection'
[2024-11-20T19:52:29.264+0000] {load.py:43} ERROR - Error inserting data: column "date" is of type timestamp without time zone but expression is of type double precision
LINE 5: ... '19 - 24', 'Combination, Medium Light, Neutral', 'NaN'::flo...
                                                             ^
HINT:  You will need to rewrite or cast the expression.

[2024-11-20T19:52:29.265+0000] {python.py:240} INFO - Done. Returned value was: None
[2024-11-20T19:52:29.276+0000] {taskinstance.py:340} INFO - ::group::Post task execution logs
[2024-11-20T19:52:29.278+0000] {taskinstance.py:352} INFO - Marking task as SUCCESS. dag_id=etl_pipeline, task_id=load_to_postgres, run_id=manual__2024-11-20T19:52:14.604027+00:00, execution_date=20241120T195214, start_date=20241120T195228, end_date=20241120T195229
[2024-11-20T19:52:29.291+0000] {logging_mixin.py:190} INFO - Task instance in success state
[2024-11-20T19:52:29.292+0000] {logging_mixin.py:190} INFO -  Previous state of the Task instance: running
[2024-11-20T19:52:29.293+0000] {logging_mixin.py:190} INFO - Dag name:etl_pipeline queued_at:2024-11-20 19:52:14.801997+00:00
[2024-11-20T19:52:29.294+0000] {logging_mixin.py:190} INFO - Task hostname:9d6dc26aeebb operator:PythonOperator
[2024-11-20T19:52:29.325+0000] {local_task_job_runner.py:266} INFO - Task exited with return code 0
[2024-11-20T19:52:29.343+0000] {taskinstance.py:3895} INFO - 0 downstream tasks scheduled from follow-on schedule check
[2024-11-20T19:52:29.347+0000] {local_task_job_runner.py:245} INFO - ::endgroup::
