[2024-11-21T10:03:32.899+0000] {local_task_job_runner.py:123} INFO - ::group::Pre task execution logs
[2024-11-21T10:03:32.918+0000] {taskinstance.py:2613} INFO - Dependencies all met for dep_context=non-requeueable deps ti=<TaskInstance: etl_pipeline.transform_cleaning manual__2024-11-21T09:59:14.765844+00:00 [queued]>
[2024-11-21T10:03:32.931+0000] {taskinstance.py:2613} INFO - Dependencies all met for dep_context=requeueable deps ti=<TaskInstance: etl_pipeline.transform_cleaning manual__2024-11-21T09:59:14.765844+00:00 [queued]>
[2024-11-21T10:03:32.933+0000] {taskinstance.py:2866} INFO - Starting attempt 1 of 1
[2024-11-21T10:03:32.953+0000] {taskinstance.py:2889} INFO - Executing <Task(PythonOperator): transform_cleaning> on 2024-11-21 09:59:14.765844+00:00
[2024-11-21T10:03:32.965+0000] {warnings.py:112} WARNING - /home/***/.local/lib/python3.12/site-packages/***/task/task_runner/standard_task_runner.py:70: DeprecationWarning: This process (pid=2545) is multi-threaded, use of fork() may lead to deadlocks in the child.
  pid = os.fork()

[2024-11-21T10:03:32.967+0000] {standard_task_runner.py:72} INFO - Started process 2547 to run task
[2024-11-21T10:03:32.967+0000] {standard_task_runner.py:104} INFO - Running: ['***', 'tasks', 'run', 'etl_pipeline', 'transform_cleaning', 'manual__2024-11-21T09:59:14.765844+00:00', '--job-id', '190', '--raw', '--subdir', 'DAGS_FOLDER/dag.py', '--cfg-path', '/tmp/tmpwbn_c2ir']
[2024-11-21T10:03:32.969+0000] {standard_task_runner.py:105} INFO - Job 190: Subtask transform_cleaning
[2024-11-21T10:03:33.022+0000] {task_command.py:467} INFO - Running <TaskInstance: etl_pipeline.transform_cleaning manual__2024-11-21T09:59:14.765844+00:00 [running]> on host 7a40aa914b11
[2024-11-21T10:03:33.339+0000] {taskinstance.py:3132} INFO - Exporting env vars: AIRFLOW_CTX_DAG_OWNER='***' AIRFLOW_CTX_DAG_ID='etl_pipeline' AIRFLOW_CTX_TASK_ID='transform_cleaning' AIRFLOW_CTX_EXECUTION_DATE='2024-11-21T09:59:14.765844+00:00' AIRFLOW_CTX_TRY_NUMBER='1' AIRFLOW_CTX_DAG_RUN_ID='manual__2024-11-21T09:59:14.765844+00:00'
[2024-11-21T10:03:33.341+0000] {logging_mixin.py:190} INFO - Task instance is in running state
[2024-11-21T10:03:33.341+0000] {logging_mixin.py:190} INFO -  Previous state of the Task instance: queued
[2024-11-21T10:03:33.342+0000] {logging_mixin.py:190} INFO - Current task name:transform_cleaning state:running start_date:2024-11-21 10:03:32.919749+00:00
[2024-11-21T10:03:33.342+0000] {logging_mixin.py:190} INFO - Dag name:etl_pipeline and current dag run status:running
[2024-11-21T10:03:33.343+0000] {taskinstance.py:731} INFO - ::endgroup::
[2024-11-21T10:03:33.343+0000] {logging_mixin.py:190} INFO - Memproses file 'Merged_Sunscreen Azarine.csv'...
[2024-11-21T10:03:33.346+0000] {logging_mixin.py:190} INFO - File tidak ditemukan: dags/hasil data transform/Merged_Sunscreen Azarine.csv
[2024-11-21T10:03:33.347+0000] {logging_mixin.py:190} INFO - Memproses file 'Merged_Sunscreen Skinaqua.csv'...
[2024-11-21T10:03:33.350+0000] {logging_mixin.py:190} INFO - File tidak ditemukan: dags/hasil data transform/Merged_Sunscreen Skinaqua.csv
[2024-11-21T10:03:33.351+0000] {python.py:240} INFO - Done. Returned value was: None
[2024-11-21T10:03:33.361+0000] {taskinstance.py:340} INFO - ::group::Post task execution logs
[2024-11-21T10:03:33.362+0000] {taskinstance.py:352} INFO - Marking task as SUCCESS. dag_id=etl_pipeline, task_id=transform_cleaning, run_id=manual__2024-11-21T09:59:14.765844+00:00, execution_date=20241121T095914, start_date=20241121T100332, end_date=20241121T100333
[2024-11-21T10:03:33.373+0000] {logging_mixin.py:190} INFO - Task instance in success state
[2024-11-21T10:03:33.375+0000] {logging_mixin.py:190} INFO -  Previous state of the Task instance: running
[2024-11-21T10:03:33.375+0000] {logging_mixin.py:190} INFO - Dag name:etl_pipeline queued_at:2024-11-21 09:59:14.867219+00:00
[2024-11-21T10:03:33.376+0000] {logging_mixin.py:190} INFO - Task hostname:7a40aa914b11 operator:PythonOperator
[2024-11-21T10:03:33.426+0000] {local_task_job_runner.py:266} INFO - Task exited with return code 0
[2024-11-21T10:03:33.464+0000] {taskinstance.py:3895} INFO - 1 downstream tasks scheduled from follow-on schedule check
[2024-11-21T10:03:33.469+0000] {local_task_job_runner.py:245} INFO - ::endgroup::
