[2024-11-21T10:35:32.389+0000] {local_task_job_runner.py:123} INFO - ::group::Pre task execution logs
[2024-11-21T10:35:32.411+0000] {taskinstance.py:2613} INFO - Dependencies all met for dep_context=non-requeueable deps ti=<TaskInstance: etl_pipeline.transform_cleaning manual__2024-11-21T10:31:02.360604+00:00 [queued]>
[2024-11-21T10:35:32.422+0000] {taskinstance.py:2613} INFO - Dependencies all met for dep_context=requeueable deps ti=<TaskInstance: etl_pipeline.transform_cleaning manual__2024-11-21T10:31:02.360604+00:00 [queued]>
[2024-11-21T10:35:32.424+0000] {taskinstance.py:2866} INFO - Starting attempt 1 of 1
[2024-11-21T10:35:32.439+0000] {taskinstance.py:2889} INFO - Executing <Task(PythonOperator): transform_cleaning> on 2024-11-21 10:31:02.360604+00:00
[2024-11-21T10:35:32.448+0000] {warnings.py:112} WARNING - /home/***/.local/lib/python3.12/site-packages/***/task/task_runner/standard_task_runner.py:70: DeprecationWarning: This process (pid=3015) is multi-threaded, use of fork() may lead to deadlocks in the child.
  pid = os.fork()

[2024-11-21T10:35:32.450+0000] {standard_task_runner.py:72} INFO - Started process 3017 to run task
[2024-11-21T10:35:32.451+0000] {standard_task_runner.py:104} INFO - Running: ['***', 'tasks', 'run', 'etl_pipeline', 'transform_cleaning', 'manual__2024-11-21T10:31:02.360604+00:00', '--job-id', '206', '--raw', '--subdir', 'DAGS_FOLDER/dag.py', '--cfg-path', '/tmp/tmpl89b9kfr']
[2024-11-21T10:35:32.453+0000] {standard_task_runner.py:105} INFO - Job 206: Subtask transform_cleaning
[2024-11-21T10:35:32.521+0000] {task_command.py:467} INFO - Running <TaskInstance: etl_pipeline.transform_cleaning manual__2024-11-21T10:31:02.360604+00:00 [running]> on host 7a40aa914b11
[2024-11-21T10:35:32.863+0000] {taskinstance.py:3132} INFO - Exporting env vars: AIRFLOW_CTX_DAG_OWNER='***' AIRFLOW_CTX_DAG_ID='etl_pipeline' AIRFLOW_CTX_TASK_ID='transform_cleaning' AIRFLOW_CTX_EXECUTION_DATE='2024-11-21T10:31:02.360604+00:00' AIRFLOW_CTX_TRY_NUMBER='1' AIRFLOW_CTX_DAG_RUN_ID='manual__2024-11-21T10:31:02.360604+00:00'
[2024-11-21T10:35:32.864+0000] {logging_mixin.py:190} INFO - Task instance is in running state
[2024-11-21T10:35:32.864+0000] {logging_mixin.py:190} INFO -  Previous state of the Task instance: queued
[2024-11-21T10:35:32.865+0000] {logging_mixin.py:190} INFO - Current task name:transform_cleaning state:running start_date:2024-11-21 10:35:32.413118+00:00
[2024-11-21T10:35:32.866+0000] {logging_mixin.py:190} INFO - Dag name:etl_pipeline and current dag run status:running
[2024-11-21T10:35:32.867+0000] {taskinstance.py:731} INFO - ::endgroup::
[2024-11-21T10:35:32.867+0000] {logging_mixin.py:190} INFO - Memproses file 'Merged_Sunscreen Azarine.csv'...
[2024-11-21T10:35:32.870+0000] {logging_mixin.py:190} INFO - File tidak ditemukan: dags/hasil data transform/Merged_Sunscreen Azarine.csv
[2024-11-21T10:35:32.870+0000] {logging_mixin.py:190} INFO - Memproses file 'Merged_Sunscreen Skinaqua.csv'...
[2024-11-21T10:35:32.873+0000] {logging_mixin.py:190} INFO - File tidak ditemukan: dags/hasil data transform/Merged_Sunscreen Skinaqua.csv
[2024-11-21T10:35:32.873+0000] {python.py:240} INFO - Done. Returned value was: None
[2024-11-21T10:35:32.885+0000] {taskinstance.py:340} INFO - ::group::Post task execution logs
[2024-11-21T10:35:32.886+0000] {taskinstance.py:352} INFO - Marking task as SUCCESS. dag_id=etl_pipeline, task_id=transform_cleaning, run_id=manual__2024-11-21T10:31:02.360604+00:00, execution_date=20241121T103102, start_date=20241121T103532, end_date=20241121T103532
[2024-11-21T10:35:32.900+0000] {logging_mixin.py:190} INFO - Task instance in success state
[2024-11-21T10:35:32.901+0000] {logging_mixin.py:190} INFO -  Previous state of the Task instance: running
[2024-11-21T10:35:32.902+0000] {logging_mixin.py:190} INFO - Dag name:etl_pipeline queued_at:2024-11-21 10:31:02.559902+00:00
[2024-11-21T10:35:32.903+0000] {logging_mixin.py:190} INFO - Task hostname:7a40aa914b11 operator:PythonOperator
[2024-11-21T10:35:32.948+0000] {local_task_job_runner.py:266} INFO - Task exited with return code 0
[2024-11-21T10:35:32.975+0000] {taskinstance.py:3895} INFO - 1 downstream tasks scheduled from follow-on schedule check
[2024-11-21T10:35:32.979+0000] {local_task_job_runner.py:245} INFO - ::endgroup::
