[2024-11-21T08:27:09.176+0000] {local_task_job_runner.py:123} INFO - ::group::Pre task execution logs
[2024-11-21T08:27:09.200+0000] {taskinstance.py:2613} INFO - Dependencies all met for dep_context=non-requeueable deps ti=<TaskInstance: etl_pipeline.transform_cleaning manual__2024-11-21T08:07:45.849669+00:00 [queued]>
[2024-11-21T08:27:09.217+0000] {taskinstance.py:2613} INFO - Dependencies all met for dep_context=requeueable deps ti=<TaskInstance: etl_pipeline.transform_cleaning manual__2024-11-21T08:07:45.849669+00:00 [queued]>
[2024-11-21T08:27:09.219+0000] {taskinstance.py:2866} INFO - Starting attempt 2 of 2
[2024-11-21T08:27:09.241+0000] {taskinstance.py:2889} INFO - Executing <Task(PythonOperator): transform_cleaning> on 2024-11-21 08:07:45.849669+00:00
[2024-11-21T08:27:09.252+0000] {warnings.py:112} WARNING - /home/***/.local/lib/python3.12/site-packages/***/task/task_runner/standard_task_runner.py:70: DeprecationWarning: This process (pid=1159) is multi-threaded, use of fork() may lead to deadlocks in the child.
  pid = os.fork()

[2024-11-21T08:27:09.254+0000] {standard_task_runner.py:72} INFO - Started process 1165 to run task
[2024-11-21T08:27:09.256+0000] {standard_task_runner.py:104} INFO - Running: ['***', 'tasks', 'run', 'etl_pipeline', 'transform_cleaning', 'manual__2024-11-21T08:07:45.849669+00:00', '--job-id', '154', '--raw', '--subdir', 'DAGS_FOLDER/dag.py', '--cfg-path', '/tmp/tmp2nn5lriq']
[2024-11-21T08:27:09.258+0000] {standard_task_runner.py:105} INFO - Job 154: Subtask transform_cleaning
[2024-11-21T08:27:09.325+0000] {task_command.py:467} INFO - Running <TaskInstance: etl_pipeline.transform_cleaning manual__2024-11-21T08:07:45.849669+00:00 [running]> on host 7a40aa914b11
[2024-11-21T08:27:09.782+0000] {taskinstance.py:3132} INFO - Exporting env vars: AIRFLOW_CTX_DAG_OWNER='***' AIRFLOW_CTX_DAG_ID='etl_pipeline' AIRFLOW_CTX_TASK_ID='transform_cleaning' AIRFLOW_CTX_EXECUTION_DATE='2024-11-21T08:07:45.849669+00:00' AIRFLOW_CTX_TRY_NUMBER='2' AIRFLOW_CTX_DAG_RUN_ID='manual__2024-11-21T08:07:45.849669+00:00'
[2024-11-21T08:27:09.783+0000] {logging_mixin.py:190} INFO - Task instance is in running state
[2024-11-21T08:27:09.784+0000] {logging_mixin.py:190} INFO -  Previous state of the Task instance: queued
[2024-11-21T08:27:09.785+0000] {logging_mixin.py:190} INFO - Current task name:transform_cleaning state:running start_date:2024-11-21 08:27:09.201950+00:00
[2024-11-21T08:27:09.785+0000] {logging_mixin.py:190} INFO - Dag name:etl_pipeline and current dag run status:running
[2024-11-21T08:27:09.786+0000] {taskinstance.py:731} INFO - ::endgroup::
[2024-11-21T08:27:09.787+0000] {logging_mixin.py:190} INFO - Memproses file 'Merged_Sunscreen Azarine.csv'...
[2024-11-21T08:27:09.789+0000] {logging_mixin.py:190} INFO - File tidak ditemukan: dags/hasil data transform/Merged_Sunscreen Azarine.csv
[2024-11-21T08:27:09.791+0000] {logging_mixin.py:190} INFO - Memproses file 'Merged_Sunscreen Skinaqua.csv'...
[2024-11-21T08:27:09.794+0000] {logging_mixin.py:190} INFO - File tidak ditemukan: dags/hasil data transform/Merged_Sunscreen Skinaqua.csv
[2024-11-21T08:27:09.795+0000] {python.py:240} INFO - Done. Returned value was: None
[2024-11-21T08:27:09.803+0000] {taskinstance.py:340} INFO - ::group::Post task execution logs
[2024-11-21T08:27:09.804+0000] {taskinstance.py:352} INFO - Marking task as SUCCESS. dag_id=etl_pipeline, task_id=transform_cleaning, run_id=manual__2024-11-21T08:07:45.849669+00:00, execution_date=20241121T080745, start_date=20241121T082709, end_date=20241121T082709
[2024-11-21T08:27:09.815+0000] {logging_mixin.py:190} INFO - Task instance in success state
[2024-11-21T08:27:09.816+0000] {logging_mixin.py:190} INFO -  Previous state of the Task instance: running
[2024-11-21T08:27:09.818+0000] {logging_mixin.py:190} INFO - Dag name:etl_pipeline queued_at:2024-11-21 08:23:23.068907+00:00
[2024-11-21T08:27:09.818+0000] {logging_mixin.py:190} INFO - Task hostname:7a40aa914b11 operator:PythonOperator
[2024-11-21T08:27:09.835+0000] {local_task_job_runner.py:266} INFO - Task exited with return code 0
[2024-11-21T08:27:09.863+0000] {taskinstance.py:3895} INFO - 1 downstream tasks scheduled from follow-on schedule check
[2024-11-21T08:27:09.867+0000] {local_task_job_runner.py:245} INFO - ::endgroup::
