[2024-11-20T18:48:56.814+0000] {processor.py:186} INFO - Started process (PID=678) to work on /opt/airflow/dags/etl/transform_female_daily.py
[2024-11-20T18:48:56.818+0000] {processor.py:914} INFO - Processing file /opt/airflow/dags/etl/transform_female_daily.py for tasks to queue
[2024-11-20T18:48:56.822+0000] {logging_mixin.py:190} INFO - [2024-11-20T18:48:56.821+0000] {dagbag.py:588} INFO - Filling up the DagBag from /opt/airflow/dags/etl/transform_female_daily.py
[2024-11-20T18:48:56.838+0000] {processor.py:927} WARNING - No viable dags retrieved from /opt/airflow/dags/etl/transform_female_daily.py
[2024-11-20T18:48:56.850+0000] {processor.py:208} INFO - Processing /opt/airflow/dags/etl/transform_female_daily.py took 0.043 seconds
[2024-11-20T18:49:27.110+0000] {processor.py:186} INFO - Started process (PID=743) to work on /opt/airflow/dags/etl/transform_female_daily.py
[2024-11-20T18:49:27.112+0000] {processor.py:914} INFO - Processing file /opt/airflow/dags/etl/transform_female_daily.py for tasks to queue
[2024-11-20T18:49:27.117+0000] {logging_mixin.py:190} INFO - [2024-11-20T18:49:27.117+0000] {dagbag.py:588} INFO - Filling up the DagBag from /opt/airflow/dags/etl/transform_female_daily.py
[2024-11-20T18:49:27.154+0000] {processor.py:927} WARNING - No viable dags retrieved from /opt/airflow/dags/etl/transform_female_daily.py
[2024-11-20T18:49:27.182+0000] {processor.py:208} INFO - Processing /opt/airflow/dags/etl/transform_female_daily.py took 0.080 seconds
[2024-11-20T18:49:57.946+0000] {processor.py:186} INFO - Started process (PID=807) to work on /opt/airflow/dags/etl/transform_female_daily.py
[2024-11-20T18:49:57.947+0000] {processor.py:914} INFO - Processing file /opt/airflow/dags/etl/transform_female_daily.py for tasks to queue
[2024-11-20T18:49:57.950+0000] {logging_mixin.py:190} INFO - [2024-11-20T18:49:57.950+0000] {dagbag.py:588} INFO - Filling up the DagBag from /opt/airflow/dags/etl/transform_female_daily.py
[2024-11-20T18:49:57.979+0000] {processor.py:927} WARNING - No viable dags retrieved from /opt/airflow/dags/etl/transform_female_daily.py
[2024-11-20T18:49:58.007+0000] {processor.py:208} INFO - Processing /opt/airflow/dags/etl/transform_female_daily.py took 0.067 seconds
[2024-11-20T18:50:29.116+0000] {processor.py:186} INFO - Started process (PID=872) to work on /opt/airflow/dags/etl/transform_female_daily.py
[2024-11-20T18:50:29.118+0000] {processor.py:914} INFO - Processing file /opt/airflow/dags/etl/transform_female_daily.py for tasks to queue
[2024-11-20T18:50:29.121+0000] {logging_mixin.py:190} INFO - [2024-11-20T18:50:29.121+0000] {dagbag.py:588} INFO - Filling up the DagBag from /opt/airflow/dags/etl/transform_female_daily.py
[2024-11-20T18:50:29.158+0000] {processor.py:927} WARNING - No viable dags retrieved from /opt/airflow/dags/etl/transform_female_daily.py
[2024-11-20T18:50:29.175+0000] {processor.py:208} INFO - Processing /opt/airflow/dags/etl/transform_female_daily.py took 0.065 seconds
[2024-11-20T18:51:00.120+0000] {processor.py:186} INFO - Started process (PID=942) to work on /opt/airflow/dags/etl/transform_female_daily.py
[2024-11-20T18:51:00.121+0000] {processor.py:914} INFO - Processing file /opt/airflow/dags/etl/transform_female_daily.py for tasks to queue
[2024-11-20T18:51:00.129+0000] {logging_mixin.py:190} INFO - [2024-11-20T18:51:00.124+0000] {dagbag.py:588} INFO - Filling up the DagBag from /opt/airflow/dags/etl/transform_female_daily.py
[2024-11-20T18:51:00.154+0000] {processor.py:927} WARNING - No viable dags retrieved from /opt/airflow/dags/etl/transform_female_daily.py
[2024-11-20T18:51:00.174+0000] {processor.py:208} INFO - Processing /opt/airflow/dags/etl/transform_female_daily.py took 0.062 seconds
[2024-11-20T18:51:30.849+0000] {processor.py:186} INFO - Started process (PID=1005) to work on /opt/airflow/dags/etl/transform_female_daily.py
[2024-11-20T18:51:30.852+0000] {processor.py:914} INFO - Processing file /opt/airflow/dags/etl/transform_female_daily.py for tasks to queue
[2024-11-20T18:51:30.856+0000] {logging_mixin.py:190} INFO - [2024-11-20T18:51:30.856+0000] {dagbag.py:588} INFO - Filling up the DagBag from /opt/airflow/dags/etl/transform_female_daily.py
[2024-11-20T18:51:30.911+0000] {processor.py:927} WARNING - No viable dags retrieved from /opt/airflow/dags/etl/transform_female_daily.py
[2024-11-20T18:51:30.937+0000] {processor.py:208} INFO - Processing /opt/airflow/dags/etl/transform_female_daily.py took 0.099 seconds
[2024-11-20T18:52:02.020+0000] {processor.py:186} INFO - Started process (PID=1070) to work on /opt/airflow/dags/etl/transform_female_daily.py
[2024-11-20T18:52:02.023+0000] {processor.py:914} INFO - Processing file /opt/airflow/dags/etl/transform_female_daily.py for tasks to queue
[2024-11-20T18:52:02.027+0000] {logging_mixin.py:190} INFO - [2024-11-20T18:52:02.027+0000] {dagbag.py:588} INFO - Filling up the DagBag from /opt/airflow/dags/etl/transform_female_daily.py
[2024-11-20T18:52:02.083+0000] {processor.py:927} WARNING - No viable dags retrieved from /opt/airflow/dags/etl/transform_female_daily.py
[2024-11-20T18:52:02.111+0000] {processor.py:208} INFO - Processing /opt/airflow/dags/etl/transform_female_daily.py took 0.101 seconds
[2024-11-20T18:52:32.877+0000] {processor.py:186} INFO - Started process (PID=1135) to work on /opt/airflow/dags/etl/transform_female_daily.py
[2024-11-20T18:52:32.878+0000] {processor.py:914} INFO - Processing file /opt/airflow/dags/etl/transform_female_daily.py for tasks to queue
[2024-11-20T18:52:32.881+0000] {logging_mixin.py:190} INFO - [2024-11-20T18:52:32.881+0000] {dagbag.py:588} INFO - Filling up the DagBag from /opt/airflow/dags/etl/transform_female_daily.py
[2024-11-20T18:52:32.899+0000] {processor.py:927} WARNING - No viable dags retrieved from /opt/airflow/dags/etl/transform_female_daily.py
[2024-11-20T18:52:32.913+0000] {processor.py:208} INFO - Processing /opt/airflow/dags/etl/transform_female_daily.py took 0.043 seconds
[2024-11-20T18:53:03.278+0000] {processor.py:186} INFO - Started process (PID=1200) to work on /opt/airflow/dags/etl/transform_female_daily.py
[2024-11-20T18:53:03.280+0000] {processor.py:914} INFO - Processing file /opt/airflow/dags/etl/transform_female_daily.py for tasks to queue
[2024-11-20T18:53:03.284+0000] {logging_mixin.py:190} INFO - [2024-11-20T18:53:03.284+0000] {dagbag.py:588} INFO - Filling up the DagBag from /opt/airflow/dags/etl/transform_female_daily.py
[2024-11-20T18:53:03.330+0000] {processor.py:927} WARNING - No viable dags retrieved from /opt/airflow/dags/etl/transform_female_daily.py
[2024-11-20T18:53:03.357+0000] {processor.py:208} INFO - Processing /opt/airflow/dags/etl/transform_female_daily.py took 0.091 seconds
[2024-11-20T18:53:33.747+0000] {processor.py:186} INFO - Started process (PID=1265) to work on /opt/airflow/dags/etl/transform_female_daily.py
[2024-11-20T18:53:33.749+0000] {processor.py:914} INFO - Processing file /opt/airflow/dags/etl/transform_female_daily.py for tasks to queue
[2024-11-20T18:53:33.753+0000] {logging_mixin.py:190} INFO - [2024-11-20T18:53:33.752+0000] {dagbag.py:588} INFO - Filling up the DagBag from /opt/airflow/dags/etl/transform_female_daily.py
[2024-11-20T18:53:33.805+0000] {processor.py:927} WARNING - No viable dags retrieved from /opt/airflow/dags/etl/transform_female_daily.py
[2024-11-20T18:53:33.834+0000] {processor.py:208} INFO - Processing /opt/airflow/dags/etl/transform_female_daily.py took 0.096 seconds
[2024-11-20T18:54:04.780+0000] {processor.py:186} INFO - Started process (PID=1330) to work on /opt/airflow/dags/etl/transform_female_daily.py
[2024-11-20T18:54:04.782+0000] {processor.py:914} INFO - Processing file /opt/airflow/dags/etl/transform_female_daily.py for tasks to queue
[2024-11-20T18:54:04.785+0000] {logging_mixin.py:190} INFO - [2024-11-20T18:54:04.784+0000] {dagbag.py:588} INFO - Filling up the DagBag from /opt/airflow/dags/etl/transform_female_daily.py
[2024-11-20T18:54:04.815+0000] {processor.py:927} WARNING - No viable dags retrieved from /opt/airflow/dags/etl/transform_female_daily.py
[2024-11-20T18:54:04.828+0000] {processor.py:208} INFO - Processing /opt/airflow/dags/etl/transform_female_daily.py took 0.053 seconds
[2024-11-20T18:54:35.807+0000] {processor.py:186} INFO - Started process (PID=1395) to work on /opt/airflow/dags/etl/transform_female_daily.py
[2024-11-20T18:54:35.809+0000] {processor.py:914} INFO - Processing file /opt/airflow/dags/etl/transform_female_daily.py for tasks to queue
[2024-11-20T18:54:35.814+0000] {logging_mixin.py:190} INFO - [2024-11-20T18:54:35.813+0000] {dagbag.py:588} INFO - Filling up the DagBag from /opt/airflow/dags/etl/transform_female_daily.py
[2024-11-20T18:54:35.875+0000] {processor.py:927} WARNING - No viable dags retrieved from /opt/airflow/dags/etl/transform_female_daily.py
[2024-11-20T18:54:35.891+0000] {processor.py:208} INFO - Processing /opt/airflow/dags/etl/transform_female_daily.py took 0.092 seconds
[2024-11-20T18:55:06.897+0000] {processor.py:186} INFO - Started process (PID=1460) to work on /opt/airflow/dags/etl/transform_female_daily.py
[2024-11-20T18:55:06.899+0000] {processor.py:914} INFO - Processing file /opt/airflow/dags/etl/transform_female_daily.py for tasks to queue
[2024-11-20T18:55:06.903+0000] {logging_mixin.py:190} INFO - [2024-11-20T18:55:06.902+0000] {dagbag.py:588} INFO - Filling up the DagBag from /opt/airflow/dags/etl/transform_female_daily.py
[2024-11-20T18:55:06.960+0000] {processor.py:927} WARNING - No viable dags retrieved from /opt/airflow/dags/etl/transform_female_daily.py
[2024-11-20T18:55:06.983+0000] {processor.py:208} INFO - Processing /opt/airflow/dags/etl/transform_female_daily.py took 0.095 seconds
[2024-11-20T18:55:37.245+0000] {processor.py:186} INFO - Started process (PID=1525) to work on /opt/airflow/dags/etl/transform_female_daily.py
[2024-11-20T18:55:37.246+0000] {processor.py:914} INFO - Processing file /opt/airflow/dags/etl/transform_female_daily.py for tasks to queue
[2024-11-20T18:55:37.249+0000] {logging_mixin.py:190} INFO - [2024-11-20T18:55:37.249+0000] {dagbag.py:588} INFO - Filling up the DagBag from /opt/airflow/dags/etl/transform_female_daily.py
[2024-11-20T18:55:37.266+0000] {processor.py:927} WARNING - No viable dags retrieved from /opt/airflow/dags/etl/transform_female_daily.py
[2024-11-20T18:55:37.281+0000] {processor.py:208} INFO - Processing /opt/airflow/dags/etl/transform_female_daily.py took 0.042 seconds
[2024-11-20T18:55:39.301+0000] {processor.py:186} INFO - Started process (PID=1526) to work on /opt/airflow/dags/etl/transform_female_daily.py
[2024-11-20T18:55:39.302+0000] {processor.py:914} INFO - Processing file /opt/airflow/dags/etl/transform_female_daily.py for tasks to queue
[2024-11-20T18:55:39.305+0000] {logging_mixin.py:190} INFO - [2024-11-20T18:55:39.305+0000] {dagbag.py:588} INFO - Filling up the DagBag from /opt/airflow/dags/etl/transform_female_daily.py
[2024-11-20T18:55:39.320+0000] {logging_mixin.py:190} INFO - [2024-11-20T18:55:39.319+0000] {dagbag.py:366} INFO - File /opt/airflow/dags/etl/transform_female_daily.py assumed to contain no DAGs. Skipping.
[2024-11-20T18:55:39.320+0000] {processor.py:927} WARNING - No viable dags retrieved from /opt/airflow/dags/etl/transform_female_daily.py
[2024-11-20T18:55:39.333+0000] {processor.py:208} INFO - Processing /opt/airflow/dags/etl/transform_female_daily.py took 0.038 seconds
[2024-11-20T18:56:10.041+0000] {processor.py:186} INFO - Started process (PID=1591) to work on /opt/airflow/dags/etl/transform_female_daily.py
[2024-11-20T18:56:10.043+0000] {processor.py:914} INFO - Processing file /opt/airflow/dags/etl/transform_female_daily.py for tasks to queue
[2024-11-20T18:56:10.046+0000] {logging_mixin.py:190} INFO - [2024-11-20T18:56:10.046+0000] {dagbag.py:588} INFO - Filling up the DagBag from /opt/airflow/dags/etl/transform_female_daily.py
[2024-11-20T18:56:10.082+0000] {logging_mixin.py:190} INFO - [2024-11-20T18:56:10.081+0000] {dagbag.py:366} INFO - File /opt/airflow/dags/etl/transform_female_daily.py assumed to contain no DAGs. Skipping.
[2024-11-20T18:56:10.083+0000] {processor.py:927} WARNING - No viable dags retrieved from /opt/airflow/dags/etl/transform_female_daily.py
[2024-11-20T18:56:10.102+0000] {processor.py:208} INFO - Processing /opt/airflow/dags/etl/transform_female_daily.py took 0.067 seconds
[2024-11-20T18:56:40.278+0000] {processor.py:186} INFO - Started process (PID=1656) to work on /opt/airflow/dags/etl/transform_female_daily.py
[2024-11-20T18:56:40.280+0000] {processor.py:914} INFO - Processing file /opt/airflow/dags/etl/transform_female_daily.py for tasks to queue
[2024-11-20T18:56:40.282+0000] {logging_mixin.py:190} INFO - [2024-11-20T18:56:40.282+0000] {dagbag.py:588} INFO - Filling up the DagBag from /opt/airflow/dags/etl/transform_female_daily.py
[2024-11-20T18:56:40.301+0000] {logging_mixin.py:190} INFO - [2024-11-20T18:56:40.301+0000] {dagbag.py:366} INFO - File /opt/airflow/dags/etl/transform_female_daily.py assumed to contain no DAGs. Skipping.
[2024-11-20T18:56:40.302+0000] {processor.py:927} WARNING - No viable dags retrieved from /opt/airflow/dags/etl/transform_female_daily.py
[2024-11-20T18:56:40.321+0000] {processor.py:208} INFO - Processing /opt/airflow/dags/etl/transform_female_daily.py took 0.050 seconds
[2024-11-20T19:08:26.156+0000] {processor.py:186} INFO - Started process (PID=1305) to work on /opt/airflow/dags/etl/transform_female_daily.py
[2024-11-20T19:08:26.159+0000] {processor.py:914} INFO - Processing file /opt/airflow/dags/etl/transform_female_daily.py for tasks to queue
[2024-11-20T19:08:26.162+0000] {logging_mixin.py:190} INFO - [2024-11-20T19:08:26.162+0000] {dagbag.py:588} INFO - Filling up the DagBag from /opt/airflow/dags/etl/transform_female_daily.py
[2024-11-20T19:08:26.218+0000] {processor.py:927} WARNING - No viable dags retrieved from /opt/airflow/dags/etl/transform_female_daily.py
[2024-11-20T19:08:26.230+0000] {processor.py:208} INFO - Processing /opt/airflow/dags/etl/transform_female_daily.py took 0.080 seconds
[2024-11-20T19:08:56.568+0000] {processor.py:186} INFO - Started process (PID=1376) to work on /opt/airflow/dags/etl/transform_female_daily.py
[2024-11-20T19:08:56.570+0000] {processor.py:914} INFO - Processing file /opt/airflow/dags/etl/transform_female_daily.py for tasks to queue
[2024-11-20T19:08:56.574+0000] {logging_mixin.py:190} INFO - [2024-11-20T19:08:56.573+0000] {dagbag.py:588} INFO - Filling up the DagBag from /opt/airflow/dags/etl/transform_female_daily.py
[2024-11-20T19:08:56.620+0000] {processor.py:927} WARNING - No viable dags retrieved from /opt/airflow/dags/etl/transform_female_daily.py
[2024-11-20T19:08:56.643+0000] {processor.py:208} INFO - Processing /opt/airflow/dags/etl/transform_female_daily.py took 0.082 seconds
[2024-11-20T19:09:27.200+0000] {processor.py:186} INFO - Started process (PID=1441) to work on /opt/airflow/dags/etl/transform_female_daily.py
[2024-11-20T19:09:27.202+0000] {processor.py:914} INFO - Processing file /opt/airflow/dags/etl/transform_female_daily.py for tasks to queue
[2024-11-20T19:09:27.205+0000] {logging_mixin.py:190} INFO - [2024-11-20T19:09:27.205+0000] {dagbag.py:588} INFO - Filling up the DagBag from /opt/airflow/dags/etl/transform_female_daily.py
[2024-11-20T19:09:27.263+0000] {processor.py:927} WARNING - No viable dags retrieved from /opt/airflow/dags/etl/transform_female_daily.py
[2024-11-20T19:09:27.278+0000] {processor.py:208} INFO - Processing /opt/airflow/dags/etl/transform_female_daily.py took 0.084 seconds
[2024-11-20T19:09:57.559+0000] {processor.py:186} INFO - Started process (PID=1506) to work on /opt/airflow/dags/etl/transform_female_daily.py
[2024-11-20T19:09:57.560+0000] {processor.py:914} INFO - Processing file /opt/airflow/dags/etl/transform_female_daily.py for tasks to queue
[2024-11-20T19:09:57.564+0000] {logging_mixin.py:190} INFO - [2024-11-20T19:09:57.563+0000] {dagbag.py:588} INFO - Filling up the DagBag from /opt/airflow/dags/etl/transform_female_daily.py
[2024-11-20T19:09:57.599+0000] {processor.py:927} WARNING - No viable dags retrieved from /opt/airflow/dags/etl/transform_female_daily.py
[2024-11-20T19:09:57.614+0000] {processor.py:208} INFO - Processing /opt/airflow/dags/etl/transform_female_daily.py took 0.061 seconds
[2024-11-20T19:10:28.427+0000] {processor.py:186} INFO - Started process (PID=1571) to work on /opt/airflow/dags/etl/transform_female_daily.py
[2024-11-20T19:10:28.429+0000] {processor.py:914} INFO - Processing file /opt/airflow/dags/etl/transform_female_daily.py for tasks to queue
[2024-11-20T19:10:28.434+0000] {logging_mixin.py:190} INFO - [2024-11-20T19:10:28.433+0000] {dagbag.py:588} INFO - Filling up the DagBag from /opt/airflow/dags/etl/transform_female_daily.py
[2024-11-20T19:10:28.502+0000] {processor.py:927} WARNING - No viable dags retrieved from /opt/airflow/dags/etl/transform_female_daily.py
[2024-11-20T19:10:28.522+0000] {processor.py:208} INFO - Processing /opt/airflow/dags/etl/transform_female_daily.py took 0.103 seconds
[2024-11-20T19:10:58.930+0000] {processor.py:186} INFO - Started process (PID=1636) to work on /opt/airflow/dags/etl/transform_female_daily.py
[2024-11-20T19:10:58.933+0000] {processor.py:914} INFO - Processing file /opt/airflow/dags/etl/transform_female_daily.py for tasks to queue
[2024-11-20T19:10:58.938+0000] {logging_mixin.py:190} INFO - [2024-11-20T19:10:58.937+0000] {dagbag.py:588} INFO - Filling up the DagBag from /opt/airflow/dags/etl/transform_female_daily.py
[2024-11-20T19:10:58.999+0000] {processor.py:927} WARNING - No viable dags retrieved from /opt/airflow/dags/etl/transform_female_daily.py
[2024-11-20T19:10:59.026+0000] {processor.py:208} INFO - Processing /opt/airflow/dags/etl/transform_female_daily.py took 0.107 seconds
[2024-11-20T19:11:29.402+0000] {processor.py:186} INFO - Started process (PID=1701) to work on /opt/airflow/dags/etl/transform_female_daily.py
[2024-11-20T19:11:29.405+0000] {processor.py:914} INFO - Processing file /opt/airflow/dags/etl/transform_female_daily.py for tasks to queue
[2024-11-20T19:11:29.410+0000] {logging_mixin.py:190} INFO - [2024-11-20T19:11:29.409+0000] {dagbag.py:588} INFO - Filling up the DagBag from /opt/airflow/dags/etl/transform_female_daily.py
[2024-11-20T19:11:29.486+0000] {processor.py:927} WARNING - No viable dags retrieved from /opt/airflow/dags/etl/transform_female_daily.py
[2024-11-20T19:11:29.511+0000] {processor.py:208} INFO - Processing /opt/airflow/dags/etl/transform_female_daily.py took 0.121 seconds
[2024-11-20T19:11:59.911+0000] {processor.py:186} INFO - Started process (PID=1766) to work on /opt/airflow/dags/etl/transform_female_daily.py
[2024-11-20T19:11:59.913+0000] {processor.py:914} INFO - Processing file /opt/airflow/dags/etl/transform_female_daily.py for tasks to queue
[2024-11-20T19:11:59.918+0000] {logging_mixin.py:190} INFO - [2024-11-20T19:11:59.918+0000] {dagbag.py:588} INFO - Filling up the DagBag from /opt/airflow/dags/etl/transform_female_daily.py
[2024-11-20T19:11:59.988+0000] {processor.py:927} WARNING - No viable dags retrieved from /opt/airflow/dags/etl/transform_female_daily.py
[2024-11-20T19:12:00.016+0000] {processor.py:208} INFO - Processing /opt/airflow/dags/etl/transform_female_daily.py took 0.117 seconds
[2024-11-20T19:12:30.917+0000] {processor.py:186} INFO - Started process (PID=1830) to work on /opt/airflow/dags/etl/transform_female_daily.py
[2024-11-20T19:12:30.920+0000] {processor.py:914} INFO - Processing file /opt/airflow/dags/etl/transform_female_daily.py for tasks to queue
[2024-11-20T19:12:30.925+0000] {logging_mixin.py:190} INFO - [2024-11-20T19:12:30.924+0000] {dagbag.py:588} INFO - Filling up the DagBag from /opt/airflow/dags/etl/transform_female_daily.py
[2024-11-20T19:12:30.962+0000] {processor.py:927} WARNING - No viable dags retrieved from /opt/airflow/dags/etl/transform_female_daily.py
[2024-11-20T19:12:30.985+0000] {processor.py:208} INFO - Processing /opt/airflow/dags/etl/transform_female_daily.py took 0.087 seconds
[2024-11-20T19:13:01.658+0000] {processor.py:186} INFO - Started process (PID=1895) to work on /opt/airflow/dags/etl/transform_female_daily.py
[2024-11-20T19:13:01.659+0000] {processor.py:914} INFO - Processing file /opt/airflow/dags/etl/transform_female_daily.py for tasks to queue
[2024-11-20T19:13:01.662+0000] {logging_mixin.py:190} INFO - [2024-11-20T19:13:01.662+0000] {dagbag.py:588} INFO - Filling up the DagBag from /opt/airflow/dags/etl/transform_female_daily.py
[2024-11-20T19:13:01.688+0000] {processor.py:927} WARNING - No viable dags retrieved from /opt/airflow/dags/etl/transform_female_daily.py
[2024-11-20T19:13:01.700+0000] {processor.py:208} INFO - Processing /opt/airflow/dags/etl/transform_female_daily.py took 0.049 seconds
[2024-11-20T19:13:32.169+0000] {processor.py:186} INFO - Started process (PID=1960) to work on /opt/airflow/dags/etl/transform_female_daily.py
[2024-11-20T19:13:32.171+0000] {processor.py:914} INFO - Processing file /opt/airflow/dags/etl/transform_female_daily.py for tasks to queue
[2024-11-20T19:13:32.175+0000] {logging_mixin.py:190} INFO - [2024-11-20T19:13:32.175+0000] {dagbag.py:588} INFO - Filling up the DagBag from /opt/airflow/dags/etl/transform_female_daily.py
[2024-11-20T19:13:32.245+0000] {processor.py:927} WARNING - No viable dags retrieved from /opt/airflow/dags/etl/transform_female_daily.py
[2024-11-20T19:13:32.269+0000] {processor.py:208} INFO - Processing /opt/airflow/dags/etl/transform_female_daily.py took 0.110 seconds
[2024-11-20T19:14:02.886+0000] {processor.py:186} INFO - Started process (PID=2025) to work on /opt/airflow/dags/etl/transform_female_daily.py
[2024-11-20T19:14:02.888+0000] {processor.py:914} INFO - Processing file /opt/airflow/dags/etl/transform_female_daily.py for tasks to queue
[2024-11-20T19:14:02.893+0000] {logging_mixin.py:190} INFO - [2024-11-20T19:14:02.892+0000] {dagbag.py:588} INFO - Filling up the DagBag from /opt/airflow/dags/etl/transform_female_daily.py
[2024-11-20T19:14:02.932+0000] {processor.py:927} WARNING - No viable dags retrieved from /opt/airflow/dags/etl/transform_female_daily.py
[2024-11-20T19:14:02.955+0000] {processor.py:208} INFO - Processing /opt/airflow/dags/etl/transform_female_daily.py took 0.079 seconds
[2024-11-20T19:14:33.537+0000] {processor.py:186} INFO - Started process (PID=2090) to work on /opt/airflow/dags/etl/transform_female_daily.py
[2024-11-20T19:14:33.541+0000] {processor.py:914} INFO - Processing file /opt/airflow/dags/etl/transform_female_daily.py for tasks to queue
[2024-11-20T19:14:33.545+0000] {logging_mixin.py:190} INFO - [2024-11-20T19:14:33.544+0000] {dagbag.py:588} INFO - Filling up the DagBag from /opt/airflow/dags/etl/transform_female_daily.py
[2024-11-20T19:14:33.591+0000] {processor.py:927} WARNING - No viable dags retrieved from /opt/airflow/dags/etl/transform_female_daily.py
[2024-11-20T19:14:33.616+0000] {processor.py:208} INFO - Processing /opt/airflow/dags/etl/transform_female_daily.py took 0.091 seconds
[2024-11-20T19:15:03.955+0000] {processor.py:186} INFO - Started process (PID=2156) to work on /opt/airflow/dags/etl/transform_female_daily.py
[2024-11-20T19:15:03.957+0000] {processor.py:914} INFO - Processing file /opt/airflow/dags/etl/transform_female_daily.py for tasks to queue
[2024-11-20T19:15:03.961+0000] {logging_mixin.py:190} INFO - [2024-11-20T19:15:03.961+0000] {dagbag.py:588} INFO - Filling up the DagBag from /opt/airflow/dags/etl/transform_female_daily.py
[2024-11-20T19:15:04.028+0000] {processor.py:927} WARNING - No viable dags retrieved from /opt/airflow/dags/etl/transform_female_daily.py
[2024-11-20T19:15:04.048+0000] {processor.py:208} INFO - Processing /opt/airflow/dags/etl/transform_female_daily.py took 0.102 seconds
[2024-11-20T19:15:34.355+0000] {processor.py:186} INFO - Started process (PID=2221) to work on /opt/airflow/dags/etl/transform_female_daily.py
[2024-11-20T19:15:34.356+0000] {processor.py:914} INFO - Processing file /opt/airflow/dags/etl/transform_female_daily.py for tasks to queue
[2024-11-20T19:15:34.359+0000] {logging_mixin.py:190} INFO - [2024-11-20T19:15:34.359+0000] {dagbag.py:588} INFO - Filling up the DagBag from /opt/airflow/dags/etl/transform_female_daily.py
[2024-11-20T19:15:34.418+0000] {processor.py:927} WARNING - No viable dags retrieved from /opt/airflow/dags/etl/transform_female_daily.py
[2024-11-20T19:15:34.441+0000] {processor.py:208} INFO - Processing /opt/airflow/dags/etl/transform_female_daily.py took 0.093 seconds
[2024-11-20T19:16:04.843+0000] {processor.py:186} INFO - Started process (PID=2286) to work on /opt/airflow/dags/etl/transform_female_daily.py
[2024-11-20T19:16:04.844+0000] {processor.py:914} INFO - Processing file /opt/airflow/dags/etl/transform_female_daily.py for tasks to queue
[2024-11-20T19:16:04.847+0000] {logging_mixin.py:190} INFO - [2024-11-20T19:16:04.846+0000] {dagbag.py:588} INFO - Filling up the DagBag from /opt/airflow/dags/etl/transform_female_daily.py
[2024-11-20T19:16:04.882+0000] {processor.py:927} WARNING - No viable dags retrieved from /opt/airflow/dags/etl/transform_female_daily.py
[2024-11-20T19:16:04.897+0000] {processor.py:208} INFO - Processing /opt/airflow/dags/etl/transform_female_daily.py took 0.060 seconds
[2024-11-20T19:16:35.972+0000] {processor.py:186} INFO - Started process (PID=2351) to work on /opt/airflow/dags/etl/transform_female_daily.py
[2024-11-20T19:16:35.974+0000] {processor.py:914} INFO - Processing file /opt/airflow/dags/etl/transform_female_daily.py for tasks to queue
[2024-11-20T19:16:35.977+0000] {logging_mixin.py:190} INFO - [2024-11-20T19:16:35.977+0000] {dagbag.py:588} INFO - Filling up the DagBag from /opt/airflow/dags/etl/transform_female_daily.py
[2024-11-20T19:16:36.013+0000] {processor.py:927} WARNING - No viable dags retrieved from /opt/airflow/dags/etl/transform_female_daily.py
[2024-11-20T19:16:36.028+0000] {processor.py:208} INFO - Processing /opt/airflow/dags/etl/transform_female_daily.py took 0.063 seconds
[2024-11-20T19:17:06.534+0000] {processor.py:186} INFO - Started process (PID=2416) to work on /opt/airflow/dags/etl/transform_female_daily.py
[2024-11-20T19:17:06.535+0000] {processor.py:914} INFO - Processing file /opt/airflow/dags/etl/transform_female_daily.py for tasks to queue
[2024-11-20T19:17:06.538+0000] {logging_mixin.py:190} INFO - [2024-11-20T19:17:06.538+0000] {dagbag.py:588} INFO - Filling up the DagBag from /opt/airflow/dags/etl/transform_female_daily.py
[2024-11-20T19:17:06.562+0000] {processor.py:927} WARNING - No viable dags retrieved from /opt/airflow/dags/etl/transform_female_daily.py
[2024-11-20T19:17:06.575+0000] {processor.py:208} INFO - Processing /opt/airflow/dags/etl/transform_female_daily.py took 0.047 seconds
[2024-11-20T19:17:36.858+0000] {processor.py:186} INFO - Started process (PID=2481) to work on /opt/airflow/dags/etl/transform_female_daily.py
[2024-11-20T19:17:36.860+0000] {processor.py:914} INFO - Processing file /opt/airflow/dags/etl/transform_female_daily.py for tasks to queue
[2024-11-20T19:17:36.863+0000] {logging_mixin.py:190} INFO - [2024-11-20T19:17:36.862+0000] {dagbag.py:588} INFO - Filling up the DagBag from /opt/airflow/dags/etl/transform_female_daily.py
[2024-11-20T19:17:36.913+0000] {processor.py:927} WARNING - No viable dags retrieved from /opt/airflow/dags/etl/transform_female_daily.py
[2024-11-20T19:17:36.928+0000] {processor.py:208} INFO - Processing /opt/airflow/dags/etl/transform_female_daily.py took 0.076 seconds
[2024-11-20T19:18:07.932+0000] {processor.py:186} INFO - Started process (PID=2546) to work on /opt/airflow/dags/etl/transform_female_daily.py
[2024-11-20T19:18:07.933+0000] {processor.py:914} INFO - Processing file /opt/airflow/dags/etl/transform_female_daily.py for tasks to queue
[2024-11-20T19:18:07.936+0000] {logging_mixin.py:190} INFO - [2024-11-20T19:18:07.936+0000] {dagbag.py:588} INFO - Filling up the DagBag from /opt/airflow/dags/etl/transform_female_daily.py
[2024-11-20T19:18:07.973+0000] {processor.py:927} WARNING - No viable dags retrieved from /opt/airflow/dags/etl/transform_female_daily.py
[2024-11-20T19:18:07.991+0000] {processor.py:208} INFO - Processing /opt/airflow/dags/etl/transform_female_daily.py took 0.065 seconds
[2024-11-20T19:18:38.678+0000] {processor.py:186} INFO - Started process (PID=2611) to work on /opt/airflow/dags/etl/transform_female_daily.py
[2024-11-20T19:18:38.679+0000] {processor.py:914} INFO - Processing file /opt/airflow/dags/etl/transform_female_daily.py for tasks to queue
[2024-11-20T19:18:38.682+0000] {logging_mixin.py:190} INFO - [2024-11-20T19:18:38.682+0000] {dagbag.py:588} INFO - Filling up the DagBag from /opt/airflow/dags/etl/transform_female_daily.py
[2024-11-20T19:18:38.729+0000] {processor.py:927} WARNING - No viable dags retrieved from /opt/airflow/dags/etl/transform_female_daily.py
[2024-11-20T19:18:38.744+0000] {processor.py:208} INFO - Processing /opt/airflow/dags/etl/transform_female_daily.py took 0.073 seconds
[2024-11-20T19:19:09.775+0000] {processor.py:186} INFO - Started process (PID=2676) to work on /opt/airflow/dags/etl/transform_female_daily.py
[2024-11-20T19:19:09.776+0000] {processor.py:914} INFO - Processing file /opt/airflow/dags/etl/transform_female_daily.py for tasks to queue
[2024-11-20T19:19:09.779+0000] {logging_mixin.py:190} INFO - [2024-11-20T19:19:09.779+0000] {dagbag.py:588} INFO - Filling up the DagBag from /opt/airflow/dags/etl/transform_female_daily.py
[2024-11-20T19:19:09.845+0000] {processor.py:927} WARNING - No viable dags retrieved from /opt/airflow/dags/etl/transform_female_daily.py
[2024-11-20T19:19:09.866+0000] {processor.py:208} INFO - Processing /opt/airflow/dags/etl/transform_female_daily.py took 0.099 seconds
[2024-11-20T19:19:40.162+0000] {processor.py:186} INFO - Started process (PID=2741) to work on /opt/airflow/dags/etl/transform_female_daily.py
[2024-11-20T19:19:40.165+0000] {processor.py:914} INFO - Processing file /opt/airflow/dags/etl/transform_female_daily.py for tasks to queue
[2024-11-20T19:19:40.169+0000] {logging_mixin.py:190} INFO - [2024-11-20T19:19:40.169+0000] {dagbag.py:588} INFO - Filling up the DagBag from /opt/airflow/dags/etl/transform_female_daily.py
[2024-11-20T19:19:40.242+0000] {processor.py:927} WARNING - No viable dags retrieved from /opt/airflow/dags/etl/transform_female_daily.py
[2024-11-20T19:19:40.265+0000] {processor.py:208} INFO - Processing /opt/airflow/dags/etl/transform_female_daily.py took 0.113 seconds
[2024-11-20T19:20:10.391+0000] {processor.py:186} INFO - Started process (PID=2806) to work on /opt/airflow/dags/etl/transform_female_daily.py
[2024-11-20T19:20:10.393+0000] {processor.py:914} INFO - Processing file /opt/airflow/dags/etl/transform_female_daily.py for tasks to queue
[2024-11-20T19:20:10.397+0000] {logging_mixin.py:190} INFO - [2024-11-20T19:20:10.397+0000] {dagbag.py:588} INFO - Filling up the DagBag from /opt/airflow/dags/etl/transform_female_daily.py
[2024-11-20T19:20:10.453+0000] {processor.py:927} WARNING - No viable dags retrieved from /opt/airflow/dags/etl/transform_female_daily.py
[2024-11-20T19:20:10.475+0000] {processor.py:208} INFO - Processing /opt/airflow/dags/etl/transform_female_daily.py took 0.094 seconds
[2024-11-20T19:20:41.288+0000] {processor.py:186} INFO - Started process (PID=2871) to work on /opt/airflow/dags/etl/transform_female_daily.py
[2024-11-20T19:20:41.290+0000] {processor.py:914} INFO - Processing file /opt/airflow/dags/etl/transform_female_daily.py for tasks to queue
[2024-11-20T19:20:41.293+0000] {logging_mixin.py:190} INFO - [2024-11-20T19:20:41.292+0000] {dagbag.py:588} INFO - Filling up the DagBag from /opt/airflow/dags/etl/transform_female_daily.py
[2024-11-20T19:20:41.357+0000] {processor.py:927} WARNING - No viable dags retrieved from /opt/airflow/dags/etl/transform_female_daily.py
[2024-11-20T19:20:41.378+0000] {processor.py:208} INFO - Processing /opt/airflow/dags/etl/transform_female_daily.py took 0.097 seconds
[2024-11-20T19:21:12.253+0000] {processor.py:186} INFO - Started process (PID=2936) to work on /opt/airflow/dags/etl/transform_female_daily.py
[2024-11-20T19:21:12.255+0000] {processor.py:914} INFO - Processing file /opt/airflow/dags/etl/transform_female_daily.py for tasks to queue
[2024-11-20T19:21:12.258+0000] {logging_mixin.py:190} INFO - [2024-11-20T19:21:12.258+0000] {dagbag.py:588} INFO - Filling up the DagBag from /opt/airflow/dags/etl/transform_female_daily.py
[2024-11-20T19:21:12.288+0000] {processor.py:927} WARNING - No viable dags retrieved from /opt/airflow/dags/etl/transform_female_daily.py
[2024-11-20T19:21:12.304+0000] {processor.py:208} INFO - Processing /opt/airflow/dags/etl/transform_female_daily.py took 0.055 seconds
[2024-11-20T19:21:43.175+0000] {processor.py:186} INFO - Started process (PID=3001) to work on /opt/airflow/dags/etl/transform_female_daily.py
[2024-11-20T19:21:43.176+0000] {processor.py:914} INFO - Processing file /opt/airflow/dags/etl/transform_female_daily.py for tasks to queue
[2024-11-20T19:21:43.179+0000] {logging_mixin.py:190} INFO - [2024-11-20T19:21:43.178+0000] {dagbag.py:588} INFO - Filling up the DagBag from /opt/airflow/dags/etl/transform_female_daily.py
[2024-11-20T19:21:43.214+0000] {processor.py:927} WARNING - No viable dags retrieved from /opt/airflow/dags/etl/transform_female_daily.py
[2024-11-20T19:21:43.228+0000] {processor.py:208} INFO - Processing /opt/airflow/dags/etl/transform_female_daily.py took 0.058 seconds
[2024-11-20T19:22:13.961+0000] {processor.py:186} INFO - Started process (PID=3066) to work on /opt/airflow/dags/etl/transform_female_daily.py
[2024-11-20T19:22:13.965+0000] {processor.py:914} INFO - Processing file /opt/airflow/dags/etl/transform_female_daily.py for tasks to queue
[2024-11-20T19:22:13.972+0000] {logging_mixin.py:190} INFO - [2024-11-20T19:22:13.970+0000] {dagbag.py:588} INFO - Filling up the DagBag from /opt/airflow/dags/etl/transform_female_daily.py
[2024-11-20T19:22:14.048+0000] {processor.py:927} WARNING - No viable dags retrieved from /opt/airflow/dags/etl/transform_female_daily.py
[2024-11-20T19:22:14.076+0000] {processor.py:208} INFO - Processing /opt/airflow/dags/etl/transform_female_daily.py took 0.133 seconds
[2024-11-20T19:22:34.230+0000] {processor.py:186} INFO - Started process (PID=3087) to work on /opt/airflow/dags/etl/transform_female_daily.py
[2024-11-20T19:22:34.231+0000] {processor.py:914} INFO - Processing file /opt/airflow/dags/etl/transform_female_daily.py for tasks to queue
[2024-11-20T19:22:34.234+0000] {logging_mixin.py:190} INFO - [2024-11-20T19:22:34.234+0000] {dagbag.py:588} INFO - Filling up the DagBag from /opt/airflow/dags/etl/transform_female_daily.py
[2024-11-20T19:22:34.318+0000] {processor.py:927} WARNING - No viable dags retrieved from /opt/airflow/dags/etl/transform_female_daily.py
[2024-11-20T19:22:34.334+0000] {processor.py:208} INFO - Processing /opt/airflow/dags/etl/transform_female_daily.py took 0.110 seconds
[2024-11-20T19:23:04.451+0000] {processor.py:186} INFO - Started process (PID=3151) to work on /opt/airflow/dags/etl/transform_female_daily.py
[2024-11-20T19:23:04.453+0000] {processor.py:914} INFO - Processing file /opt/airflow/dags/etl/transform_female_daily.py for tasks to queue
[2024-11-20T19:23:04.456+0000] {logging_mixin.py:190} INFO - [2024-11-20T19:23:04.456+0000] {dagbag.py:588} INFO - Filling up the DagBag from /opt/airflow/dags/etl/transform_female_daily.py
[2024-11-20T19:23:04.489+0000] {processor.py:927} WARNING - No viable dags retrieved from /opt/airflow/dags/etl/transform_female_daily.py
[2024-11-20T19:23:04.502+0000] {processor.py:208} INFO - Processing /opt/airflow/dags/etl/transform_female_daily.py took 0.060 seconds
[2024-11-20T19:23:34.728+0000] {processor.py:186} INFO - Started process (PID=3215) to work on /opt/airflow/dags/etl/transform_female_daily.py
[2024-11-20T19:23:34.731+0000] {processor.py:914} INFO - Processing file /opt/airflow/dags/etl/transform_female_daily.py for tasks to queue
[2024-11-20T19:23:34.734+0000] {logging_mixin.py:190} INFO - [2024-11-20T19:23:34.733+0000] {dagbag.py:588} INFO - Filling up the DagBag from /opt/airflow/dags/etl/transform_female_daily.py
[2024-11-20T19:23:34.777+0000] {processor.py:927} WARNING - No viable dags retrieved from /opt/airflow/dags/etl/transform_female_daily.py
[2024-11-20T19:23:34.794+0000] {processor.py:208} INFO - Processing /opt/airflow/dags/etl/transform_female_daily.py took 0.072 seconds
[2024-11-20T19:24:04.973+0000] {processor.py:186} INFO - Started process (PID=3277) to work on /opt/airflow/dags/etl/transform_female_daily.py
[2024-11-20T19:24:04.974+0000] {processor.py:914} INFO - Processing file /opt/airflow/dags/etl/transform_female_daily.py for tasks to queue
[2024-11-20T19:24:04.977+0000] {logging_mixin.py:190} INFO - [2024-11-20T19:24:04.977+0000] {dagbag.py:588} INFO - Filling up the DagBag from /opt/airflow/dags/etl/transform_female_daily.py
[2024-11-20T19:24:05.014+0000] {processor.py:927} WARNING - No viable dags retrieved from /opt/airflow/dags/etl/transform_female_daily.py
[2024-11-20T19:24:05.029+0000] {processor.py:208} INFO - Processing /opt/airflow/dags/etl/transform_female_daily.py took 0.061 seconds
[2024-11-20T19:24:36.037+0000] {processor.py:186} INFO - Started process (PID=3342) to work on /opt/airflow/dags/etl/transform_female_daily.py
[2024-11-20T19:24:36.039+0000] {processor.py:914} INFO - Processing file /opt/airflow/dags/etl/transform_female_daily.py for tasks to queue
[2024-11-20T19:24:36.043+0000] {logging_mixin.py:190} INFO - [2024-11-20T19:24:36.042+0000] {dagbag.py:588} INFO - Filling up the DagBag from /opt/airflow/dags/etl/transform_female_daily.py
[2024-11-20T19:24:36.077+0000] {processor.py:927} WARNING - No viable dags retrieved from /opt/airflow/dags/etl/transform_female_daily.py
[2024-11-20T19:24:36.124+0000] {processor.py:208} INFO - Processing /opt/airflow/dags/etl/transform_female_daily.py took 0.095 seconds
[2024-11-20T19:25:06.273+0000] {processor.py:186} INFO - Started process (PID=3403) to work on /opt/airflow/dags/etl/transform_female_daily.py
[2024-11-20T19:25:06.275+0000] {processor.py:914} INFO - Processing file /opt/airflow/dags/etl/transform_female_daily.py for tasks to queue
[2024-11-20T19:25:06.281+0000] {logging_mixin.py:190} INFO - [2024-11-20T19:25:06.280+0000] {dagbag.py:588} INFO - Filling up the DagBag from /opt/airflow/dags/etl/transform_female_daily.py
[2024-11-20T19:25:06.331+0000] {processor.py:927} WARNING - No viable dags retrieved from /opt/airflow/dags/etl/transform_female_daily.py
[2024-11-20T19:25:06.349+0000] {processor.py:208} INFO - Processing /opt/airflow/dags/etl/transform_female_daily.py took 0.082 seconds
[2024-11-20T19:25:36.944+0000] {processor.py:186} INFO - Started process (PID=3468) to work on /opt/airflow/dags/etl/transform_female_daily.py
[2024-11-20T19:25:36.945+0000] {processor.py:914} INFO - Processing file /opt/airflow/dags/etl/transform_female_daily.py for tasks to queue
[2024-11-20T19:25:36.948+0000] {logging_mixin.py:190} INFO - [2024-11-20T19:25:36.948+0000] {dagbag.py:588} INFO - Filling up the DagBag from /opt/airflow/dags/etl/transform_female_daily.py
[2024-11-20T19:25:36.994+0000] {processor.py:927} WARNING - No viable dags retrieved from /opt/airflow/dags/etl/transform_female_daily.py
[2024-11-20T19:25:37.023+0000] {processor.py:208} INFO - Processing /opt/airflow/dags/etl/transform_female_daily.py took 0.086 seconds
[2024-11-20T19:26:07.623+0000] {processor.py:186} INFO - Started process (PID=3533) to work on /opt/airflow/dags/etl/transform_female_daily.py
[2024-11-20T19:26:07.624+0000] {processor.py:914} INFO - Processing file /opt/airflow/dags/etl/transform_female_daily.py for tasks to queue
[2024-11-20T19:26:07.628+0000] {logging_mixin.py:190} INFO - [2024-11-20T19:26:07.628+0000] {dagbag.py:588} INFO - Filling up the DagBag from /opt/airflow/dags/etl/transform_female_daily.py
[2024-11-20T19:26:07.673+0000] {processor.py:927} WARNING - No viable dags retrieved from /opt/airflow/dags/etl/transform_female_daily.py
[2024-11-20T19:26:07.692+0000] {processor.py:208} INFO - Processing /opt/airflow/dags/etl/transform_female_daily.py took 0.077 seconds
[2024-11-20T19:26:38.596+0000] {processor.py:186} INFO - Started process (PID=3598) to work on /opt/airflow/dags/etl/transform_female_daily.py
[2024-11-20T19:26:38.597+0000] {processor.py:914} INFO - Processing file /opt/airflow/dags/etl/transform_female_daily.py for tasks to queue
[2024-11-20T19:26:38.601+0000] {logging_mixin.py:190} INFO - [2024-11-20T19:26:38.600+0000] {dagbag.py:588} INFO - Filling up the DagBag from /opt/airflow/dags/etl/transform_female_daily.py
[2024-11-20T19:26:38.635+0000] {processor.py:927} WARNING - No viable dags retrieved from /opt/airflow/dags/etl/transform_female_daily.py
[2024-11-20T19:26:38.648+0000] {processor.py:208} INFO - Processing /opt/airflow/dags/etl/transform_female_daily.py took 0.058 seconds
[2024-11-20T19:26:43.217+0000] {processor.py:186} INFO - Started process (PID=3620) to work on /opt/airflow/dags/etl/transform_female_daily.py
[2024-11-20T19:26:43.218+0000] {processor.py:914} INFO - Processing file /opt/airflow/dags/etl/transform_female_daily.py for tasks to queue
[2024-11-20T19:26:43.221+0000] {logging_mixin.py:190} INFO - [2024-11-20T19:26:43.220+0000] {dagbag.py:588} INFO - Filling up the DagBag from /opt/airflow/dags/etl/transform_female_daily.py
[2024-11-20T19:26:43.298+0000] {processor.py:927} WARNING - No viable dags retrieved from /opt/airflow/dags/etl/transform_female_daily.py
[2024-11-20T19:26:43.314+0000] {processor.py:208} INFO - Processing /opt/airflow/dags/etl/transform_female_daily.py took 0.103 seconds
[2024-11-20T19:27:06.896+0000] {processor.py:186} INFO - Started process (PID=3663) to work on /opt/airflow/dags/etl/transform_female_daily.py
[2024-11-20T19:27:06.897+0000] {processor.py:914} INFO - Processing file /opt/airflow/dags/etl/transform_female_daily.py for tasks to queue
[2024-11-20T19:27:06.901+0000] {logging_mixin.py:190} INFO - [2024-11-20T19:27:06.900+0000] {dagbag.py:588} INFO - Filling up the DagBag from /opt/airflow/dags/etl/transform_female_daily.py
[2024-11-20T19:27:06.999+0000] {processor.py:927} WARNING - No viable dags retrieved from /opt/airflow/dags/etl/transform_female_daily.py
[2024-11-20T19:27:07.019+0000] {processor.py:208} INFO - Processing /opt/airflow/dags/etl/transform_female_daily.py took 0.131 seconds
[2024-11-20T19:27:37.361+0000] {processor.py:186} INFO - Started process (PID=3728) to work on /opt/airflow/dags/etl/transform_female_daily.py
[2024-11-20T19:27:37.367+0000] {processor.py:914} INFO - Processing file /opt/airflow/dags/etl/transform_female_daily.py for tasks to queue
[2024-11-20T19:27:37.379+0000] {logging_mixin.py:190} INFO - [2024-11-20T19:27:37.377+0000] {dagbag.py:588} INFO - Filling up the DagBag from /opt/airflow/dags/etl/transform_female_daily.py
[2024-11-20T19:27:37.427+0000] {processor.py:927} WARNING - No viable dags retrieved from /opt/airflow/dags/etl/transform_female_daily.py
[2024-11-20T19:27:37.465+0000] {processor.py:208} INFO - Processing /opt/airflow/dags/etl/transform_female_daily.py took 0.127 seconds
[2024-11-20T19:28:07.772+0000] {processor.py:186} INFO - Started process (PID=3793) to work on /opt/airflow/dags/etl/transform_female_daily.py
[2024-11-20T19:28:07.774+0000] {processor.py:914} INFO - Processing file /opt/airflow/dags/etl/transform_female_daily.py for tasks to queue
[2024-11-20T19:28:07.777+0000] {logging_mixin.py:190} INFO - [2024-11-20T19:28:07.776+0000] {dagbag.py:588} INFO - Filling up the DagBag from /opt/airflow/dags/etl/transform_female_daily.py
[2024-11-20T19:28:07.825+0000] {processor.py:927} WARNING - No viable dags retrieved from /opt/airflow/dags/etl/transform_female_daily.py
[2024-11-20T19:28:07.841+0000] {processor.py:208} INFO - Processing /opt/airflow/dags/etl/transform_female_daily.py took 0.076 seconds
[2024-11-20T19:28:38.721+0000] {processor.py:186} INFO - Started process (PID=3858) to work on /opt/airflow/dags/etl/transform_female_daily.py
[2024-11-20T19:28:38.723+0000] {processor.py:914} INFO - Processing file /opt/airflow/dags/etl/transform_female_daily.py for tasks to queue
[2024-11-20T19:28:38.726+0000] {logging_mixin.py:190} INFO - [2024-11-20T19:28:38.726+0000] {dagbag.py:588} INFO - Filling up the DagBag from /opt/airflow/dags/etl/transform_female_daily.py
[2024-11-20T19:28:38.777+0000] {processor.py:927} WARNING - No viable dags retrieved from /opt/airflow/dags/etl/transform_female_daily.py
[2024-11-20T19:28:38.802+0000] {processor.py:208} INFO - Processing /opt/airflow/dags/etl/transform_female_daily.py took 0.087 seconds
[2024-11-20T19:29:09.468+0000] {processor.py:186} INFO - Started process (PID=3923) to work on /opt/airflow/dags/etl/transform_female_daily.py
[2024-11-20T19:29:09.470+0000] {processor.py:914} INFO - Processing file /opt/airflow/dags/etl/transform_female_daily.py for tasks to queue
[2024-11-20T19:29:09.473+0000] {logging_mixin.py:190} INFO - [2024-11-20T19:29:09.472+0000] {dagbag.py:588} INFO - Filling up the DagBag from /opt/airflow/dags/etl/transform_female_daily.py
[2024-11-20T19:29:09.512+0000] {processor.py:927} WARNING - No viable dags retrieved from /opt/airflow/dags/etl/transform_female_daily.py
[2024-11-20T19:29:09.525+0000] {processor.py:208} INFO - Processing /opt/airflow/dags/etl/transform_female_daily.py took 0.062 seconds
[2024-11-20T19:29:33.978+0000] {processor.py:186} INFO - Started process (PID=3984) to work on /opt/airflow/dags/etl/transform_female_daily.py
[2024-11-20T19:29:33.980+0000] {processor.py:914} INFO - Processing file /opt/airflow/dags/etl/transform_female_daily.py for tasks to queue
[2024-11-20T19:29:33.983+0000] {logging_mixin.py:190} INFO - [2024-11-20T19:29:33.983+0000] {dagbag.py:588} INFO - Filling up the DagBag from /opt/airflow/dags/etl/transform_female_daily.py
[2024-11-20T19:29:34.070+0000] {processor.py:927} WARNING - No viable dags retrieved from /opt/airflow/dags/etl/transform_female_daily.py
[2024-11-20T19:29:34.086+0000] {processor.py:208} INFO - Processing /opt/airflow/dags/etl/transform_female_daily.py took 0.115 seconds
[2024-11-20T19:29:55.852+0000] {processor.py:186} INFO - Started process (PID=4042) to work on /opt/airflow/dags/etl/transform_female_daily.py
[2024-11-20T19:29:55.854+0000] {processor.py:914} INFO - Processing file /opt/airflow/dags/etl/transform_female_daily.py for tasks to queue
[2024-11-20T19:29:55.857+0000] {logging_mixin.py:190} INFO - [2024-11-20T19:29:55.857+0000] {dagbag.py:588} INFO - Filling up the DagBag from /opt/airflow/dags/etl/transform_female_daily.py
[2024-11-20T19:29:55.914+0000] {processor.py:927} WARNING - No viable dags retrieved from /opt/airflow/dags/etl/transform_female_daily.py
[2024-11-20T19:29:55.929+0000] {processor.py:208} INFO - Processing /opt/airflow/dags/etl/transform_female_daily.py took 0.082 seconds
[2024-11-20T19:30:26.737+0000] {processor.py:186} INFO - Started process (PID=4100) to work on /opt/airflow/dags/etl/transform_female_daily.py
[2024-11-20T19:30:26.739+0000] {processor.py:914} INFO - Processing file /opt/airflow/dags/etl/transform_female_daily.py for tasks to queue
[2024-11-20T19:30:26.743+0000] {logging_mixin.py:190} INFO - [2024-11-20T19:30:26.742+0000] {dagbag.py:588} INFO - Filling up the DagBag from /opt/airflow/dags/etl/transform_female_daily.py
[2024-11-20T19:30:26.808+0000] {processor.py:927} WARNING - No viable dags retrieved from /opt/airflow/dags/etl/transform_female_daily.py
[2024-11-20T19:30:26.827+0000] {processor.py:208} INFO - Processing /opt/airflow/dags/etl/transform_female_daily.py took 0.097 seconds
[2024-11-20T19:30:48.646+0000] {processor.py:186} INFO - Started process (PID=4139) to work on /opt/airflow/dags/etl/transform_female_daily.py
[2024-11-20T19:30:48.647+0000] {processor.py:914} INFO - Processing file /opt/airflow/dags/etl/transform_female_daily.py for tasks to queue
[2024-11-20T19:30:48.650+0000] {logging_mixin.py:190} INFO - [2024-11-20T19:30:48.650+0000] {dagbag.py:588} INFO - Filling up the DagBag from /opt/airflow/dags/etl/transform_female_daily.py
[2024-11-20T19:30:48.732+0000] {processor.py:927} WARNING - No viable dags retrieved from /opt/airflow/dags/etl/transform_female_daily.py
[2024-11-20T19:30:48.748+0000] {processor.py:208} INFO - Processing /opt/airflow/dags/etl/transform_female_daily.py took 0.108 seconds
[2024-11-20T19:31:19.409+0000] {processor.py:186} INFO - Started process (PID=4204) to work on /opt/airflow/dags/etl/transform_female_daily.py
[2024-11-20T19:31:19.414+0000] {processor.py:914} INFO - Processing file /opt/airflow/dags/etl/transform_female_daily.py for tasks to queue
[2024-11-20T19:31:19.422+0000] {logging_mixin.py:190} INFO - [2024-11-20T19:31:19.422+0000] {dagbag.py:588} INFO - Filling up the DagBag from /opt/airflow/dags/etl/transform_female_daily.py
[2024-11-20T19:31:19.467+0000] {processor.py:927} WARNING - No viable dags retrieved from /opt/airflow/dags/etl/transform_female_daily.py
[2024-11-20T19:31:19.491+0000] {processor.py:208} INFO - Processing /opt/airflow/dags/etl/transform_female_daily.py took 0.098 seconds
[2024-11-20T19:31:49.876+0000] {processor.py:186} INFO - Started process (PID=4269) to work on /opt/airflow/dags/etl/transform_female_daily.py
[2024-11-20T19:31:49.877+0000] {processor.py:914} INFO - Processing file /opt/airflow/dags/etl/transform_female_daily.py for tasks to queue
[2024-11-20T19:31:49.880+0000] {logging_mixin.py:190} INFO - [2024-11-20T19:31:49.880+0000] {dagbag.py:588} INFO - Filling up the DagBag from /opt/airflow/dags/etl/transform_female_daily.py
[2024-11-20T19:31:49.928+0000] {processor.py:927} WARNING - No viable dags retrieved from /opt/airflow/dags/etl/transform_female_daily.py
[2024-11-20T19:31:49.944+0000] {processor.py:208} INFO - Processing /opt/airflow/dags/etl/transform_female_daily.py took 0.074 seconds
[2024-11-20T19:32:20.110+0000] {processor.py:186} INFO - Started process (PID=4334) to work on /opt/airflow/dags/etl/transform_female_daily.py
[2024-11-20T19:32:20.113+0000] {processor.py:914} INFO - Processing file /opt/airflow/dags/etl/transform_female_daily.py for tasks to queue
[2024-11-20T19:32:20.116+0000] {logging_mixin.py:190} INFO - [2024-11-20T19:32:20.116+0000] {dagbag.py:588} INFO - Filling up the DagBag from /opt/airflow/dags/etl/transform_female_daily.py
[2024-11-20T19:32:20.162+0000] {processor.py:927} WARNING - No viable dags retrieved from /opt/airflow/dags/etl/transform_female_daily.py
[2024-11-20T19:32:20.181+0000] {processor.py:208} INFO - Processing /opt/airflow/dags/etl/transform_female_daily.py took 0.081 seconds
[2024-11-20T19:32:50.917+0000] {processor.py:186} INFO - Started process (PID=4399) to work on /opt/airflow/dags/etl/transform_female_daily.py
[2024-11-20T19:32:50.918+0000] {processor.py:914} INFO - Processing file /opt/airflow/dags/etl/transform_female_daily.py for tasks to queue
[2024-11-20T19:32:50.921+0000] {logging_mixin.py:190} INFO - [2024-11-20T19:32:50.921+0000] {dagbag.py:588} INFO - Filling up the DagBag from /opt/airflow/dags/etl/transform_female_daily.py
[2024-11-20T19:32:50.960+0000] {processor.py:927} WARNING - No viable dags retrieved from /opt/airflow/dags/etl/transform_female_daily.py
[2024-11-20T19:32:50.973+0000] {processor.py:208} INFO - Processing /opt/airflow/dags/etl/transform_female_daily.py took 0.061 seconds
[2024-11-20T19:32:58.621+0000] {processor.py:186} INFO - Started process (PID=4408) to work on /opt/airflow/dags/etl/transform_female_daily.py
[2024-11-20T19:32:58.622+0000] {processor.py:914} INFO - Processing file /opt/airflow/dags/etl/transform_female_daily.py for tasks to queue
[2024-11-20T19:32:58.625+0000] {logging_mixin.py:190} INFO - [2024-11-20T19:32:58.625+0000] {dagbag.py:588} INFO - Filling up the DagBag from /opt/airflow/dags/etl/transform_female_daily.py
[2024-11-20T19:32:58.650+0000] {logging_mixin.py:190} INFO - [2024-11-20T19:32:58.649+0000] {dagbag.py:366} INFO - File /opt/airflow/dags/etl/transform_female_daily.py assumed to contain no DAGs. Skipping.
[2024-11-20T19:32:58.651+0000] {processor.py:927} WARNING - No viable dags retrieved from /opt/airflow/dags/etl/transform_female_daily.py
[2024-11-20T19:32:58.675+0000] {processor.py:208} INFO - Processing /opt/airflow/dags/etl/transform_female_daily.py took 0.061 seconds
[2024-11-20T19:33:06.219+0000] {processor.py:186} INFO - Started process (PID=4441) to work on /opt/airflow/dags/etl/transform_female_daily.py
[2024-11-20T19:33:06.221+0000] {processor.py:914} INFO - Processing file /opt/airflow/dags/etl/transform_female_daily.py for tasks to queue
[2024-11-20T19:33:06.225+0000] {logging_mixin.py:190} INFO - [2024-11-20T19:33:06.224+0000] {dagbag.py:588} INFO - Filling up the DagBag from /opt/airflow/dags/etl/transform_female_daily.py
[2024-11-20T19:33:06.256+0000] {logging_mixin.py:190} INFO - [2024-11-20T19:33:06.256+0000] {dagbag.py:366} INFO - File /opt/airflow/dags/etl/transform_female_daily.py assumed to contain no DAGs. Skipping.
[2024-11-20T19:33:06.257+0000] {processor.py:927} WARNING - No viable dags retrieved from /opt/airflow/dags/etl/transform_female_daily.py
[2024-11-20T19:33:06.277+0000] {processor.py:208} INFO - Processing /opt/airflow/dags/etl/transform_female_daily.py took 0.067 seconds
