[2024-11-21T12:28:54.525+0000] {local_task_job_runner.py:123} INFO - ::group::Pre task execution logs
[2024-11-21T12:28:54.540+0000] {taskinstance.py:2613} INFO - Dependencies all met for dep_context=non-requeueable deps ti=<TaskInstance: etl_pipeline.transform_merge_data manual__2024-11-21T12:28:43.371314+00:00 [queued]>
[2024-11-21T12:28:54.547+0000] {taskinstance.py:2613} INFO - Dependencies all met for dep_context=requeueable deps ti=<TaskInstance: etl_pipeline.transform_merge_data manual__2024-11-21T12:28:43.371314+00:00 [queued]>
[2024-11-21T12:28:54.553+0000] {taskinstance.py:2866} INFO - Starting attempt 1 of 1
[2024-11-21T12:28:54.580+0000] {taskinstance.py:2889} INFO - Executing <Task(PythonOperator): transform_merge_data> on 2024-11-21 12:28:43.371314+00:00
[2024-11-21T12:28:54.588+0000] {warnings.py:112} WARNING - /home/***/.local/lib/python3.12/site-packages/***/task/task_runner/standard_task_runner.py:70: DeprecationWarning: This process (pid=4705) is multi-threaded, use of fork() may lead to deadlocks in the child.
  pid = os.fork()

[2024-11-21T12:28:54.590+0000] {standard_task_runner.py:72} INFO - Started process 4709 to run task
[2024-11-21T12:28:54.590+0000] {standard_task_runner.py:104} INFO - Running: ['***', 'tasks', 'run', 'etl_pipeline', 'transform_merge_data', 'manual__2024-11-21T12:28:43.371314+00:00', '--job-id', '266', '--raw', '--subdir', 'DAGS_FOLDER/dag.py', '--cfg-path', '/tmp/tmp050uskup']
[2024-11-21T12:28:54.592+0000] {standard_task_runner.py:105} INFO - Job 266: Subtask transform_merge_data
[2024-11-21T12:28:54.662+0000] {task_command.py:467} INFO - Running <TaskInstance: etl_pipeline.transform_merge_data manual__2024-11-21T12:28:43.371314+00:00 [running]> on host 7a40aa914b11
[2024-11-21T12:28:54.982+0000] {taskinstance.py:3132} INFO - Exporting env vars: AIRFLOW_CTX_DAG_OWNER='***' AIRFLOW_CTX_DAG_ID='etl_pipeline' AIRFLOW_CTX_TASK_ID='transform_merge_data' AIRFLOW_CTX_EXECUTION_DATE='2024-11-21T12:28:43.371314+00:00' AIRFLOW_CTX_TRY_NUMBER='1' AIRFLOW_CTX_DAG_RUN_ID='manual__2024-11-21T12:28:43.371314+00:00'
[2024-11-21T12:28:54.984+0000] {logging_mixin.py:190} INFO - Task instance is in running state
[2024-11-21T12:28:54.985+0000] {logging_mixin.py:190} INFO -  Previous state of the Task instance: queued
[2024-11-21T12:28:54.986+0000] {logging_mixin.py:190} INFO - Current task name:transform_merge_data state:running start_date:2024-11-21 12:28:54.541329+00:00
[2024-11-21T12:28:54.987+0000] {logging_mixin.py:190} INFO - Dag name:etl_pipeline and current dag run status:running
[2024-11-21T12:28:54.989+0000] {taskinstance.py:731} INFO - ::endgroup::
[2024-11-21T12:28:54.995+0000] {logging_mixin.py:190} INFO - Menggabungkan: FemaleDaily_Sunscreen Azarine.csv + GoogleTrend_sunscreen_Azarine_interestOverTime.csv
[2024-11-21T12:28:55.106+0000] {logging_mixin.py:190} INFO - Hasil gabungan disimpan di: dags/hasil data transform/Merged_Sunscreen Azarine.csv
[2024-11-21T12:28:55.107+0000] {logging_mixin.py:190} INFO - Menggabungkan: FemaleDaily_Sunscreen Skinaqua.csv + GoogleTrend_sunscreen_skin_aqua_interestOverTime.csv
[2024-11-21T12:28:55.170+0000] {logging_mixin.py:190} INFO - Hasil gabungan disimpan di: dags/hasil data transform/Merged_Sunscreen Skinaqua.csv
[2024-11-21T12:28:55.171+0000] {python.py:240} INFO - Done. Returned value was: None
[2024-11-21T12:28:55.181+0000] {taskinstance.py:340} INFO - ::group::Post task execution logs
[2024-11-21T12:28:55.182+0000] {taskinstance.py:352} INFO - Marking task as SUCCESS. dag_id=etl_pipeline, task_id=transform_merge_data, run_id=manual__2024-11-21T12:28:43.371314+00:00, execution_date=20241121T122843, start_date=20241121T122854, end_date=20241121T122855
[2024-11-21T12:28:55.197+0000] {logging_mixin.py:190} INFO - Task instance in success state
[2024-11-21T12:28:55.198+0000] {logging_mixin.py:190} INFO -  Previous state of the Task instance: running
[2024-11-21T12:28:55.199+0000] {logging_mixin.py:190} INFO - Dag name:etl_pipeline queued_at:2024-11-21 12:28:43.500846+00:00
[2024-11-21T12:28:55.199+0000] {logging_mixin.py:190} INFO - Task hostname:7a40aa914b11 operator:PythonOperator
[2024-11-21T12:28:55.249+0000] {local_task_job_runner.py:266} INFO - Task exited with return code 0
[2024-11-21T12:28:55.277+0000] {taskinstance.py:3895} INFO - 1 downstream tasks scheduled from follow-on schedule check
[2024-11-21T12:28:55.281+0000] {local_task_job_runner.py:245} INFO - ::endgroup::
