[2024-11-21T11:44:18.198+0000] {local_task_job_runner.py:123} INFO - ::group::Pre task execution logs
[2024-11-21T11:44:18.212+0000] {taskinstance.py:2613} INFO - Dependencies all met for dep_context=non-requeueable deps ti=<TaskInstance: etl_pipeline.extract_google_trends manual__2024-11-21T11:44:14.686933+00:00 [queued]>
[2024-11-21T11:44:18.219+0000] {taskinstance.py:2613} INFO - Dependencies all met for dep_context=requeueable deps ti=<TaskInstance: etl_pipeline.extract_google_trends manual__2024-11-21T11:44:14.686933+00:00 [queued]>
[2024-11-21T11:44:18.221+0000] {taskinstance.py:2866} INFO - Starting attempt 1 of 1
[2024-11-21T11:44:18.235+0000] {taskinstance.py:2889} INFO - Executing <Task(PythonOperator): extract_google_trends> on 2024-11-21 11:44:14.686933+00:00
[2024-11-21T11:44:18.242+0000] {warnings.py:112} WARNING - /home/***/.local/lib/python3.12/site-packages/***/task/task_runner/standard_task_runner.py:70: DeprecationWarning: This process (pid=4040) is multi-threaded, use of fork() may lead to deadlocks in the child.
  pid = os.fork()

[2024-11-21T11:44:18.244+0000] {standard_task_runner.py:72} INFO - Started process 4042 to run task
[2024-11-21T11:44:18.244+0000] {standard_task_runner.py:104} INFO - Running: ['***', 'tasks', 'run', 'etl_pipeline', 'extract_google_trends', 'manual__2024-11-21T11:44:14.686933+00:00', '--job-id', '245', '--raw', '--subdir', 'DAGS_FOLDER/dag.py', '--cfg-path', '/tmp/tmpchnscrpk']
[2024-11-21T11:44:18.245+0000] {standard_task_runner.py:105} INFO - Job 245: Subtask extract_google_trends
[2024-11-21T11:44:18.292+0000] {task_command.py:467} INFO - Running <TaskInstance: etl_pipeline.extract_google_trends manual__2024-11-21T11:44:14.686933+00:00 [running]> on host 7a40aa914b11
[2024-11-21T11:44:18.554+0000] {taskinstance.py:3132} INFO - Exporting env vars: AIRFLOW_CTX_DAG_OWNER='***' AIRFLOW_CTX_DAG_ID='etl_pipeline' AIRFLOW_CTX_TASK_ID='extract_google_trends' AIRFLOW_CTX_EXECUTION_DATE='2024-11-21T11:44:14.686933+00:00' AIRFLOW_CTX_TRY_NUMBER='1' AIRFLOW_CTX_DAG_RUN_ID='manual__2024-11-21T11:44:14.686933+00:00'
[2024-11-21T11:44:18.556+0000] {logging_mixin.py:190} INFO - Task instance is in running state
[2024-11-21T11:44:18.557+0000] {logging_mixin.py:190} INFO -  Previous state of the Task instance: queued
[2024-11-21T11:44:18.558+0000] {logging_mixin.py:190} INFO - Current task name:extract_google_trends state:running start_date:2024-11-21 11:44:18.213630+00:00
[2024-11-21T11:44:18.559+0000] {logging_mixin.py:190} INFO - Dag name:etl_pipeline and current dag run status:running
[2024-11-21T11:44:18.559+0000] {taskinstance.py:731} INFO - ::endgroup::
[2024-11-21T11:44:18.566+0000] {extract_google_trends.py:144} INFO - Starting Google Trends data scraping...
[2024-11-21T11:44:18.566+0000] {extract_google_trends.py:56} INFO - Running Apify actor for 'sunscreen skin aqua'...
[2024-11-21T11:44:19.802+0000] {extract_google_trends.py:16} INFO - Sent request to Apify API to run actor with status code: 201
[2024-11-21T11:44:20.760+0000] {extract_google_trends.py:30} INFO - Checked actor run status with status code: 200
[2024-11-21T11:44:20.761+0000] {extract_google_trends.py:88} INFO - Actor is still running for 'sunscreen skin aqua'... Waiting...
[2024-11-21T11:44:32.130+0000] {extract_google_trends.py:30} INFO - Checked actor run status with status code: 200
[2024-11-21T11:44:32.131+0000] {extract_google_trends.py:88} INFO - Actor is still running for 'sunscreen skin aqua'... Waiting...
[2024-11-21T11:44:43.398+0000] {extract_google_trends.py:30} INFO - Checked actor run status with status code: 200
[2024-11-21T11:44:43.399+0000] {extract_google_trends.py:88} INFO - Actor is still running for 'sunscreen skin aqua'... Waiting...
[2024-11-21T11:44:54.374+0000] {extract_google_trends.py:30} INFO - Checked actor run status with status code: 200
[2024-11-21T11:44:54.376+0000] {extract_google_trends.py:88} INFO - Actor is still running for 'sunscreen skin aqua'... Waiting...
[2024-11-21T11:45:05.600+0000] {extract_google_trends.py:30} INFO - Checked actor run status with status code: 200
[2024-11-21T11:45:05.601+0000] {extract_google_trends.py:88} INFO - Actor is still running for 'sunscreen skin aqua'... Waiting...
[2024-11-21T11:45:16.609+0000] {extract_google_trends.py:30} INFO - Checked actor run status with status code: 200
[2024-11-21T11:45:16.611+0000] {extract_google_trends.py:88} INFO - Actor is still running for 'sunscreen skin aqua'... Waiting...
[2024-11-21T11:45:27.628+0000] {extract_google_trends.py:30} INFO - Checked actor run status with status code: 200
[2024-11-21T11:45:27.629+0000] {extract_google_trends.py:88} INFO - Actor is still running for 'sunscreen skin aqua'... Waiting...
[2024-11-21T11:45:38.608+0000] {extract_google_trends.py:30} INFO - Checked actor run status with status code: 200
[2024-11-21T11:45:38.609+0000] {extract_google_trends.py:88} INFO - Actor is still running for 'sunscreen skin aqua'... Waiting...
[2024-11-21T11:45:49.745+0000] {extract_google_trends.py:30} INFO - Checked actor run status with status code: 200
[2024-11-21T11:45:49.747+0000] {extract_google_trends.py:88} INFO - Actor is still running for 'sunscreen skin aqua'... Waiting...
[2024-11-21T11:46:00.803+0000] {extract_google_trends.py:30} INFO - Checked actor run status with status code: 200
[2024-11-21T11:46:00.804+0000] {extract_google_trends.py:88} INFO - Actor is still running for 'sunscreen skin aqua'... Waiting...
[2024-11-21T11:46:11.865+0000] {extract_google_trends.py:30} INFO - Checked actor run status with status code: 200
[2024-11-21T11:46:11.867+0000] {extract_google_trends.py:88} INFO - Actor is still running for 'sunscreen skin aqua'... Waiting...
[2024-11-21T11:46:23.081+0000] {extract_google_trends.py:30} INFO - Checked actor run status with status code: 200
[2024-11-21T11:46:23.081+0000] {extract_google_trends.py:88} INFO - Actor is still running for 'sunscreen skin aqua'... Waiting...
[2024-11-21T11:46:34.085+0000] {extract_google_trends.py:30} INFO - Checked actor run status with status code: 200
[2024-11-21T11:46:34.086+0000] {extract_google_trends.py:88} INFO - Actor is still running for 'sunscreen skin aqua'... Waiting...
[2024-11-21T11:46:45.099+0000] {extract_google_trends.py:30} INFO - Checked actor run status with status code: 200
[2024-11-21T11:46:45.100+0000] {extract_google_trends.py:88} INFO - Actor is still running for 'sunscreen skin aqua'... Waiting...
[2024-11-21T11:46:56.148+0000] {extract_google_trends.py:30} INFO - Checked actor run status with status code: 200
[2024-11-21T11:46:56.150+0000] {extract_google_trends.py:88} INFO - Actor is still running for 'sunscreen skin aqua'... Waiting...
[2024-11-21T11:47:07.130+0000] {extract_google_trends.py:30} INFO - Checked actor run status with status code: 200
[2024-11-21T11:47:07.131+0000] {extract_google_trends.py:88} INFO - Actor is still running for 'sunscreen skin aqua'... Waiting...
[2024-11-21T11:47:18.102+0000] {extract_google_trends.py:30} INFO - Checked actor run status with status code: 200
[2024-11-21T11:47:18.104+0000] {extract_google_trends.py:88} INFO - Actor is still running for 'sunscreen skin aqua'... Waiting...
[2024-11-21T11:47:29.083+0000] {extract_google_trends.py:30} INFO - Checked actor run status with status code: 200
[2024-11-21T11:47:29.085+0000] {extract_google_trends.py:88} INFO - Actor is still running for 'sunscreen skin aqua'... Waiting...
[2024-11-21T11:47:40.065+0000] {extract_google_trends.py:30} INFO - Checked actor run status with status code: 200
[2024-11-21T11:47:40.066+0000] {extract_google_trends.py:88} INFO - Actor is still running for 'sunscreen skin aqua'... Waiting...
[2024-11-21T11:47:51.022+0000] {extract_google_trends.py:30} INFO - Checked actor run status with status code: 200
[2024-11-21T11:47:51.024+0000] {extract_google_trends.py:88} INFO - Actor is still running for 'sunscreen skin aqua'... Waiting...
[2024-11-21T11:48:01.989+0000] {extract_google_trends.py:30} INFO - Checked actor run status with status code: 200
[2024-11-21T11:48:01.990+0000] {extract_google_trends.py:88} INFO - Actor is still running for 'sunscreen skin aqua'... Waiting...
[2024-11-21T11:48:13.001+0000] {extract_google_trends.py:30} INFO - Checked actor run status with status code: 200
[2024-11-21T11:48:13.002+0000] {extract_google_trends.py:88} INFO - Actor is still running for 'sunscreen skin aqua'... Waiting...
[2024-11-21T11:48:23.969+0000] {extract_google_trends.py:30} INFO - Checked actor run status with status code: 200
[2024-11-21T11:48:23.970+0000] {extract_google_trends.py:88} INFO - Actor is still running for 'sunscreen skin aqua'... Waiting...
[2024-11-21T11:48:34.929+0000] {extract_google_trends.py:30} INFO - Checked actor run status with status code: 200
[2024-11-21T11:48:34.930+0000] {extract_google_trends.py:88} INFO - Actor is still running for 'sunscreen skin aqua'... Waiting...
[2024-11-21T11:48:45.933+0000] {extract_google_trends.py:30} INFO - Checked actor run status with status code: 200
[2024-11-21T11:48:45.934+0000] {extract_google_trends.py:88} INFO - Actor is still running for 'sunscreen skin aqua'... Waiting...
[2024-11-21T11:48:56.920+0000] {extract_google_trends.py:30} INFO - Checked actor run status with status code: 200
[2024-11-21T11:48:56.923+0000] {extract_google_trends.py:88} INFO - Actor is still running for 'sunscreen skin aqua'... Waiting...
[2024-11-21T11:49:07.904+0000] {extract_google_trends.py:30} INFO - Checked actor run status with status code: 200
[2024-11-21T11:49:07.906+0000] {extract_google_trends.py:88} INFO - Actor is still running for 'sunscreen skin aqua'... Waiting...
[2024-11-21T11:49:18.871+0000] {extract_google_trends.py:30} INFO - Checked actor run status with status code: 200
[2024-11-21T11:49:18.872+0000] {extract_google_trends.py:88} INFO - Actor is still running for 'sunscreen skin aqua'... Waiting...
[2024-11-21T11:49:29.852+0000] {extract_google_trends.py:30} INFO - Checked actor run status with status code: 200
[2024-11-21T11:49:29.853+0000] {extract_google_trends.py:86} INFO - Actor run succeeded for 'sunscreen skin aqua'.
[2024-11-21T11:49:30.930+0000] {extract_google_trends.py:44} INFO - Fetched dataset with status code: 200
[2024-11-21T11:49:30.962+0000] {extract_google_trends.py:104} INFO - Data for 'sunscreen skin aqua' saved to 'dags/hasil data extract/GoogleTrend_sunscreen_skin_aqua.json'.
[2024-11-21T11:49:30.972+0000] {extract_google_trends.py:131} INFO - Interest over time data for 'sunscreen skin aqua' saved to 'dags/hasil data extract/GoogleTrend_sunscreen_skin_aqua_interestOverTime.csv'.
[2024-11-21T11:49:30.973+0000] {extract_google_trends.py:56} INFO - Running Apify actor for 'sunscreen Azarine'...
[2024-11-21T11:49:32.130+0000] {extract_google_trends.py:16} INFO - Sent request to Apify API to run actor with status code: 201
[2024-11-21T11:49:33.085+0000] {extract_google_trends.py:30} INFO - Checked actor run status with status code: 200
[2024-11-21T11:49:33.086+0000] {extract_google_trends.py:88} INFO - Actor is still running for 'sunscreen Azarine'... Waiting...
[2024-11-21T11:49:44.036+0000] {extract_google_trends.py:30} INFO - Checked actor run status with status code: 200
[2024-11-21T11:49:44.036+0000] {extract_google_trends.py:88} INFO - Actor is still running for 'sunscreen Azarine'... Waiting...
[2024-11-21T11:49:55.006+0000] {extract_google_trends.py:30} INFO - Checked actor run status with status code: 200
[2024-11-21T11:49:55.007+0000] {extract_google_trends.py:88} INFO - Actor is still running for 'sunscreen Azarine'... Waiting...
[2024-11-21T11:50:06.165+0000] {extract_google_trends.py:30} INFO - Checked actor run status with status code: 200
[2024-11-21T11:50:06.166+0000] {extract_google_trends.py:88} INFO - Actor is still running for 'sunscreen Azarine'... Waiting...
[2024-11-21T11:50:17.158+0000] {extract_google_trends.py:30} INFO - Checked actor run status with status code: 200
[2024-11-21T11:50:17.159+0000] {extract_google_trends.py:88} INFO - Actor is still running for 'sunscreen Azarine'... Waiting...
[2024-11-21T11:50:28.146+0000] {extract_google_trends.py:30} INFO - Checked actor run status with status code: 200
[2024-11-21T11:50:28.147+0000] {extract_google_trends.py:88} INFO - Actor is still running for 'sunscreen Azarine'... Waiting...
[2024-11-21T11:50:39.172+0000] {extract_google_trends.py:30} INFO - Checked actor run status with status code: 200
[2024-11-21T11:50:39.175+0000] {extract_google_trends.py:88} INFO - Actor is still running for 'sunscreen Azarine'... Waiting...
[2024-11-21T11:50:50.138+0000] {extract_google_trends.py:30} INFO - Checked actor run status with status code: 200
[2024-11-21T11:50:50.139+0000] {extract_google_trends.py:88} INFO - Actor is still running for 'sunscreen Azarine'... Waiting...
[2024-11-21T11:51:01.118+0000] {extract_google_trends.py:30} INFO - Checked actor run status with status code: 200
[2024-11-21T11:51:01.120+0000] {extract_google_trends.py:88} INFO - Actor is still running for 'sunscreen Azarine'... Waiting...
[2024-11-21T11:51:12.104+0000] {extract_google_trends.py:30} INFO - Checked actor run status with status code: 200
[2024-11-21T11:51:12.106+0000] {extract_google_trends.py:88} INFO - Actor is still running for 'sunscreen Azarine'... Waiting...
[2024-11-21T11:51:23.076+0000] {extract_google_trends.py:30} INFO - Checked actor run status with status code: 200
[2024-11-21T11:51:23.078+0000] {extract_google_trends.py:88} INFO - Actor is still running for 'sunscreen Azarine'... Waiting...
[2024-11-21T11:51:34.114+0000] {extract_google_trends.py:30} INFO - Checked actor run status with status code: 200
[2024-11-21T11:51:34.115+0000] {extract_google_trends.py:88} INFO - Actor is still running for 'sunscreen Azarine'... Waiting...
[2024-11-21T11:51:45.112+0000] {extract_google_trends.py:30} INFO - Checked actor run status with status code: 200
[2024-11-21T11:51:45.114+0000] {extract_google_trends.py:86} INFO - Actor run succeeded for 'sunscreen Azarine'.
[2024-11-21T11:51:46.187+0000] {extract_google_trends.py:44} INFO - Fetched dataset with status code: 200
[2024-11-21T11:51:46.212+0000] {extract_google_trends.py:104} INFO - Data for 'sunscreen Azarine' saved to 'dags/hasil data extract/GoogleTrend_sunscreen_Azarine.json'.
[2024-11-21T11:51:46.226+0000] {extract_google_trends.py:131} INFO - Interest over time data for 'sunscreen Azarine' saved to 'dags/hasil data extract/GoogleTrend_sunscreen_Azarine_interestOverTime.csv'.
[2024-11-21T11:51:46.233+0000] {extract_google_trends.py:146} INFO - Google Trends data scraping completed.
[2024-11-21T11:51:46.277+0000] {python.py:240} INFO - Done. Returned value was: None
[2024-11-21T11:51:46.623+0000] {taskinstance.py:340} INFO - ::group::Post task execution logs
[2024-11-21T11:51:46.632+0000] {taskinstance.py:352} INFO - Marking task as SUCCESS. dag_id=etl_pipeline, task_id=extract_google_trends, run_id=manual__2024-11-21T11:44:14.686933+00:00, execution_date=20241121T114414, start_date=20241121T114418, end_date=20241121T115146
[2024-11-21T11:51:46.759+0000] {logging_mixin.py:190} INFO - Task instance in success state
[2024-11-21T11:51:46.762+0000] {logging_mixin.py:190} INFO -  Previous state of the Task instance: running
[2024-11-21T11:51:46.763+0000] {logging_mixin.py:190} INFO - Dag name:etl_pipeline queued_at:2024-11-21 11:44:14.913623+00:00
[2024-11-21T11:51:46.764+0000] {logging_mixin.py:190} INFO - Task hostname:7a40aa914b11 operator:PythonOperator
[2024-11-21T11:51:46.831+0000] {local_task_job_runner.py:266} INFO - Task exited with return code 0
[2024-11-21T11:51:48.206+0000] {taskinstance.py:3895} INFO - 1 downstream tasks scheduled from follow-on schedule check
[2024-11-21T11:51:48.210+0000] {local_task_job_runner.py:245} INFO - ::endgroup::
