[2024-11-21T12:49:11.663+0000] {local_task_job_runner.py:123} INFO - ::group::Pre task execution logs
[2024-11-21T12:49:11.676+0000] {taskinstance.py:2613} INFO - Dependencies all met for dep_context=non-requeueable deps ti=<TaskInstance: etl_pipeline.create_table_azarine manual__2024-11-21T12:48:51.874288+00:00 [queued]>
[2024-11-21T12:49:11.683+0000] {taskinstance.py:2613} INFO - Dependencies all met for dep_context=requeueable deps ti=<TaskInstance: etl_pipeline.create_table_azarine manual__2024-11-21T12:48:51.874288+00:00 [queued]>
[2024-11-21T12:49:11.685+0000] {taskinstance.py:2866} INFO - Starting attempt 1 of 1
[2024-11-21T12:49:11.698+0000] {taskinstance.py:2889} INFO - Executing <Task(PostgresOperator): create_table_azarine> on 2024-11-21 12:48:51.874288+00:00
[2024-11-21T12:49:11.706+0000] {warnings.py:112} WARNING - /home/***/.local/lib/python3.12/site-packages/***/task/task_runner/standard_task_runner.py:70: DeprecationWarning: This process (pid=5095) is multi-threaded, use of fork() may lead to deadlocks in the child.
  pid = os.fork()

[2024-11-21T12:49:11.708+0000] {standard_task_runner.py:72} INFO - Started process 5097 to run task
[2024-11-21T12:49:11.708+0000] {standard_task_runner.py:104} INFO - Running: ['***', 'tasks', 'run', 'etl_pipeline', 'create_table_azarine', 'manual__2024-11-21T12:48:51.874288+00:00', '--job-id', '298', '--raw', '--subdir', 'DAGS_FOLDER/dag.py', '--cfg-path', '/tmp/tmpisw7yopr']
[2024-11-21T12:49:11.710+0000] {standard_task_runner.py:105} INFO - Job 298: Subtask create_table_azarine
[2024-11-21T12:49:11.754+0000] {task_command.py:467} INFO - Running <TaskInstance: etl_pipeline.create_table_azarine manual__2024-11-21T12:48:51.874288+00:00 [running]> on host 7a40aa914b11
[2024-11-21T12:49:12.007+0000] {taskinstance.py:3132} INFO - Exporting env vars: AIRFLOW_CTX_DAG_OWNER='***' AIRFLOW_CTX_DAG_ID='etl_pipeline' AIRFLOW_CTX_TASK_ID='create_table_azarine' AIRFLOW_CTX_EXECUTION_DATE='2024-11-21T12:48:51.874288+00:00' AIRFLOW_CTX_TRY_NUMBER='1' AIRFLOW_CTX_DAG_RUN_ID='manual__2024-11-21T12:48:51.874288+00:00'
[2024-11-21T12:49:12.008+0000] {logging_mixin.py:190} INFO - Task instance is in running state
[2024-11-21T12:49:12.010+0000] {logging_mixin.py:190} INFO -  Previous state of the Task instance: queued
[2024-11-21T12:49:12.011+0000] {logging_mixin.py:190} INFO - Current task name:create_table_azarine state:running start_date:2024-11-21 12:49:11.677125+00:00
[2024-11-21T12:49:12.012+0000] {logging_mixin.py:190} INFO - Dag name:etl_pipeline and current dag run status:running
[2024-11-21T12:49:12.013+0000] {taskinstance.py:731} INFO - ::endgroup::
[2024-11-21T12:49:12.014+0000] {sql.py:278} INFO - Executing: 
        CREATE TABLE IF NOT EXISTS sunscreen_azarine (
            id SERIAL PRIMARY KEY,
            username TEXT NOT NULL,
            date TIMESTAMP,
            review_content TEXT,
            purchase_point TEXT,
            recommend TEXT,
            rating INTEGER,
            jenis_produk TEXT,
            trend INTEGER,
            age_category TEXT,
            periode_penggunaan TEXT,
            skintype TEXT,
            skintone TEXT,
            undertone TEXT
        );
    
[2024-11-21T12:49:12.024+0000] {base.py:84} INFO - Retrieving connection 'skincare_connection'
[2024-11-21T12:49:12.030+0000] {base.py:84} INFO - Retrieving connection 'skincare_connection'
[2024-11-21T12:49:12.033+0000] {sql.py:544} INFO - Running statement: 
        CREATE TABLE IF NOT EXISTS sunscreen_azarine (
            id SERIAL PRIMARY KEY,
            username TEXT NOT NULL,
            date TIMESTAMP,
            review_content TEXT,
            purchase_point TEXT,
            recommend TEXT,
            rating INTEGER,
            jenis_produk TEXT,
            trend INTEGER,
            age_category TEXT,
            periode_penggunaan TEXT,
            skintype TEXT,
            skintone TEXT,
            undertone TEXT
        );
    , parameters: None
[2024-11-21T12:49:12.043+0000] {taskinstance.py:340} INFO - ::group::Post task execution logs
[2024-11-21T12:49:12.044+0000] {taskinstance.py:352} INFO - Marking task as SUCCESS. dag_id=etl_pipeline, task_id=create_table_azarine, run_id=manual__2024-11-21T12:48:51.874288+00:00, execution_date=20241121T124851, start_date=20241121T124911, end_date=20241121T124912
[2024-11-21T12:49:12.055+0000] {logging_mixin.py:190} INFO - Task instance in success state
[2024-11-21T12:49:12.056+0000] {logging_mixin.py:190} INFO -  Previous state of the Task instance: running
[2024-11-21T12:49:12.057+0000] {logging_mixin.py:190} INFO - Dag name:etl_pipeline queued_at:2024-11-21 12:48:52.204627+00:00
[2024-11-21T12:49:12.059+0000] {logging_mixin.py:190} INFO - Task hostname:7a40aa914b11 operator:PostgresOperator
[2024-11-21T12:49:12.086+0000] {local_task_job_runner.py:266} INFO - Task exited with return code 0
[2024-11-21T12:49:12.106+0000] {taskinstance.py:3895} INFO - 1 downstream tasks scheduled from follow-on schedule check
[2024-11-21T12:49:12.110+0000] {local_task_job_runner.py:245} INFO - ::endgroup::
