[2024-11-21T07:42:07.124+0000] {local_task_job_runner.py:123} INFO - ::group::Pre task execution logs
[2024-11-21T07:42:07.141+0000] {taskinstance.py:2613} INFO - Dependencies all met for dep_context=non-requeueable deps ti=<TaskInstance: etl_pipeline.transform_cleaning manual__2024-11-21T07:20:11.280810+00:00 [queued]>
[2024-11-21T07:42:07.151+0000] {taskinstance.py:2613} INFO - Dependencies all met for dep_context=requeueable deps ti=<TaskInstance: etl_pipeline.transform_cleaning manual__2024-11-21T07:20:11.280810+00:00 [queued]>
[2024-11-21T07:42:07.153+0000] {taskinstance.py:2866} INFO - Starting attempt 1 of 1
[2024-11-21T07:42:07.177+0000] {taskinstance.py:2889} INFO - Executing <Task(PythonOperator): transform_cleaning> on 2024-11-21 07:20:11.280810+00:00
[2024-11-21T07:42:07.188+0000] {warnings.py:112} WARNING - /home/***/.local/lib/python3.12/site-packages/***/task/task_runner/standard_task_runner.py:70: DeprecationWarning: This process (pid=482) is multi-threaded, use of fork() may lead to deadlocks in the child.
  pid = os.fork()

[2024-11-21T07:42:07.190+0000] {standard_task_runner.py:72} INFO - Started process 484 to run task
[2024-11-21T07:42:07.191+0000] {standard_task_runner.py:104} INFO - Running: ['***', 'tasks', 'run', 'etl_pipeline', 'transform_cleaning', 'manual__2024-11-21T07:20:11.280810+00:00', '--job-id', '131', '--raw', '--subdir', 'DAGS_FOLDER/dag.py', '--cfg-path', '/tmp/tmp5m5vlksj']
[2024-11-21T07:42:07.192+0000] {standard_task_runner.py:105} INFO - Job 131: Subtask transform_cleaning
[2024-11-21T07:42:07.259+0000] {task_command.py:467} INFO - Running <TaskInstance: etl_pipeline.transform_cleaning manual__2024-11-21T07:20:11.280810+00:00 [running]> on host 7a40aa914b11
[2024-11-21T07:42:07.814+0000] {taskinstance.py:3132} INFO - Exporting env vars: AIRFLOW_CTX_DAG_OWNER='***' AIRFLOW_CTX_DAG_ID='etl_pipeline' AIRFLOW_CTX_TASK_ID='transform_cleaning' AIRFLOW_CTX_EXECUTION_DATE='2024-11-21T07:20:11.280810+00:00' AIRFLOW_CTX_TRY_NUMBER='1' AIRFLOW_CTX_DAG_RUN_ID='manual__2024-11-21T07:20:11.280810+00:00'
[2024-11-21T07:42:07.816+0000] {logging_mixin.py:190} INFO - Task instance is in running state
[2024-11-21T07:42:07.817+0000] {logging_mixin.py:190} INFO -  Previous state of the Task instance: queued
[2024-11-21T07:42:07.818+0000] {logging_mixin.py:190} INFO - Current task name:transform_cleaning state:running start_date:2024-11-21 07:42:07.142821+00:00
[2024-11-21T07:42:07.819+0000] {logging_mixin.py:190} INFO - Dag name:etl_pipeline and current dag run status:running
[2024-11-21T07:42:07.820+0000] {taskinstance.py:731} INFO - ::endgroup::
[2024-11-21T07:42:07.821+0000] {logging_mixin.py:190} INFO - Memproses file 'Merged_Sunscreen Azarine.csv'...
[2024-11-21T07:42:07.829+0000] {logging_mixin.py:190} INFO - File tidak ditemukan: /opt/***/dags/etl/dags/hasil data transform/Merged_Sunscreen Azarine.csv
[2024-11-21T07:42:07.830+0000] {logging_mixin.py:190} INFO - Memproses file 'Merged_Sunscreen Skinaqua.csv'...
[2024-11-21T07:42:07.837+0000] {logging_mixin.py:190} INFO - File tidak ditemukan: /opt/***/dags/etl/dags/hasil data transform/Merged_Sunscreen Skinaqua.csv
[2024-11-21T07:42:07.838+0000] {python.py:240} INFO - Done. Returned value was: None
[2024-11-21T07:42:07.847+0000] {taskinstance.py:340} INFO - ::group::Post task execution logs
[2024-11-21T07:42:07.848+0000] {taskinstance.py:352} INFO - Marking task as SUCCESS. dag_id=etl_pipeline, task_id=transform_cleaning, run_id=manual__2024-11-21T07:20:11.280810+00:00, execution_date=20241121T072011, start_date=20241121T074207, end_date=20241121T074207
[2024-11-21T07:42:07.868+0000] {logging_mixin.py:190} INFO - Task instance in success state
[2024-11-21T07:42:07.869+0000] {logging_mixin.py:190} INFO -  Previous state of the Task instance: running
[2024-11-21T07:42:07.870+0000] {logging_mixin.py:190} INFO - Dag name:etl_pipeline queued_at:2024-11-21 07:37:45.701627+00:00
[2024-11-21T07:42:07.870+0000] {logging_mixin.py:190} INFO - Task hostname:7a40aa914b11 operator:PythonOperator
[2024-11-21T07:42:07.891+0000] {local_task_job_runner.py:266} INFO - Task exited with return code 0
[2024-11-21T07:42:07.912+0000] {taskinstance.py:3895} INFO - 1 downstream tasks scheduled from follow-on schedule check
[2024-11-21T07:42:07.928+0000] {local_task_job_runner.py:245} INFO - ::endgroup::
