[2024-11-21T03:26:08.384+0000] {local_task_job_runner.py:123} INFO - ::group::Pre task execution logs
[2024-11-21T03:26:08.396+0000] {taskinstance.py:2613} INFO - Dependencies all met for dep_context=non-requeueable deps ti=<TaskInstance: etl_pipeline.create_table manual__2024-11-21T03:25:55.868483+00:00 [queued]>
[2024-11-21T03:26:08.404+0000] {taskinstance.py:2613} INFO - Dependencies all met for dep_context=requeueable deps ti=<TaskInstance: etl_pipeline.create_table manual__2024-11-21T03:25:55.868483+00:00 [queued]>
[2024-11-21T03:26:08.405+0000] {taskinstance.py:2866} INFO - Starting attempt 1 of 1
[2024-11-21T03:26:08.417+0000] {taskinstance.py:2889} INFO - Executing <Task(PostgresOperator): create_table> on 2024-11-21 03:25:55.868483+00:00
[2024-11-21T03:26:08.425+0000] {warnings.py:112} WARNING - /home/***/.local/lib/python3.12/site-packages/***/task/task_runner/standard_task_runner.py:70: DeprecationWarning: This process (pid=667) is multi-threaded, use of fork() may lead to deadlocks in the child.
  pid = os.fork()

[2024-11-21T03:26:08.427+0000] {standard_task_runner.py:104} INFO - Running: ['***', 'tasks', 'run', 'etl_pipeline', 'create_table', 'manual__2024-11-21T03:25:55.868483+00:00', '--job-id', '97', '--raw', '--subdir', 'DAGS_FOLDER/dag.py', '--cfg-path', '/tmp/tmp78bb0k68']
[2024-11-21T03:26:08.427+0000] {standard_task_runner.py:72} INFO - Started process 669 to run task
[2024-11-21T03:26:08.429+0000] {standard_task_runner.py:105} INFO - Job 97: Subtask create_table
[2024-11-21T03:26:08.472+0000] {task_command.py:467} INFO - Running <TaskInstance: etl_pipeline.create_table manual__2024-11-21T03:25:55.868483+00:00 [running]> on host d5003ff2a60e
[2024-11-21T03:26:08.797+0000] {taskinstance.py:3132} INFO - Exporting env vars: AIRFLOW_CTX_DAG_OWNER='***' AIRFLOW_CTX_DAG_ID='etl_pipeline' AIRFLOW_CTX_TASK_ID='create_table' AIRFLOW_CTX_EXECUTION_DATE='2024-11-21T03:25:55.868483+00:00' AIRFLOW_CTX_TRY_NUMBER='1' AIRFLOW_CTX_DAG_RUN_ID='manual__2024-11-21T03:25:55.868483+00:00'
[2024-11-21T03:26:08.798+0000] {logging_mixin.py:190} INFO - Task instance is in running state
[2024-11-21T03:26:08.798+0000] {logging_mixin.py:190} INFO -  Previous state of the Task instance: queued
[2024-11-21T03:26:08.799+0000] {logging_mixin.py:190} INFO - Current task name:create_table state:running start_date:2024-11-21 03:26:08.398110+00:00
[2024-11-21T03:26:08.800+0000] {logging_mixin.py:190} INFO - Dag name:etl_pipeline and current dag run status:running
[2024-11-21T03:26:08.800+0000] {taskinstance.py:731} INFO - ::endgroup::
[2024-11-21T03:26:08.801+0000] {sql.py:278} INFO - Executing: 
        CREATE TABLE IF NOT EXISTS female_daily_reviews (
            id SERIAL PRIMARY KEY,
            username TEXT NOT NULL,
            age TEXT,
            profile_description TEXT,
            date TEXT,
            review_content TEXT,
            usage_period TEXT,
            purchase_point TEXT,
            recommend TEXT,
            rating_count DECIMAL,
            jenis_produk TEXT
);
        
[2024-11-21T03:26:08.809+0000] {base.py:84} INFO - Retrieving connection 'skincare_connection'
[2024-11-21T03:26:08.829+0000] {base.py:84} INFO - Retrieving connection 'skincare_connection'
[2024-11-21T03:26:08.851+0000] {sql.py:544} INFO - Running statement: 
        CREATE TABLE IF NOT EXISTS female_daily_reviews (
            id SERIAL PRIMARY KEY,
            username TEXT NOT NULL,
            age TEXT,
            profile_description TEXT,
            date TEXT,
            review_content TEXT,
            usage_period TEXT,
            purchase_point TEXT,
            recommend TEXT,
            rating_count DECIMAL,
            jenis_produk TEXT
);
        , parameters: None
[2024-11-21T03:26:08.880+0000] {taskinstance.py:340} INFO - ::group::Post task execution logs
[2024-11-21T03:26:08.881+0000] {taskinstance.py:352} INFO - Marking task as SUCCESS. dag_id=etl_pipeline, task_id=create_table, run_id=manual__2024-11-21T03:25:55.868483+00:00, execution_date=20241121T032555, start_date=20241121T032608, end_date=20241121T032608
[2024-11-21T03:26:08.893+0000] {logging_mixin.py:190} INFO - Task instance in success state
[2024-11-21T03:26:08.893+0000] {logging_mixin.py:190} INFO -  Previous state of the Task instance: running
[2024-11-21T03:26:08.894+0000] {logging_mixin.py:190} INFO - Dag name:etl_pipeline queued_at:2024-11-21 03:25:55.997338+00:00
[2024-11-21T03:26:08.894+0000] {logging_mixin.py:190} INFO - Task hostname:d5003ff2a60e operator:PostgresOperator
[2024-11-21T03:26:08.926+0000] {local_task_job_runner.py:266} INFO - Task exited with return code 0
[2024-11-21T03:26:08.946+0000] {taskinstance.py:3895} INFO - 0 downstream tasks scheduled from follow-on schedule check
[2024-11-21T03:26:08.951+0000] {local_task_job_runner.py:245} INFO - ::endgroup::
