[2024-11-21T11:52:03.647+0000] {local_task_job_runner.py:123} INFO - ::group::Pre task execution logs
[2024-11-21T11:52:03.666+0000] {taskinstance.py:2613} INFO - Dependencies all met for dep_context=non-requeueable deps ti=<TaskInstance: etl_pipeline.create_table_azarine manual__2024-11-21T11:44:14.686933+00:00 [queued]>
[2024-11-21T11:52:03.676+0000] {taskinstance.py:2613} INFO - Dependencies all met for dep_context=requeueable deps ti=<TaskInstance: etl_pipeline.create_table_azarine manual__2024-11-21T11:44:14.686933+00:00 [queued]>
[2024-11-21T11:52:03.678+0000] {taskinstance.py:2866} INFO - Starting attempt 1 of 1
[2024-11-21T11:52:03.693+0000] {taskinstance.py:2889} INFO - Executing <Task(PostgresOperator): create_table_azarine> on 2024-11-21 11:44:14.686933+00:00
[2024-11-21T11:52:03.703+0000] {warnings.py:112} WARNING - /home/***/.local/lib/python3.12/site-packages/***/task/task_runner/standard_task_runner.py:70: DeprecationWarning: This process (pid=4168) is multi-threaded, use of fork() may lead to deadlocks in the child.
  pid = os.fork()

[2024-11-21T11:52:03.705+0000] {standard_task_runner.py:104} INFO - Running: ['***', 'tasks', 'run', 'etl_pipeline', 'create_table_azarine', 'manual__2024-11-21T11:44:14.686933+00:00', '--job-id', '250', '--raw', '--subdir', 'DAGS_FOLDER/dag.py', '--cfg-path', '/tmp/tmphzfeo5n8']
[2024-11-21T11:52:03.706+0000] {standard_task_runner.py:72} INFO - Started process 4170 to run task
[2024-11-21T11:52:03.707+0000] {standard_task_runner.py:105} INFO - Job 250: Subtask create_table_azarine
[2024-11-21T11:52:03.798+0000] {task_command.py:467} INFO - Running <TaskInstance: etl_pipeline.create_table_azarine manual__2024-11-21T11:44:14.686933+00:00 [running]> on host 7a40aa914b11
[2024-11-21T11:52:04.255+0000] {taskinstance.py:3132} INFO - Exporting env vars: AIRFLOW_CTX_DAG_OWNER='***' AIRFLOW_CTX_DAG_ID='etl_pipeline' AIRFLOW_CTX_TASK_ID='create_table_azarine' AIRFLOW_CTX_EXECUTION_DATE='2024-11-21T11:44:14.686933+00:00' AIRFLOW_CTX_TRY_NUMBER='1' AIRFLOW_CTX_DAG_RUN_ID='manual__2024-11-21T11:44:14.686933+00:00'
[2024-11-21T11:52:04.262+0000] {logging_mixin.py:190} INFO - Task instance is in running state
[2024-11-21T11:52:04.264+0000] {logging_mixin.py:190} INFO -  Previous state of the Task instance: queued
[2024-11-21T11:52:04.265+0000] {logging_mixin.py:190} INFO - Current task name:create_table_azarine state:running start_date:2024-11-21 11:52:03.667581+00:00
[2024-11-21T11:52:04.266+0000] {logging_mixin.py:190} INFO - Dag name:etl_pipeline and current dag run status:running
[2024-11-21T11:52:04.267+0000] {taskinstance.py:731} INFO - ::endgroup::
[2024-11-21T11:52:04.268+0000] {sql.py:278} INFO - Executing: 
        CREATE TABLE IF NOT EXISTS skincare_data_azarine (
            id SERIAL PRIMARY KEY,
            username TEXT NOT NULL,
            date TIMESTAMP,
            review_content TEXT,
            purchase_point TEXT,
            rating INTEGER,
            recommend TEXT,
            jenis_produk TEXT,
            trend INTEGER,
            age_category TEXT,
            periode_penggunaan TEXT,
            skintype TEXT,
            skintone TEXT,
            undertone TEXT
        );
    
[2024-11-21T11:52:04.285+0000] {base.py:84} INFO - Retrieving connection 'skincare_connection'
[2024-11-21T11:52:04.299+0000] {base.py:84} INFO - Retrieving connection 'skincare_connection'
[2024-11-21T11:52:04.307+0000] {sql.py:544} INFO - Running statement: 
        CREATE TABLE IF NOT EXISTS skincare_data_azarine (
            id SERIAL PRIMARY KEY,
            username TEXT NOT NULL,
            date TIMESTAMP,
            review_content TEXT,
            purchase_point TEXT,
            rating INTEGER,
            recommend TEXT,
            jenis_produk TEXT,
            trend INTEGER,
            age_category TEXT,
            periode_penggunaan TEXT,
            skintype TEXT,
            skintone TEXT,
            undertone TEXT
        );
    , parameters: None
[2024-11-21T11:52:04.339+0000] {taskinstance.py:340} INFO - ::group::Post task execution logs
[2024-11-21T11:52:04.340+0000] {taskinstance.py:352} INFO - Marking task as SUCCESS. dag_id=etl_pipeline, task_id=create_table_azarine, run_id=manual__2024-11-21T11:44:14.686933+00:00, execution_date=20241121T114414, start_date=20241121T115203, end_date=20241121T115204
[2024-11-21T11:52:04.367+0000] {logging_mixin.py:190} INFO - Task instance in success state
[2024-11-21T11:52:04.367+0000] {logging_mixin.py:190} INFO -  Previous state of the Task instance: running
[2024-11-21T11:52:04.368+0000] {logging_mixin.py:190} INFO - Dag name:etl_pipeline queued_at:2024-11-21 11:44:14.913623+00:00
[2024-11-21T11:52:04.368+0000] {logging_mixin.py:190} INFO - Task hostname:7a40aa914b11 operator:PostgresOperator
[2024-11-21T11:52:04.408+0000] {local_task_job_runner.py:266} INFO - Task exited with return code 0
[2024-11-21T11:52:04.482+0000] {taskinstance.py:3895} INFO - 1 downstream tasks scheduled from follow-on schedule check
[2024-11-21T11:52:04.488+0000] {local_task_job_runner.py:245} INFO - ::endgroup::
