[2024-11-20T20:30:59.566+0000] {local_task_job_runner.py:123} INFO - ::group::Pre task execution logs
[2024-11-20T20:30:59.584+0000] {taskinstance.py:2613} INFO - Dependencies all met for dep_context=non-requeueable deps ti=<TaskInstance: etl_pipeline.transform_female_daily manual__2024-11-20T20:30:48.585786+00:00 [queued]>
[2024-11-20T20:30:59.593+0000] {taskinstance.py:2613} INFO - Dependencies all met for dep_context=requeueable deps ti=<TaskInstance: etl_pipeline.transform_female_daily manual__2024-11-20T20:30:48.585786+00:00 [queued]>
[2024-11-20T20:30:59.595+0000] {taskinstance.py:2866} INFO - Starting attempt 1 of 1
[2024-11-20T20:30:59.609+0000] {taskinstance.py:2889} INFO - Executing <Task(PythonOperator): transform_female_daily> on 2024-11-20 20:30:48.585786+00:00
[2024-11-20T20:30:59.619+0000] {warnings.py:112} WARNING - /home/***/.local/lib/python3.12/site-packages/***/task/task_runner/standard_task_runner.py:70: DeprecationWarning: This process (pid=1382) is multi-threaded, use of fork() may lead to deadlocks in the child.
  pid = os.fork()

[2024-11-20T20:30:59.621+0000] {standard_task_runner.py:72} INFO - Started process 1384 to run task
[2024-11-20T20:30:59.621+0000] {standard_task_runner.py:104} INFO - Running: ['***', 'tasks', 'run', 'etl_pipeline', 'transform_female_daily', 'manual__2024-11-20T20:30:48.585786+00:00', '--job-id', '82', '--raw', '--subdir', 'DAGS_FOLDER/dag.py', '--cfg-path', '/tmp/tmpln7rmugi']
[2024-11-20T20:30:59.622+0000] {standard_task_runner.py:105} INFO - Job 82: Subtask transform_female_daily
[2024-11-20T20:30:59.673+0000] {task_command.py:467} INFO - Running <TaskInstance: etl_pipeline.transform_female_daily manual__2024-11-20T20:30:48.585786+00:00 [running]> on host 9d6dc26aeebb
[2024-11-20T20:31:00.008+0000] {taskinstance.py:3132} INFO - Exporting env vars: AIRFLOW_CTX_DAG_OWNER='***' AIRFLOW_CTX_DAG_ID='etl_pipeline' AIRFLOW_CTX_TASK_ID='transform_female_daily' AIRFLOW_CTX_EXECUTION_DATE='2024-11-20T20:30:48.585786+00:00' AIRFLOW_CTX_TRY_NUMBER='1' AIRFLOW_CTX_DAG_RUN_ID='manual__2024-11-20T20:30:48.585786+00:00'
[2024-11-20T20:31:00.010+0000] {logging_mixin.py:190} INFO - Task instance is in running state
[2024-11-20T20:31:00.012+0000] {logging_mixin.py:190} INFO -  Previous state of the Task instance: queued
[2024-11-20T20:31:00.013+0000] {logging_mixin.py:190} INFO - Current task name:transform_female_daily state:running start_date:2024-11-20 20:30:59.585858+00:00
[2024-11-20T20:31:00.014+0000] {logging_mixin.py:190} INFO - Dag name:etl_pipeline and current dag run status:running
[2024-11-20T20:31:00.016+0000] {taskinstance.py:731} INFO - ::endgroup::
[2024-11-20T20:31:00.026+0000] {logging_mixin.py:190} INFO - Memproses file: FemaleDaily_Review Azarine Calm My Acne Sunscreen Moisturizer.csv
[2024-11-20T20:31:00.077+0000] {logging_mixin.py:190} INFO - Hasil diproses disimpan di: dags/hasil data extract/FemaleDaily_Review Azarine Calm My Acne Sunscreen Moisturizer.csv
[2024-11-20T20:31:00.078+0000] {logging_mixin.py:190} INFO - Memproses file: FemaleDaily_Review Azarine Hydramax C Sunscreen Serum.csv
[2024-11-20T20:31:00.105+0000] {logging_mixin.py:190} INFO - Hasil diproses disimpan di: dags/hasil data extract/FemaleDaily_Review Azarine Hydramax C Sunscreen Serum.csv
[2024-11-20T20:31:00.106+0000] {logging_mixin.py:190} INFO - Memproses file: FemaleDaily_Review Azarine Hydrashoote Sunscreen Gel.csv
[2024-11-20T20:31:00.136+0000] {logging_mixin.py:190} INFO - Hasil diproses disimpan di: dags/hasil data extract/FemaleDaily_Review Azarine Hydrashoote Sunscreen Gel.csv
[2024-11-20T20:31:00.138+0000] {logging_mixin.py:190} INFO - Memproses file: FemaleDaily_Review Skinaqua UV Moisture Gel.csv
[2024-11-20T20:31:00.164+0000] {logging_mixin.py:190} INFO - Hasil diproses disimpan di: dags/hasil data extract/FemaleDaily_Review Skinaqua UV Moisture Gel.csv
[2024-11-20T20:31:00.165+0000] {logging_mixin.py:190} INFO - Memproses file: FemaleDaily_Review Skinaqua UV Moisture Milk.csv
[2024-11-20T20:31:00.202+0000] {logging_mixin.py:190} INFO - Hasil diproses disimpan di: dags/hasil data extract/FemaleDaily_Review Skinaqua UV Moisture Milk.csv
[2024-11-20T20:31:00.203+0000] {logging_mixin.py:190} INFO - Memproses file: FemaleDaily_Review Skinaqua UV Whitening Milk.csv
[2024-11-20T20:31:00.243+0000] {logging_mixin.py:190} INFO - Hasil diproses disimpan di: dags/hasil data extract/FemaleDaily_Review Skinaqua UV Whitening Milk.csv
[2024-11-20T20:31:00.245+0000] {logging_mixin.py:190} INFO - Memproses file: FemaleDaily_Sunscreen Azarine.csv
[2024-11-20T20:31:00.273+0000] {logging_mixin.py:190} INFO - Tidak ada mapping untuk file: FemaleDaily_Sunscreen Azarine.csv
[2024-11-20T20:31:00.335+0000] {logging_mixin.py:190} INFO - Hasil diproses disimpan di: dags/hasil data extract/FemaleDaily_Sunscreen Azarine.csv
[2024-11-20T20:31:00.337+0000] {logging_mixin.py:190} INFO - Memproses file: FemaleDaily_Sunscreen Skinaqua.csv
[2024-11-20T20:31:00.378+0000] {logging_mixin.py:190} INFO - Tidak ada mapping untuk file: FemaleDaily_Sunscreen Skinaqua.csv
[2024-11-20T20:31:00.455+0000] {logging_mixin.py:190} INFO - Hasil diproses disimpan di: dags/hasil data extract/FemaleDaily_Sunscreen Skinaqua.csv
[2024-11-20T20:31:00.463+0000] {logging_mixin.py:190} INFO - Membaca file: FemaleDaily_Review Azarine Calm My Acne Sunscreen Moisturizer.csv
[2024-11-20T20:31:00.504+0000] {logging_mixin.py:190} INFO - Membaca file: FemaleDaily_Review Azarine Hydramax C Sunscreen Serum.csv
[2024-11-20T20:31:00.544+0000] {logging_mixin.py:190} INFO - Membaca file: FemaleDaily_Review Azarine Hydrashoote Sunscreen Gel.csv
[2024-11-20T20:31:00.784+0000] {logging_mixin.py:190} INFO - Hasil penggabungan disimpan di: dags/hasil data extract/FemaleDaily_Sunscreen Azarine.csv
[2024-11-20T20:31:00.793+0000] {logging_mixin.py:190} INFO - Membaca file: FemaleDaily_Review Skinaqua UV Moisture Gel.csv
[2024-11-20T20:31:00.819+0000] {logging_mixin.py:190} INFO - Membaca file: FemaleDaily_Review Skinaqua UV Moisture Milk.csv
[2024-11-20T20:31:00.886+0000] {logging_mixin.py:190} INFO - Membaca file: FemaleDaily_Review Skinaqua UV Whitening Milk.csv
[2024-11-20T20:31:00.945+0000] {logging_mixin.py:190} INFO - Hasil penggabungan disimpan di: dags/hasil data extract/FemaleDaily_Sunscreen Skinaqua.csv
[2024-11-20T20:31:01.009+0000] {logging_mixin.py:190} INFO - Data berhasil disimpan ke XCom.
[2024-11-20T20:31:01.011+0000] {python.py:240} INFO - Done. Returned value was: None
[2024-11-20T20:31:01.022+0000] {taskinstance.py:340} INFO - ::group::Post task execution logs
[2024-11-20T20:31:01.023+0000] {taskinstance.py:352} INFO - Marking task as SUCCESS. dag_id=etl_pipeline, task_id=transform_female_daily, run_id=manual__2024-11-20T20:30:48.585786+00:00, execution_date=20241120T203048, start_date=20241120T203059, end_date=20241120T203101
[2024-11-20T20:31:01.035+0000] {logging_mixin.py:190} INFO - Task instance in success state
[2024-11-20T20:31:01.036+0000] {logging_mixin.py:190} INFO -  Previous state of the Task instance: running
[2024-11-20T20:31:01.037+0000] {logging_mixin.py:190} INFO - Dag name:etl_pipeline queued_at:2024-11-20 20:30:48.696181+00:00
[2024-11-20T20:31:01.038+0000] {logging_mixin.py:190} INFO - Task hostname:9d6dc26aeebb operator:PythonOperator
[2024-11-20T20:31:01.086+0000] {local_task_job_runner.py:266} INFO - Task exited with return code 0
[2024-11-20T20:31:01.127+0000] {taskinstance.py:3895} INFO - 1 downstream tasks scheduled from follow-on schedule check
[2024-11-20T20:31:01.132+0000] {local_task_job_runner.py:245} INFO - ::endgroup::
