[2024-11-21T07:41:36.521+0000] {local_task_job_runner.py:123} INFO - ::group::Pre task execution logs
[2024-11-21T07:41:36.537+0000] {taskinstance.py:2613} INFO - Dependencies all met for dep_context=non-requeueable deps ti=<TaskInstance: etl_pipeline.transform_merge_data manual__2024-11-21T07:38:05.193191+00:00 [queued]>
[2024-11-21T07:41:36.544+0000] {taskinstance.py:2613} INFO - Dependencies all met for dep_context=requeueable deps ti=<TaskInstance: etl_pipeline.transform_merge_data manual__2024-11-21T07:38:05.193191+00:00 [queued]>
[2024-11-21T07:41:36.546+0000] {taskinstance.py:2866} INFO - Starting attempt 1 of 1
[2024-11-21T07:41:36.558+0000] {taskinstance.py:2889} INFO - Executing <Task(PythonOperator): transform_merge_data> on 2024-11-21 07:38:05.193191+00:00
[2024-11-21T07:41:36.566+0000] {warnings.py:112} WARNING - /home/***/.local/lib/python3.12/site-packages/***/task/task_runner/standard_task_runner.py:70: DeprecationWarning: This process (pid=451) is multi-threaded, use of fork() may lead to deadlocks in the child.
  pid = os.fork()

[2024-11-21T07:41:36.568+0000] {standard_task_runner.py:72} INFO - Started process 453 to run task
[2024-11-21T07:41:36.567+0000] {standard_task_runner.py:104} INFO - Running: ['***', 'tasks', 'run', 'etl_pipeline', 'transform_merge_data', 'manual__2024-11-21T07:38:05.193191+00:00', '--job-id', '125', '--raw', '--subdir', 'DAGS_FOLDER/dag.py', '--cfg-path', '/tmp/tmp_qglfdlz']
[2024-11-21T07:41:36.570+0000] {standard_task_runner.py:105} INFO - Job 125: Subtask transform_merge_data
[2024-11-21T07:41:36.613+0000] {task_command.py:467} INFO - Running <TaskInstance: etl_pipeline.transform_merge_data manual__2024-11-21T07:38:05.193191+00:00 [running]> on host 7a40aa914b11
[2024-11-21T07:41:36.825+0000] {taskinstance.py:3132} INFO - Exporting env vars: AIRFLOW_CTX_DAG_OWNER='***' AIRFLOW_CTX_DAG_ID='etl_pipeline' AIRFLOW_CTX_TASK_ID='transform_merge_data' AIRFLOW_CTX_EXECUTION_DATE='2024-11-21T07:38:05.193191+00:00' AIRFLOW_CTX_TRY_NUMBER='1' AIRFLOW_CTX_DAG_RUN_ID='manual__2024-11-21T07:38:05.193191+00:00'
[2024-11-21T07:41:36.827+0000] {logging_mixin.py:190} INFO - Task instance is in running state
[2024-11-21T07:41:36.828+0000] {logging_mixin.py:190} INFO -  Previous state of the Task instance: queued
[2024-11-21T07:41:36.829+0000] {logging_mixin.py:190} INFO - Current task name:transform_merge_data state:running start_date:2024-11-21 07:41:36.538690+00:00
[2024-11-21T07:41:36.830+0000] {logging_mixin.py:190} INFO - Dag name:etl_pipeline and current dag run status:running
[2024-11-21T07:41:36.832+0000] {taskinstance.py:731} INFO - ::endgroup::
[2024-11-21T07:41:36.833+0000] {logging_mixin.py:190} INFO - Menggabungkan: FemaleDaily_Sunscreen Azarine.csv + GoogleTrends_sunscreen Azarine
[2024-11-21T07:41:36.843+0000] {logging_mixin.py:190} INFO - File tidak ditemukan: /opt/***/dags/etl/dags/hasil data transform/FemaleDaily_Sunscreen Azarine.csv
[2024-11-21T07:41:36.851+0000] {logging_mixin.py:190} INFO - File tidak ditemukan: /opt/***/dags/etl/dags/hasil data transform/GoogleTrends_sunscreen Azarine
[2024-11-21T07:41:36.852+0000] {logging_mixin.py:190} INFO - Salah satu DataFrame tidak tersedia untuk penggabungan.
[2024-11-21T07:41:36.853+0000] {logging_mixin.py:190} INFO - Data gabungan kosong, tidak dapat menyimpan file.
[2024-11-21T07:41:36.854+0000] {logging_mixin.py:190} INFO - Menggabungkan: FemaleDaily_Sunscreen Skinaqua.csv + GoogleTrends_sunscreen skin aqua.csv
[2024-11-21T07:41:36.862+0000] {logging_mixin.py:190} INFO - File tidak ditemukan: /opt/***/dags/etl/dags/hasil data transform/FemaleDaily_Sunscreen Skinaqua.csv
[2024-11-21T07:41:36.871+0000] {logging_mixin.py:190} INFO - File tidak ditemukan: /opt/***/dags/etl/dags/hasil data transform/GoogleTrends_sunscreen skin aqua.csv
[2024-11-21T07:41:36.872+0000] {logging_mixin.py:190} INFO - Salah satu DataFrame tidak tersedia untuk penggabungan.
[2024-11-21T07:41:36.873+0000] {logging_mixin.py:190} INFO - Data gabungan kosong, tidak dapat menyimpan file.
[2024-11-21T07:41:36.874+0000] {python.py:240} INFO - Done. Returned value was: None
[2024-11-21T07:41:36.883+0000] {taskinstance.py:340} INFO - ::group::Post task execution logs
[2024-11-21T07:41:36.884+0000] {taskinstance.py:352} INFO - Marking task as SUCCESS. dag_id=etl_pipeline, task_id=transform_merge_data, run_id=manual__2024-11-21T07:38:05.193191+00:00, execution_date=20241121T073805, start_date=20241121T074136, end_date=20241121T074136
[2024-11-21T07:41:36.895+0000] {logging_mixin.py:190} INFO - Task instance in success state
[2024-11-21T07:41:36.896+0000] {logging_mixin.py:190} INFO -  Previous state of the Task instance: running
[2024-11-21T07:41:36.897+0000] {logging_mixin.py:190} INFO - Dag name:etl_pipeline queued_at:2024-11-21 07:38:05.527954+00:00
[2024-11-21T07:41:36.898+0000] {logging_mixin.py:190} INFO - Task hostname:7a40aa914b11 operator:PythonOperator
[2024-11-21T07:41:36.946+0000] {local_task_job_runner.py:266} INFO - Task exited with return code 0
[2024-11-21T07:41:36.964+0000] {taskinstance.py:3895} INFO - 0 downstream tasks scheduled from follow-on schedule check
[2024-11-21T07:41:36.966+0000] {local_task_job_runner.py:245} INFO - ::endgroup::
