[2024-11-21T11:10:00.095+0000] {local_task_job_runner.py:123} INFO - ::group::Pre task execution logs
[2024-11-21T11:10:00.127+0000] {taskinstance.py:2613} INFO - Dependencies all met for dep_context=non-requeueable deps ti=<TaskInstance: etl_pipeline.transform_female_daily manual__2024-11-21T11:05:43.217316+00:00 [queued]>
[2024-11-21T11:10:00.139+0000] {taskinstance.py:2613} INFO - Dependencies all met for dep_context=requeueable deps ti=<TaskInstance: etl_pipeline.transform_female_daily manual__2024-11-21T11:05:43.217316+00:00 [queued]>
[2024-11-21T11:10:00.143+0000] {taskinstance.py:2866} INFO - Starting attempt 1 of 1
[2024-11-21T11:10:00.168+0000] {taskinstance.py:2889} INFO - Executing <Task(PythonOperator): transform_female_daily> on 2024-11-21 11:05:43.217316+00:00
[2024-11-21T11:10:00.185+0000] {standard_task_runner.py:104} INFO - Running: ['***', 'tasks', 'run', 'etl_pipeline', 'transform_female_daily', 'manual__2024-11-21T11:05:43.217316+00:00', '--job-id', '224', '--raw', '--subdir', 'DAGS_FOLDER/dag.py', '--cfg-path', '/tmp/tmpsexx52tq']
[2024-11-21T11:10:00.184+0000] {warnings.py:112} WARNING - /home/***/.local/lib/python3.12/site-packages/***/task/task_runner/standard_task_runner.py:70: DeprecationWarning: This process (pid=3521) is multi-threaded, use of fork() may lead to deadlocks in the child.
  pid = os.fork()

[2024-11-21T11:10:00.191+0000] {standard_task_runner.py:105} INFO - Job 224: Subtask transform_female_daily
[2024-11-21T11:10:00.192+0000] {standard_task_runner.py:72} INFO - Started process 3530 to run task
[2024-11-21T11:10:00.269+0000] {task_command.py:467} INFO - Running <TaskInstance: etl_pipeline.transform_female_daily manual__2024-11-21T11:05:43.217316+00:00 [running]> on host 7a40aa914b11
[2024-11-21T11:10:00.950+0000] {taskinstance.py:3132} INFO - Exporting env vars: AIRFLOW_CTX_DAG_OWNER='***' AIRFLOW_CTX_DAG_ID='etl_pipeline' AIRFLOW_CTX_TASK_ID='transform_female_daily' AIRFLOW_CTX_EXECUTION_DATE='2024-11-21T11:05:43.217316+00:00' AIRFLOW_CTX_TRY_NUMBER='1' AIRFLOW_CTX_DAG_RUN_ID='manual__2024-11-21T11:05:43.217316+00:00'
[2024-11-21T11:10:00.952+0000] {logging_mixin.py:190} INFO - Task instance is in running state
[2024-11-21T11:10:00.953+0000] {logging_mixin.py:190} INFO -  Previous state of the Task instance: queued
[2024-11-21T11:10:00.954+0000] {logging_mixin.py:190} INFO - Current task name:transform_female_daily state:running start_date:2024-11-21 11:10:00.128713+00:00
[2024-11-21T11:10:00.955+0000] {logging_mixin.py:190} INFO - Dag name:etl_pipeline and current dag run status:running
[2024-11-21T11:10:00.956+0000] {taskinstance.py:731} INFO - ::endgroup::
[2024-11-21T11:10:00.967+0000] {logging_mixin.py:190} INFO - Memproses file: FemaleDaily_Review Azarine Calm My Acne Sunscreen Moisturizer.csv
[2024-11-21T11:10:01.059+0000] {logging_mixin.py:190} INFO - Hasil diproses disimpan di: dags/hasil data transform/FemaleDaily_Review Azarine Calm My Acne Sunscreen Moisturizer.csv
[2024-11-21T11:10:01.060+0000] {logging_mixin.py:190} INFO - Memproses file: FemaleDaily_Review Azarine Hydramax C Sunscreen Serum.csv
[2024-11-21T11:10:01.093+0000] {logging_mixin.py:190} INFO - Hasil diproses disimpan di: dags/hasil data transform/FemaleDaily_Review Azarine Hydramax C Sunscreen Serum.csv
[2024-11-21T11:10:01.095+0000] {logging_mixin.py:190} INFO - Memproses file: FemaleDaily_Review Azarine Hydrashoote Sunscreen Gel.csv
[2024-11-21T11:10:01.125+0000] {logging_mixin.py:190} INFO - Hasil diproses disimpan di: dags/hasil data transform/FemaleDaily_Review Azarine Hydrashoote Sunscreen Gel.csv
[2024-11-21T11:10:01.125+0000] {logging_mixin.py:190} INFO - Memproses file: FemaleDaily_Review Skinaqua UV Moisture Gel.csv
[2024-11-21T11:10:01.149+0000] {logging_mixin.py:190} INFO - Hasil diproses disimpan di: dags/hasil data transform/FemaleDaily_Review Skinaqua UV Moisture Gel.csv
[2024-11-21T11:10:01.150+0000] {logging_mixin.py:190} INFO - Memproses file: FemaleDaily_Review Skinaqua UV Moisture Milk.csv
[2024-11-21T11:10:01.184+0000] {logging_mixin.py:190} INFO - Hasil diproses disimpan di: dags/hasil data transform/FemaleDaily_Review Skinaqua UV Moisture Milk.csv
[2024-11-21T11:10:01.185+0000] {logging_mixin.py:190} INFO - Memproses file: FemaleDaily_Review Skinaqua UV Whitening Milk.csv
[2024-11-21T11:10:01.222+0000] {logging_mixin.py:190} INFO - Hasil diproses disimpan di: dags/hasil data transform/FemaleDaily_Review Skinaqua UV Whitening Milk.csv
[2024-11-21T11:10:01.222+0000] {logging_mixin.py:190} INFO - Memproses file: FemaleDaily_Sunscreen Azarine.csv
[2024-11-21T11:10:01.248+0000] {logging_mixin.py:190} INFO - Tidak ada mapping untuk file: FemaleDaily_Sunscreen Azarine.csv
[2024-11-21T11:10:01.292+0000] {logging_mixin.py:190} INFO - Hasil diproses disimpan di: dags/hasil data transform/FemaleDaily_Sunscreen Azarine.csv
[2024-11-21T11:10:01.293+0000] {logging_mixin.py:190} INFO - Memproses file: FemaleDaily_Sunscreen Skinaqua.csv
[2024-11-21T11:10:01.312+0000] {logging_mixin.py:190} INFO - Tidak ada mapping untuk file: FemaleDaily_Sunscreen Skinaqua.csv
[2024-11-21T11:10:01.352+0000] {logging_mixin.py:190} INFO - Hasil diproses disimpan di: dags/hasil data transform/FemaleDaily_Sunscreen Skinaqua.csv
[2024-11-21T11:10:01.356+0000] {logging_mixin.py:190} INFO - Membaca file: FemaleDaily_Review Azarine Calm My Acne Sunscreen Moisturizer.csv
[2024-11-21T11:10:01.377+0000] {logging_mixin.py:190} INFO - Membaca file: FemaleDaily_Review Azarine Hydramax C Sunscreen Serum.csv
[2024-11-21T11:10:01.391+0000] {logging_mixin.py:190} INFO - Membaca file: FemaleDaily_Review Azarine Hydrashoote Sunscreen Gel.csv
[2024-11-21T11:10:01.438+0000] {logging_mixin.py:190} INFO - Hasil penggabungan disimpan di: dags/hasil data transform/FemaleDaily_Sunscreen Azarine.csv
[2024-11-21T11:10:01.442+0000] {logging_mixin.py:190} INFO - Membaca file: FemaleDaily_Review Skinaqua UV Moisture Gel.csv
[2024-11-21T11:10:01.455+0000] {logging_mixin.py:190} INFO - Membaca file: FemaleDaily_Review Skinaqua UV Moisture Milk.csv
[2024-11-21T11:10:01.471+0000] {logging_mixin.py:190} INFO - Membaca file: FemaleDaily_Review Skinaqua UV Whitening Milk.csv
[2024-11-21T11:10:01.520+0000] {logging_mixin.py:190} INFO - Hasil penggabungan disimpan di: dags/hasil data transform/FemaleDaily_Sunscreen Skinaqua.csv
[2024-11-21T11:10:01.612+0000] {logging_mixin.py:190} INFO - Data berhasil disimpan ke XCom.
[2024-11-21T11:10:01.614+0000] {python.py:240} INFO - Done. Returned value was: None
[2024-11-21T11:10:01.638+0000] {taskinstance.py:340} INFO - ::group::Post task execution logs
[2024-11-21T11:10:01.640+0000] {taskinstance.py:352} INFO - Marking task as SUCCESS. dag_id=etl_pipeline, task_id=transform_female_daily, run_id=manual__2024-11-21T11:05:43.217316+00:00, execution_date=20241121T110543, start_date=20241121T111000, end_date=20241121T111001
[2024-11-21T11:10:01.661+0000] {logging_mixin.py:190} INFO - Task instance in success state
[2024-11-21T11:10:01.662+0000] {logging_mixin.py:190} INFO -  Previous state of the Task instance: running
[2024-11-21T11:10:01.663+0000] {logging_mixin.py:190} INFO - Dag name:etl_pipeline queued_at:2024-11-21 11:05:43.247758+00:00
[2024-11-21T11:10:01.664+0000] {logging_mixin.py:190} INFO - Task hostname:7a40aa914b11 operator:PythonOperator
[2024-11-21T11:10:01.697+0000] {local_task_job_runner.py:266} INFO - Task exited with return code 0
[2024-11-21T11:10:01.731+0000] {taskinstance.py:3895} INFO - 1 downstream tasks scheduled from follow-on schedule check
[2024-11-21T11:10:01.734+0000] {local_task_job_runner.py:245} INFO - ::endgroup::
