[2024-11-21T11:05:49.974+0000] {local_task_job_runner.py:123} INFO - ::group::Pre task execution logs
[2024-11-21T11:05:49.991+0000] {taskinstance.py:2613} INFO - Dependencies all met for dep_context=non-requeueable deps ti=<TaskInstance: etl_pipeline.extract_google_trends manual__2024-11-21T11:05:43.217316+00:00 [queued]>
[2024-11-21T11:05:50.004+0000] {taskinstance.py:2613} INFO - Dependencies all met for dep_context=requeueable deps ti=<TaskInstance: etl_pipeline.extract_google_trends manual__2024-11-21T11:05:43.217316+00:00 [queued]>
[2024-11-21T11:05:50.006+0000] {taskinstance.py:2866} INFO - Starting attempt 1 of 1
[2024-11-21T11:05:50.022+0000] {taskinstance.py:2889} INFO - Executing <Task(PythonOperator): extract_google_trends> on 2024-11-21 11:05:43.217316+00:00
[2024-11-21T11:05:50.042+0000] {warnings.py:112} WARNING - /home/***/.local/lib/python3.12/site-packages/***/task/task_runner/standard_task_runner.py:70: DeprecationWarning: This process (pid=3468) is multi-threaded, use of fork() may lead to deadlocks in the child.
  pid = os.fork()

[2024-11-21T11:05:50.044+0000] {standard_task_runner.py:72} INFO - Started process 3470 to run task
[2024-11-21T11:05:50.045+0000] {standard_task_runner.py:104} INFO - Running: ['***', 'tasks', 'run', 'etl_pipeline', 'extract_google_trends', 'manual__2024-11-21T11:05:43.217316+00:00', '--job-id', '223', '--raw', '--subdir', 'DAGS_FOLDER/dag.py', '--cfg-path', '/tmp/tmprduwi_jh']
[2024-11-21T11:05:50.046+0000] {standard_task_runner.py:105} INFO - Job 223: Subtask extract_google_trends
[2024-11-21T11:05:50.109+0000] {task_command.py:467} INFO - Running <TaskInstance: etl_pipeline.extract_google_trends manual__2024-11-21T11:05:43.217316+00:00 [running]> on host 7a40aa914b11
[2024-11-21T11:05:50.698+0000] {taskinstance.py:3132} INFO - Exporting env vars: AIRFLOW_CTX_DAG_OWNER='***' AIRFLOW_CTX_DAG_ID='etl_pipeline' AIRFLOW_CTX_TASK_ID='extract_google_trends' AIRFLOW_CTX_EXECUTION_DATE='2024-11-21T11:05:43.217316+00:00' AIRFLOW_CTX_TRY_NUMBER='1' AIRFLOW_CTX_DAG_RUN_ID='manual__2024-11-21T11:05:43.217316+00:00'
[2024-11-21T11:05:50.700+0000] {logging_mixin.py:190} INFO - Task instance is in running state
[2024-11-21T11:05:50.701+0000] {logging_mixin.py:190} INFO -  Previous state of the Task instance: queued
[2024-11-21T11:05:50.702+0000] {logging_mixin.py:190} INFO - Current task name:extract_google_trends state:running start_date:2024-11-21 11:05:49.992504+00:00
[2024-11-21T11:05:50.703+0000] {logging_mixin.py:190} INFO - Dag name:etl_pipeline and current dag run status:running
[2024-11-21T11:05:50.704+0000] {taskinstance.py:731} INFO - ::endgroup::
[2024-11-21T11:05:50.709+0000] {extract_google_trends.py:144} INFO - Starting Google Trends data scraping...
[2024-11-21T11:05:50.710+0000] {extract_google_trends.py:56} INFO - Running Apify actor for 'sunscreen skin aqua'...
[2024-11-21T11:05:52.105+0000] {extract_google_trends.py:16} INFO - Sent request to Apify API to run actor with status code: 201
[2024-11-21T11:05:53.107+0000] {extract_google_trends.py:30} INFO - Checked actor run status with status code: 200
[2024-11-21T11:05:53.109+0000] {extract_google_trends.py:88} INFO - Actor is still running for 'sunscreen skin aqua'... Waiting...
[2024-11-21T11:06:04.307+0000] {extract_google_trends.py:30} INFO - Checked actor run status with status code: 200
[2024-11-21T11:06:04.311+0000] {extract_google_trends.py:88} INFO - Actor is still running for 'sunscreen skin aqua'... Waiting...
[2024-11-21T11:06:15.458+0000] {extract_google_trends.py:30} INFO - Checked actor run status with status code: 200
[2024-11-21T11:06:15.460+0000] {extract_google_trends.py:88} INFO - Actor is still running for 'sunscreen skin aqua'... Waiting...
[2024-11-21T11:06:26.539+0000] {extract_google_trends.py:30} INFO - Checked actor run status with status code: 200
[2024-11-21T11:06:26.541+0000] {extract_google_trends.py:88} INFO - Actor is still running for 'sunscreen skin aqua'... Waiting...
[2024-11-21T11:06:37.798+0000] {extract_google_trends.py:30} INFO - Checked actor run status with status code: 200
[2024-11-21T11:06:37.800+0000] {extract_google_trends.py:88} INFO - Actor is still running for 'sunscreen skin aqua'... Waiting...
[2024-11-21T11:06:48.827+0000] {extract_google_trends.py:30} INFO - Checked actor run status with status code: 200
[2024-11-21T11:06:48.829+0000] {extract_google_trends.py:88} INFO - Actor is still running for 'sunscreen skin aqua'... Waiting...
[2024-11-21T11:06:59.824+0000] {extract_google_trends.py:30} INFO - Checked actor run status with status code: 200
[2024-11-21T11:06:59.825+0000] {extract_google_trends.py:88} INFO - Actor is still running for 'sunscreen skin aqua'... Waiting...
[2024-11-21T11:07:10.916+0000] {extract_google_trends.py:30} INFO - Checked actor run status with status code: 200
[2024-11-21T11:07:10.918+0000] {extract_google_trends.py:88} INFO - Actor is still running for 'sunscreen skin aqua'... Waiting...
[2024-11-21T11:07:21.962+0000] {extract_google_trends.py:30} INFO - Checked actor run status with status code: 200
[2024-11-21T11:07:21.964+0000] {extract_google_trends.py:88} INFO - Actor is still running for 'sunscreen skin aqua'... Waiting...
[2024-11-21T11:07:33.032+0000] {extract_google_trends.py:30} INFO - Checked actor run status with status code: 200
[2024-11-21T11:07:33.033+0000] {extract_google_trends.py:88} INFO - Actor is still running for 'sunscreen skin aqua'... Waiting...
[2024-11-21T11:07:44.049+0000] {extract_google_trends.py:30} INFO - Checked actor run status with status code: 200
[2024-11-21T11:07:44.050+0000] {extract_google_trends.py:88} INFO - Actor is still running for 'sunscreen skin aqua'... Waiting...
[2024-11-21T11:07:55.198+0000] {extract_google_trends.py:30} INFO - Checked actor run status with status code: 200
[2024-11-21T11:07:55.200+0000] {extract_google_trends.py:88} INFO - Actor is still running for 'sunscreen skin aqua'... Waiting...
[2024-11-21T11:08:07.029+0000] {extract_google_trends.py:30} INFO - Checked actor run status with status code: 200
[2024-11-21T11:08:07.031+0000] {extract_google_trends.py:86} INFO - Actor run succeeded for 'sunscreen skin aqua'.
[2024-11-21T11:08:08.445+0000] {extract_google_trends.py:44} INFO - Fetched dataset with status code: 200
[2024-11-21T11:08:08.474+0000] {extract_google_trends.py:104} INFO - Data for 'sunscreen skin aqua' saved to 'dags/hasil data extract/GoogleTrend_sunscreen_skin_aqua.json'.
[2024-11-21T11:08:08.486+0000] {extract_google_trends.py:131} INFO - Interest over time data for 'sunscreen skin aqua' saved to 'dags/hasil data extract/GoogleTrend_sunscreen_skin_aqua_interestOverTime.csv'.
[2024-11-21T11:08:08.486+0000] {extract_google_trends.py:56} INFO - Running Apify actor for 'sunscreen Azarine'...
[2024-11-21T11:08:10.102+0000] {extract_google_trends.py:16} INFO - Sent request to Apify API to run actor with status code: 201
[2024-11-21T11:08:11.208+0000] {extract_google_trends.py:30} INFO - Checked actor run status with status code: 200
[2024-11-21T11:08:11.209+0000] {extract_google_trends.py:88} INFO - Actor is still running for 'sunscreen Azarine'... Waiting...
[2024-11-21T11:08:22.272+0000] {extract_google_trends.py:30} INFO - Checked actor run status with status code: 200
[2024-11-21T11:08:22.274+0000] {extract_google_trends.py:88} INFO - Actor is still running for 'sunscreen Azarine'... Waiting...
[2024-11-21T11:08:33.385+0000] {extract_google_trends.py:30} INFO - Checked actor run status with status code: 200
[2024-11-21T11:08:33.392+0000] {extract_google_trends.py:88} INFO - Actor is still running for 'sunscreen Azarine'... Waiting...
[2024-11-21T11:08:44.721+0000] {extract_google_trends.py:30} INFO - Checked actor run status with status code: 200
[2024-11-21T11:08:44.723+0000] {extract_google_trends.py:88} INFO - Actor is still running for 'sunscreen Azarine'... Waiting...
[2024-11-21T11:08:55.790+0000] {extract_google_trends.py:30} INFO - Checked actor run status with status code: 200
[2024-11-21T11:08:55.793+0000] {extract_google_trends.py:88} INFO - Actor is still running for 'sunscreen Azarine'... Waiting...
[2024-11-21T11:09:06.921+0000] {extract_google_trends.py:30} INFO - Checked actor run status with status code: 200
[2024-11-21T11:09:06.923+0000] {extract_google_trends.py:88} INFO - Actor is still running for 'sunscreen Azarine'... Waiting...
[2024-11-21T11:09:17.973+0000] {extract_google_trends.py:30} INFO - Checked actor run status with status code: 200
[2024-11-21T11:09:17.976+0000] {extract_google_trends.py:88} INFO - Actor is still running for 'sunscreen Azarine'... Waiting...
[2024-11-21T11:09:28.953+0000] {extract_google_trends.py:30} INFO - Checked actor run status with status code: 200
[2024-11-21T11:09:28.955+0000] {extract_google_trends.py:88} INFO - Actor is still running for 'sunscreen Azarine'... Waiting...
[2024-11-21T11:09:40.071+0000] {extract_google_trends.py:30} INFO - Checked actor run status with status code: 200
[2024-11-21T11:09:40.072+0000] {extract_google_trends.py:88} INFO - Actor is still running for 'sunscreen Azarine'... Waiting...
[2024-11-21T11:09:51.185+0000] {extract_google_trends.py:30} INFO - Checked actor run status with status code: 200
[2024-11-21T11:09:51.187+0000] {extract_google_trends.py:86} INFO - Actor run succeeded for 'sunscreen Azarine'.
[2024-11-21T11:09:52.568+0000] {extract_google_trends.py:44} INFO - Fetched dataset with status code: 200
[2024-11-21T11:09:52.602+0000] {extract_google_trends.py:104} INFO - Data for 'sunscreen Azarine' saved to 'dags/hasil data extract/GoogleTrend_sunscreen_Azarine.json'.
[2024-11-21T11:09:52.615+0000] {extract_google_trends.py:131} INFO - Interest over time data for 'sunscreen Azarine' saved to 'dags/hasil data extract/GoogleTrend_sunscreen_Azarine_interestOverTime.csv'.
[2024-11-21T11:09:52.627+0000] {extract_google_trends.py:146} INFO - Google Trends data scraping completed.
[2024-11-21T11:09:52.689+0000] {python.py:240} INFO - Done. Returned value was: None
[2024-11-21T11:09:53.149+0000] {taskinstance.py:340} INFO - ::group::Post task execution logs
[2024-11-21T11:09:53.160+0000] {taskinstance.py:352} INFO - Marking task as SUCCESS. dag_id=etl_pipeline, task_id=extract_google_trends, run_id=manual__2024-11-21T11:05:43.217316+00:00, execution_date=20241121T110543, start_date=20241121T110549, end_date=20241121T110953
[2024-11-21T11:09:53.320+0000] {logging_mixin.py:190} INFO - Task instance in success state
[2024-11-21T11:09:53.322+0000] {logging_mixin.py:190} INFO -  Previous state of the Task instance: running
[2024-11-21T11:09:53.323+0000] {logging_mixin.py:190} INFO - Dag name:etl_pipeline queued_at:2024-11-21 11:05:43.247758+00:00
[2024-11-21T11:09:53.324+0000] {logging_mixin.py:190} INFO - Task hostname:7a40aa914b11 operator:PythonOperator
[2024-11-21T11:09:53.495+0000] {local_task_job_runner.py:266} INFO - Task exited with return code 0
[2024-11-21T11:09:53.770+0000] {taskinstance.py:3895} INFO - 1 downstream tasks scheduled from follow-on schedule check
[2024-11-21T11:09:53.774+0000] {local_task_job_runner.py:245} INFO - ::endgroup::
