[2024-11-21T03:08:57.340+0000] {local_task_job_runner.py:123} INFO - ::group::Pre task execution logs
[2024-11-21T03:08:57.635+0000] {taskinstance.py:2613} INFO - Dependencies all met for dep_context=non-requeueable deps ti=<TaskInstance: etl_pipeline.extract_google_trends manual__2024-11-21T03:08:48.754121+00:00 [queued]>
[2024-11-21T03:08:57.649+0000] {taskinstance.py:2613} INFO - Dependencies all met for dep_context=requeueable deps ti=<TaskInstance: etl_pipeline.extract_google_trends manual__2024-11-21T03:08:48.754121+00:00 [queued]>
[2024-11-21T03:08:57.650+0000] {taskinstance.py:2866} INFO - Starting attempt 1 of 1
[2024-11-21T03:08:57.802+0000] {taskinstance.py:2889} INFO - Executing <Task(PythonOperator): extract_google_trends> on 2024-11-21 03:08:48.754121+00:00
[2024-11-21T03:08:57.860+0000] {warnings.py:112} WARNING - /home/***/.local/lib/python3.12/site-packages/***/task/task_runner/standard_task_runner.py:70: DeprecationWarning: This process (pid=420) is multi-threaded, use of fork() may lead to deadlocks in the child.
  pid = os.fork()

[2024-11-21T03:08:57.875+0000] {standard_task_runner.py:72} INFO - Started process 431 to run task
[2024-11-21T03:08:57.874+0000] {standard_task_runner.py:104} INFO - Running: ['***', 'tasks', 'run', 'etl_pipeline', 'extract_google_trends', 'manual__2024-11-21T03:08:48.754121+00:00', '--job-id', '92', '--raw', '--subdir', 'DAGS_FOLDER/dag.py', '--cfg-path', '/tmp/tmpzu1y522u']
[2024-11-21T03:08:57.877+0000] {standard_task_runner.py:105} INFO - Job 92: Subtask extract_google_trends
[2024-11-21T03:08:57.955+0000] {task_command.py:467} INFO - Running <TaskInstance: etl_pipeline.extract_google_trends manual__2024-11-21T03:08:48.754121+00:00 [running]> on host d5003ff2a60e
[2024-11-21T03:08:58.087+0000] {taskinstance.py:3132} INFO - Exporting env vars: AIRFLOW_CTX_DAG_OWNER='***' AIRFLOW_CTX_DAG_ID='etl_pipeline' AIRFLOW_CTX_TASK_ID='extract_google_trends' AIRFLOW_CTX_EXECUTION_DATE='2024-11-21T03:08:48.754121+00:00' AIRFLOW_CTX_TRY_NUMBER='1' AIRFLOW_CTX_DAG_RUN_ID='manual__2024-11-21T03:08:48.754121+00:00'
[2024-11-21T03:08:58.090+0000] {logging_mixin.py:190} INFO - Task instance is in running state
[2024-11-21T03:08:58.090+0000] {logging_mixin.py:190} INFO -  Previous state of the Task instance: queued
[2024-11-21T03:08:58.091+0000] {logging_mixin.py:190} INFO - Current task name:extract_google_trends state:running start_date:2024-11-21 03:08:57.636044+00:00
[2024-11-21T03:08:58.092+0000] {logging_mixin.py:190} INFO - Dag name:etl_pipeline and current dag run status:running
[2024-11-21T03:08:58.092+0000] {taskinstance.py:731} INFO - ::endgroup::
[2024-11-21T03:08:58.094+0000] {logging_mixin.py:190} INFO - Menjalankan Actor di Apify untuk 'sunscreen Azarine'...
[2024-11-21T03:08:58.095+0000] {logging_mixin.py:190} INFO - Menjalankan Actor di Apify untuk 'sunscreen Skin Aqua'...
[2024-11-21T03:08:59.608+0000] {logging_mixin.py:190} INFO - Actor dijalankan dengan run_id: n0almwiSiEWLfN3tY
[2024-11-21T03:08:59.609+0000] {logging_mixin.py:190} INFO - Actor dijalankan dengan run_id: sdyzK5Sm9B6X79LZo
[2024-11-21T03:09:00.761+0000] {logging_mixin.py:190} INFO - Error checking status: 404 - {
  "error": {
    "type": "page-not-found",
    "message": "We have bad news: there is no API endpoint at this URL. Did you specify it correctly?"
  }
}
[2024-11-21T03:09:00.762+0000] {logging_mixin.py:190} INFO - Error checking status: 404 - {
  "error": {
    "type": "page-not-found",
    "message": "We have bad news: there is no API endpoint at this URL. Did you specify it correctly?"
  }
}
[2024-11-21T03:09:00.763+0000] {logging_mixin.py:190} INFO - Unknown status: None
[2024-11-21T03:09:00.764+0000] {logging_mixin.py:190} INFO - Unknown status: None
[2024-11-21T03:09:31.887+0000] {logging_mixin.py:190} INFO - Error checking status: 404 - {
  "error": {
    "type": "page-not-found",
    "message": "We have bad news: there is no API endpoint at this URL. Did you specify it correctly?"
  }
}
[2024-11-21T03:09:31.888+0000] {logging_mixin.py:190} INFO - Error checking status: 404 - {
  "error": {
    "type": "page-not-found",
    "message": "We have bad news: there is no API endpoint at this URL. Did you specify it correctly?"
  }
}
[2024-11-21T03:09:31.889+0000] {logging_mixin.py:190} INFO - Unknown status: None
[2024-11-21T03:09:31.890+0000] {logging_mixin.py:190} INFO - Unknown status: None
[2024-11-21T03:10:03.125+0000] {logging_mixin.py:190} INFO - Error checking status: 404 - {
  "error": {
    "type": "page-not-found",
    "message": "We have bad news: there is no API endpoint at this URL. Did you specify it correctly?"
  }
}
[2024-11-21T03:10:03.126+0000] {logging_mixin.py:190} INFO - Error checking status: 404 - {
  "error": {
    "type": "page-not-found",
    "message": "We have bad news: there is no API endpoint at this URL. Did you specify it correctly?"
  }
}
[2024-11-21T03:10:03.127+0000] {logging_mixin.py:190} INFO - Unknown status: None
[2024-11-21T03:10:03.128+0000] {logging_mixin.py:190} INFO - Unknown status: None
[2024-11-21T03:10:34.254+0000] {logging_mixin.py:190} INFO - Error checking status: 404 - {
  "error": {
    "type": "page-not-found",
    "message": "We have bad news: there is no API endpoint at this URL. Did you specify it correctly?"
  }
}
[2024-11-21T03:10:34.256+0000] {logging_mixin.py:190} INFO - Error checking status: 404 - {
  "error": {
    "type": "page-not-found",
    "message": "We have bad news: there is no API endpoint at this URL. Did you specify it correctly?"
  }
}
[2024-11-21T03:10:34.257+0000] {logging_mixin.py:190} INFO - Unknown status: None
[2024-11-21T03:10:34.258+0000] {logging_mixin.py:190} INFO - Unknown status: None
[2024-11-21T03:11:05.689+0000] {logging_mixin.py:190} INFO - Error checking status: 404 - {
  "error": {
    "type": "page-not-found",
    "message": "We have bad news: there is no API endpoint at this URL. Did you specify it correctly?"
  }
}
[2024-11-21T03:11:05.692+0000] {logging_mixin.py:190} INFO - Unknown status: None
[2024-11-21T03:11:05.692+0000] {logging_mixin.py:190} INFO - Error checking status: 404 - {
  "error": {
    "type": "page-not-found",
    "message": "We have bad news: there is no API endpoint at this URL. Did you specify it correctly?"
  }
}
[2024-11-21T03:11:05.696+0000] {logging_mixin.py:190} INFO - Unknown status: None
[2024-11-21T03:11:36.944+0000] {logging_mixin.py:190} INFO - Error checking status: 404 - {
  "error": {
    "type": "page-not-found",
    "message": "We have bad news: there is no API endpoint at this URL. Did you specify it correctly?"
  }
}
[2024-11-21T03:11:36.947+0000] {logging_mixin.py:190} INFO - Error checking status: 404 - {
  "error": {
    "type": "page-not-found",
    "message": "We have bad news: there is no API endpoint at this URL. Did you specify it correctly?"
  }
}
[2024-11-21T03:11:36.948+0000] {logging_mixin.py:190} INFO - Unknown status: None
[2024-11-21T03:11:36.951+0000] {logging_mixin.py:190} INFO - Unknown status: None
[2024-11-21T03:12:08.775+0000] {logging_mixin.py:190} INFO - Error checking status: 404 - {
  "error": {
    "type": "page-not-found",
    "message": "We have bad news: there is no API endpoint at this URL. Did you specify it correctly?"
  }
}
[2024-11-21T03:12:08.777+0000] {logging_mixin.py:190} INFO - Error checking status: 404 - {
  "error": {
    "type": "page-not-found",
    "message": "We have bad news: there is no API endpoint at this URL. Did you specify it correctly?"
  }
}
[2024-11-21T03:12:08.778+0000] {logging_mixin.py:190} INFO - Unknown status: None
[2024-11-21T03:12:08.780+0000] {logging_mixin.py:190} INFO - Unknown status: None
[2024-11-21T03:12:40.108+0000] {logging_mixin.py:190} INFO - Error checking status: 404 - {
  "error": {
    "type": "page-not-found",
    "message": "We have bad news: there is no API endpoint at this URL. Did you specify it correctly?"
  }
}
[2024-11-21T03:12:40.109+0000] {logging_mixin.py:190} INFO - Unknown status: None
[2024-11-21T03:12:41.030+0000] {logging_mixin.py:190} INFO - Error checking status: 404 - {
  "error": {
    "type": "page-not-found",
    "message": "We have bad news: there is no API endpoint at this URL. Did you specify it correctly?"
  }
}
[2024-11-21T03:12:41.031+0000] {logging_mixin.py:190} INFO - Unknown status: None
[2024-11-21T03:13:11.343+0000] {logging_mixin.py:190} INFO - Error checking status: 404 - {
  "error": {
    "type": "page-not-found",
    "message": "We have bad news: there is no API endpoint at this URL. Did you specify it correctly?"
  }
}
[2024-11-21T03:13:11.344+0000] {logging_mixin.py:190} INFO - Unknown status: None
[2024-11-21T03:13:12.271+0000] {logging_mixin.py:190} INFO - Error checking status: 404 - {
  "error": {
    "type": "page-not-found",
    "message": "We have bad news: there is no API endpoint at this URL. Did you specify it correctly?"
  }
}
[2024-11-21T03:13:12.273+0000] {logging_mixin.py:190} INFO - Unknown status: None
[2024-11-21T03:13:42.577+0000] {logging_mixin.py:190} INFO - Error checking status: 404 - {
  "error": {
    "type": "page-not-found",
    "message": "We have bad news: there is no API endpoint at this URL. Did you specify it correctly?"
  }
}
[2024-11-21T03:13:42.579+0000] {logging_mixin.py:190} INFO - Unknown status: None
[2024-11-21T03:13:43.498+0000] {logging_mixin.py:190} INFO - Error checking status: 404 - {
  "error": {
    "type": "page-not-found",
    "message": "We have bad news: there is no API endpoint at this URL. Did you specify it correctly?"
  }
}
[2024-11-21T03:13:43.500+0000] {logging_mixin.py:190} INFO - Unknown status: None
[2024-11-21T03:14:13.814+0000] {logging_mixin.py:190} INFO - Error checking status: 404 - {
  "error": {
    "type": "page-not-found",
    "message": "We have bad news: there is no API endpoint at this URL. Did you specify it correctly?"
  }
}
[2024-11-21T03:14:13.818+0000] {logging_mixin.py:190} INFO - Unknown status: None
[2024-11-21T03:14:14.682+0000] {logging_mixin.py:190} INFO - Error checking status: 404 - {
  "error": {
    "type": "page-not-found",
    "message": "We have bad news: there is no API endpoint at this URL. Did you specify it correctly?"
  }
}
[2024-11-21T03:14:14.684+0000] {logging_mixin.py:190} INFO - Unknown status: None
[2024-11-21T03:14:45.262+0000] {logging_mixin.py:190} INFO - Error checking status: 404 - {
  "error": {
    "type": "page-not-found",
    "message": "We have bad news: there is no API endpoint at this URL. Did you specify it correctly?"
  }
}
[2024-11-21T03:14:45.266+0000] {logging_mixin.py:190} INFO - Unknown status: None
[2024-11-21T03:14:45.784+0000] {logging_mixin.py:190} INFO - Error checking status: 404 - {
  "error": {
    "type": "page-not-found",
    "message": "We have bad news: there is no API endpoint at this URL. Did you specify it correctly?"
  }
}
[2024-11-21T03:14:45.786+0000] {logging_mixin.py:190} INFO - Unknown status: None
[2024-11-21T03:15:16.520+0000] {logging_mixin.py:190} INFO - Error checking status: 404 - {
  "error": {
    "type": "page-not-found",
    "message": "We have bad news: there is no API endpoint at this URL. Did you specify it correctly?"
  }
}
[2024-11-21T03:15:16.522+0000] {logging_mixin.py:190} INFO - Unknown status: None
[2024-11-21T03:15:17.003+0000] {logging_mixin.py:190} INFO - Error checking status: 404 - {
  "error": {
    "type": "page-not-found",
    "message": "We have bad news: there is no API endpoint at this URL. Did you specify it correctly?"
  }
}
[2024-11-21T03:15:17.006+0000] {logging_mixin.py:190} INFO - Unknown status: None
[2024-11-21T03:15:47.518+0000] {logging_mixin.py:190} INFO - Error checking status: 404 - {
  "error": {
    "type": "page-not-found",
    "message": "We have bad news: there is no API endpoint at this URL. Did you specify it correctly?"
  }
}
[2024-11-21T03:15:47.527+0000] {logging_mixin.py:190} INFO - Unknown status: None
[2024-11-21T03:15:48.142+0000] {logging_mixin.py:190} INFO - Error checking status: 404 - {
  "error": {
    "type": "page-not-found",
    "message": "We have bad news: there is no API endpoint at this URL. Did you specify it correctly?"
  }
}
[2024-11-21T03:15:48.144+0000] {logging_mixin.py:190} INFO - Unknown status: None
[2024-11-21T03:16:19.082+0000] {logging_mixin.py:190} INFO - Error checking status: 404 - {
  "error": {
    "type": "page-not-found",
    "message": "We have bad news: there is no API endpoint at this URL. Did you specify it correctly?"
  }
}
[2024-11-21T03:16:19.083+0000] {logging_mixin.py:190} INFO - Unknown status: None
[2024-11-21T03:16:19.577+0000] {logging_mixin.py:190} INFO - Error checking status: 404 - {
  "error": {
    "type": "page-not-found",
    "message": "We have bad news: there is no API endpoint at this URL. Did you specify it correctly?"
  }
}
[2024-11-21T03:16:19.578+0000] {logging_mixin.py:190} INFO - Unknown status: None
[2024-11-21T03:16:50.190+0000] {logging_mixin.py:190} INFO - Error checking status: 404 - {
  "error": {
    "type": "page-not-found",
    "message": "We have bad news: there is no API endpoint at this URL. Did you specify it correctly?"
  }
}
[2024-11-21T03:16:50.192+0000] {logging_mixin.py:190} INFO - Unknown status: None
[2024-11-21T03:16:50.905+0000] {logging_mixin.py:190} INFO - Error checking status: 404 - {
  "error": {
    "type": "page-not-found",
    "message": "We have bad news: there is no API endpoint at this URL. Did you specify it correctly?"
  }
}
[2024-11-21T03:16:50.907+0000] {logging_mixin.py:190} INFO - Unknown status: None
[2024-11-21T03:17:21.796+0000] {logging_mixin.py:190} INFO - Error checking status: 404 - {
  "error": {
    "type": "page-not-found",
    "message": "We have bad news: there is no API endpoint at this URL. Did you specify it correctly?"
  }
}
[2024-11-21T03:17:21.798+0000] {logging_mixin.py:190} INFO - Unknown status: None
[2024-11-21T03:17:22.157+0000] {logging_mixin.py:190} INFO - Error checking status: 404 - {
  "error": {
    "type": "page-not-found",
    "message": "We have bad news: there is no API endpoint at this URL. Did you specify it correctly?"
  }
}
[2024-11-21T03:17:22.158+0000] {logging_mixin.py:190} INFO - Unknown status: None
[2024-11-21T03:17:52.967+0000] {logging_mixin.py:190} INFO - Error checking status: 404 - {
  "error": {
    "type": "page-not-found",
    "message": "We have bad news: there is no API endpoint at this URL. Did you specify it correctly?"
  }
}
[2024-11-21T03:17:52.969+0000] {logging_mixin.py:190} INFO - Unknown status: None
[2024-11-21T03:17:53.226+0000] {logging_mixin.py:190} INFO - Error checking status: 404 - {
  "error": {
    "type": "page-not-found",
    "message": "We have bad news: there is no API endpoint at this URL. Did you specify it correctly?"
  }
}
[2024-11-21T03:17:53.227+0000] {logging_mixin.py:190} INFO - Unknown status: None
[2024-11-21T03:18:24.321+0000] {logging_mixin.py:190} INFO - Error checking status: 404 - {
  "error": {
    "type": "page-not-found",
    "message": "We have bad news: there is no API endpoint at this URL. Did you specify it correctly?"
  }
}
[2024-11-21T03:18:24.323+0000] {logging_mixin.py:190} INFO - Error checking status: 404 - {
  "error": {
    "type": "page-not-found",
    "message": "We have bad news: there is no API endpoint at this URL. Did you specify it correctly?"
  }
}
[2024-11-21T03:18:24.323+0000] {logging_mixin.py:190} INFO - Unknown status: None
[2024-11-21T03:18:24.324+0000] {logging_mixin.py:190} INFO - Unknown status: None
[2024-11-21T03:18:56.261+0000] {logging_mixin.py:190} INFO - Error checking status: 404 - {
  "error": {
    "type": "page-not-found",
    "message": "We have bad news: there is no API endpoint at this URL. Did you specify it correctly?"
  }
}
[2024-11-21T03:18:56.262+0000] {logging_mixin.py:190} INFO - Error checking status: 404 - {
  "error": {
    "type": "page-not-found",
    "message": "We have bad news: there is no API endpoint at this URL. Did you specify it correctly?"
  }
}
[2024-11-21T03:18:56.263+0000] {logging_mixin.py:190} INFO - Unknown status: None
[2024-11-21T03:18:56.265+0000] {logging_mixin.py:190} INFO - Unknown status: None
[2024-11-21T03:19:27.497+0000] {logging_mixin.py:190} INFO - Error checking status: 404 - {
  "error": {
    "type": "page-not-found",
    "message": "We have bad news: there is no API endpoint at this URL. Did you specify it correctly?"
  }
}
[2024-11-21T03:19:27.499+0000] {logging_mixin.py:190} INFO - Unknown status: None
[2024-11-21T03:19:27.498+0000] {logging_mixin.py:190} INFO - Error checking status: 404 - {
  "error": {
    "type": "page-not-found",
    "message": "We have bad news: there is no API endpoint at this URL. Did you specify it correctly?"
  }
}
[2024-11-21T03:19:27.501+0000] {logging_mixin.py:190} INFO - Unknown status: None
[2024-11-21T03:19:58.587+0000] {logging_mixin.py:190} INFO - Error checking status: 404 - {
  "error": {
    "type": "page-not-found",
    "message": "We have bad news: there is no API endpoint at this URL. Did you specify it correctly?"
  }
}
[2024-11-21T03:19:58.588+0000] {logging_mixin.py:190} INFO - Unknown status: None
[2024-11-21T03:19:58.599+0000] {logging_mixin.py:190} INFO - Error checking status: 404 - {
  "error": {
    "type": "page-not-found",
    "message": "We have bad news: there is no API endpoint at this URL. Did you specify it correctly?"
  }
}
[2024-11-21T03:19:58.600+0000] {logging_mixin.py:190} INFO - Unknown status: None
[2024-11-21T03:20:29.885+0000] {logging_mixin.py:190} INFO - Error checking status: 404 - {
  "error": {
    "type": "page-not-found",
    "message": "We have bad news: there is no API endpoint at this URL. Did you specify it correctly?"
  }
}
[2024-11-21T03:20:29.884+0000] {logging_mixin.py:190} INFO - Error checking status: 404 - {
  "error": {
    "type": "page-not-found",
    "message": "We have bad news: there is no API endpoint at this URL. Did you specify it correctly?"
  }
}
[2024-11-21T03:20:29.887+0000] {logging_mixin.py:190} INFO - Unknown status: None
[2024-11-21T03:20:29.888+0000] {logging_mixin.py:190} INFO - Unknown status: None
[2024-11-21T03:21:01.093+0000] {logging_mixin.py:190} INFO - Error checking status: 404 - {
  "error": {
    "type": "page-not-found",
    "message": "We have bad news: there is no API endpoint at this URL. Did you specify it correctly?"
  }
}
[2024-11-21T03:21:01.095+0000] {logging_mixin.py:190} INFO - Error checking status: 404 - {
  "error": {
    "type": "page-not-found",
    "message": "We have bad news: there is no API endpoint at this URL. Did you specify it correctly?"
  }
}
[2024-11-21T03:21:01.096+0000] {logging_mixin.py:190} INFO - Unknown status: None
[2024-11-21T03:21:01.097+0000] {logging_mixin.py:190} INFO - Unknown status: None
[2024-11-21T03:21:32.333+0000] {logging_mixin.py:190} INFO - Error checking status: 404 - {
  "error": {
    "type": "page-not-found",
    "message": "We have bad news: there is no API endpoint at this URL. Did you specify it correctly?"
  }
}
[2024-11-21T03:21:32.334+0000] {logging_mixin.py:190} INFO - Error checking status: 404 - {
  "error": {
    "type": "page-not-found",
    "message": "We have bad news: there is no API endpoint at this URL. Did you specify it correctly?"
  }
}
[2024-11-21T03:21:32.335+0000] {logging_mixin.py:190} INFO - Unknown status: None
[2024-11-21T03:21:32.335+0000] {logging_mixin.py:190} INFO - Unknown status: None
[2024-11-21T03:22:03.557+0000] {logging_mixin.py:190} INFO - Error checking status: 404 - {
  "error": {
    "type": "page-not-found",
    "message": "We have bad news: there is no API endpoint at this URL. Did you specify it correctly?"
  }
}
[2024-11-21T03:22:03.556+0000] {logging_mixin.py:190} INFO - Error checking status: 404 - {
  "error": {
    "type": "page-not-found",
    "message": "We have bad news: there is no API endpoint at this URL. Did you specify it correctly?"
  }
}
[2024-11-21T03:22:03.559+0000] {logging_mixin.py:190} INFO - Unknown status: None
[2024-11-21T03:22:03.559+0000] {logging_mixin.py:190} INFO - Unknown status: None
[2024-11-21T03:22:34.895+0000] {logging_mixin.py:190} INFO - Error checking status: 404 - {
  "error": {
    "type": "page-not-found",
    "message": "We have bad news: there is no API endpoint at this URL. Did you specify it correctly?"
  }
}
[2024-11-21T03:22:34.897+0000] {logging_mixin.py:190} INFO - Unknown status: None
[2024-11-21T03:22:34.897+0000] {logging_mixin.py:190} INFO - Error checking status: 404 - {
  "error": {
    "type": "page-not-found",
    "message": "We have bad news: there is no API endpoint at this URL. Did you specify it correctly?"
  }
}
[2024-11-21T03:22:34.899+0000] {logging_mixin.py:190} INFO - Unknown status: None
[2024-11-21T03:23:06.578+0000] {logging_mixin.py:190} INFO - Error checking status: 404 - {
  "error": {
    "type": "page-not-found",
    "message": "We have bad news: there is no API endpoint at this URL. Did you specify it correctly?"
  }
}
[2024-11-21T03:23:06.579+0000] {logging_mixin.py:190} INFO - Error checking status: 404 - {
  "error": {
    "type": "page-not-found",
    "message": "We have bad news: there is no API endpoint at this URL. Did you specify it correctly?"
  }
}
[2024-11-21T03:23:06.580+0000] {logging_mixin.py:190} INFO - Unknown status: None
[2024-11-21T03:23:06.582+0000] {logging_mixin.py:190} INFO - Unknown status: None
[2024-11-21T03:23:37.631+0000] {logging_mixin.py:190} INFO - Error checking status: 404 - {
  "error": {
    "type": "page-not-found",
    "message": "We have bad news: there is no API endpoint at this URL. Did you specify it correctly?"
  }
}
[2024-11-21T03:23:37.632+0000] {logging_mixin.py:190} INFO - Unknown status: None
[2024-11-21T03:23:38.308+0000] {logging_mixin.py:190} INFO - Error checking status: 404 - {
  "error": {
    "type": "page-not-found",
    "message": "We have bad news: there is no API endpoint at this URL. Did you specify it correctly?"
  }
}
[2024-11-21T03:23:38.309+0000] {logging_mixin.py:190} INFO - Unknown status: None
[2024-11-21T03:24:08.709+0000] {logging_mixin.py:190} INFO - Error checking status: 404 - {
  "error": {
    "type": "page-not-found",
    "message": "We have bad news: there is no API endpoint at this URL. Did you specify it correctly?"
  }
}
[2024-11-21T03:24:08.710+0000] {logging_mixin.py:190} INFO - Unknown status: None
[2024-11-21T03:24:09.299+0000] {logging_mixin.py:190} INFO - Error checking status: 404 - {
  "error": {
    "type": "page-not-found",
    "message": "We have bad news: there is no API endpoint at this URL. Did you specify it correctly?"
  }
}
[2024-11-21T03:24:09.300+0000] {logging_mixin.py:190} INFO - Unknown status: None
[2024-11-21T03:24:39.814+0000] {logging_mixin.py:190} INFO - Error checking status: 404 - {
  "error": {
    "type": "page-not-found",
    "message": "We have bad news: there is no API endpoint at this URL. Did you specify it correctly?"
  }
}
[2024-11-21T03:24:39.815+0000] {logging_mixin.py:190} INFO - Unknown status: None
[2024-11-21T03:24:40.354+0000] {logging_mixin.py:190} INFO - Error checking status: 404 - {
  "error": {
    "type": "page-not-found",
    "message": "We have bad news: there is no API endpoint at this URL. Did you specify it correctly?"
  }
}
[2024-11-21T03:24:40.355+0000] {logging_mixin.py:190} INFO - Unknown status: None
[2024-11-21T03:25:10.800+0000] {logging_mixin.py:190} INFO - Error checking status: 404 - {
  "error": {
    "type": "page-not-found",
    "message": "We have bad news: there is no API endpoint at this URL. Did you specify it correctly?"
  }
}
[2024-11-21T03:25:10.801+0000] {logging_mixin.py:190} INFO - Unknown status: None
[2024-11-21T03:25:11.294+0000] {logging_mixin.py:190} INFO - Error checking status: 404 - {
  "error": {
    "type": "page-not-found",
    "message": "We have bad news: there is no API endpoint at this URL. Did you specify it correctly?"
  }
}
[2024-11-21T03:25:11.296+0000] {logging_mixin.py:190} INFO - Unknown status: None
[2024-11-21T03:25:41.821+0000] {logging_mixin.py:190} INFO - Error checking status: 404 - {
  "error": {
    "type": "page-not-found",
    "message": "We have bad news: there is no API endpoint at this URL. Did you specify it correctly?"
  }
}
[2024-11-21T03:25:41.822+0000] {logging_mixin.py:190} INFO - Unknown status: None
[2024-11-21T03:25:42.265+0000] {logging_mixin.py:190} INFO - Error checking status: 404 - {
  "error": {
    "type": "page-not-found",
    "message": "We have bad news: there is no API endpoint at this URL. Did you specify it correctly?"
  }
}
[2024-11-21T03:25:42.274+0000] {logging_mixin.py:190} INFO - Unknown status: None
[2024-11-21T03:26:12.785+0000] {logging_mixin.py:190} INFO - Error checking status: 404 - {
  "error": {
    "type": "page-not-found",
    "message": "We have bad news: there is no API endpoint at this URL. Did you specify it correctly?"
  }
}
[2024-11-21T03:26:12.786+0000] {logging_mixin.py:190} INFO - Unknown status: None
[2024-11-21T03:26:13.241+0000] {logging_mixin.py:190} INFO - Error checking status: 404 - {
  "error": {
    "type": "page-not-found",
    "message": "We have bad news: there is no API endpoint at this URL. Did you specify it correctly?"
  }
}
[2024-11-21T03:26:13.245+0000] {logging_mixin.py:190} INFO - Unknown status: None
[2024-11-21T03:26:43.800+0000] {logging_mixin.py:190} INFO - Error checking status: 404 - {
  "error": {
    "type": "page-not-found",
    "message": "We have bad news: there is no API endpoint at this URL. Did you specify it correctly?"
  }
}
[2024-11-21T03:26:43.806+0000] {logging_mixin.py:190} INFO - Unknown status: None
[2024-11-21T03:26:44.191+0000] {logging_mixin.py:190} INFO - Error checking status: 404 - {
  "error": {
    "type": "page-not-found",
    "message": "We have bad news: there is no API endpoint at this URL. Did you specify it correctly?"
  }
}
[2024-11-21T03:26:44.193+0000] {logging_mixin.py:190} INFO - Unknown status: None
[2024-11-21T03:27:14.770+0000] {logging_mixin.py:190} INFO - Error checking status: 404 - {
  "error": {
    "type": "page-not-found",
    "message": "We have bad news: there is no API endpoint at this URL. Did you specify it correctly?"
  }
}
[2024-11-21T03:27:14.772+0000] {logging_mixin.py:190} INFO - Unknown status: None
[2024-11-21T03:27:15.122+0000] {logging_mixin.py:190} INFO - Error checking status: 404 - {
  "error": {
    "type": "page-not-found",
    "message": "We have bad news: there is no API endpoint at this URL. Did you specify it correctly?"
  }
}
[2024-11-21T03:27:15.123+0000] {logging_mixin.py:190} INFO - Unknown status: None
[2024-11-21T03:27:45.787+0000] {logging_mixin.py:190} INFO - Error checking status: 404 - {
  "error": {
    "type": "page-not-found",
    "message": "We have bad news: there is no API endpoint at this URL. Did you specify it correctly?"
  }
}
[2024-11-21T03:27:45.790+0000] {logging_mixin.py:190} INFO - Unknown status: None
[2024-11-21T03:27:46.057+0000] {logging_mixin.py:190} INFO - Error checking status: 404 - {
  "error": {
    "type": "page-not-found",
    "message": "We have bad news: there is no API endpoint at this URL. Did you specify it correctly?"
  }
}
[2024-11-21T03:27:46.059+0000] {logging_mixin.py:190} INFO - Unknown status: None
[2024-11-21T03:28:16.903+0000] {logging_mixin.py:190} INFO - Error checking status: 404 - {
  "error": {
    "type": "page-not-found",
    "message": "We have bad news: there is no API endpoint at this URL. Did you specify it correctly?"
  }
}
[2024-11-21T03:28:16.904+0000] {logging_mixin.py:190} INFO - Unknown status: None
[2024-11-21T03:28:17.102+0000] {logging_mixin.py:190} INFO - Error checking status: 404 - {
  "error": {
    "type": "page-not-found",
    "message": "We have bad news: there is no API endpoint at this URL. Did you specify it correctly?"
  }
}
[2024-11-21T03:28:17.106+0000] {logging_mixin.py:190} INFO - Unknown status: None
[2024-11-21T03:28:48.129+0000] {logging_mixin.py:190} INFO - Error checking status: 404 - {
  "error": {
    "type": "page-not-found",
    "message": "We have bad news: there is no API endpoint at this URL. Did you specify it correctly?"
  }
}
[2024-11-21T03:28:48.133+0000] {logging_mixin.py:190} INFO - Unknown status: None
[2024-11-21T03:28:49.211+0000] {logging_mixin.py:190} INFO - Error checking status: 404 - {
  "error": {
    "type": "page-not-found",
    "message": "We have bad news: there is no API endpoint at this URL. Did you specify it correctly?"
  }
}
[2024-11-21T03:28:49.214+0000] {logging_mixin.py:190} INFO - Unknown status: None
[2024-11-21T03:29:19.214+0000] {logging_mixin.py:190} INFO - Error checking status: 404 - {
  "error": {
    "type": "page-not-found",
    "message": "We have bad news: there is no API endpoint at this URL. Did you specify it correctly?"
  }
}
[2024-11-21T03:29:19.220+0000] {logging_mixin.py:190} INFO - Unknown status: None
[2024-11-21T03:29:20.338+0000] {logging_mixin.py:190} INFO - Error checking status: 404 - {
  "error": {
    "type": "page-not-found",
    "message": "We have bad news: there is no API endpoint at this URL. Did you specify it correctly?"
  }
}
[2024-11-21T03:29:20.340+0000] {logging_mixin.py:190} INFO - Unknown status: None
[2024-11-21T03:29:50.554+0000] {logging_mixin.py:190} INFO - Error checking status: 404 - {
  "error": {
    "type": "page-not-found",
    "message": "We have bad news: there is no API endpoint at this URL. Did you specify it correctly?"
  }
}
[2024-11-21T03:29:50.558+0000] {logging_mixin.py:190} INFO - Unknown status: None
[2024-11-21T03:29:51.362+0000] {logging_mixin.py:190} INFO - Error checking status: 404 - {
  "error": {
    "type": "page-not-found",
    "message": "We have bad news: there is no API endpoint at this URL. Did you specify it correctly?"
  }
}
[2024-11-21T03:29:51.374+0000] {logging_mixin.py:190} INFO - Unknown status: None
[2024-11-21T03:30:21.747+0000] {logging_mixin.py:190} INFO - Error checking status: 404 - {
  "error": {
    "type": "page-not-found",
    "message": "We have bad news: there is no API endpoint at this URL. Did you specify it correctly?"
  }
}
[2024-11-21T03:30:21.753+0000] {logging_mixin.py:190} INFO - Unknown status: None
[2024-11-21T03:30:22.574+0000] {logging_mixin.py:190} INFO - Error checking status: 404 - {
  "error": {
    "type": "page-not-found",
    "message": "We have bad news: there is no API endpoint at this URL. Did you specify it correctly?"
  }
}
[2024-11-21T03:30:22.577+0000] {logging_mixin.py:190} INFO - Unknown status: None
[2024-11-21T03:30:52.920+0000] {logging_mixin.py:190} INFO - Error checking status: 404 - {
  "error": {
    "type": "page-not-found",
    "message": "We have bad news: there is no API endpoint at this URL. Did you specify it correctly?"
  }
}
[2024-11-21T03:30:52.927+0000] {logging_mixin.py:190} INFO - Unknown status: None
[2024-11-21T03:30:53.626+0000] {logging_mixin.py:190} INFO - Error checking status: 404 - {
  "error": {
    "type": "page-not-found",
    "message": "We have bad news: there is no API endpoint at this URL. Did you specify it correctly?"
  }
}
[2024-11-21T03:30:53.629+0000] {logging_mixin.py:190} INFO - Unknown status: None
[2024-11-21T03:31:23.915+0000] {logging_mixin.py:190} INFO - Error checking status: 404 - {
  "error": {
    "type": "page-not-found",
    "message": "We have bad news: there is no API endpoint at this URL. Did you specify it correctly?"
  }
}
[2024-11-21T03:31:23.919+0000] {logging_mixin.py:190} INFO - Unknown status: None
[2024-11-21T03:31:24.631+0000] {logging_mixin.py:190} INFO - Error checking status: 404 - {
  "error": {
    "type": "page-not-found",
    "message": "We have bad news: there is no API endpoint at this URL. Did you specify it correctly?"
  }
}
[2024-11-21T03:31:24.634+0000] {logging_mixin.py:190} INFO - Unknown status: None
[2024-11-21T03:31:54.931+0000] {logging_mixin.py:190} INFO - Error checking status: 404 - {
  "error": {
    "type": "page-not-found",
    "message": "We have bad news: there is no API endpoint at this URL. Did you specify it correctly?"
  }
}
[2024-11-21T03:31:54.935+0000] {logging_mixin.py:190} INFO - Unknown status: None
[2024-11-21T03:31:55.604+0000] {logging_mixin.py:190} INFO - Error checking status: 404 - {
  "error": {
    "type": "page-not-found",
    "message": "We have bad news: there is no API endpoint at this URL. Did you specify it correctly?"
  }
}
[2024-11-21T03:31:55.605+0000] {logging_mixin.py:190} INFO - Unknown status: None
[2024-11-21T03:32:25.934+0000] {logging_mixin.py:190} INFO - Error checking status: 404 - {
  "error": {
    "type": "page-not-found",
    "message": "We have bad news: there is no API endpoint at this URL. Did you specify it correctly?"
  }
}
[2024-11-21T03:32:25.935+0000] {logging_mixin.py:190} INFO - Unknown status: None
[2024-11-21T03:32:26.629+0000] {logging_mixin.py:190} INFO - Error checking status: 404 - {
  "error": {
    "type": "page-not-found",
    "message": "We have bad news: there is no API endpoint at this URL. Did you specify it correctly?"
  }
}
[2024-11-21T03:32:26.635+0000] {logging_mixin.py:190} INFO - Unknown status: None
[2024-11-21T03:32:56.889+0000] {logging_mixin.py:190} INFO - Error checking status: 404 - {
  "error": {
    "type": "page-not-found",
    "message": "We have bad news: there is no API endpoint at this URL. Did you specify it correctly?"
  }
}
[2024-11-21T03:32:56.892+0000] {logging_mixin.py:190} INFO - Unknown status: None
[2024-11-21T03:32:58.149+0000] {logging_mixin.py:190} INFO - Error checking status: 404 - {
  "error": {
    "type": "page-not-found",
    "message": "We have bad news: there is no API endpoint at this URL. Did you specify it correctly?"
  }
}
[2024-11-21T03:32:58.151+0000] {logging_mixin.py:190} INFO - Unknown status: None
[2024-11-21T03:33:28.399+0000] {logging_mixin.py:190} INFO - Error checking status: 404 - {
  "error": {
    "type": "page-not-found",
    "message": "We have bad news: there is no API endpoint at this URL. Did you specify it correctly?"
  }
}
[2024-11-21T03:33:28.400+0000] {logging_mixin.py:190} INFO - Unknown status: None
[2024-11-21T03:33:29.093+0000] {logging_mixin.py:190} INFO - Error checking status: 404 - {
  "error": {
    "type": "page-not-found",
    "message": "We have bad news: there is no API endpoint at this URL. Did you specify it correctly?"
  }
}
[2024-11-21T03:33:29.094+0000] {logging_mixin.py:190} INFO - Unknown status: None
[2024-11-21T03:33:59.365+0000] {logging_mixin.py:190} INFO - Error checking status: 404 - {
  "error": {
    "type": "page-not-found",
    "message": "We have bad news: there is no API endpoint at this URL. Did you specify it correctly?"
  }
}
[2024-11-21T03:33:59.367+0000] {logging_mixin.py:190} INFO - Unknown status: None
[2024-11-21T03:34:00.033+0000] {logging_mixin.py:190} INFO - Error checking status: 404 - {
  "error": {
    "type": "page-not-found",
    "message": "We have bad news: there is no API endpoint at this URL. Did you specify it correctly?"
  }
}
[2024-11-21T03:34:00.036+0000] {logging_mixin.py:190} INFO - Unknown status: None
[2024-11-21T03:34:30.909+0000] {logging_mixin.py:190} INFO - Error checking status: 404 - {
  "error": {
    "type": "page-not-found",
    "message": "We have bad news: there is no API endpoint at this URL. Did you specify it correctly?"
  }
}
[2024-11-21T03:34:30.910+0000] {logging_mixin.py:190} INFO - Unknown status: None
[2024-11-21T03:34:31.164+0000] {logging_mixin.py:190} INFO - Error checking status: 404 - {
  "error": {
    "type": "page-not-found",
    "message": "We have bad news: there is no API endpoint at this URL. Did you specify it correctly?"
  }
}
[2024-11-21T03:34:31.166+0000] {logging_mixin.py:190} INFO - Unknown status: None
[2024-11-21T03:35:02.099+0000] {logging_mixin.py:190} INFO - Error checking status: 404 - {
  "error": {
    "type": "page-not-found",
    "message": "We have bad news: there is no API endpoint at this URL. Did you specify it correctly?"
  }
}
[2024-11-21T03:35:02.101+0000] {logging_mixin.py:190} INFO - Unknown status: None
[2024-11-21T03:35:02.518+0000] {logging_mixin.py:190} INFO - Error checking status: 404 - {
  "error": {
    "type": "page-not-found",
    "message": "We have bad news: there is no API endpoint at this URL. Did you specify it correctly?"
  }
}
[2024-11-21T03:35:02.520+0000] {logging_mixin.py:190} INFO - Unknown status: None
[2024-11-21T03:35:33.169+0000] {logging_mixin.py:190} INFO - Error checking status: 404 - {
  "error": {
    "type": "page-not-found",
    "message": "We have bad news: there is no API endpoint at this URL. Did you specify it correctly?"
  }
}
[2024-11-21T03:35:33.171+0000] {logging_mixin.py:190} INFO - Unknown status: None
[2024-11-21T03:35:33.490+0000] {logging_mixin.py:190} INFO - Error checking status: 404 - {
  "error": {
    "type": "page-not-found",
    "message": "We have bad news: there is no API endpoint at this URL. Did you specify it correctly?"
  }
}
[2024-11-21T03:35:33.494+0000] {logging_mixin.py:190} INFO - Unknown status: None
[2024-11-21T03:36:04.272+0000] {logging_mixin.py:190} INFO - Error checking status: 404 - {
  "error": {
    "type": "page-not-found",
    "message": "We have bad news: there is no API endpoint at this URL. Did you specify it correctly?"
  }
}
[2024-11-21T03:36:04.273+0000] {logging_mixin.py:190} INFO - Unknown status: None
[2024-11-21T03:36:04.754+0000] {logging_mixin.py:190} INFO - Error checking status: 404 - {
  "error": {
    "type": "page-not-found",
    "message": "We have bad news: there is no API endpoint at this URL. Did you specify it correctly?"
  }
}
[2024-11-21T03:36:04.755+0000] {logging_mixin.py:190} INFO - Unknown status: None
[2024-11-21T03:36:35.336+0000] {logging_mixin.py:190} INFO - Error checking status: 404 - {
  "error": {
    "type": "page-not-found",
    "message": "We have bad news: there is no API endpoint at this URL. Did you specify it correctly?"
  }
}
[2024-11-21T03:36:35.338+0000] {logging_mixin.py:190} INFO - Unknown status: None
[2024-11-21T03:36:35.701+0000] {logging_mixin.py:190} INFO - Error checking status: 404 - {
  "error": {
    "type": "page-not-found",
    "message": "We have bad news: there is no API endpoint at this URL. Did you specify it correctly?"
  }
}
[2024-11-21T03:36:35.702+0000] {logging_mixin.py:190} INFO - Unknown status: None
[2024-11-21T03:37:06.347+0000] {logging_mixin.py:190} INFO - Error checking status: 404 - {
  "error": {
    "type": "page-not-found",
    "message": "We have bad news: there is no API endpoint at this URL. Did you specify it correctly?"
  }
}
[2024-11-21T03:37:06.350+0000] {logging_mixin.py:190} INFO - Unknown status: None
[2024-11-21T03:37:06.647+0000] {logging_mixin.py:190} INFO - Error checking status: 404 - {
  "error": {
    "type": "page-not-found",
    "message": "We have bad news: there is no API endpoint at this URL. Did you specify it correctly?"
  }
}
[2024-11-21T03:37:06.648+0000] {logging_mixin.py:190} INFO - Unknown status: None
[2024-11-21T03:37:37.323+0000] {logging_mixin.py:190} INFO - Error checking status: 404 - {
  "error": {
    "type": "page-not-found",
    "message": "We have bad news: there is no API endpoint at this URL. Did you specify it correctly?"
  }
}
[2024-11-21T03:37:37.325+0000] {logging_mixin.py:190} INFO - Unknown status: None
[2024-11-21T03:37:38.432+0000] {logging_mixin.py:190} INFO - Error checking status: 404 - {
  "error": {
    "type": "page-not-found",
    "message": "We have bad news: there is no API endpoint at this URL. Did you specify it correctly?"
  }
}
[2024-11-21T03:37:38.433+0000] {logging_mixin.py:190} INFO - Unknown status: None
[2024-11-21T03:38:09.400+0000] {logging_mixin.py:190} INFO - Error checking status: 404 - {
  "error": {
    "type": "page-not-found",
    "message": "We have bad news: there is no API endpoint at this URL. Did you specify it correctly?"
  }
}
[2024-11-21T03:38:09.402+0000] {logging_mixin.py:190} INFO - Unknown status: None
[2024-11-21T03:38:09.501+0000] {logging_mixin.py:190} INFO - Error checking status: 404 - {
  "error": {
    "type": "page-not-found",
    "message": "We have bad news: there is no API endpoint at this URL. Did you specify it correctly?"
  }
}
[2024-11-21T03:38:09.502+0000] {logging_mixin.py:190} INFO - Unknown status: None
[2024-11-21T03:38:40.462+0000] {logging_mixin.py:190} INFO - Error checking status: 404 - {
  "error": {
    "type": "page-not-found",
    "message": "We have bad news: there is no API endpoint at this URL. Did you specify it correctly?"
  }
}
[2024-11-21T03:38:40.463+0000] {logging_mixin.py:190} INFO - Unknown status: None
[2024-11-21T03:38:40.474+0000] {logging_mixin.py:190} INFO - Error checking status: 404 - {
  "error": {
    "type": "page-not-found",
    "message": "We have bad news: there is no API endpoint at this URL. Did you specify it correctly?"
  }
}
[2024-11-21T03:38:40.475+0000] {logging_mixin.py:190} INFO - Unknown status: None
[2024-11-21T03:39:11.499+0000] {logging_mixin.py:190} INFO - Error checking status: 404 - {
  "error": {
    "type": "page-not-found",
    "message": "We have bad news: there is no API endpoint at this URL. Did you specify it correctly?"
  }
}
[2024-11-21T03:39:11.502+0000] {logging_mixin.py:190} INFO - Error checking status: 404 - {
  "error": {
    "type": "page-not-found",
    "message": "We have bad news: there is no API endpoint at this URL. Did you specify it correctly?"
  }
}
[2024-11-21T03:39:11.503+0000] {logging_mixin.py:190} INFO - Unknown status: None
[2024-11-21T03:39:11.503+0000] {logging_mixin.py:190} INFO - Unknown status: None
[2024-11-21T03:39:42.599+0000] {logging_mixin.py:190} INFO - Error checking status: 404 - {
  "error": {
    "type": "page-not-found",
    "message": "We have bad news: there is no API endpoint at this URL. Did you specify it correctly?"
  }
}
[2024-11-21T03:39:42.600+0000] {logging_mixin.py:190} INFO - Error checking status: 404 - {
  "error": {
    "type": "page-not-found",
    "message": "We have bad news: there is no API endpoint at this URL. Did you specify it correctly?"
  }
}
[2024-11-21T03:39:42.601+0000] {logging_mixin.py:190} INFO - Unknown status: None
[2024-11-21T03:39:42.602+0000] {logging_mixin.py:190} INFO - Unknown status: None
[2024-11-21T03:40:13.628+0000] {logging_mixin.py:190} INFO - Error checking status: 404 - {
  "error": {
    "type": "page-not-found",
    "message": "We have bad news: there is no API endpoint at this URL. Did you specify it correctly?"
  }
}
[2024-11-21T03:40:13.633+0000] {logging_mixin.py:190} INFO - Unknown status: None
[2024-11-21T03:40:13.643+0000] {logging_mixin.py:190} INFO - Error checking status: 404 - {
  "error": {
    "type": "page-not-found",
    "message": "We have bad news: there is no API endpoint at this URL. Did you specify it correctly?"
  }
}
[2024-11-21T03:40:13.644+0000] {logging_mixin.py:190} INFO - Unknown status: None
[2024-11-21T03:40:45.615+0000] {logging_mixin.py:190} INFO - Error checking status: 404 - {
  "error": {
    "type": "page-not-found",
    "message": "We have bad news: there is no API endpoint at this URL. Did you specify it correctly?"
  }
}
[2024-11-21T03:40:45.617+0000] {logging_mixin.py:190} INFO - Unknown status: None
[2024-11-21T03:40:48.924+0000] {logging_mixin.py:190} INFO - Error checking status: 404 - {
  "error": {
    "type": "page-not-found",
    "message": "We have bad news: there is no API endpoint at this URL. Did you specify it correctly?"
  }
}
[2024-11-21T03:40:48.925+0000] {logging_mixin.py:190} INFO - Unknown status: None
[2024-11-21T03:41:17.440+0000] {logging_mixin.py:190} INFO - Error checking status: 404 - {
  "error": {
    "type": "page-not-found",
    "message": "We have bad news: there is no API endpoint at this URL. Did you specify it correctly?"
  }
}
[2024-11-21T03:41:17.441+0000] {logging_mixin.py:190} INFO - Unknown status: None
[2024-11-21T03:41:20.091+0000] {logging_mixin.py:190} INFO - Error checking status: 404 - {
  "error": {
    "type": "page-not-found",
    "message": "We have bad news: there is no API endpoint at this URL. Did you specify it correctly?"
  }
}
[2024-11-21T03:41:20.093+0000] {logging_mixin.py:190} INFO - Unknown status: None
[2024-11-21T03:41:49.770+0000] {logging_mixin.py:190} INFO - Error checking status: 404 - {
  "error": {
    "type": "page-not-found",
    "message": "We have bad news: there is no API endpoint at this URL. Did you specify it correctly?"
  }
}
[2024-11-21T03:41:49.771+0000] {logging_mixin.py:190} INFO - Unknown status: None
[2024-11-21T03:41:51.309+0000] {logging_mixin.py:190} INFO - Error checking status: 404 - {
  "error": {
    "type": "page-not-found",
    "message": "We have bad news: there is no API endpoint at this URL. Did you specify it correctly?"
  }
}
[2024-11-21T03:41:51.311+0000] {logging_mixin.py:190} INFO - Unknown status: None
[2024-11-21T03:42:20.818+0000] {logging_mixin.py:190} INFO - Error checking status: 404 - {
  "error": {
    "type": "page-not-found",
    "message": "We have bad news: there is no API endpoint at this URL. Did you specify it correctly?"
  }
}
[2024-11-21T03:42:20.823+0000] {logging_mixin.py:190} INFO - Unknown status: None
[2024-11-21T03:42:22.288+0000] {logging_mixin.py:190} INFO - Error checking status: 404 - {
  "error": {
    "type": "page-not-found",
    "message": "We have bad news: there is no API endpoint at this URL. Did you specify it correctly?"
  }
}
[2024-11-21T03:42:22.289+0000] {logging_mixin.py:190} INFO - Unknown status: None
[2024-11-21T03:42:52.034+0000] {logging_mixin.py:190} INFO - Error checking status: 404 - {
  "error": {
    "type": "page-not-found",
    "message": "We have bad news: there is no API endpoint at this URL. Did you specify it correctly?"
  }
}
[2024-11-21T03:42:52.036+0000] {logging_mixin.py:190} INFO - Unknown status: None
[2024-11-21T03:42:53.366+0000] {logging_mixin.py:190} INFO - Error checking status: 404 - {
  "error": {
    "type": "page-not-found",
    "message": "We have bad news: there is no API endpoint at this URL. Did you specify it correctly?"
  }
}
[2024-11-21T03:42:53.367+0000] {logging_mixin.py:190} INFO - Unknown status: None
[2024-11-21T03:43:23.231+0000] {logging_mixin.py:190} INFO - Error checking status: 404 - {
  "error": {
    "type": "page-not-found",
    "message": "We have bad news: there is no API endpoint at this URL. Did you specify it correctly?"
  }
}
[2024-11-21T03:43:23.232+0000] {logging_mixin.py:190} INFO - Unknown status: None
[2024-11-21T03:43:24.494+0000] {logging_mixin.py:190} INFO - Error checking status: 404 - {
  "error": {
    "type": "page-not-found",
    "message": "We have bad news: there is no API endpoint at this URL. Did you specify it correctly?"
  }
}
[2024-11-21T03:43:24.498+0000] {logging_mixin.py:190} INFO - Unknown status: None
[2024-11-21T03:43:54.366+0000] {logging_mixin.py:190} INFO - Error checking status: 404 - {
  "error": {
    "type": "page-not-found",
    "message": "We have bad news: there is no API endpoint at this URL. Did you specify it correctly?"
  }
}
[2024-11-21T03:43:54.367+0000] {logging_mixin.py:190} INFO - Unknown status: None
[2024-11-21T03:43:55.550+0000] {logging_mixin.py:190} INFO - Error checking status: 404 - {
  "error": {
    "type": "page-not-found",
    "message": "We have bad news: there is no API endpoint at this URL. Did you specify it correctly?"
  }
}
[2024-11-21T03:43:55.550+0000] {logging_mixin.py:190} INFO - Unknown status: None
[2024-11-21T03:44:25.609+0000] {logging_mixin.py:190} INFO - Error checking status: 404 - {
  "error": {
    "type": "page-not-found",
    "message": "We have bad news: there is no API endpoint at this URL. Did you specify it correctly?"
  }
}
[2024-11-21T03:44:25.610+0000] {logging_mixin.py:190} INFO - Unknown status: None
[2024-11-21T03:44:26.751+0000] {logging_mixin.py:190} INFO - Error checking status: 404 - {
  "error": {
    "type": "page-not-found",
    "message": "We have bad news: there is no API endpoint at this URL. Did you specify it correctly?"
  }
}
[2024-11-21T03:44:26.752+0000] {logging_mixin.py:190} INFO - Unknown status: None
[2024-11-21T03:44:56.761+0000] {logging_mixin.py:190} INFO - Error checking status: 404 - {
  "error": {
    "type": "page-not-found",
    "message": "We have bad news: there is no API endpoint at this URL. Did you specify it correctly?"
  }
}
[2024-11-21T03:44:56.762+0000] {logging_mixin.py:190} INFO - Unknown status: None
[2024-11-21T03:44:58.606+0000] {logging_mixin.py:190} INFO - Error checking status: 404 - {
  "error": {
    "type": "page-not-found",
    "message": "We have bad news: there is no API endpoint at this URL. Did you specify it correctly?"
  }
}
[2024-11-21T03:44:58.607+0000] {logging_mixin.py:190} INFO - Unknown status: None
[2024-11-21T03:45:29.245+0000] {logging_mixin.py:190} INFO - Error checking status: 404 - {
  "error": {
    "type": "page-not-found",
    "message": "We have bad news: there is no API endpoint at this URL. Did you specify it correctly?"
  }
}
[2024-11-21T03:45:29.247+0000] {logging_mixin.py:190} INFO - Unknown status: None
[2024-11-21T03:45:29.791+0000] {logging_mixin.py:190} INFO - Error checking status: 404 - {
  "error": {
    "type": "page-not-found",
    "message": "We have bad news: there is no API endpoint at this URL. Did you specify it correctly?"
  }
}
[2024-11-21T03:45:29.792+0000] {logging_mixin.py:190} INFO - Unknown status: None
[2024-11-21T03:46:00.400+0000] {logging_mixin.py:190} INFO - Error checking status: 404 - {
  "error": {
    "type": "page-not-found",
    "message": "We have bad news: there is no API endpoint at this URL. Did you specify it correctly?"
  }
}
[2024-11-21T03:46:00.401+0000] {logging_mixin.py:190} INFO - Unknown status: None
[2024-11-21T03:46:00.970+0000] {logging_mixin.py:190} INFO - Error checking status: 404 - {
  "error": {
    "type": "page-not-found",
    "message": "We have bad news: there is no API endpoint at this URL. Did you specify it correctly?"
  }
}
[2024-11-21T03:46:00.971+0000] {logging_mixin.py:190} INFO - Unknown status: None
[2024-11-21T03:46:31.455+0000] {logging_mixin.py:190} INFO - Error checking status: 404 - {
  "error": {
    "type": "page-not-found",
    "message": "We have bad news: there is no API endpoint at this URL. Did you specify it correctly?"
  }
}
[2024-11-21T03:46:31.456+0000] {logging_mixin.py:190} INFO - Unknown status: None
[2024-11-21T03:46:32.004+0000] {logging_mixin.py:190} INFO - Error checking status: 404 - {
  "error": {
    "type": "page-not-found",
    "message": "We have bad news: there is no API endpoint at this URL. Did you specify it correctly?"
  }
}
[2024-11-21T03:46:32.004+0000] {logging_mixin.py:190} INFO - Unknown status: None
[2024-11-21T03:47:02.560+0000] {logging_mixin.py:190} INFO - Error checking status: 404 - {
  "error": {
    "type": "page-not-found",
    "message": "We have bad news: there is no API endpoint at this URL. Did you specify it correctly?"
  }
}
[2024-11-21T03:47:02.564+0000] {logging_mixin.py:190} INFO - Unknown status: None
[2024-11-21T03:47:03.148+0000] {logging_mixin.py:190} INFO - Error checking status: 404 - {
  "error": {
    "type": "page-not-found",
    "message": "We have bad news: there is no API endpoint at this URL. Did you specify it correctly?"
  }
}
[2024-11-21T03:47:03.149+0000] {logging_mixin.py:190} INFO - Unknown status: None
[2024-11-21T03:47:33.683+0000] {logging_mixin.py:190} INFO - Error checking status: 404 - {
  "error": {
    "type": "page-not-found",
    "message": "We have bad news: there is no API endpoint at this URL. Did you specify it correctly?"
  }
}
[2024-11-21T03:47:33.685+0000] {logging_mixin.py:190} INFO - Unknown status: None
[2024-11-21T03:47:34.263+0000] {logging_mixin.py:190} INFO - Error checking status: 404 - {
  "error": {
    "type": "page-not-found",
    "message": "We have bad news: there is no API endpoint at this URL. Did you specify it correctly?"
  }
}
[2024-11-21T03:47:34.265+0000] {logging_mixin.py:190} INFO - Unknown status: None
[2024-11-21T03:48:04.658+0000] {logging_mixin.py:190} INFO - Error checking status: 404 - {
  "error": {
    "type": "page-not-found",
    "message": "We have bad news: there is no API endpoint at this URL. Did you specify it correctly?"
  }
}
[2024-11-21T03:48:04.659+0000] {logging_mixin.py:190} INFO - Unknown status: None
[2024-11-21T03:48:05.223+0000] {logging_mixin.py:190} INFO - Error checking status: 404 - {
  "error": {
    "type": "page-not-found",
    "message": "We have bad news: there is no API endpoint at this URL. Did you specify it correctly?"
  }
}
[2024-11-21T03:48:05.224+0000] {logging_mixin.py:190} INFO - Unknown status: None
[2024-11-21T03:48:35.697+0000] {logging_mixin.py:190} INFO - Error checking status: 404 - {
  "error": {
    "type": "page-not-found",
    "message": "We have bad news: there is no API endpoint at this URL. Did you specify it correctly?"
  }
}
[2024-11-21T03:48:35.698+0000] {logging_mixin.py:190} INFO - Unknown status: None
[2024-11-21T03:48:36.267+0000] {logging_mixin.py:190} INFO - Error checking status: 404 - {
  "error": {
    "type": "page-not-found",
    "message": "We have bad news: there is no API endpoint at this URL. Did you specify it correctly?"
  }
}
[2024-11-21T03:48:36.268+0000] {logging_mixin.py:190} INFO - Unknown status: None
[2024-11-21T03:49:06.840+0000] {logging_mixin.py:190} INFO - Error checking status: 404 - {
  "error": {
    "type": "page-not-found",
    "message": "We have bad news: there is no API endpoint at this URL. Did you specify it correctly?"
  }
}
[2024-11-21T03:49:06.842+0000] {logging_mixin.py:190} INFO - Unknown status: None
[2024-11-21T03:49:07.388+0000] {logging_mixin.py:190} INFO - Error checking status: 404 - {
  "error": {
    "type": "page-not-found",
    "message": "We have bad news: there is no API endpoint at this URL. Did you specify it correctly?"
  }
}
[2024-11-21T03:49:07.390+0000] {logging_mixin.py:190} INFO - Unknown status: None
[2024-11-21T03:49:38.001+0000] {logging_mixin.py:190} INFO - Error checking status: 404 - {
  "error": {
    "type": "page-not-found",
    "message": "We have bad news: there is no API endpoint at this URL. Did you specify it correctly?"
  }
}
[2024-11-21T03:49:38.003+0000] {logging_mixin.py:190} INFO - Unknown status: None
[2024-11-21T03:49:38.430+0000] {logging_mixin.py:190} INFO - Error checking status: 404 - {
  "error": {
    "type": "page-not-found",
    "message": "We have bad news: there is no API endpoint at this URL. Did you specify it correctly?"
  }
}
[2024-11-21T03:49:38.431+0000] {logging_mixin.py:190} INFO - Unknown status: None
[2024-11-21T03:50:09.046+0000] {logging_mixin.py:190} INFO - Error checking status: 404 - {
  "error": {
    "type": "page-not-found",
    "message": "We have bad news: there is no API endpoint at this URL. Did you specify it correctly?"
  }
}
[2024-11-21T03:50:09.047+0000] {logging_mixin.py:190} INFO - Unknown status: None
[2024-11-21T03:50:09.445+0000] {logging_mixin.py:190} INFO - Error checking status: 404 - {
  "error": {
    "type": "page-not-found",
    "message": "We have bad news: there is no API endpoint at this URL. Did you specify it correctly?"
  }
}
[2024-11-21T03:50:09.447+0000] {logging_mixin.py:190} INFO - Unknown status: None
[2024-11-21T03:50:40.061+0000] {logging_mixin.py:190} INFO - Error checking status: 404 - {
  "error": {
    "type": "page-not-found",
    "message": "We have bad news: there is no API endpoint at this URL. Did you specify it correctly?"
  }
}
[2024-11-21T03:50:40.064+0000] {logging_mixin.py:190} INFO - Unknown status: None
[2024-11-21T03:50:40.416+0000] {logging_mixin.py:190} INFO - Error checking status: 404 - {
  "error": {
    "type": "page-not-found",
    "message": "We have bad news: there is no API endpoint at this URL. Did you specify it correctly?"
  }
}
[2024-11-21T03:50:40.417+0000] {logging_mixin.py:190} INFO - Unknown status: None
[2024-11-21T03:51:11.021+0000] {logging_mixin.py:190} INFO - Error checking status: 404 - {
  "error": {
    "type": "page-not-found",
    "message": "We have bad news: there is no API endpoint at this URL. Did you specify it correctly?"
  }
}
[2024-11-21T03:51:11.029+0000] {logging_mixin.py:190} INFO - Unknown status: None
[2024-11-21T03:51:11.364+0000] {logging_mixin.py:190} INFO - Error checking status: 404 - {
  "error": {
    "type": "page-not-found",
    "message": "We have bad news: there is no API endpoint at this URL. Did you specify it correctly?"
  }
}
[2024-11-21T03:51:11.365+0000] {logging_mixin.py:190} INFO - Unknown status: None
[2024-11-21T03:51:42.080+0000] {logging_mixin.py:190} INFO - Error checking status: 404 - {
  "error": {
    "type": "page-not-found",
    "message": "We have bad news: there is no API endpoint at this URL. Did you specify it correctly?"
  }
}
[2024-11-21T03:51:42.082+0000] {logging_mixin.py:190} INFO - Unknown status: None
[2024-11-21T03:51:42.419+0000] {logging_mixin.py:190} INFO - Error checking status: 404 - {
  "error": {
    "type": "page-not-found",
    "message": "We have bad news: there is no API endpoint at this URL. Did you specify it correctly?"
  }
}
[2024-11-21T03:51:42.419+0000] {logging_mixin.py:190} INFO - Unknown status: None
[2024-11-21T03:52:13.044+0000] {logging_mixin.py:190} INFO - Error checking status: 404 - {
  "error": {
    "type": "page-not-found",
    "message": "We have bad news: there is no API endpoint at this URL. Did you specify it correctly?"
  }
}
[2024-11-21T03:52:13.045+0000] {logging_mixin.py:190} INFO - Unknown status: None
[2024-11-21T03:52:13.342+0000] {logging_mixin.py:190} INFO - Error checking status: 404 - {
  "error": {
    "type": "page-not-found",
    "message": "We have bad news: there is no API endpoint at this URL. Did you specify it correctly?"
  }
}
[2024-11-21T03:52:13.344+0000] {logging_mixin.py:190} INFO - Unknown status: None
[2024-11-21T03:52:44.161+0000] {logging_mixin.py:190} INFO - Error checking status: 404 - {
  "error": {
    "type": "page-not-found",
    "message": "We have bad news: there is no API endpoint at this URL. Did you specify it correctly?"
  }
}
[2024-11-21T03:52:44.163+0000] {logging_mixin.py:190} INFO - Unknown status: None
[2024-11-21T03:52:44.434+0000] {logging_mixin.py:190} INFO - Error checking status: 404 - {
  "error": {
    "type": "page-not-found",
    "message": "We have bad news: there is no API endpoint at this URL. Did you specify it correctly?"
  }
}
[2024-11-21T03:52:44.435+0000] {logging_mixin.py:190} INFO - Unknown status: None
[2024-11-21T03:53:15.168+0000] {logging_mixin.py:190} INFO - Error checking status: 404 - {
  "error": {
    "type": "page-not-found",
    "message": "We have bad news: there is no API endpoint at this URL. Did you specify it correctly?"
  }
}
[2024-11-21T03:53:15.169+0000] {logging_mixin.py:190} INFO - Unknown status: None
[2024-11-21T03:53:15.431+0000] {logging_mixin.py:190} INFO - Error checking status: 404 - {
  "error": {
    "type": "page-not-found",
    "message": "We have bad news: there is no API endpoint at this URL. Did you specify it correctly?"
  }
}
[2024-11-21T03:53:15.433+0000] {logging_mixin.py:190} INFO - Unknown status: None
[2024-11-21T03:53:46.332+0000] {logging_mixin.py:190} INFO - Error checking status: 404 - {
  "error": {
    "type": "page-not-found",
    "message": "We have bad news: there is no API endpoint at this URL. Did you specify it correctly?"
  }
}
[2024-11-21T03:53:46.333+0000] {logging_mixin.py:190} INFO - Unknown status: None
[2024-11-21T03:53:46.576+0000] {logging_mixin.py:190} INFO - Error checking status: 404 - {
  "error": {
    "type": "page-not-found",
    "message": "We have bad news: there is no API endpoint at this URL. Did you specify it correctly?"
  }
}
[2024-11-21T03:53:46.577+0000] {logging_mixin.py:190} INFO - Unknown status: None
[2024-11-21T03:54:17.401+0000] {logging_mixin.py:190} INFO - Error checking status: 404 - {
  "error": {
    "type": "page-not-found",
    "message": "We have bad news: there is no API endpoint at this URL. Did you specify it correctly?"
  }
}
[2024-11-21T03:54:17.402+0000] {logging_mixin.py:190} INFO - Unknown status: None
[2024-11-21T03:54:17.550+0000] {logging_mixin.py:190} INFO - Error checking status: 404 - {
  "error": {
    "type": "page-not-found",
    "message": "We have bad news: there is no API endpoint at this URL. Did you specify it correctly?"
  }
}
[2024-11-21T03:54:17.551+0000] {logging_mixin.py:190} INFO - Unknown status: None
[2024-11-21T03:54:48.417+0000] {logging_mixin.py:190} INFO - Error checking status: 404 - {
  "error": {
    "type": "page-not-found",
    "message": "We have bad news: there is no API endpoint at this URL. Did you specify it correctly?"
  }
}
[2024-11-21T03:54:48.418+0000] {logging_mixin.py:190} INFO - Unknown status: None
[2024-11-21T03:54:48.529+0000] {logging_mixin.py:190} INFO - Error checking status: 404 - {
  "error": {
    "type": "page-not-found",
    "message": "We have bad news: there is no API endpoint at this URL. Did you specify it correctly?"
  }
}
[2024-11-21T03:54:48.533+0000] {logging_mixin.py:190} INFO - Unknown status: None
[2024-11-21T03:55:19.411+0000] {logging_mixin.py:190} INFO - Error checking status: 404 - {
  "error": {
    "type": "page-not-found",
    "message": "We have bad news: there is no API endpoint at this URL. Did you specify it correctly?"
  }
}
[2024-11-21T03:55:19.413+0000] {logging_mixin.py:190} INFO - Unknown status: None
[2024-11-21T03:55:19.466+0000] {logging_mixin.py:190} INFO - Error checking status: 404 - {
  "error": {
    "type": "page-not-found",
    "message": "We have bad news: there is no API endpoint at this URL. Did you specify it correctly?"
  }
}
[2024-11-21T03:55:19.467+0000] {logging_mixin.py:190} INFO - Unknown status: None
[2024-11-21T03:55:50.502+0000] {logging_mixin.py:190} INFO - Error checking status: 404 - {
  "error": {
    "type": "page-not-found",
    "message": "We have bad news: there is no API endpoint at this URL. Did you specify it correctly?"
  }
}
[2024-11-21T03:55:50.505+0000] {logging_mixin.py:190} INFO - Unknown status: None
[2024-11-21T03:55:50.514+0000] {logging_mixin.py:190} INFO - Error checking status: 404 - {
  "error": {
    "type": "page-not-found",
    "message": "We have bad news: there is no API endpoint at this URL. Did you specify it correctly?"
  }
}
[2024-11-21T03:55:50.516+0000] {logging_mixin.py:190} INFO - Unknown status: None
[2024-11-21T03:56:21.487+0000] {logging_mixin.py:190} INFO - Error checking status: 404 - {
  "error": {
    "type": "page-not-found",
    "message": "We have bad news: there is no API endpoint at this URL. Did you specify it correctly?"
  }
}
[2024-11-21T03:56:21.489+0000] {logging_mixin.py:190} INFO - Unknown status: None
[2024-11-21T03:56:21.533+0000] {logging_mixin.py:190} INFO - Error checking status: 404 - {
  "error": {
    "type": "page-not-found",
    "message": "We have bad news: there is no API endpoint at this URL. Did you specify it correctly?"
  }
}
[2024-11-21T03:56:21.535+0000] {logging_mixin.py:190} INFO - Unknown status: None
[2024-11-21T03:56:52.530+0000] {logging_mixin.py:190} INFO - Error checking status: 404 - {
  "error": {
    "type": "page-not-found",
    "message": "We have bad news: there is no API endpoint at this URL. Did you specify it correctly?"
  }
}
[2024-11-21T03:56:52.534+0000] {logging_mixin.py:190} INFO - Unknown status: None
[2024-11-21T03:56:52.539+0000] {logging_mixin.py:190} INFO - Error checking status: 404 - {
  "error": {
    "type": "page-not-found",
    "message": "We have bad news: there is no API endpoint at this URL. Did you specify it correctly?"
  }
}
[2024-11-21T03:56:52.541+0000] {logging_mixin.py:190} INFO - Unknown status: None
[2024-11-21T03:57:23.604+0000] {logging_mixin.py:190} INFO - Error checking status: 404 - {
  "error": {
    "type": "page-not-found",
    "message": "We have bad news: there is no API endpoint at this URL. Did you specify it correctly?"
  }
}
[2024-11-21T03:57:23.604+0000] {logging_mixin.py:190} INFO - Unknown status: None
[2024-11-21T03:57:23.610+0000] {logging_mixin.py:190} INFO - Error checking status: 404 - {
  "error": {
    "type": "page-not-found",
    "message": "We have bad news: there is no API endpoint at this URL. Did you specify it correctly?"
  }
}
[2024-11-21T03:57:23.612+0000] {logging_mixin.py:190} INFO - Unknown status: None
[2024-11-21T03:57:54.882+0000] {logging_mixin.py:190} INFO - Error checking status: 404 - {
  "error": {
    "type": "page-not-found",
    "message": "We have bad news: there is no API endpoint at this URL. Did you specify it correctly?"
  }
}
[2024-11-21T03:57:54.884+0000] {logging_mixin.py:190} INFO - Error checking status: 404 - {
  "error": {
    "type": "page-not-found",
    "message": "We have bad news: there is no API endpoint at this URL. Did you specify it correctly?"
  }
}
[2024-11-21T03:57:54.885+0000] {logging_mixin.py:190} INFO - Unknown status: None
[2024-11-21T03:57:54.886+0000] {logging_mixin.py:190} INFO - Unknown status: None
[2024-11-21T03:58:26.019+0000] {logging_mixin.py:190} INFO - Error checking status: 404 - {
  "error": {
    "type": "page-not-found",
    "message": "We have bad news: there is no API endpoint at this URL. Did you specify it correctly?"
  }
}
[2024-11-21T03:58:26.020+0000] {logging_mixin.py:190} INFO - Unknown status: None
[2024-11-21T03:58:26.024+0000] {logging_mixin.py:190} INFO - Error checking status: 404 - {
  "error": {
    "type": "page-not-found",
    "message": "We have bad news: there is no API endpoint at this URL. Did you specify it correctly?"
  }
}
[2024-11-21T03:58:26.024+0000] {logging_mixin.py:190} INFO - Unknown status: None
[2024-11-21T03:58:57.141+0000] {logging_mixin.py:190} INFO - Error checking status: 404 - {
  "error": {
    "type": "page-not-found",
    "message": "We have bad news: there is no API endpoint at this URL. Did you specify it correctly?"
  }
}
[2024-11-21T03:58:57.143+0000] {logging_mixin.py:190} INFO - Unknown status: None
[2024-11-21T03:58:57.153+0000] {logging_mixin.py:190} INFO - Error checking status: 404 - {
  "error": {
    "type": "page-not-found",
    "message": "We have bad news: there is no API endpoint at this URL. Did you specify it correctly?"
  }
}
[2024-11-21T03:58:57.154+0000] {logging_mixin.py:190} INFO - Unknown status: None
[2024-11-21T03:59:28.137+0000] {logging_mixin.py:190} INFO - Error checking status: 404 - {
  "error": {
    "type": "page-not-found",
    "message": "We have bad news: there is no API endpoint at this URL. Did you specify it correctly?"
  }
}
[2024-11-21T03:59:28.137+0000] {logging_mixin.py:190} INFO - Error checking status: 404 - {
  "error": {
    "type": "page-not-found",
    "message": "We have bad news: there is no API endpoint at this URL. Did you specify it correctly?"
  }
}
[2024-11-21T03:59:28.138+0000] {logging_mixin.py:190} INFO - Unknown status: None
[2024-11-21T03:59:28.139+0000] {logging_mixin.py:190} INFO - Unknown status: None
[2024-11-21T03:59:59.104+0000] {logging_mixin.py:190} INFO - Error checking status: 404 - {
  "error": {
    "type": "page-not-found",
    "message": "We have bad news: there is no API endpoint at this URL. Did you specify it correctly?"
  }
}
[2024-11-21T03:59:59.106+0000] {logging_mixin.py:190} INFO - Error checking status: 404 - {
  "error": {
    "type": "page-not-found",
    "message": "We have bad news: there is no API endpoint at this URL. Did you specify it correctly?"
  }
}
[2024-11-21T03:59:59.107+0000] {logging_mixin.py:190} INFO - Unknown status: None
[2024-11-21T03:59:59.108+0000] {logging_mixin.py:190} INFO - Unknown status: None
[2024-11-21T04:00:30.087+0000] {logging_mixin.py:190} INFO - Error checking status: 404 - {
  "error": {
    "type": "page-not-found",
    "message": "We have bad news: there is no API endpoint at this URL. Did you specify it correctly?"
  }
}
[2024-11-21T04:00:30.088+0000] {logging_mixin.py:190} INFO - Unknown status: None
[2024-11-21T04:00:30.091+0000] {logging_mixin.py:190} INFO - Error checking status: 404 - {
  "error": {
    "type": "page-not-found",
    "message": "We have bad news: there is no API endpoint at this URL. Did you specify it correctly?"
  }
}
[2024-11-21T04:00:30.092+0000] {logging_mixin.py:190} INFO - Unknown status: None
[2024-11-21T04:01:01.091+0000] {logging_mixin.py:190} INFO - Error checking status: 404 - {
  "error": {
    "type": "page-not-found",
    "message": "We have bad news: there is no API endpoint at this URL. Did you specify it correctly?"
  }
}
[2024-11-21T04:01:01.092+0000] {logging_mixin.py:190} INFO - Unknown status: None
[2024-11-21T04:01:01.097+0000] {logging_mixin.py:190} INFO - Error checking status: 404 - {
  "error": {
    "type": "page-not-found",
    "message": "We have bad news: there is no API endpoint at this URL. Did you specify it correctly?"
  }
}
[2024-11-21T04:01:01.098+0000] {logging_mixin.py:190} INFO - Unknown status: None
[2024-11-21T04:01:32.805+0000] {logging_mixin.py:190} INFO - Error checking status: 404 - {
  "error": {
    "type": "page-not-found",
    "message": "We have bad news: there is no API endpoint at this URL. Did you specify it correctly?"
  }
}
[2024-11-21T04:01:32.807+0000] {logging_mixin.py:190} INFO - Unknown status: None
[2024-11-21T04:01:32.886+0000] {logging_mixin.py:190} INFO - Error checking status: 404 - {
  "error": {
    "type": "page-not-found",
    "message": "We have bad news: there is no API endpoint at this URL. Did you specify it correctly?"
  }
}
[2024-11-21T04:01:32.888+0000] {logging_mixin.py:190} INFO - Unknown status: None
[2024-11-21T04:02:03.833+0000] {logging_mixin.py:190} INFO - Error checking status: 404 - {
  "error": {
    "type": "page-not-found",
    "message": "We have bad news: there is no API endpoint at this URL. Did you specify it correctly?"
  }
}
[2024-11-21T04:02:03.837+0000] {logging_mixin.py:190} INFO - Unknown status: None
[2024-11-21T04:02:03.843+0000] {logging_mixin.py:190} INFO - Error checking status: 404 - {
  "error": {
    "type": "page-not-found",
    "message": "We have bad news: there is no API endpoint at this URL. Did you specify it correctly?"
  }
}
[2024-11-21T04:02:03.844+0000] {logging_mixin.py:190} INFO - Unknown status: None
[2024-11-21T04:02:34.857+0000] {logging_mixin.py:190} INFO - Error checking status: 404 - {
  "error": {
    "type": "page-not-found",
    "message": "We have bad news: there is no API endpoint at this URL. Did you specify it correctly?"
  }
}
[2024-11-21T04:02:34.858+0000] {logging_mixin.py:190} INFO - Error checking status: 404 - {
  "error": {
    "type": "page-not-found",
    "message": "We have bad news: there is no API endpoint at this URL. Did you specify it correctly?"
  }
}
[2024-11-21T04:02:34.859+0000] {logging_mixin.py:190} INFO - Unknown status: None
[2024-11-21T04:02:34.860+0000] {logging_mixin.py:190} INFO - Unknown status: None
[2024-11-21T04:03:05.895+0000] {logging_mixin.py:190} INFO - Error checking status: 404 - {
  "error": {
    "type": "page-not-found",
    "message": "We have bad news: there is no API endpoint at this URL. Did you specify it correctly?"
  }
}
[2024-11-21T04:03:05.895+0000] {logging_mixin.py:190} INFO - Error checking status: 404 - {
  "error": {
    "type": "page-not-found",
    "message": "We have bad news: there is no API endpoint at this URL. Did you specify it correctly?"
  }
}
[2024-11-21T04:03:05.896+0000] {logging_mixin.py:190} INFO - Unknown status: None
[2024-11-21T04:03:05.897+0000] {logging_mixin.py:190} INFO - Unknown status: None
