[2024-11-21T03:39:54.926+0000] {local_task_job_runner.py:123} INFO - ::group::Pre task execution logs
[2024-11-21T03:39:54.959+0000] {taskinstance.py:2613} INFO - Dependencies all met for dep_context=non-requeueable deps ti=<TaskInstance: etl_pipeline.transform_cleaning manual__2024-11-21T03:25:55.868483+00:00 [queued]>
[2024-11-21T03:39:54.969+0000] {taskinstance.py:2613} INFO - Dependencies all met for dep_context=requeueable deps ti=<TaskInstance: etl_pipeline.transform_cleaning manual__2024-11-21T03:25:55.868483+00:00 [queued]>
[2024-11-21T03:39:54.971+0000] {taskinstance.py:2866} INFO - Starting attempt 1 of 1
[2024-11-21T03:39:54.984+0000] {taskinstance.py:2889} INFO - Executing <Task(PythonOperator): transform_cleaning> on 2024-11-21 03:25:55.868483+00:00
[2024-11-21T03:39:54.993+0000] {warnings.py:112} WARNING - /home/***/.local/lib/python3.12/site-packages/***/task/task_runner/standard_task_runner.py:70: DeprecationWarning: This process (pid=866) is multi-threaded, use of fork() may lead to deadlocks in the child.
  pid = os.fork()

[2024-11-21T03:39:54.995+0000] {standard_task_runner.py:72} INFO - Started process 873 to run task
[2024-11-21T03:39:54.994+0000] {standard_task_runner.py:104} INFO - Running: ['***', 'tasks', 'run', 'etl_pipeline', 'transform_cleaning', 'manual__2024-11-21T03:25:55.868483+00:00', '--job-id', '101', '--raw', '--subdir', 'DAGS_FOLDER/dag.py', '--cfg-path', '/tmp/tmpo6_soy_c']
[2024-11-21T03:39:54.996+0000] {standard_task_runner.py:105} INFO - Job 101: Subtask transform_cleaning
[2024-11-21T03:39:55.046+0000] {task_command.py:467} INFO - Running <TaskInstance: etl_pipeline.transform_cleaning manual__2024-11-21T03:25:55.868483+00:00 [running]> on host d5003ff2a60e
[2024-11-21T03:39:55.407+0000] {taskinstance.py:3132} INFO - Exporting env vars: AIRFLOW_CTX_DAG_OWNER='***' AIRFLOW_CTX_DAG_ID='etl_pipeline' AIRFLOW_CTX_TASK_ID='transform_cleaning' AIRFLOW_CTX_EXECUTION_DATE='2024-11-21T03:25:55.868483+00:00' AIRFLOW_CTX_TRY_NUMBER='1' AIRFLOW_CTX_DAG_RUN_ID='manual__2024-11-21T03:25:55.868483+00:00'
[2024-11-21T03:39:55.409+0000] {logging_mixin.py:190} INFO - Task instance is in running state
[2024-11-21T03:39:55.410+0000] {logging_mixin.py:190} INFO -  Previous state of the Task instance: queued
[2024-11-21T03:39:55.410+0000] {logging_mixin.py:190} INFO - Current task name:transform_cleaning state:running start_date:2024-11-21 03:39:54.960601+00:00
[2024-11-21T03:39:55.411+0000] {logging_mixin.py:190} INFO - Dag name:etl_pipeline and current dag run status:running
[2024-11-21T03:39:55.412+0000] {taskinstance.py:731} INFO - ::endgroup::
[2024-11-21T03:39:55.414+0000] {logging_mixin.py:190} INFO - Memproses file 'Merged_Sunscreen Azarine.csv'...
[2024-11-21T03:39:55.419+0000] {logging_mixin.py:190} INFO - File tidak ditemukan: /opt/***/dags/etl/dags/hasil data transform/Merged_Sunscreen Azarine.csv
[2024-11-21T03:39:55.420+0000] {logging_mixin.py:190} INFO - Memproses file 'Merged_Sunscreen Skinaqua.csv'...
[2024-11-21T03:39:55.425+0000] {logging_mixin.py:190} INFO - File tidak ditemukan: /opt/***/dags/etl/dags/hasil data transform/Merged_Sunscreen Skinaqua.csv
[2024-11-21T03:39:55.426+0000] {python.py:240} INFO - Done. Returned value was: None
[2024-11-21T03:39:55.454+0000] {taskinstance.py:340} INFO - ::group::Post task execution logs
[2024-11-21T03:39:55.455+0000] {taskinstance.py:352} INFO - Marking task as SUCCESS. dag_id=etl_pipeline, task_id=transform_cleaning, run_id=manual__2024-11-21T03:25:55.868483+00:00, execution_date=20241121T032555, start_date=20241121T033954, end_date=20241121T033955
[2024-11-21T03:39:55.469+0000] {logging_mixin.py:190} INFO - Task instance in success state
[2024-11-21T03:39:55.470+0000] {logging_mixin.py:190} INFO -  Previous state of the Task instance: running
[2024-11-21T03:39:55.471+0000] {logging_mixin.py:190} INFO - Dag name:etl_pipeline queued_at:2024-11-21 03:25:55.997338+00:00
[2024-11-21T03:39:55.472+0000] {logging_mixin.py:190} INFO - Task hostname:d5003ff2a60e operator:PythonOperator
[2024-11-21T03:39:55.492+0000] {local_task_job_runner.py:266} INFO - Task exited with return code 0
[2024-11-21T03:39:55.518+0000] {taskinstance.py:3895} INFO - 0 downstream tasks scheduled from follow-on schedule check
[2024-11-21T03:39:55.521+0000] {local_task_job_runner.py:245} INFO - ::endgroup::
