[2024-11-21T12:28:51.610+0000] {local_task_job_runner.py:123} INFO - ::group::Pre task execution logs
[2024-11-21T12:28:51.626+0000] {taskinstance.py:2613} INFO - Dependencies all met for dep_context=non-requeueable deps ti=<TaskInstance: etl_pipeline.transform_google_trends manual__2024-11-21T12:28:43.371314+00:00 [queued]>
[2024-11-21T12:28:51.640+0000] {taskinstance.py:2613} INFO - Dependencies all met for dep_context=requeueable deps ti=<TaskInstance: etl_pipeline.transform_google_trends manual__2024-11-21T12:28:43.371314+00:00 [queued]>
[2024-11-21T12:28:51.641+0000] {taskinstance.py:2866} INFO - Starting attempt 1 of 1
[2024-11-21T12:28:51.677+0000] {taskinstance.py:2889} INFO - Executing <Task(PythonOperator): transform_google_trends> on 2024-11-21 12:28:43.371314+00:00
[2024-11-21T12:28:51.694+0000] {warnings.py:112} WARNING - /home/***/.local/lib/python3.12/site-packages/***/task/task_runner/standard_task_runner.py:70: DeprecationWarning: This process (pid=4701) is multi-threaded, use of fork() may lead to deadlocks in the child.
  pid = os.fork()

[2024-11-21T12:28:51.694+0000] {standard_task_runner.py:104} INFO - Running: ['***', 'tasks', 'run', 'etl_pipeline', 'transform_google_trends', 'manual__2024-11-21T12:28:43.371314+00:00', '--job-id', '264', '--raw', '--subdir', 'DAGS_FOLDER/dag.py', '--cfg-path', '/tmp/tmpt3skqttx']
[2024-11-21T12:28:51.696+0000] {standard_task_runner.py:72} INFO - Started process 4703 to run task
[2024-11-21T12:28:51.696+0000] {standard_task_runner.py:105} INFO - Job 264: Subtask transform_google_trends
[2024-11-21T12:28:51.747+0000] {task_command.py:467} INFO - Running <TaskInstance: etl_pipeline.transform_google_trends manual__2024-11-21T12:28:43.371314+00:00 [running]> on host 7a40aa914b11
[2024-11-21T12:28:52.071+0000] {taskinstance.py:3132} INFO - Exporting env vars: AIRFLOW_CTX_DAG_OWNER='***' AIRFLOW_CTX_DAG_ID='etl_pipeline' AIRFLOW_CTX_TASK_ID='transform_google_trends' AIRFLOW_CTX_EXECUTION_DATE='2024-11-21T12:28:43.371314+00:00' AIRFLOW_CTX_TRY_NUMBER='1' AIRFLOW_CTX_DAG_RUN_ID='manual__2024-11-21T12:28:43.371314+00:00'
[2024-11-21T12:28:52.072+0000] {logging_mixin.py:190} INFO - Task instance is in running state
[2024-11-21T12:28:52.073+0000] {logging_mixin.py:190} INFO -  Previous state of the Task instance: queued
[2024-11-21T12:28:52.074+0000] {logging_mixin.py:190} INFO - Current task name:transform_google_trends state:running start_date:2024-11-21 12:28:51.627885+00:00
[2024-11-21T12:28:52.075+0000] {logging_mixin.py:190} INFO - Dag name:etl_pipeline and current dag run status:running
[2024-11-21T12:28:52.076+0000] {taskinstance.py:731} INFO - ::endgroup::
[2024-11-21T12:28:52.088+0000] {logging_mixin.py:190} INFO - Memproses file: dags/hasil data extract/GoogleTrend_sunscreen_Azarine_interestOverTime.csv
[2024-11-21T12:28:52.125+0000] {logging_mixin.py:190} INFO - Hasil diproses disimpan di: dags/hasil data transform/GoogleTrend_sunscreen_Azarine_interestOverTime.csv
[2024-11-21T12:28:52.131+0000] {logging_mixin.py:190} INFO - Memproses file: dags/hasil data extract/GoogleTrend_sunscreen_skin_aqua_interestOverTime.csv
[2024-11-21T12:28:52.153+0000] {logging_mixin.py:190} INFO - Hasil diproses disimpan di: dags/hasil data transform/GoogleTrend_sunscreen_skin_aqua_interestOverTime.csv
[2024-11-21T12:28:52.154+0000] {python.py:240} INFO - Done. Returned value was: None
[2024-11-21T12:28:52.164+0000] {taskinstance.py:340} INFO - ::group::Post task execution logs
[2024-11-21T12:28:52.165+0000] {taskinstance.py:352} INFO - Marking task as SUCCESS. dag_id=etl_pipeline, task_id=transform_google_trends, run_id=manual__2024-11-21T12:28:43.371314+00:00, execution_date=20241121T122843, start_date=20241121T122851, end_date=20241121T122852
[2024-11-21T12:28:52.176+0000] {logging_mixin.py:190} INFO - Task instance in success state
[2024-11-21T12:28:52.177+0000] {logging_mixin.py:190} INFO -  Previous state of the Task instance: running
[2024-11-21T12:28:52.178+0000] {logging_mixin.py:190} INFO - Dag name:etl_pipeline queued_at:2024-11-21 12:28:43.500846+00:00
[2024-11-21T12:28:52.179+0000] {logging_mixin.py:190} INFO - Task hostname:7a40aa914b11 operator:PythonOperator
[2024-11-21T12:28:52.192+0000] {local_task_job_runner.py:266} INFO - Task exited with return code 0
[2024-11-21T12:28:52.219+0000] {taskinstance.py:3895} INFO - 1 downstream tasks scheduled from follow-on schedule check
[2024-11-21T12:28:52.223+0000] {local_task_job_runner.py:245} INFO - ::endgroup::
