[2024-11-21T10:06:35.651+0000] {local_task_job_runner.py:123} INFO - ::group::Pre task execution logs
[2024-11-21T10:06:35.667+0000] {taskinstance.py:2613} INFO - Dependencies all met for dep_context=non-requeueable deps ti=<TaskInstance: etl_pipeline.extract_google_trends manual__2024-11-21T10:06:32.467673+00:00 [queued]>
[2024-11-21T10:06:35.676+0000] {taskinstance.py:2613} INFO - Dependencies all met for dep_context=requeueable deps ti=<TaskInstance: etl_pipeline.extract_google_trends manual__2024-11-21T10:06:32.467673+00:00 [queued]>
[2024-11-21T10:06:35.677+0000] {taskinstance.py:2866} INFO - Starting attempt 1 of 1
[2024-11-21T10:06:35.691+0000] {taskinstance.py:2889} INFO - Executing <Task(PythonOperator): extract_google_trends> on 2024-11-21 10:06:32.467673+00:00
[2024-11-21T10:06:35.700+0000] {warnings.py:112} WARNING - /home/***/.local/lib/python3.12/site-packages/***/task/task_runner/standard_task_runner.py:70: DeprecationWarning: This process (pid=2599) is multi-threaded, use of fork() may lead to deadlocks in the child.
  pid = os.fork()

[2024-11-21T10:06:35.703+0000] {standard_task_runner.py:72} INFO - Started process 2601 to run task
[2024-11-21T10:06:35.702+0000] {standard_task_runner.py:104} INFO - Running: ['***', 'tasks', 'run', 'etl_pipeline', 'extract_google_trends', 'manual__2024-11-21T10:06:32.467673+00:00', '--job-id', '193', '--raw', '--subdir', 'DAGS_FOLDER/dag.py', '--cfg-path', '/tmp/tmp0mhl15u1']
[2024-11-21T10:06:35.704+0000] {standard_task_runner.py:105} INFO - Job 193: Subtask extract_google_trends
[2024-11-21T10:06:35.767+0000] {task_command.py:467} INFO - Running <TaskInstance: etl_pipeline.extract_google_trends manual__2024-11-21T10:06:32.467673+00:00 [running]> on host 7a40aa914b11
[2024-11-21T10:06:36.180+0000] {taskinstance.py:3132} INFO - Exporting env vars: AIRFLOW_CTX_DAG_OWNER='***' AIRFLOW_CTX_DAG_ID='etl_pipeline' AIRFLOW_CTX_TASK_ID='extract_google_trends' AIRFLOW_CTX_EXECUTION_DATE='2024-11-21T10:06:32.467673+00:00' AIRFLOW_CTX_TRY_NUMBER='1' AIRFLOW_CTX_DAG_RUN_ID='manual__2024-11-21T10:06:32.467673+00:00'
[2024-11-21T10:06:36.182+0000] {logging_mixin.py:190} INFO - Task instance is in running state
[2024-11-21T10:06:36.183+0000] {logging_mixin.py:190} INFO -  Previous state of the Task instance: queued
[2024-11-21T10:06:36.187+0000] {logging_mixin.py:190} INFO - Current task name:extract_google_trends state:running start_date:2024-11-21 10:06:35.669046+00:00
[2024-11-21T10:06:36.188+0000] {logging_mixin.py:190} INFO - Dag name:etl_pipeline and current dag run status:running
[2024-11-21T10:06:36.189+0000] {taskinstance.py:731} INFO - ::endgroup::
[2024-11-21T10:06:36.194+0000] {extract_google_trends.py:118} INFO - Mulai proses scrape data Google Trends...
[2024-11-21T10:06:36.195+0000] {extract_google_trends.py:41} INFO - Menjalankan Actor di Apify untuk 'sunscreen skin aqua'...
[2024-11-21T10:06:37.441+0000] {extract_google_trends.py:17} INFO - Sent request to Apify API with status code: 201
[2024-11-21T10:06:37.443+0000] {extract_google_trends.py:21} ERROR - Error: 201 - {}
[2024-11-21T10:06:37.448+0000] {extract_google_trends.py:61} WARNING - Gagal mengambil data dari API Apify untuk 'sunscreen skin aqua'.
[2024-11-21T10:06:37.450+0000] {extract_google_trends.py:41} INFO - Menjalankan Actor di Apify untuk 'sunscreen Azarine'...
[2024-11-21T10:06:39.000+0000] {extract_google_trends.py:17} INFO - Sent request to Apify API with status code: 201
[2024-11-21T10:06:39.001+0000] {extract_google_trends.py:21} ERROR - Error: 201 - {}
[2024-11-21T10:06:39.002+0000] {extract_google_trends.py:61} WARNING - Gagal mengambil data dari API Apify untuk 'sunscreen Azarine'.
[2024-11-21T10:06:39.003+0000] {extract_google_trends.py:125} INFO - Proses scrape selesai.
[2024-11-21T10:06:39.004+0000] {python.py:240} INFO - Done. Returned value was: None
[2024-11-21T10:06:39.014+0000] {taskinstance.py:340} INFO - ::group::Post task execution logs
[2024-11-21T10:06:39.017+0000] {taskinstance.py:352} INFO - Marking task as SUCCESS. dag_id=etl_pipeline, task_id=extract_google_trends, run_id=manual__2024-11-21T10:06:32.467673+00:00, execution_date=20241121T100632, start_date=20241121T100635, end_date=20241121T100639
[2024-11-21T10:06:39.028+0000] {logging_mixin.py:190} INFO - Task instance in success state
[2024-11-21T10:06:39.029+0000] {logging_mixin.py:190} INFO -  Previous state of the Task instance: running
[2024-11-21T10:06:39.030+0000] {logging_mixin.py:190} INFO - Dag name:etl_pipeline queued_at:2024-11-21 10:06:32.765837+00:00
[2024-11-21T10:06:39.030+0000] {logging_mixin.py:190} INFO - Task hostname:7a40aa914b11 operator:PythonOperator
[2024-11-21T10:06:39.062+0000] {local_task_job_runner.py:266} INFO - Task exited with return code 0
[2024-11-21T10:06:39.087+0000] {taskinstance.py:3895} INFO - 1 downstream tasks scheduled from follow-on schedule check
[2024-11-21T10:06:39.092+0000] {local_task_job_runner.py:245} INFO - ::endgroup::
