[2024-11-21T12:20:36.768+0000] {local_task_job_runner.py:123} INFO - ::group::Pre task execution logs
[2024-11-21T12:20:36.782+0000] {taskinstance.py:2613} INFO - Dependencies all met for dep_context=non-requeueable deps ti=<TaskInstance: etl_pipeline.transform_merge_data manual__2024-11-21T12:12:13.438445+00:00 [queued]>
[2024-11-21T12:20:36.789+0000] {taskinstance.py:2613} INFO - Dependencies all met for dep_context=requeueable deps ti=<TaskInstance: etl_pipeline.transform_merge_data manual__2024-11-21T12:12:13.438445+00:00 [queued]>
[2024-11-21T12:20:36.791+0000] {taskinstance.py:2866} INFO - Starting attempt 1 of 1
[2024-11-21T12:20:36.804+0000] {taskinstance.py:2889} INFO - Executing <Task(PythonOperator): transform_merge_data> on 2024-11-21 12:12:13.438445+00:00
[2024-11-21T12:20:36.812+0000] {warnings.py:112} WARNING - /home/***/.local/lib/python3.12/site-packages/***/task/task_runner/standard_task_runner.py:70: DeprecationWarning: This process (pid=4562) is multi-threaded, use of fork() may lead to deadlocks in the child.
  pid = os.fork()

[2024-11-21T12:20:36.814+0000] {standard_task_runner.py:72} INFO - Started process 4564 to run task
[2024-11-21T12:20:36.814+0000] {standard_task_runner.py:104} INFO - Running: ['***', 'tasks', 'run', 'etl_pipeline', 'transform_merge_data', 'manual__2024-11-21T12:12:13.438445+00:00', '--job-id', '256', '--raw', '--subdir', 'DAGS_FOLDER/dag.py', '--cfg-path', '/tmp/tmp6qzmd5yn']
[2024-11-21T12:20:36.816+0000] {standard_task_runner.py:105} INFO - Job 256: Subtask transform_merge_data
[2024-11-21T12:20:36.861+0000] {task_command.py:467} INFO - Running <TaskInstance: etl_pipeline.transform_merge_data manual__2024-11-21T12:12:13.438445+00:00 [running]> on host 7a40aa914b11
[2024-11-21T12:20:37.111+0000] {taskinstance.py:3132} INFO - Exporting env vars: AIRFLOW_CTX_DAG_OWNER='***' AIRFLOW_CTX_DAG_ID='etl_pipeline' AIRFLOW_CTX_TASK_ID='transform_merge_data' AIRFLOW_CTX_EXECUTION_DATE='2024-11-21T12:12:13.438445+00:00' AIRFLOW_CTX_TRY_NUMBER='1' AIRFLOW_CTX_DAG_RUN_ID='manual__2024-11-21T12:12:13.438445+00:00'
[2024-11-21T12:20:37.112+0000] {logging_mixin.py:190} INFO - Task instance is in running state
[2024-11-21T12:20:37.113+0000] {logging_mixin.py:190} INFO -  Previous state of the Task instance: queued
[2024-11-21T12:20:37.114+0000] {logging_mixin.py:190} INFO - Current task name:transform_merge_data state:running start_date:2024-11-21 12:20:36.783350+00:00
[2024-11-21T12:20:37.115+0000] {logging_mixin.py:190} INFO - Dag name:etl_pipeline and current dag run status:running
[2024-11-21T12:20:37.116+0000] {taskinstance.py:731} INFO - ::endgroup::
[2024-11-21T12:20:37.118+0000] {logging_mixin.py:190} INFO - Menggabungkan: FemaleDaily_Sunscreen Azarine.csv + GoogleTrend_sunscreen_Azarine_interestOverTime.csv
[2024-11-21T12:20:37.193+0000] {logging_mixin.py:190} INFO - Hasil gabungan disimpan di: dags/hasil data transform/Merged_Sunscreen Azarine.csv
[2024-11-21T12:20:37.194+0000] {logging_mixin.py:190} INFO - Menggabungkan: FemaleDaily_Sunscreen Skinaqua.csv + GoogleTrend_sunscreen_skin_aqua_interestOverTime.csv
[2024-11-21T12:20:37.235+0000] {logging_mixin.py:190} INFO - Hasil gabungan disimpan di: dags/hasil data transform/Merged_Sunscreen Skinaqua.csv
[2024-11-21T12:20:37.236+0000] {python.py:240} INFO - Done. Returned value was: None
[2024-11-21T12:20:37.247+0000] {taskinstance.py:340} INFO - ::group::Post task execution logs
[2024-11-21T12:20:37.248+0000] {taskinstance.py:352} INFO - Marking task as SUCCESS. dag_id=etl_pipeline, task_id=transform_merge_data, run_id=manual__2024-11-21T12:12:13.438445+00:00, execution_date=20241121T121213, start_date=20241121T122036, end_date=20241121T122037
[2024-11-21T12:20:37.257+0000] {logging_mixin.py:190} INFO - Task instance in success state
[2024-11-21T12:20:37.257+0000] {logging_mixin.py:190} INFO -  Previous state of the Task instance: running
[2024-11-21T12:20:37.258+0000] {logging_mixin.py:190} INFO - Dag name:etl_pipeline queued_at:2024-11-21 12:12:13.558991+00:00
[2024-11-21T12:20:37.259+0000] {logging_mixin.py:190} INFO - Task hostname:7a40aa914b11 operator:PythonOperator
[2024-11-21T12:20:37.272+0000] {local_task_job_runner.py:266} INFO - Task exited with return code 0
[2024-11-21T12:20:37.295+0000] {taskinstance.py:3895} INFO - 1 downstream tasks scheduled from follow-on schedule check
[2024-11-21T12:20:37.298+0000] {local_task_job_runner.py:245} INFO - ::endgroup::
