[2024-11-21T08:48:14.558+0000] {local_task_job_runner.py:123} INFO - ::group::Pre task execution logs
[2024-11-21T08:48:14.573+0000] {taskinstance.py:2613} INFO - Dependencies all met for dep_context=non-requeueable deps ti=<TaskInstance: etl_pipeline.transform_merge_data manual__2024-11-21T08:41:23.801067+00:00 [queued]>
[2024-11-21T08:48:14.580+0000] {taskinstance.py:2613} INFO - Dependencies all met for dep_context=requeueable deps ti=<TaskInstance: etl_pipeline.transform_merge_data manual__2024-11-21T08:41:23.801067+00:00 [queued]>
[2024-11-21T08:48:14.582+0000] {taskinstance.py:2866} INFO - Starting attempt 1 of 1
[2024-11-21T08:48:14.594+0000] {taskinstance.py:2889} INFO - Executing <Task(PythonOperator): transform_merge_data> on 2024-11-21 08:41:23.801067+00:00
[2024-11-21T08:48:14.602+0000] {warnings.py:112} WARNING - /home/***/.local/lib/python3.12/site-packages/***/task/task_runner/standard_task_runner.py:70: DeprecationWarning: This process (pid=1492) is multi-threaded, use of fork() may lead to deadlocks in the child.
  pid = os.fork()

[2024-11-21T08:48:14.603+0000] {standard_task_runner.py:72} INFO - Started process 1494 to run task
[2024-11-21T08:48:14.603+0000] {standard_task_runner.py:104} INFO - Running: ['***', 'tasks', 'run', 'etl_pipeline', 'transform_merge_data', 'manual__2024-11-21T08:41:23.801067+00:00', '--job-id', '169', '--raw', '--subdir', 'DAGS_FOLDER/dag.py', '--cfg-path', '/tmp/tmp0byz_pnf']
[2024-11-21T08:48:14.605+0000] {standard_task_runner.py:105} INFO - Job 169: Subtask transform_merge_data
[2024-11-21T08:48:14.646+0000] {task_command.py:467} INFO - Running <TaskInstance: etl_pipeline.transform_merge_data manual__2024-11-21T08:41:23.801067+00:00 [running]> on host 7a40aa914b11
[2024-11-21T08:48:14.912+0000] {taskinstance.py:3132} INFO - Exporting env vars: AIRFLOW_CTX_DAG_OWNER='***' AIRFLOW_CTX_DAG_ID='etl_pipeline' AIRFLOW_CTX_TASK_ID='transform_merge_data' AIRFLOW_CTX_EXECUTION_DATE='2024-11-21T08:41:23.801067+00:00' AIRFLOW_CTX_TRY_NUMBER='1' AIRFLOW_CTX_DAG_RUN_ID='manual__2024-11-21T08:41:23.801067+00:00'
[2024-11-21T08:48:14.914+0000] {logging_mixin.py:190} INFO - Task instance is in running state
[2024-11-21T08:48:14.915+0000] {logging_mixin.py:190} INFO -  Previous state of the Task instance: queued
[2024-11-21T08:48:14.915+0000] {logging_mixin.py:190} INFO - Current task name:transform_merge_data state:running start_date:2024-11-21 08:48:14.574676+00:00
[2024-11-21T08:48:14.916+0000] {logging_mixin.py:190} INFO - Dag name:etl_pipeline and current dag run status:running
[2024-11-21T08:48:14.916+0000] {taskinstance.py:731} INFO - ::endgroup::
[2024-11-21T08:48:14.917+0000] {logging_mixin.py:190} INFO - Menggabungkan: FemaleDaily_Sunscreen Azarine.csv + GoogleTrends_sunscreen Azarine.csv
[2024-11-21T08:48:14.948+0000] {logging_mixin.py:190} INFO - File tidak ditemukan: dags/hasil data transform/GoogleTrends_sunscreen Azarine.csv
[2024-11-21T08:48:14.949+0000] {logging_mixin.py:190} INFO - Salah satu DataFrame tidak tersedia untuk penggabungan.
[2024-11-21T08:48:14.950+0000] {logging_mixin.py:190} INFO - Data gabungan kosong, tidak dapat menyimpan file.
[2024-11-21T08:48:14.950+0000] {logging_mixin.py:190} INFO - Menggabungkan: FemaleDaily_Sunscreen Skinaqua.csv + GoogleTrends_sunscreen skin aqua.csv
[2024-11-21T08:48:14.966+0000] {logging_mixin.py:190} INFO - File tidak ditemukan: dags/hasil data transform/GoogleTrends_sunscreen skin aqua.csv
[2024-11-21T08:48:14.967+0000] {logging_mixin.py:190} INFO - Salah satu DataFrame tidak tersedia untuk penggabungan.
[2024-11-21T08:48:14.967+0000] {logging_mixin.py:190} INFO - Data gabungan kosong, tidak dapat menyimpan file.
[2024-11-21T08:48:14.968+0000] {python.py:240} INFO - Done. Returned value was: None
[2024-11-21T08:48:14.978+0000] {taskinstance.py:340} INFO - ::group::Post task execution logs
[2024-11-21T08:48:14.979+0000] {taskinstance.py:352} INFO - Marking task as SUCCESS. dag_id=etl_pipeline, task_id=transform_merge_data, run_id=manual__2024-11-21T08:41:23.801067+00:00, execution_date=20241121T084123, start_date=20241121T084814, end_date=20241121T084814
[2024-11-21T08:48:14.990+0000] {logging_mixin.py:190} INFO - Task instance in success state
[2024-11-21T08:48:14.991+0000] {logging_mixin.py:190} INFO -  Previous state of the Task instance: running
[2024-11-21T08:48:14.991+0000] {logging_mixin.py:190} INFO - Dag name:etl_pipeline queued_at:2024-11-21 08:41:24.154534+00:00
[2024-11-21T08:48:14.992+0000] {logging_mixin.py:190} INFO - Task hostname:7a40aa914b11 operator:PythonOperator
[2024-11-21T08:48:15.022+0000] {local_task_job_runner.py:266} INFO - Task exited with return code 0
[2024-11-21T08:48:15.053+0000] {taskinstance.py:3895} INFO - 0 downstream tasks scheduled from follow-on schedule check
[2024-11-21T08:48:15.056+0000] {local_task_job_runner.py:245} INFO - ::endgroup::
