[2024-11-21T08:11:12.217+0000] {local_task_job_runner.py:123} INFO - ::group::Pre task execution logs
[2024-11-21T08:11:12.233+0000] {taskinstance.py:2613} INFO - Dependencies all met for dep_context=non-requeueable deps ti=<TaskInstance: etl_pipeline.transform_google_trends manual__2024-11-21T08:07:45.849669+00:00 [queued]>
[2024-11-21T08:11:12.240+0000] {taskinstance.py:2613} INFO - Dependencies all met for dep_context=requeueable deps ti=<TaskInstance: etl_pipeline.transform_google_trends manual__2024-11-21T08:07:45.849669+00:00 [queued]>
[2024-11-21T08:11:12.242+0000] {taskinstance.py:2866} INFO - Starting attempt 1 of 1
[2024-11-21T08:11:12.255+0000] {taskinstance.py:2889} INFO - Executing <Task(PythonOperator): transform_google_trends> on 2024-11-21 08:07:45.849669+00:00
[2024-11-21T08:11:12.262+0000] {warnings.py:112} WARNING - /home/***/.local/lib/python3.12/site-packages/***/task/task_runner/standard_task_runner.py:70: DeprecationWarning: This process (pid=880) is multi-threaded, use of fork() may lead to deadlocks in the child.
  pid = os.fork()

[2024-11-21T08:11:12.264+0000] {standard_task_runner.py:72} INFO - Started process 882 to run task
[2024-11-21T08:11:12.264+0000] {standard_task_runner.py:104} INFO - Running: ['***', 'tasks', 'run', 'etl_pipeline', 'transform_google_trends', 'manual__2024-11-21T08:07:45.849669+00:00', '--job-id', '136', '--raw', '--subdir', 'DAGS_FOLDER/dag.py', '--cfg-path', '/tmp/tmpd7lkk7ly']
[2024-11-21T08:11:12.266+0000] {standard_task_runner.py:105} INFO - Job 136: Subtask transform_google_trends
[2024-11-21T08:11:12.310+0000] {task_command.py:467} INFO - Running <TaskInstance: etl_pipeline.transform_google_trends manual__2024-11-21T08:07:45.849669+00:00 [running]> on host 7a40aa914b11
[2024-11-21T08:11:12.539+0000] {taskinstance.py:3132} INFO - Exporting env vars: AIRFLOW_CTX_DAG_OWNER='***' AIRFLOW_CTX_DAG_ID='etl_pipeline' AIRFLOW_CTX_TASK_ID='transform_google_trends' AIRFLOW_CTX_EXECUTION_DATE='2024-11-21T08:07:45.849669+00:00' AIRFLOW_CTX_TRY_NUMBER='1' AIRFLOW_CTX_DAG_RUN_ID='manual__2024-11-21T08:07:45.849669+00:00'
[2024-11-21T08:11:12.540+0000] {logging_mixin.py:190} INFO - Task instance is in running state
[2024-11-21T08:11:12.541+0000] {logging_mixin.py:190} INFO -  Previous state of the Task instance: queued
[2024-11-21T08:11:12.542+0000] {logging_mixin.py:190} INFO - Current task name:transform_google_trends state:running start_date:2024-11-21 08:11:12.234440+00:00
[2024-11-21T08:11:12.544+0000] {logging_mixin.py:190} INFO - Dag name:etl_pipeline and current dag run status:running
[2024-11-21T08:11:12.544+0000] {taskinstance.py:731} INFO - ::endgroup::
[2024-11-21T08:11:12.552+0000] {python.py:240} INFO - Done. Returned value was: None
[2024-11-21T08:11:12.560+0000] {taskinstance.py:340} INFO - ::group::Post task execution logs
[2024-11-21T08:11:12.561+0000] {taskinstance.py:352} INFO - Marking task as SUCCESS. dag_id=etl_pipeline, task_id=transform_google_trends, run_id=manual__2024-11-21T08:07:45.849669+00:00, execution_date=20241121T080745, start_date=20241121T081112, end_date=20241121T081112
[2024-11-21T08:11:12.572+0000] {logging_mixin.py:190} INFO - Task instance in success state
[2024-11-21T08:11:12.572+0000] {logging_mixin.py:190} INFO -  Previous state of the Task instance: running
[2024-11-21T08:11:12.573+0000] {logging_mixin.py:190} INFO - Dag name:etl_pipeline queued_at:2024-11-21 08:07:45.967454+00:00
[2024-11-21T08:11:12.574+0000] {logging_mixin.py:190} INFO - Task hostname:7a40aa914b11 operator:PythonOperator
[2024-11-21T08:11:12.602+0000] {local_task_job_runner.py:266} INFO - Task exited with return code 0
[2024-11-21T08:11:12.621+0000] {taskinstance.py:3895} INFO - 1 downstream tasks scheduled from follow-on schedule check
[2024-11-21T08:11:12.626+0000] {local_task_job_runner.py:245} INFO - ::endgroup::
