[2024-11-21T03:26:13.141+0000] {local_task_job_runner.py:123} INFO - ::group::Pre task execution logs
[2024-11-21T03:26:13.263+0000] {taskinstance.py:2613} INFO - Dependencies all met for dep_context=non-requeueable deps ti=<TaskInstance: etl_pipeline.load_to_postgres manual__2024-11-21T03:25:55.868483+00:00 [queued]>
[2024-11-21T03:26:13.285+0000] {taskinstance.py:2613} INFO - Dependencies all met for dep_context=requeueable deps ti=<TaskInstance: etl_pipeline.load_to_postgres manual__2024-11-21T03:25:55.868483+00:00 [queued]>
[2024-11-21T03:26:13.294+0000] {taskinstance.py:2866} INFO - Starting attempt 1 of 1
[2024-11-21T03:26:13.337+0000] {taskinstance.py:2889} INFO - Executing <Task(PythonOperator): load_to_postgres> on 2024-11-21 03:25:55.868483+00:00
[2024-11-21T03:26:13.353+0000] {standard_task_runner.py:104} INFO - Running: ['***', 'tasks', 'run', 'etl_pipeline', 'load_to_postgres', 'manual__2024-11-21T03:25:55.868483+00:00', '--job-id', '98', '--raw', '--subdir', 'DAGS_FOLDER/dag.py', '--cfg-path', '/tmp/tmpayd0wdiv']
[2024-11-21T03:26:13.356+0000] {standard_task_runner.py:105} INFO - Job 98: Subtask load_to_postgres
[2024-11-21T03:26:13.351+0000] {warnings.py:112} WARNING - /home/***/.local/lib/python3.12/site-packages/***/task/task_runner/standard_task_runner.py:70: DeprecationWarning: This process (pid=678) is multi-threaded, use of fork() may lead to deadlocks in the child.
  pid = os.fork()

[2024-11-21T03:26:13.358+0000] {standard_task_runner.py:72} INFO - Started process 680 to run task
[2024-11-21T03:26:13.451+0000] {task_command.py:467} INFO - Running <TaskInstance: etl_pipeline.load_to_postgres manual__2024-11-21T03:25:55.868483+00:00 [running]> on host d5003ff2a60e
[2024-11-21T03:26:18.080+0000] {taskinstance.py:3132} INFO - Exporting env vars: AIRFLOW_CTX_DAG_OWNER='***' AIRFLOW_CTX_DAG_ID='etl_pipeline' AIRFLOW_CTX_TASK_ID='load_to_postgres' AIRFLOW_CTX_EXECUTION_DATE='2024-11-21T03:25:55.868483+00:00' AIRFLOW_CTX_TRY_NUMBER='1' AIRFLOW_CTX_DAG_RUN_ID='manual__2024-11-21T03:25:55.868483+00:00'
[2024-11-21T03:26:18.091+0000] {logging_mixin.py:190} INFO - Task instance is in running state
[2024-11-21T03:26:18.092+0000] {logging_mixin.py:190} INFO -  Previous state of the Task instance: queued
[2024-11-21T03:26:18.093+0000] {logging_mixin.py:190} INFO - Current task name:load_to_postgres state:running start_date:2024-11-21 03:26:13.264112+00:00
[2024-11-21T03:26:18.094+0000] {logging_mixin.py:190} INFO - Dag name:etl_pipeline and current dag run status:running
[2024-11-21T03:26:18.096+0000] {taskinstance.py:731} INFO - ::endgroup::
[2024-11-21T03:26:18.559+0000] {base.py:84} INFO - Retrieving connection 'skincare_connection'
[2024-11-21T03:26:19.073+0000] {load.py:46} INFO - Successfully inserted 684 records into the database.
[2024-11-21T03:26:19.075+0000] {python.py:240} INFO - Done. Returned value was: None
[2024-11-21T03:26:19.086+0000] {taskinstance.py:340} INFO - ::group::Post task execution logs
[2024-11-21T03:26:19.088+0000] {taskinstance.py:352} INFO - Marking task as SUCCESS. dag_id=etl_pipeline, task_id=load_to_postgres, run_id=manual__2024-11-21T03:25:55.868483+00:00, execution_date=20241121T032555, start_date=20241121T032613, end_date=20241121T032619
[2024-11-21T03:26:19.121+0000] {logging_mixin.py:190} INFO - Task instance in success state
[2024-11-21T03:26:19.122+0000] {logging_mixin.py:190} INFO -  Previous state of the Task instance: running
[2024-11-21T03:26:19.123+0000] {logging_mixin.py:190} INFO - Dag name:etl_pipeline queued_at:2024-11-21 03:25:55.997338+00:00
[2024-11-21T03:26:19.124+0000] {logging_mixin.py:190} INFO - Task hostname:d5003ff2a60e operator:PythonOperator
[2024-11-21T03:26:19.162+0000] {local_task_job_runner.py:266} INFO - Task exited with return code 0
[2024-11-21T03:26:19.186+0000] {taskinstance.py:3895} INFO - 0 downstream tasks scheduled from follow-on schedule check
[2024-11-21T03:26:19.195+0000] {local_task_job_runner.py:245} INFO - ::endgroup::
