[2024-11-20T20:30:51.858+0000] {local_task_job_runner.py:123} INFO - ::group::Pre task execution logs
[2024-11-20T20:30:51.885+0000] {taskinstance.py:2613} INFO - Dependencies all met for dep_context=non-requeueable deps ti=<TaskInstance: etl_pipeline.extract_google_trends manual__2024-11-20T20:30:48.585786+00:00 [queued]>
[2024-11-20T20:30:51.895+0000] {taskinstance.py:2613} INFO - Dependencies all met for dep_context=requeueable deps ti=<TaskInstance: etl_pipeline.extract_google_trends manual__2024-11-20T20:30:48.585786+00:00 [queued]>
[2024-11-20T20:30:51.897+0000] {taskinstance.py:2866} INFO - Starting attempt 1 of 1
[2024-11-20T20:30:51.914+0000] {taskinstance.py:2889} INFO - Executing <Task(PythonOperator): extract_google_trends> on 2024-11-20 20:30:48.585786+00:00
[2024-11-20T20:30:51.923+0000] {warnings.py:112} WARNING - /home/***/.local/lib/python3.12/site-packages/***/task/task_runner/standard_task_runner.py:70: DeprecationWarning: This process (pid=1371) is multi-threaded, use of fork() may lead to deadlocks in the child.
  pid = os.fork()

[2024-11-20T20:30:51.925+0000] {standard_task_runner.py:72} INFO - Started process 1373 to run task
[2024-11-20T20:30:51.925+0000] {standard_task_runner.py:104} INFO - Running: ['***', 'tasks', 'run', 'etl_pipeline', 'extract_google_trends', 'manual__2024-11-20T20:30:48.585786+00:00', '--job-id', '81', '--raw', '--subdir', 'DAGS_FOLDER/dag.py', '--cfg-path', '/tmp/tmp1_zm1xze']
[2024-11-20T20:30:51.927+0000] {standard_task_runner.py:105} INFO - Job 81: Subtask extract_google_trends
[2024-11-20T20:30:51.995+0000] {task_command.py:467} INFO - Running <TaskInstance: etl_pipeline.extract_google_trends manual__2024-11-20T20:30:48.585786+00:00 [running]> on host 9d6dc26aeebb
[2024-11-20T20:30:52.483+0000] {taskinstance.py:3132} INFO - Exporting env vars: AIRFLOW_CTX_DAG_OWNER='***' AIRFLOW_CTX_DAG_ID='etl_pipeline' AIRFLOW_CTX_TASK_ID='extract_google_trends' AIRFLOW_CTX_EXECUTION_DATE='2024-11-20T20:30:48.585786+00:00' AIRFLOW_CTX_TRY_NUMBER='1' AIRFLOW_CTX_DAG_RUN_ID='manual__2024-11-20T20:30:48.585786+00:00'
[2024-11-20T20:30:52.486+0000] {logging_mixin.py:190} INFO - Task instance is in running state
[2024-11-20T20:30:52.487+0000] {logging_mixin.py:190} INFO -  Previous state of the Task instance: queued
[2024-11-20T20:30:52.489+0000] {logging_mixin.py:190} INFO - Current task name:extract_google_trends state:running start_date:2024-11-20 20:30:51.886532+00:00
[2024-11-20T20:30:52.490+0000] {logging_mixin.py:190} INFO - Dag name:etl_pipeline and current dag run status:running
[2024-11-20T20:30:52.492+0000] {taskinstance.py:731} INFO - ::endgroup::
[2024-11-20T20:30:52.502+0000] {logging_mixin.py:190} INFO - Menjalankan Actor di Apify untuk 'sunscreen Azarine'...
[2024-11-20T20:30:54.252+0000] {logging_mixin.py:190} INFO - Gagal menjalankan Actor untuk 'sunscreen Azarine': 201 - {
  "data": {
    "id": "fHNpDIYvgZJeRRx0e",
    "actId": "DyNQEYDj9awfGQf9A",
    "userId": "umtIwHtYpDD7PfxKY",
    "startedAt": "2024-11-20T20:30:54.454Z",
    "finishedAt": null,
    "status": "READY",
    "meta": {
      "origin": "API",
      "userAgent": "python-requests/2.32.3"
    },
    "stats": {
      "inputBodyLen": 245,
      "rebootCount": 0,
      "restartCount": 0,
      "resurrectCount": 0,
      "computeUnits": 0
    },
    "options": {
      "build": "latest",
      "timeoutSecs": 604800,
      "memoryMbytes": 4096,
      "diskMbytes": 8192
    },
    "buildId": "aGmEBFfhdxnezU0dc",
    "defaultKeyValueStoreId": "0bYcvd4fFSY49wfDt",
    "defaultDatasetId": "g64m89lpS0igKABU7",
    "defaultRequestQueueId": "5dQ7Gmia06rwgcY6e",
    "pricingInfo": {
      "pricingModel": "FLAT_PRICE_PER_MONTH",
      "pricePerUnitUsd": 20,
      "trialMinutes": 10080,
      "startedAt": "2024-01-03T00:00:00.000Z",
      "createdAt": "2023-12-22T09:35:40.944Z",
      "apifyMarginPercentage": 0.2,
      "notifiedAboutFutureChangeAt": "2023-12-22T09:36:04.084Z",
      "notifiedAboutChangeAt": "2024-01-03T00:06:20.902Z"
    },
    "buildNumber": "0.0.108",
    "containerUrl": "https://9gcalevidnms.runs.apify.net",
    "usage": {
      "ACTOR_COMPUTE_UNITS": 0,
      "DATASET_READS": 0,
      "DATASET_WRITES": 0,
      "KEY_VALUE_STORE_READS": 0,
      "KEY_VALUE_STORE_WRITES": 1,
      "KEY_VALUE_STORE_LISTS": 0,
      "REQUEST_QUEUE_READS": 0,
      "REQUEST_QUEUE_WRITES": 0,
      "DATA_TRANSFER_INTERNAL_GBYTES": 0,
      "DATA_TRANSFER_EXTERNAL_GBYTES": 0,
      "PROXY_RESIDENTIAL_TRANSFER_GBYTES": 0,
      "PROXY_SERPS": 0
    },
    "usageTotalUsd": 0.00005,
    "usageUsd": {
      "ACTOR_COMPUTE_UNITS": 0,
      "DATASET_READS": 0,
      "DATASET_WRITES": 0,
      "KEY_VALUE_STORE_READS": 0,
      "KEY_VALUE_STORE_WRITES": 0.00005,
      "KEY_VALUE_STORE_LISTS": 0,
      "REQUEST_QUEUE_READS": 0,
      "REQUEST_QUEUE_WRITES": 0,
      "DATA_TRANSFER_INTERNAL_GBYTES": 0,
      "DATA_TRANSFER_EXTERNAL_GBYTES": 0,
      "PROXY_RESIDENTIAL_TRANSFER_GBYTES": 0,
      "PROXY_SERPS": 0
    }
  }
}
[2024-11-20T20:30:54.254+0000] {logging_mixin.py:190} INFO - Menjalankan Actor di Apify untuk 'sunscreen Skin Aqua'...
[2024-11-20T20:30:57.303+0000] {logging_mixin.py:190} INFO - Gagal menjalankan Actor untuk 'sunscreen Skin Aqua': 201 - {
  "data": {
    "id": "mrMUXw4otyMB60Y91",
    "actId": "DyNQEYDj9awfGQf9A",
    "userId": "umtIwHtYpDD7PfxKY",
    "startedAt": "2024-11-20T20:30:57.647Z",
    "finishedAt": null,
    "status": "READY",
    "meta": {
      "origin": "API",
      "userAgent": "python-requests/2.32.3"
    },
    "stats": {
      "inputBodyLen": 247,
      "rebootCount": 0,
      "restartCount": 0,
      "resurrectCount": 0,
      "computeUnits": 0
    },
    "options": {
      "build": "latest",
      "timeoutSecs": 604800,
      "memoryMbytes": 4096,
      "diskMbytes": 8192
    },
    "buildId": "aGmEBFfhdxnezU0dc",
    "defaultKeyValueStoreId": "0hiFUHcIrm3BbEtBo",
    "defaultDatasetId": "YLvFmxBaEMccTzJ9Y",
    "defaultRequestQueueId": "IRTTkef69bwRytXZz",
    "pricingInfo": {
      "pricingModel": "FLAT_PRICE_PER_MONTH",
      "pricePerUnitUsd": 20,
      "trialMinutes": 10080,
      "startedAt": "2024-01-03T00:00:00.000Z",
      "createdAt": "2023-12-22T09:35:40.944Z",
      "apifyMarginPercentage": 0.2,
      "notifiedAboutFutureChangeAt": "2023-12-22T09:36:04.084Z",
      "notifiedAboutChangeAt": "2024-01-03T00:06:20.902Z"
    },
    "buildNumber": "0.0.108",
    "containerUrl": "https://czbcsa0vjg2f.runs.apify.net",
    "usage": {
      "ACTOR_COMPUTE_UNITS": 0,
      "DATASET_READS": 0,
      "DATASET_WRITES": 0,
      "KEY_VALUE_STORE_READS": 0,
      "KEY_VALUE_STORE_WRITES": 1,
      "KEY_VALUE_STORE_LISTS": 0,
      "REQUEST_QUEUE_READS": 0,
      "REQUEST_QUEUE_WRITES": 0,
      "DATA_TRANSFER_INTERNAL_GBYTES": 0,
      "DATA_TRANSFER_EXTERNAL_GBYTES": 0,
      "PROXY_RESIDENTIAL_TRANSFER_GBYTES": 0,
      "PROXY_SERPS": 0
    },
    "usageTotalUsd": 0.00005,
    "usageUsd": {
      "ACTOR_COMPUTE_UNITS": 0,
      "DATASET_READS": 0,
      "DATASET_WRITES": 0,
      "KEY_VALUE_STORE_READS": 0,
      "KEY_VALUE_STORE_WRITES": 0.00005,
      "KEY_VALUE_STORE_LISTS": 0,
      "REQUEST_QUEUE_READS": 0,
      "REQUEST_QUEUE_WRITES": 0,
      "DATA_TRANSFER_INTERNAL_GBYTES": 0,
      "DATA_TRANSFER_EXTERNAL_GBYTES": 0,
      "PROXY_RESIDENTIAL_TRANSFER_GBYTES": 0,
      "PROXY_SERPS": 0
    }
  }
}
[2024-11-20T20:30:57.305+0000] {logging_mixin.py:190} INFO - Tidak ada file yang dihasilkan.
[2024-11-20T20:30:57.305+0000] {python.py:240} INFO - Done. Returned value was: None
[2024-11-20T20:30:57.327+0000] {taskinstance.py:340} INFO - ::group::Post task execution logs
[2024-11-20T20:30:57.329+0000] {taskinstance.py:352} INFO - Marking task as SUCCESS. dag_id=etl_pipeline, task_id=extract_google_trends, run_id=manual__2024-11-20T20:30:48.585786+00:00, execution_date=20241120T203048, start_date=20241120T203051, end_date=20241120T203057
[2024-11-20T20:30:57.341+0000] {logging_mixin.py:190} INFO - Task instance in success state
[2024-11-20T20:30:57.342+0000] {logging_mixin.py:190} INFO -  Previous state of the Task instance: running
[2024-11-20T20:30:57.343+0000] {logging_mixin.py:190} INFO - Dag name:etl_pipeline queued_at:2024-11-20 20:30:48.696181+00:00
[2024-11-20T20:30:57.343+0000] {logging_mixin.py:190} INFO - Task hostname:9d6dc26aeebb operator:PythonOperator
[2024-11-20T20:30:57.381+0000] {local_task_job_runner.py:266} INFO - Task exited with return code 0
[2024-11-20T20:30:57.407+0000] {taskinstance.py:3895} INFO - 1 downstream tasks scheduled from follow-on schedule check
[2024-11-20T20:30:57.410+0000] {local_task_job_runner.py:245} INFO - ::endgroup::
