[2024-11-21T08:27:02.666+0000] {local_task_job_runner.py:123} INFO - ::group::Pre task execution logs
[2024-11-21T08:27:02.688+0000] {taskinstance.py:2613} INFO - Dependencies all met for dep_context=non-requeueable deps ti=<TaskInstance: etl_pipeline.transform_merge_data manual__2024-11-21T08:07:45.849669+00:00 [queued]>
[2024-11-21T08:27:02.705+0000] {taskinstance.py:2613} INFO - Dependencies all met for dep_context=requeueable deps ti=<TaskInstance: etl_pipeline.transform_merge_data manual__2024-11-21T08:07:45.849669+00:00 [queued]>
[2024-11-21T08:27:02.707+0000] {taskinstance.py:2866} INFO - Starting attempt 2 of 2
[2024-11-21T08:27:02.731+0000] {taskinstance.py:2889} INFO - Executing <Task(PythonOperator): transform_merge_data> on 2024-11-21 08:07:45.849669+00:00
[2024-11-21T08:27:02.746+0000] {warnings.py:112} WARNING - /home/***/.local/lib/python3.12/site-packages/***/task/task_runner/standard_task_runner.py:70: DeprecationWarning: This process (pid=1151) is multi-threaded, use of fork() may lead to deadlocks in the child.
  pid = os.fork()

[2024-11-21T08:27:02.751+0000] {standard_task_runner.py:72} INFO - Started process 1157 to run task
[2024-11-21T08:27:02.751+0000] {standard_task_runner.py:104} INFO - Running: ['***', 'tasks', 'run', 'etl_pipeline', 'transform_merge_data', 'manual__2024-11-21T08:07:45.849669+00:00', '--job-id', '152', '--raw', '--subdir', 'DAGS_FOLDER/dag.py', '--cfg-path', '/tmp/tmpiyxfb89x']
[2024-11-21T08:27:02.753+0000] {standard_task_runner.py:105} INFO - Job 152: Subtask transform_merge_data
[2024-11-21T08:27:02.830+0000] {task_command.py:467} INFO - Running <TaskInstance: etl_pipeline.transform_merge_data manual__2024-11-21T08:07:45.849669+00:00 [running]> on host 7a40aa914b11
[2024-11-21T08:27:04.086+0000] {taskinstance.py:3132} INFO - Exporting env vars: AIRFLOW_CTX_DAG_OWNER='***' AIRFLOW_CTX_DAG_ID='etl_pipeline' AIRFLOW_CTX_TASK_ID='transform_merge_data' AIRFLOW_CTX_EXECUTION_DATE='2024-11-21T08:07:45.849669+00:00' AIRFLOW_CTX_TRY_NUMBER='2' AIRFLOW_CTX_DAG_RUN_ID='manual__2024-11-21T08:07:45.849669+00:00'
[2024-11-21T08:27:04.094+0000] {logging_mixin.py:190} INFO - Task instance is in running state
[2024-11-21T08:27:04.095+0000] {logging_mixin.py:190} INFO -  Previous state of the Task instance: queued
[2024-11-21T08:27:04.096+0000] {logging_mixin.py:190} INFO - Current task name:transform_merge_data state:running start_date:2024-11-21 08:27:02.690140+00:00
[2024-11-21T08:27:04.102+0000] {logging_mixin.py:190} INFO - Dag name:etl_pipeline and current dag run status:running
[2024-11-21T08:27:04.103+0000] {taskinstance.py:731} INFO - ::endgroup::
[2024-11-21T08:27:04.105+0000] {logging_mixin.py:190} INFO - Menggabungkan: FemaleDaily_Sunscreen Azarine.csv + GoogleTrends_sunscreen Azarine.csv
[2024-11-21T08:27:04.108+0000] {logging_mixin.py:190} INFO - File tidak ditemukan: dags/hasil data transform/FemaleDaily_Sunscreen Azarine.csv
[2024-11-21T08:27:04.111+0000] {logging_mixin.py:190} INFO - File tidak ditemukan: dags/hasil data transform/GoogleTrends_sunscreen Azarine.csv
[2024-11-21T08:27:04.113+0000] {logging_mixin.py:190} INFO - Salah satu DataFrame tidak tersedia untuk penggabungan.
[2024-11-21T08:27:04.114+0000] {logging_mixin.py:190} INFO - Data gabungan kosong, tidak dapat menyimpan file.
[2024-11-21T08:27:04.115+0000] {logging_mixin.py:190} INFO - Menggabungkan: FemaleDaily_Sunscreen Skinaqua.csv + GoogleTrends_sunscreen skin aqua.csv
[2024-11-21T08:27:04.117+0000] {logging_mixin.py:190} INFO - File tidak ditemukan: dags/hasil data transform/FemaleDaily_Sunscreen Skinaqua.csv
[2024-11-21T08:27:04.120+0000] {logging_mixin.py:190} INFO - File tidak ditemukan: dags/hasil data transform/GoogleTrends_sunscreen skin aqua.csv
[2024-11-21T08:27:04.121+0000] {logging_mixin.py:190} INFO - Salah satu DataFrame tidak tersedia untuk penggabungan.
[2024-11-21T08:27:04.122+0000] {logging_mixin.py:190} INFO - Data gabungan kosong, tidak dapat menyimpan file.
[2024-11-21T08:27:04.123+0000] {python.py:240} INFO - Done. Returned value was: None
[2024-11-21T08:27:04.144+0000] {taskinstance.py:340} INFO - ::group::Post task execution logs
[2024-11-21T08:27:04.146+0000] {taskinstance.py:352} INFO - Marking task as SUCCESS. dag_id=etl_pipeline, task_id=transform_merge_data, run_id=manual__2024-11-21T08:07:45.849669+00:00, execution_date=20241121T080745, start_date=20241121T082702, end_date=20241121T082704
[2024-11-21T08:27:04.174+0000] {logging_mixin.py:190} INFO - Task instance in success state
[2024-11-21T08:27:04.175+0000] {logging_mixin.py:190} INFO -  Previous state of the Task instance: running
[2024-11-21T08:27:04.176+0000] {logging_mixin.py:190} INFO - Dag name:etl_pipeline queued_at:2024-11-21 08:23:23.068907+00:00
[2024-11-21T08:27:04.177+0000] {logging_mixin.py:190} INFO - Task hostname:7a40aa914b11 operator:PythonOperator
[2024-11-21T08:27:04.225+0000] {local_task_job_runner.py:266} INFO - Task exited with return code 0
[2024-11-21T08:27:04.279+0000] {taskinstance.py:3895} INFO - 1 downstream tasks scheduled from follow-on schedule check
[2024-11-21T08:27:04.283+0000] {local_task_job_runner.py:245} INFO - ::endgroup::
