[2024-11-21T12:48:59.757+0000] {local_task_job_runner.py:123} INFO - ::group::Pre task execution logs
[2024-11-21T12:48:59.773+0000] {taskinstance.py:2613} INFO - Dependencies all met for dep_context=non-requeueable deps ti=<TaskInstance: etl_pipeline.extract_google_trends manual__2024-11-21T12:48:51.874288+00:00 [queued]>
[2024-11-21T12:48:59.781+0000] {taskinstance.py:2613} INFO - Dependencies all met for dep_context=requeueable deps ti=<TaskInstance: etl_pipeline.extract_google_trends manual__2024-11-21T12:48:51.874288+00:00 [queued]>
[2024-11-21T12:48:59.783+0000] {taskinstance.py:2866} INFO - Starting attempt 1 of 1
[2024-11-21T12:48:59.798+0000] {taskinstance.py:2889} INFO - Executing <Task(PythonOperator): extract_google_trends> on 2024-11-21 12:48:51.874288+00:00
[2024-11-21T12:48:59.808+0000] {warnings.py:112} WARNING - /home/***/.local/lib/python3.12/site-packages/***/task/task_runner/standard_task_runner.py:70: DeprecationWarning: This process (pid=5075) is multi-threaded, use of fork() may lead to deadlocks in the child.
  pid = os.fork()

[2024-11-21T12:48:59.811+0000] {standard_task_runner.py:72} INFO - Started process 5079 to run task
[2024-11-21T12:48:59.810+0000] {standard_task_runner.py:104} INFO - Running: ['***', 'tasks', 'run', 'etl_pipeline', 'extract_google_trends', 'manual__2024-11-21T12:48:51.874288+00:00', '--job-id', '293', '--raw', '--subdir', 'DAGS_FOLDER/dag.py', '--cfg-path', '/tmp/tmpjha4m36q']
[2024-11-21T12:48:59.812+0000] {standard_task_runner.py:105} INFO - Job 293: Subtask extract_google_trends
[2024-11-21T12:48:59.866+0000] {task_command.py:467} INFO - Running <TaskInstance: etl_pipeline.extract_google_trends manual__2024-11-21T12:48:51.874288+00:00 [running]> on host 7a40aa914b11
[2024-11-21T12:49:00.534+0000] {taskinstance.py:3132} INFO - Exporting env vars: AIRFLOW_CTX_DAG_OWNER='***' AIRFLOW_CTX_DAG_ID='etl_pipeline' AIRFLOW_CTX_TASK_ID='extract_google_trends' AIRFLOW_CTX_EXECUTION_DATE='2024-11-21T12:48:51.874288+00:00' AIRFLOW_CTX_TRY_NUMBER='1' AIRFLOW_CTX_DAG_RUN_ID='manual__2024-11-21T12:48:51.874288+00:00'
[2024-11-21T12:49:00.538+0000] {logging_mixin.py:190} INFO - Task instance is in running state
[2024-11-21T12:49:00.539+0000] {logging_mixin.py:190} INFO -  Previous state of the Task instance: queued
[2024-11-21T12:49:00.541+0000] {logging_mixin.py:190} INFO - Current task name:extract_google_trends state:running start_date:2024-11-21 12:48:59.774886+00:00
[2024-11-21T12:49:00.542+0000] {logging_mixin.py:190} INFO - Dag name:etl_pipeline and current dag run status:running
[2024-11-21T12:49:00.547+0000] {taskinstance.py:731} INFO - ::endgroup::
[2024-11-21T12:49:00.557+0000] {extract_google_trends.py:144} INFO - Starting Google Trends data scraping...
[2024-11-21T12:49:00.558+0000] {extract_google_trends.py:56} INFO - Running Apify actor for 'sunscreen skin aqua'...
[2024-11-21T12:49:01.591+0000] {extract_google_trends.py:16} INFO - Sent request to Apify API to run actor with status code: 403
[2024-11-21T12:49:01.593+0000] {extract_google_trends.py:20} ERROR - Error starting actor run: 403 - {
  "error": {
    "type": "actor-disabled",
    "message": "Monthly usage hard limit exceeded. Please upgrade your subscription or contact support@apify.com"
  }
}
[2024-11-21T12:49:01.594+0000] {extract_google_trends.py:75} WARNING - Failed to start actor run for 'sunscreen skin aqua'.
[2024-11-21T12:49:01.595+0000] {extract_google_trends.py:56} INFO - Running Apify actor for 'sunscreen Azarine'...
[2024-11-21T12:49:02.615+0000] {extract_google_trends.py:16} INFO - Sent request to Apify API to run actor with status code: 403
[2024-11-21T12:49:02.616+0000] {extract_google_trends.py:20} ERROR - Error starting actor run: 403 - {
  "error": {
    "type": "actor-disabled",
    "message": "Monthly usage hard limit exceeded. Please upgrade your subscription or contact support@apify.com"
  }
}
[2024-11-21T12:49:02.618+0000] {extract_google_trends.py:75} WARNING - Failed to start actor run for 'sunscreen Azarine'.
[2024-11-21T12:49:02.619+0000] {extract_google_trends.py:146} INFO - Google Trends data scraping completed.
[2024-11-21T12:49:02.619+0000] {python.py:240} INFO - Done. Returned value was: None
[2024-11-21T12:49:02.631+0000] {taskinstance.py:340} INFO - ::group::Post task execution logs
[2024-11-21T12:49:02.632+0000] {taskinstance.py:352} INFO - Marking task as SUCCESS. dag_id=etl_pipeline, task_id=extract_google_trends, run_id=manual__2024-11-21T12:48:51.874288+00:00, execution_date=20241121T124851, start_date=20241121T124859, end_date=20241121T124902
[2024-11-21T12:49:02.645+0000] {logging_mixin.py:190} INFO - Task instance in success state
[2024-11-21T12:49:02.646+0000] {logging_mixin.py:190} INFO -  Previous state of the Task instance: running
[2024-11-21T12:49:02.647+0000] {logging_mixin.py:190} INFO - Dag name:etl_pipeline queued_at:2024-11-21 12:48:52.204627+00:00
[2024-11-21T12:49:02.648+0000] {logging_mixin.py:190} INFO - Task hostname:7a40aa914b11 operator:PythonOperator
[2024-11-21T12:49:02.685+0000] {local_task_job_runner.py:266} INFO - Task exited with return code 0
[2024-11-21T12:49:02.706+0000] {taskinstance.py:3895} INFO - 0 downstream tasks scheduled from follow-on schedule check
[2024-11-21T12:49:02.710+0000] {local_task_job_runner.py:245} INFO - ::endgroup::
