[2024-11-21T11:19:07.454+0000] {local_task_job_runner.py:123} INFO - ::group::Pre task execution logs
[2024-11-21T11:19:07.477+0000] {taskinstance.py:2613} INFO - Dependencies all met for dep_context=non-requeueable deps ti=<TaskInstance: etl_pipeline.transform_google_trends manual__2024-11-21T11:15:36.225373+00:00 [queued]>
[2024-11-21T11:19:07.491+0000] {taskinstance.py:2613} INFO - Dependencies all met for dep_context=requeueable deps ti=<TaskInstance: etl_pipeline.transform_google_trends manual__2024-11-21T11:15:36.225373+00:00 [queued]>
[2024-11-21T11:19:07.492+0000] {taskinstance.py:2866} INFO - Starting attempt 1 of 1
[2024-11-21T11:19:07.515+0000] {taskinstance.py:2889} INFO - Executing <Task(PythonOperator): transform_google_trends> on 2024-11-21 11:15:36.225373+00:00
[2024-11-21T11:19:07.526+0000] {warnings.py:112} WARNING - /home/***/.local/lib/python3.12/site-packages/***/task/task_runner/standard_task_runner.py:70: DeprecationWarning: This process (pid=3673) is multi-threaded, use of fork() may lead to deadlocks in the child.
  pid = os.fork()

[2024-11-21T11:19:07.531+0000] {standard_task_runner.py:72} INFO - Started process 3675 to run task
[2024-11-21T11:19:07.530+0000] {standard_task_runner.py:104} INFO - Running: ['***', 'tasks', 'run', 'etl_pipeline', 'transform_google_trends', 'manual__2024-11-21T11:15:36.225373+00:00', '--job-id', '232', '--raw', '--subdir', 'DAGS_FOLDER/dag.py', '--cfg-path', '/tmp/tmp_3_wq1_9']
[2024-11-21T11:19:07.533+0000] {standard_task_runner.py:105} INFO - Job 232: Subtask transform_google_trends
[2024-11-21T11:19:07.610+0000] {task_command.py:467} INFO - Running <TaskInstance: etl_pipeline.transform_google_trends manual__2024-11-21T11:15:36.225373+00:00 [running]> on host 7a40aa914b11
[2024-11-21T11:19:08.065+0000] {taskinstance.py:3132} INFO - Exporting env vars: AIRFLOW_CTX_DAG_OWNER='***' AIRFLOW_CTX_DAG_ID='etl_pipeline' AIRFLOW_CTX_TASK_ID='transform_google_trends' AIRFLOW_CTX_EXECUTION_DATE='2024-11-21T11:15:36.225373+00:00' AIRFLOW_CTX_TRY_NUMBER='1' AIRFLOW_CTX_DAG_RUN_ID='manual__2024-11-21T11:15:36.225373+00:00'
[2024-11-21T11:19:08.067+0000] {logging_mixin.py:190} INFO - Task instance is in running state
[2024-11-21T11:19:08.069+0000] {logging_mixin.py:190} INFO -  Previous state of the Task instance: queued
[2024-11-21T11:19:08.070+0000] {logging_mixin.py:190} INFO - Current task name:transform_google_trends state:running start_date:2024-11-21 11:19:07.480459+00:00
[2024-11-21T11:19:08.071+0000] {logging_mixin.py:190} INFO - Dag name:etl_pipeline and current dag run status:running
[2024-11-21T11:19:08.073+0000] {taskinstance.py:731} INFO - ::endgroup::
[2024-11-21T11:19:08.082+0000] {logging_mixin.py:190} INFO - Memproses file: dags/hasil data extract/GoogleTrend_sunscreen_Azarine_interestOverTime.csv
[2024-11-21T11:19:08.122+0000] {logging_mixin.py:190} INFO - Hasil diproses disimpan di: dags/hasil data transform/GoogleTrend_sunscreen_Azarine_interestOverTime.csv
[2024-11-21T11:19:08.127+0000] {logging_mixin.py:190} INFO - Memproses file: dags/hasil data extract/GoogleTrend_sunscreen_skin_aqua_interestOverTime.csv
[2024-11-21T11:19:08.150+0000] {logging_mixin.py:190} INFO - Hasil diproses disimpan di: dags/hasil data transform/GoogleTrend_sunscreen_skin_aqua_interestOverTime.csv
[2024-11-21T11:19:08.151+0000] {python.py:240} INFO - Done. Returned value was: None
[2024-11-21T11:19:08.164+0000] {taskinstance.py:340} INFO - ::group::Post task execution logs
[2024-11-21T11:19:08.166+0000] {taskinstance.py:352} INFO - Marking task as SUCCESS. dag_id=etl_pipeline, task_id=transform_google_trends, run_id=manual__2024-11-21T11:15:36.225373+00:00, execution_date=20241121T111536, start_date=20241121T111907, end_date=20241121T111908
[2024-11-21T11:19:08.176+0000] {logging_mixin.py:190} INFO - Task instance in success state
[2024-11-21T11:19:08.177+0000] {logging_mixin.py:190} INFO -  Previous state of the Task instance: running
[2024-11-21T11:19:08.178+0000] {logging_mixin.py:190} INFO - Dag name:etl_pipeline queued_at:2024-11-21 11:15:36.442184+00:00
[2024-11-21T11:19:08.179+0000] {logging_mixin.py:190} INFO - Task hostname:7a40aa914b11 operator:PythonOperator
[2024-11-21T11:19:08.194+0000] {local_task_job_runner.py:266} INFO - Task exited with return code 0
[2024-11-21T11:19:08.225+0000] {taskinstance.py:3895} INFO - 1 downstream tasks scheduled from follow-on schedule check
[2024-11-21T11:19:08.229+0000] {local_task_job_runner.py:245} INFO - ::endgroup::
