[2024-11-20T20:24:57.991+0000] {local_task_job_runner.py:123} INFO - ::group::Pre task execution logs
[2024-11-20T20:24:58.015+0000] {taskinstance.py:2613} INFO - Dependencies all met for dep_context=non-requeueable deps ti=<TaskInstance: etl_pipeline.extract_google_trends manual__2024-11-20T20:24:52.157172+00:00 [queued]>
[2024-11-20T20:24:58.030+0000] {taskinstance.py:2613} INFO - Dependencies all met for dep_context=requeueable deps ti=<TaskInstance: etl_pipeline.extract_google_trends manual__2024-11-20T20:24:52.157172+00:00 [queued]>
[2024-11-20T20:24:58.032+0000] {taskinstance.py:2866} INFO - Starting attempt 1 of 1
[2024-11-20T20:24:58.054+0000] {taskinstance.py:2889} INFO - Executing <Task(PythonOperator): extract_google_trends> on 2024-11-20 20:24:52.157172+00:00
[2024-11-20T20:24:58.071+0000] {warnings.py:112} WARNING - /home/***/.local/lib/python3.12/site-packages/***/task/task_runner/standard_task_runner.py:70: DeprecationWarning: This process (pid=1284) is multi-threaded, use of fork() may lead to deadlocks in the child.
  pid = os.fork()

[2024-11-20T20:24:58.074+0000] {standard_task_runner.py:72} INFO - Started process 1286 to run task
[2024-11-20T20:24:58.073+0000] {standard_task_runner.py:104} INFO - Running: ['***', 'tasks', 'run', 'etl_pipeline', 'extract_google_trends', 'manual__2024-11-20T20:24:52.157172+00:00', '--job-id', '77', '--raw', '--subdir', 'DAGS_FOLDER/dag.py', '--cfg-path', '/tmp/tmpt5cr93oj']
[2024-11-20T20:24:58.075+0000] {standard_task_runner.py:105} INFO - Job 77: Subtask extract_google_trends
[2024-11-20T20:24:58.137+0000] {task_command.py:467} INFO - Running <TaskInstance: etl_pipeline.extract_google_trends manual__2024-11-20T20:24:52.157172+00:00 [running]> on host 9d6dc26aeebb
[2024-11-20T20:24:58.760+0000] {taskinstance.py:3132} INFO - Exporting env vars: AIRFLOW_CTX_DAG_OWNER='***' AIRFLOW_CTX_DAG_ID='etl_pipeline' AIRFLOW_CTX_TASK_ID='extract_google_trends' AIRFLOW_CTX_EXECUTION_DATE='2024-11-20T20:24:52.157172+00:00' AIRFLOW_CTX_TRY_NUMBER='1' AIRFLOW_CTX_DAG_RUN_ID='manual__2024-11-20T20:24:52.157172+00:00'
[2024-11-20T20:24:58.763+0000] {logging_mixin.py:190} INFO - Task instance is in running state
[2024-11-20T20:24:58.765+0000] {logging_mixin.py:190} INFO -  Previous state of the Task instance: queued
[2024-11-20T20:24:58.767+0000] {logging_mixin.py:190} INFO - Current task name:extract_google_trends state:running start_date:2024-11-20 20:24:58.017269+00:00
[2024-11-20T20:24:58.769+0000] {logging_mixin.py:190} INFO - Dag name:etl_pipeline and current dag run status:running
[2024-11-20T20:24:58.770+0000] {taskinstance.py:731} INFO - ::endgroup::
[2024-11-20T20:24:58.781+0000] {logging_mixin.py:190} INFO - Menjalankan Actor di Apify untuk 'sunscreen Azarine'...
[2024-11-20T20:25:01.548+0000] {logging_mixin.py:190} INFO - Gagal menjalankan Actor: {
  "data": {
    "id": "Xc1iOWCyb1bwCRTMK",
    "actId": "DyNQEYDj9awfGQf9A",
    "userId": "umtIwHtYpDD7PfxKY",
    "startedAt": "2024-11-20T20:25:01.834Z",
    "finishedAt": null,
    "status": "READY",
    "meta": {
      "origin": "API",
      "userAgent": "python-requests/2.32.3"
    },
    "stats": {
      "inputBodyLen": 245,
      "rebootCount": 0,
      "restartCount": 0,
      "resurrectCount": 0,
      "computeUnits": 0
    },
    "options": {
      "build": "latest",
      "timeoutSecs": 604800,
      "memoryMbytes": 4096,
      "diskMbytes": 8192
    },
    "buildId": "aGmEBFfhdxnezU0dc",
    "defaultKeyValueStoreId": "ap44gcI6u0lP7bzvy",
    "defaultDatasetId": "2a7qhmsn49g5CFqyS",
    "defaultRequestQueueId": "nMWRQFdzYqgeYFyif",
    "pricingInfo": {
      "pricingModel": "FLAT_PRICE_PER_MONTH",
      "pricePerUnitUsd": 20,
      "trialMinutes": 10080,
      "startedAt": "2024-01-03T00:00:00.000Z",
      "createdAt": "2023-12-22T09:35:40.944Z",
      "apifyMarginPercentage": 0.2,
      "notifiedAboutFutureChangeAt": "2023-12-22T09:36:04.084Z",
      "notifiedAboutChangeAt": "2024-01-03T00:06:20.902Z"
    },
    "buildNumber": "0.0.108",
    "containerUrl": "https://beev3r0th02f.runs.apify.net",
    "usage": {
      "ACTOR_COMPUTE_UNITS": 0,
      "DATASET_READS": 0,
      "DATASET_WRITES": 0,
      "KEY_VALUE_STORE_READS": 0,
      "KEY_VALUE_STORE_WRITES": 1,
      "KEY_VALUE_STORE_LISTS": 0,
      "REQUEST_QUEUE_READS": 0,
      "REQUEST_QUEUE_WRITES": 0,
      "DATA_TRANSFER_INTERNAL_GBYTES": 0,
      "DATA_TRANSFER_EXTERNAL_GBYTES": 0,
      "PROXY_RESIDENTIAL_TRANSFER_GBYTES": 0,
      "PROXY_SERPS": 0
    },
    "usageTotalUsd": 0.00005,
    "usageUsd": {
      "ACTOR_COMPUTE_UNITS": 0,
      "DATASET_READS": 0,
      "DATASET_WRITES": 0,
      "KEY_VALUE_STORE_READS": 0,
      "KEY_VALUE_STORE_WRITES": 0.00005,
      "KEY_VALUE_STORE_LISTS": 0,
      "REQUEST_QUEUE_READS": 0,
      "REQUEST_QUEUE_WRITES": 0,
      "DATA_TRANSFER_INTERNAL_GBYTES": 0,
      "DATA_TRANSFER_EXTERNAL_GBYTES": 0,
      "PROXY_RESIDENTIAL_TRANSFER_GBYTES": 0,
      "PROXY_SERPS": 0
    }
  }
}
[2024-11-20T20:25:01.549+0000] {logging_mixin.py:190} INFO - Menjalankan Actor di Apify untuk 'sunscreen Skin Aqua'...
[2024-11-20T20:25:02.895+0000] {logging_mixin.py:190} INFO - Gagal menjalankan Actor: {
  "data": {
    "id": "jkn7T2plsWljhkfKO",
    "actId": "DyNQEYDj9awfGQf9A",
    "userId": "umtIwHtYpDD7PfxKY",
    "startedAt": "2024-11-20T20:25:03.255Z",
    "finishedAt": null,
    "status": "READY",
    "meta": {
      "origin": "API",
      "userAgent": "python-requests/2.32.3"
    },
    "stats": {
      "inputBodyLen": 247,
      "rebootCount": 0,
      "restartCount": 0,
      "resurrectCount": 0,
      "computeUnits": 0
    },
    "options": {
      "build": "latest",
      "timeoutSecs": 604800,
      "memoryMbytes": 4096,
      "diskMbytes": 8192
    },
    "buildId": "aGmEBFfhdxnezU0dc",
    "defaultKeyValueStoreId": "IvkX5tCChFGhcbDzT",
    "defaultDatasetId": "nd2tV2Co7k8FfKT3L",
    "defaultRequestQueueId": "8biCXOtyX5ZtlwR2f",
    "pricingInfo": {
      "pricingModel": "FLAT_PRICE_PER_MONTH",
      "pricePerUnitUsd": 20,
      "trialMinutes": 10080,
      "startedAt": "2024-01-03T00:00:00.000Z",
      "createdAt": "2023-12-22T09:35:40.944Z",
      "apifyMarginPercentage": 0.2,
      "notifiedAboutFutureChangeAt": "2023-12-22T09:36:04.084Z",
      "notifiedAboutChangeAt": "2024-01-03T00:06:20.902Z"
    },
    "buildNumber": "0.0.108",
    "containerUrl": "https://zubhearr6dms.runs.apify.net",
    "usage": {
      "ACTOR_COMPUTE_UNITS": 0,
      "DATASET_READS": 0,
      "DATASET_WRITES": 0,
      "KEY_VALUE_STORE_READS": 0,
      "KEY_VALUE_STORE_WRITES": 1,
      "KEY_VALUE_STORE_LISTS": 0,
      "REQUEST_QUEUE_READS": 0,
      "REQUEST_QUEUE_WRITES": 0,
      "DATA_TRANSFER_INTERNAL_GBYTES": 0,
      "DATA_TRANSFER_EXTERNAL_GBYTES": 0,
      "PROXY_RESIDENTIAL_TRANSFER_GBYTES": 0,
      "PROXY_SERPS": 0
    },
    "usageTotalUsd": 0.00005,
    "usageUsd": {
      "ACTOR_COMPUTE_UNITS": 0,
      "DATASET_READS": 0,
      "DATASET_WRITES": 0,
      "KEY_VALUE_STORE_READS": 0,
      "KEY_VALUE_STORE_WRITES": 0.00005,
      "KEY_VALUE_STORE_LISTS": 0,
      "REQUEST_QUEUE_READS": 0,
      "REQUEST_QUEUE_WRITES": 0,
      "DATA_TRANSFER_INTERNAL_GBYTES": 0,
      "DATA_TRANSFER_EXTERNAL_GBYTES": 0,
      "PROXY_RESIDENTIAL_TRANSFER_GBYTES": 0,
      "PROXY_SERPS": 0
    }
  }
}
[2024-11-20T20:25:02.898+0000] {logging_mixin.py:190} INFO - Tidak ada file yang dihasilkan.
[2024-11-20T20:25:02.899+0000] {python.py:240} INFO - Done. Returned value was: None
[2024-11-20T20:25:02.919+0000] {taskinstance.py:340} INFO - ::group::Post task execution logs
[2024-11-20T20:25:02.920+0000] {taskinstance.py:352} INFO - Marking task as SUCCESS. dag_id=etl_pipeline, task_id=extract_google_trends, run_id=manual__2024-11-20T20:24:52.157172+00:00, execution_date=20241120T202452, start_date=20241120T202458, end_date=20241120T202502
[2024-11-20T20:25:02.963+0000] {logging_mixin.py:190} INFO - Task instance in success state
[2024-11-20T20:25:02.965+0000] {logging_mixin.py:190} INFO -  Previous state of the Task instance: running
[2024-11-20T20:25:02.967+0000] {logging_mixin.py:190} INFO - Dag name:etl_pipeline queued_at:2024-11-20 20:24:52.452751+00:00
[2024-11-20T20:25:02.969+0000] {logging_mixin.py:190} INFO - Task hostname:9d6dc26aeebb operator:PythonOperator
[2024-11-20T20:25:03.016+0000] {local_task_job_runner.py:266} INFO - Task exited with return code 0
[2024-11-20T20:25:03.057+0000] {taskinstance.py:3895} INFO - 1 downstream tasks scheduled from follow-on schedule check
[2024-11-20T20:25:03.076+0000] {local_task_job_runner.py:245} INFO - ::endgroup::
[2024-11-20T20:25:03.080+0000] {standard_task_runner.py:217} INFO - Process not found (most likely exited), stop collecting metrics
