[2024-11-21T10:41:35.812+0000] {local_task_job_runner.py:123} INFO - ::group::Pre task execution logs
[2024-11-21T10:41:35.847+0000] {taskinstance.py:2613} INFO - Dependencies all met for dep_context=non-requeueable deps ti=<TaskInstance: etl_pipeline.extract_google_trends manual__2024-11-21T10:41:29.990918+00:00 [queued]>
[2024-11-21T10:41:35.865+0000] {taskinstance.py:2613} INFO - Dependencies all met for dep_context=requeueable deps ti=<TaskInstance: etl_pipeline.extract_google_trends manual__2024-11-21T10:41:29.990918+00:00 [queued]>
[2024-11-21T10:41:35.868+0000] {taskinstance.py:2866} INFO - Starting attempt 1 of 1
[2024-11-21T10:41:35.915+0000] {taskinstance.py:2889} INFO - Executing <Task(PythonOperator): extract_google_trends> on 2024-11-21 10:41:29.990918+00:00
[2024-11-21T10:41:35.955+0000] {warnings.py:112} WARNING - /home/***/.local/lib/python3.12/site-packages/***/task/task_runner/standard_task_runner.py:70: DeprecationWarning: This process (pid=3104) is multi-threaded, use of fork() may lead to deadlocks in the child.
  pid = os.fork()

[2024-11-21T10:41:35.962+0000] {standard_task_runner.py:104} INFO - Running: ['***', 'tasks', 'run', 'etl_pipeline', 'extract_google_trends', 'manual__2024-11-21T10:41:29.990918+00:00', '--job-id', '209', '--raw', '--subdir', 'DAGS_FOLDER/dag.py', '--cfg-path', '/tmp/tmpy6qxcfnj']
[2024-11-21T10:41:35.964+0000] {standard_task_runner.py:72} INFO - Started process 3106 to run task
[2024-11-21T10:41:35.969+0000] {standard_task_runner.py:105} INFO - Job 209: Subtask extract_google_trends
[2024-11-21T10:41:36.158+0000] {task_command.py:467} INFO - Running <TaskInstance: etl_pipeline.extract_google_trends manual__2024-11-21T10:41:29.990918+00:00 [running]> on host 7a40aa914b11
[2024-11-21T10:41:37.076+0000] {taskinstance.py:3132} INFO - Exporting env vars: AIRFLOW_CTX_DAG_OWNER='***' AIRFLOW_CTX_DAG_ID='etl_pipeline' AIRFLOW_CTX_TASK_ID='extract_google_trends' AIRFLOW_CTX_EXECUTION_DATE='2024-11-21T10:41:29.990918+00:00' AIRFLOW_CTX_TRY_NUMBER='1' AIRFLOW_CTX_DAG_RUN_ID='manual__2024-11-21T10:41:29.990918+00:00'
[2024-11-21T10:41:37.079+0000] {logging_mixin.py:190} INFO - Task instance is in running state
[2024-11-21T10:41:37.081+0000] {logging_mixin.py:190} INFO -  Previous state of the Task instance: queued
[2024-11-21T10:41:37.082+0000] {logging_mixin.py:190} INFO - Current task name:extract_google_trends state:running start_date:2024-11-21 10:41:35.848483+00:00
[2024-11-21T10:41:37.083+0000] {logging_mixin.py:190} INFO - Dag name:etl_pipeline and current dag run status:running
[2024-11-21T10:41:37.083+0000] {taskinstance.py:731} INFO - ::endgroup::
[2024-11-21T10:41:37.089+0000] {extract_google_trends.py:144} INFO - Starting Google Trends data scraping...
[2024-11-21T10:41:37.094+0000] {extract_google_trends.py:56} INFO - Running Apify actor for 'sunscreen skin aqua'...
[2024-11-21T10:41:38.540+0000] {extract_google_trends.py:16} INFO - Sent request to Apify API to run actor with status code: 201
[2024-11-21T10:41:39.586+0000] {extract_google_trends.py:30} INFO - Checked actor run status with status code: 200
[2024-11-21T10:41:39.589+0000] {extract_google_trends.py:88} INFO - Actor is still running for 'sunscreen skin aqua'... Waiting...
[2024-11-21T10:41:50.904+0000] {extract_google_trends.py:30} INFO - Checked actor run status with status code: 200
[2024-11-21T10:41:50.906+0000] {extract_google_trends.py:88} INFO - Actor is still running for 'sunscreen skin aqua'... Waiting...
[2024-11-21T10:42:02.160+0000] {extract_google_trends.py:30} INFO - Checked actor run status with status code: 200
[2024-11-21T10:42:02.163+0000] {extract_google_trends.py:88} INFO - Actor is still running for 'sunscreen skin aqua'... Waiting...
[2024-11-21T10:42:13.217+0000] {extract_google_trends.py:30} INFO - Checked actor run status with status code: 200
[2024-11-21T10:42:13.218+0000] {extract_google_trends.py:88} INFO - Actor is still running for 'sunscreen skin aqua'... Waiting...
[2024-11-21T10:42:24.323+0000] {extract_google_trends.py:30} INFO - Checked actor run status with status code: 200
[2024-11-21T10:42:24.325+0000] {extract_google_trends.py:88} INFO - Actor is still running for 'sunscreen skin aqua'... Waiting...
[2024-11-21T10:42:35.319+0000] {extract_google_trends.py:30} INFO - Checked actor run status with status code: 200
[2024-11-21T10:42:35.321+0000] {extract_google_trends.py:88} INFO - Actor is still running for 'sunscreen skin aqua'... Waiting...
[2024-11-21T10:42:46.509+0000] {extract_google_trends.py:30} INFO - Checked actor run status with status code: 200
[2024-11-21T10:42:46.511+0000] {extract_google_trends.py:88} INFO - Actor is still running for 'sunscreen skin aqua'... Waiting...
[2024-11-21T10:42:57.570+0000] {extract_google_trends.py:30} INFO - Checked actor run status with status code: 200
[2024-11-21T10:42:57.572+0000] {extract_google_trends.py:88} INFO - Actor is still running for 'sunscreen skin aqua'... Waiting...
[2024-11-21T10:43:08.656+0000] {extract_google_trends.py:30} INFO - Checked actor run status with status code: 200
[2024-11-21T10:43:08.659+0000] {extract_google_trends.py:88} INFO - Actor is still running for 'sunscreen skin aqua'... Waiting...
[2024-11-21T10:43:19.688+0000] {extract_google_trends.py:30} INFO - Checked actor run status with status code: 200
[2024-11-21T10:43:19.689+0000] {extract_google_trends.py:86} INFO - Actor run succeeded for 'sunscreen skin aqua'.
[2024-11-21T10:43:20.744+0000] {extract_google_trends.py:44} INFO - Fetched dataset with status code: 200
[2024-11-21T10:43:20.771+0000] {extract_google_trends.py:104} INFO - Data for 'sunscreen skin aqua' saved to 'dags/hasil data extract/GoogleTrend_sunscreen_skin_aqua.json'.
[2024-11-21T10:43:20.780+0000] {extract_google_trends.py:131} INFO - Interest over time data for 'sunscreen skin aqua' saved to 'dags/hasil data extract/GoogleTrend_sunscreen_skin_aqua_interestOverTime.csv'.
[2024-11-21T10:43:20.780+0000] {extract_google_trends.py:56} INFO - Running Apify actor for 'sunscreen Azarine'...
[2024-11-21T10:43:22.047+0000] {extract_google_trends.py:16} INFO - Sent request to Apify API to run actor with status code: 201
[2024-11-21T10:43:22.997+0000] {extract_google_trends.py:30} INFO - Checked actor run status with status code: 200
[2024-11-21T10:43:22.998+0000] {extract_google_trends.py:88} INFO - Actor is still running for 'sunscreen Azarine'... Waiting...
[2024-11-21T10:43:34.159+0000] {extract_google_trends.py:30} INFO - Checked actor run status with status code: 200
[2024-11-21T10:43:34.161+0000] {extract_google_trends.py:88} INFO - Actor is still running for 'sunscreen Azarine'... Waiting...
[2024-11-21T10:43:45.184+0000] {extract_google_trends.py:30} INFO - Checked actor run status with status code: 200
[2024-11-21T10:43:45.185+0000] {extract_google_trends.py:88} INFO - Actor is still running for 'sunscreen Azarine'... Waiting...
[2024-11-21T10:43:56.285+0000] {extract_google_trends.py:30} INFO - Checked actor run status with status code: 200
[2024-11-21T10:43:56.286+0000] {extract_google_trends.py:88} INFO - Actor is still running for 'sunscreen Azarine'... Waiting...
[2024-11-21T10:44:07.357+0000] {extract_google_trends.py:30} INFO - Checked actor run status with status code: 200
[2024-11-21T10:44:07.359+0000] {extract_google_trends.py:88} INFO - Actor is still running for 'sunscreen Azarine'... Waiting...
[2024-11-21T10:44:18.374+0000] {extract_google_trends.py:30} INFO - Checked actor run status with status code: 200
[2024-11-21T10:44:18.375+0000] {extract_google_trends.py:88} INFO - Actor is still running for 'sunscreen Azarine'... Waiting...
[2024-11-21T10:44:29.531+0000] {extract_google_trends.py:30} INFO - Checked actor run status with status code: 200
[2024-11-21T10:44:29.533+0000] {extract_google_trends.py:88} INFO - Actor is still running for 'sunscreen Azarine'... Waiting...
[2024-11-21T10:44:40.569+0000] {extract_google_trends.py:30} INFO - Checked actor run status with status code: 200
[2024-11-21T10:44:40.570+0000] {extract_google_trends.py:88} INFO - Actor is still running for 'sunscreen Azarine'... Waiting...
[2024-11-21T10:44:51.629+0000] {extract_google_trends.py:30} INFO - Checked actor run status with status code: 200
[2024-11-21T10:44:51.631+0000] {extract_google_trends.py:88} INFO - Actor is still running for 'sunscreen Azarine'... Waiting...
[2024-11-21T10:45:02.790+0000] {extract_google_trends.py:30} INFO - Checked actor run status with status code: 200
[2024-11-21T10:45:02.792+0000] {extract_google_trends.py:88} INFO - Actor is still running for 'sunscreen Azarine'... Waiting...
[2024-11-21T10:45:13.768+0000] {extract_google_trends.py:30} INFO - Checked actor run status with status code: 200
[2024-11-21T10:45:13.770+0000] {extract_google_trends.py:88} INFO - Actor is still running for 'sunscreen Azarine'... Waiting...
[2024-11-21T10:45:25.040+0000] {extract_google_trends.py:30} INFO - Checked actor run status with status code: 200
[2024-11-21T10:45:25.043+0000] {extract_google_trends.py:88} INFO - Actor is still running for 'sunscreen Azarine'... Waiting...
[2024-11-21T10:45:36.229+0000] {extract_google_trends.py:30} INFO - Checked actor run status with status code: 200
[2024-11-21T10:45:36.231+0000] {extract_google_trends.py:86} INFO - Actor run succeeded for 'sunscreen Azarine'.
[2024-11-21T10:45:37.462+0000] {extract_google_trends.py:44} INFO - Fetched dataset with status code: 200
[2024-11-21T10:45:37.490+0000] {extract_google_trends.py:104} INFO - Data for 'sunscreen Azarine' saved to 'dags/hasil data extract/GoogleTrend_sunscreen_Azarine.json'.
[2024-11-21T10:45:37.502+0000] {extract_google_trends.py:131} INFO - Interest over time data for 'sunscreen Azarine' saved to 'dags/hasil data extract/GoogleTrend_sunscreen_Azarine_interestOverTime.csv'.
[2024-11-21T10:45:37.506+0000] {extract_google_trends.py:146} INFO - Google Trends data scraping completed.
[2024-11-21T10:45:37.516+0000] {python.py:240} INFO - Done. Returned value was: None
[2024-11-21T10:45:37.748+0000] {taskinstance.py:340} INFO - ::group::Post task execution logs
[2024-11-21T10:45:37.754+0000] {taskinstance.py:352} INFO - Marking task as SUCCESS. dag_id=etl_pipeline, task_id=extract_google_trends, run_id=manual__2024-11-21T10:41:29.990918+00:00, execution_date=20241121T104129, start_date=20241121T104135, end_date=20241121T104537
[2024-11-21T10:45:37.838+0000] {logging_mixin.py:190} INFO - Task instance in success state
[2024-11-21T10:45:37.839+0000] {logging_mixin.py:190} INFO -  Previous state of the Task instance: running
[2024-11-21T10:45:37.840+0000] {logging_mixin.py:190} INFO - Dag name:etl_pipeline queued_at:2024-11-21 10:41:30.337704+00:00
[2024-11-21T10:45:37.841+0000] {logging_mixin.py:190} INFO - Task hostname:7a40aa914b11 operator:PythonOperator
[2024-11-21T10:45:37.925+0000] {local_task_job_runner.py:266} INFO - Task exited with return code 0
[2024-11-21T10:45:38.013+0000] {taskinstance.py:3895} INFO - 1 downstream tasks scheduled from follow-on schedule check
[2024-11-21T10:45:38.018+0000] {local_task_job_runner.py:245} INFO - ::endgroup::
