[2024-11-21T10:35:35.752+0000] {local_task_job_runner.py:123} INFO - ::group::Pre task execution logs
[2024-11-21T10:35:35.771+0000] {taskinstance.py:2613} INFO - Dependencies all met for dep_context=non-requeueable deps ti=<TaskInstance: etl_pipeline.create_table manual__2024-11-21T10:31:02.360604+00:00 [queued]>
[2024-11-21T10:35:35.780+0000] {taskinstance.py:2613} INFO - Dependencies all met for dep_context=requeueable deps ti=<TaskInstance: etl_pipeline.create_table manual__2024-11-21T10:31:02.360604+00:00 [queued]>
[2024-11-21T10:35:35.781+0000] {taskinstance.py:2866} INFO - Starting attempt 1 of 1
[2024-11-21T10:35:35.795+0000] {taskinstance.py:2889} INFO - Executing <Task(PostgresOperator): create_table> on 2024-11-21 10:31:02.360604+00:00
[2024-11-21T10:35:35.805+0000] {warnings.py:112} WARNING - /home/***/.local/lib/python3.12/site-packages/***/task/task_runner/standard_task_runner.py:70: DeprecationWarning: This process (pid=3019) is multi-threaded, use of fork() may lead to deadlocks in the child.
  pid = os.fork()

[2024-11-21T10:35:35.808+0000] {standard_task_runner.py:72} INFO - Started process 3021 to run task
[2024-11-21T10:35:35.808+0000] {standard_task_runner.py:104} INFO - Running: ['***', 'tasks', 'run', 'etl_pipeline', 'create_table', 'manual__2024-11-21T10:31:02.360604+00:00', '--job-id', '207', '--raw', '--subdir', 'DAGS_FOLDER/dag.py', '--cfg-path', '/tmp/tmpy6w_gixn']
[2024-11-21T10:35:35.810+0000] {standard_task_runner.py:105} INFO - Job 207: Subtask create_table
[2024-11-21T10:35:35.867+0000] {task_command.py:467} INFO - Running <TaskInstance: etl_pipeline.create_table manual__2024-11-21T10:31:02.360604+00:00 [running]> on host 7a40aa914b11
[2024-11-21T10:35:36.218+0000] {taskinstance.py:3132} INFO - Exporting env vars: AIRFLOW_CTX_DAG_OWNER='***' AIRFLOW_CTX_DAG_ID='etl_pipeline' AIRFLOW_CTX_TASK_ID='create_table' AIRFLOW_CTX_EXECUTION_DATE='2024-11-21T10:31:02.360604+00:00' AIRFLOW_CTX_TRY_NUMBER='1' AIRFLOW_CTX_DAG_RUN_ID='manual__2024-11-21T10:31:02.360604+00:00'
[2024-11-21T10:35:36.221+0000] {logging_mixin.py:190} INFO - Task instance is in running state
[2024-11-21T10:35:36.222+0000] {logging_mixin.py:190} INFO -  Previous state of the Task instance: queued
[2024-11-21T10:35:36.223+0000] {logging_mixin.py:190} INFO - Current task name:create_table state:running start_date:2024-11-21 10:35:35.771978+00:00
[2024-11-21T10:35:36.224+0000] {logging_mixin.py:190} INFO - Dag name:etl_pipeline and current dag run status:running
[2024-11-21T10:35:36.225+0000] {taskinstance.py:731} INFO - ::endgroup::
[2024-11-21T10:35:36.226+0000] {sql.py:278} INFO - Executing: 
        CREATE TABLE IF NOT EXISTS skincare_data (
				    id SERIAL PRIMARY KEY,
				    username TEXT NOT NULL,
				    date TIMESTAMP,
					review_content TEXT,
				    purchase_point TEXT,
				    rating INTEGER,
				    recommend TEXT,
					jenis_produk TEXT,
					trend INTEGER,
				    age_category TEXT,
				    periode_penggunaan TEXT,
				    skintype TEXT,
				    skintone TEXT,
				    undertone TEXT
        );
        
[2024-11-21T10:35:36.246+0000] {base.py:84} INFO - Retrieving connection 'skincare_connection'
[2024-11-21T10:35:36.265+0000] {base.py:84} INFO - Retrieving connection 'skincare_connection'
[2024-11-21T10:35:36.272+0000] {sql.py:544} INFO - Running statement: 
        CREATE TABLE IF NOT EXISTS skincare_data (
				    id SERIAL PRIMARY KEY,
				    username TEXT NOT NULL,
				    date TIMESTAMP,
					review_content TEXT,
				    purchase_point TEXT,
				    rating INTEGER,
				    recommend TEXT,
					jenis_produk TEXT,
					trend INTEGER,
				    age_category TEXT,
				    periode_penggunaan TEXT,
				    skintype TEXT,
				    skintone TEXT,
				    undertone TEXT
        );
        , parameters: None
[2024-11-21T10:35:36.296+0000] {taskinstance.py:340} INFO - ::group::Post task execution logs
[2024-11-21T10:35:36.297+0000] {taskinstance.py:352} INFO - Marking task as SUCCESS. dag_id=etl_pipeline, task_id=create_table, run_id=manual__2024-11-21T10:31:02.360604+00:00, execution_date=20241121T103102, start_date=20241121T103535, end_date=20241121T103536
[2024-11-21T10:35:36.314+0000] {logging_mixin.py:190} INFO - Task instance in success state
[2024-11-21T10:35:36.315+0000] {logging_mixin.py:190} INFO -  Previous state of the Task instance: running
[2024-11-21T10:35:36.316+0000] {logging_mixin.py:190} INFO - Dag name:etl_pipeline queued_at:2024-11-21 10:31:02.559902+00:00
[2024-11-21T10:35:36.317+0000] {logging_mixin.py:190} INFO - Task hostname:7a40aa914b11 operator:PostgresOperator
[2024-11-21T10:35:36.346+0000] {local_task_job_runner.py:266} INFO - Task exited with return code 0
[2024-11-21T10:35:36.367+0000] {taskinstance.py:3895} INFO - 1 downstream tasks scheduled from follow-on schedule check
[2024-11-21T10:35:36.371+0000] {local_task_job_runner.py:245} INFO - ::endgroup::
