[2024-11-21T12:20:29.542+0000] {local_task_job_runner.py:123} INFO - ::group::Pre task execution logs
[2024-11-21T12:20:29.557+0000] {taskinstance.py:2613} INFO - Dependencies all met for dep_context=non-requeueable deps ti=<TaskInstance: etl_pipeline.transform_female_daily manual__2024-11-21T12:12:13.438445+00:00 [queued]>
[2024-11-21T12:20:29.564+0000] {taskinstance.py:2613} INFO - Dependencies all met for dep_context=requeueable deps ti=<TaskInstance: etl_pipeline.transform_female_daily manual__2024-11-21T12:12:13.438445+00:00 [queued]>
[2024-11-21T12:20:29.566+0000] {taskinstance.py:2866} INFO - Starting attempt 1 of 1
[2024-11-21T12:20:29.582+0000] {taskinstance.py:2889} INFO - Executing <Task(PythonOperator): transform_female_daily> on 2024-11-21 12:12:13.438445+00:00
[2024-11-21T12:20:29.590+0000] {warnings.py:112} WARNING - /home/***/.local/lib/python3.12/site-packages/***/task/task_runner/standard_task_runner.py:70: DeprecationWarning: This process (pid=4547) is multi-threaded, use of fork() may lead to deadlocks in the child.
  pid = os.fork()

[2024-11-21T12:20:29.592+0000] {standard_task_runner.py:104} INFO - Running: ['***', 'tasks', 'run', 'etl_pipeline', 'transform_female_daily', 'manual__2024-11-21T12:12:13.438445+00:00', '--job-id', '254', '--raw', '--subdir', 'DAGS_FOLDER/dag.py', '--cfg-path', '/tmp/tmph55w7vyh']
[2024-11-21T12:20:29.593+0000] {standard_task_runner.py:72} INFO - Started process 4549 to run task
[2024-11-21T12:20:29.594+0000] {standard_task_runner.py:105} INFO - Job 254: Subtask transform_female_daily
[2024-11-21T12:20:29.639+0000] {task_command.py:467} INFO - Running <TaskInstance: etl_pipeline.transform_female_daily manual__2024-11-21T12:12:13.438445+00:00 [running]> on host 7a40aa914b11
[2024-11-21T12:20:29.889+0000] {taskinstance.py:3132} INFO - Exporting env vars: AIRFLOW_CTX_DAG_OWNER='***' AIRFLOW_CTX_DAG_ID='etl_pipeline' AIRFLOW_CTX_TASK_ID='transform_female_daily' AIRFLOW_CTX_EXECUTION_DATE='2024-11-21T12:12:13.438445+00:00' AIRFLOW_CTX_TRY_NUMBER='1' AIRFLOW_CTX_DAG_RUN_ID='manual__2024-11-21T12:12:13.438445+00:00'
[2024-11-21T12:20:29.891+0000] {logging_mixin.py:190} INFO - Task instance is in running state
[2024-11-21T12:20:29.891+0000] {logging_mixin.py:190} INFO -  Previous state of the Task instance: queued
[2024-11-21T12:20:29.892+0000] {logging_mixin.py:190} INFO - Current task name:transform_female_daily state:running start_date:2024-11-21 12:20:29.558563+00:00
[2024-11-21T12:20:29.893+0000] {logging_mixin.py:190} INFO - Dag name:etl_pipeline and current dag run status:running
[2024-11-21T12:20:29.894+0000] {taskinstance.py:731} INFO - ::endgroup::
[2024-11-21T12:20:29.908+0000] {logging_mixin.py:190} INFO - Memproses file: FemaleDaily_Review Azarine Calm My Acne Sunscreen Moisturizer.csv
[2024-11-21T12:20:30.024+0000] {logging_mixin.py:190} INFO - Hasil diproses disimpan di: dags/hasil data transform/FemaleDaily_Review Azarine Calm My Acne Sunscreen Moisturizer.csv
[2024-11-21T12:20:30.025+0000] {logging_mixin.py:190} INFO - Memproses file: FemaleDaily_Review Azarine Hydramax C Sunscreen Serum.csv
[2024-11-21T12:20:30.060+0000] {logging_mixin.py:190} INFO - Hasil diproses disimpan di: dags/hasil data transform/FemaleDaily_Review Azarine Hydramax C Sunscreen Serum.csv
[2024-11-21T12:20:30.061+0000] {logging_mixin.py:190} INFO - Memproses file: FemaleDaily_Review Azarine Hydrashoote Sunscreen Gel.csv
[2024-11-21T12:20:30.095+0000] {logging_mixin.py:190} INFO - Hasil diproses disimpan di: dags/hasil data transform/FemaleDaily_Review Azarine Hydrashoote Sunscreen Gel.csv
[2024-11-21T12:20:30.096+0000] {logging_mixin.py:190} INFO - Memproses file: FemaleDaily_Review Skinaqua UV Moisture Gel.csv
[2024-11-21T12:20:30.117+0000] {logging_mixin.py:190} INFO - Hasil diproses disimpan di: dags/hasil data transform/FemaleDaily_Review Skinaqua UV Moisture Gel.csv
[2024-11-21T12:20:30.117+0000] {logging_mixin.py:190} INFO - Memproses file: FemaleDaily_Review Skinaqua UV Moisture Milk.csv
[2024-11-21T12:20:30.145+0000] {logging_mixin.py:190} INFO - Hasil diproses disimpan di: dags/hasil data transform/FemaleDaily_Review Skinaqua UV Moisture Milk.csv
[2024-11-21T12:20:30.145+0000] {logging_mixin.py:190} INFO - Memproses file: FemaleDaily_Review Skinaqua UV Whitening Milk.csv
[2024-11-21T12:20:30.176+0000] {logging_mixin.py:190} INFO - Hasil diproses disimpan di: dags/hasil data transform/FemaleDaily_Review Skinaqua UV Whitening Milk.csv
[2024-11-21T12:20:30.177+0000] {logging_mixin.py:190} INFO - Memproses file: FemaleDaily_Sunscreen Azarine.csv
[2024-11-21T12:20:30.217+0000] {logging_mixin.py:190} INFO - Tidak ada mapping untuk file: FemaleDaily_Sunscreen Azarine.csv
[2024-11-21T12:20:30.259+0000] {logging_mixin.py:190} INFO - Hasil diproses disimpan di: dags/hasil data transform/FemaleDaily_Sunscreen Azarine.csv
[2024-11-21T12:20:30.266+0000] {logging_mixin.py:190} INFO - Memproses file: FemaleDaily_Sunscreen Skinaqua.csv
[2024-11-21T12:20:30.287+0000] {logging_mixin.py:190} INFO - Tidak ada mapping untuk file: FemaleDaily_Sunscreen Skinaqua.csv
[2024-11-21T12:20:30.351+0000] {logging_mixin.py:190} INFO - Hasil diproses disimpan di: dags/hasil data transform/FemaleDaily_Sunscreen Skinaqua.csv
[2024-11-21T12:20:30.354+0000] {logging_mixin.py:190} INFO - Membaca file: FemaleDaily_Review Azarine Calm My Acne Sunscreen Moisturizer.csv
[2024-11-21T12:20:30.377+0000] {logging_mixin.py:190} INFO - Membaca file: FemaleDaily_Review Azarine Hydramax C Sunscreen Serum.csv
[2024-11-21T12:20:30.400+0000] {logging_mixin.py:190} INFO - Membaca file: FemaleDaily_Review Azarine Hydrashoote Sunscreen Gel.csv
[2024-11-21T12:20:30.440+0000] {logging_mixin.py:190} INFO - Hasil penggabungan disimpan di: dags/hasil data transform/FemaleDaily_Sunscreen Azarine.csv
[2024-11-21T12:20:30.443+0000] {logging_mixin.py:190} INFO - Membaca file: FemaleDaily_Review Skinaqua UV Moisture Gel.csv
[2024-11-21T12:20:30.451+0000] {logging_mixin.py:190} INFO - Membaca file: FemaleDaily_Review Skinaqua UV Moisture Milk.csv
[2024-11-21T12:20:30.470+0000] {logging_mixin.py:190} INFO - Membaca file: FemaleDaily_Review Skinaqua UV Whitening Milk.csv
[2024-11-21T12:20:30.518+0000] {logging_mixin.py:190} INFO - Hasil penggabungan disimpan di: dags/hasil data transform/FemaleDaily_Sunscreen Skinaqua.csv
[2024-11-21T12:20:30.609+0000] {logging_mixin.py:190} INFO - Data berhasil disimpan ke XCom.
[2024-11-21T12:20:30.610+0000] {python.py:240} INFO - Done. Returned value was: None
[2024-11-21T12:20:30.620+0000] {taskinstance.py:340} INFO - ::group::Post task execution logs
[2024-11-21T12:20:30.621+0000] {taskinstance.py:352} INFO - Marking task as SUCCESS. dag_id=etl_pipeline, task_id=transform_female_daily, run_id=manual__2024-11-21T12:12:13.438445+00:00, execution_date=20241121T121213, start_date=20241121T122029, end_date=20241121T122030
[2024-11-21T12:20:30.631+0000] {logging_mixin.py:190} INFO - Task instance in success state
[2024-11-21T12:20:30.632+0000] {logging_mixin.py:190} INFO -  Previous state of the Task instance: running
[2024-11-21T12:20:30.633+0000] {logging_mixin.py:190} INFO - Dag name:etl_pipeline queued_at:2024-11-21 12:12:13.558991+00:00
[2024-11-21T12:20:30.633+0000] {logging_mixin.py:190} INFO - Task hostname:7a40aa914b11 operator:PythonOperator
[2024-11-21T12:20:30.656+0000] {local_task_job_runner.py:266} INFO - Task exited with return code 0
[2024-11-21T12:20:30.686+0000] {taskinstance.py:3895} INFO - 1 downstream tasks scheduled from follow-on schedule check
[2024-11-21T12:20:30.689+0000] {local_task_job_runner.py:245} INFO - ::endgroup::
