[2024-11-21T11:40:21.206+0000] {local_task_job_runner.py:123} INFO - ::group::Pre task execution logs
[2024-11-21T11:40:21.235+0000] {taskinstance.py:2613} INFO - Dependencies all met for dep_context=non-requeueable deps ti=<TaskInstance: etl_pipeline.transform_merge_data manual__2024-11-21T11:35:14.427550+00:00 [queued]>
[2024-11-21T11:40:21.257+0000] {taskinstance.py:2613} INFO - Dependencies all met for dep_context=requeueable deps ti=<TaskInstance: etl_pipeline.transform_merge_data manual__2024-11-21T11:35:14.427550+00:00 [queued]>
[2024-11-21T11:40:21.258+0000] {taskinstance.py:2866} INFO - Starting attempt 1 of 1
[2024-11-21T11:40:21.290+0000] {taskinstance.py:2889} INFO - Executing <Task(PythonOperator): transform_merge_data> on 2024-11-21 11:35:14.427550+00:00
[2024-11-21T11:40:21.310+0000] {warnings.py:112} WARNING - /home/***/.local/lib/python3.12/site-packages/***/task/task_runner/standard_task_runner.py:70: DeprecationWarning: This process (pid=3971) is multi-threaded, use of fork() may lead to deadlocks in the child.
  pid = os.fork()

[2024-11-21T11:40:21.313+0000] {standard_task_runner.py:72} INFO - Started process 3973 to run task
[2024-11-21T11:40:21.313+0000] {standard_task_runner.py:104} INFO - Running: ['***', 'tasks', 'run', 'etl_pipeline', 'transform_merge_data', 'manual__2024-11-21T11:35:14.427550+00:00', '--job-id', '240', '--raw', '--subdir', 'DAGS_FOLDER/dag.py', '--cfg-path', '/tmp/tmp2h_7lu01']
[2024-11-21T11:40:21.316+0000] {standard_task_runner.py:105} INFO - Job 240: Subtask transform_merge_data
[2024-11-21T11:40:21.400+0000] {task_command.py:467} INFO - Running <TaskInstance: etl_pipeline.transform_merge_data manual__2024-11-21T11:35:14.427550+00:00 [running]> on host 7a40aa914b11
[2024-11-21T11:40:21.812+0000] {taskinstance.py:3132} INFO - Exporting env vars: AIRFLOW_CTX_DAG_OWNER='***' AIRFLOW_CTX_DAG_ID='etl_pipeline' AIRFLOW_CTX_TASK_ID='transform_merge_data' AIRFLOW_CTX_EXECUTION_DATE='2024-11-21T11:35:14.427550+00:00' AIRFLOW_CTX_TRY_NUMBER='1' AIRFLOW_CTX_DAG_RUN_ID='manual__2024-11-21T11:35:14.427550+00:00'
[2024-11-21T11:40:21.815+0000] {logging_mixin.py:190} INFO - Task instance is in running state
[2024-11-21T11:40:21.816+0000] {logging_mixin.py:190} INFO -  Previous state of the Task instance: queued
[2024-11-21T11:40:21.817+0000] {logging_mixin.py:190} INFO - Current task name:transform_merge_data state:running start_date:2024-11-21 11:40:21.237107+00:00
[2024-11-21T11:40:21.818+0000] {logging_mixin.py:190} INFO - Dag name:etl_pipeline and current dag run status:running
[2024-11-21T11:40:21.819+0000] {taskinstance.py:731} INFO - ::endgroup::
[2024-11-21T11:40:21.821+0000] {logging_mixin.py:190} INFO - Menggabungkan: FemaleDaily_Sunscreen Azarine.csv + GoogleTrend_sunscreen_Azarine_interestOverTime.csv
[2024-11-21T11:40:21.933+0000] {logging_mixin.py:190} INFO - Hasil gabungan disimpan di: dags/hasil data transform/Merged_Sunscreen Azarine.csv
[2024-11-21T11:40:21.934+0000] {logging_mixin.py:190} INFO - Menggabungkan: FemaleDaily_Sunscreen Skinaqua.csv + GoogleTrend_sunscreen_skin_aqua_interestOverTime.csv
[2024-11-21T11:40:22.013+0000] {logging_mixin.py:190} INFO - Hasil gabungan disimpan di: dags/hasil data transform/Merged_Sunscreen Skinaqua.csv
[2024-11-21T11:40:22.014+0000] {python.py:240} INFO - Done. Returned value was: None
[2024-11-21T11:40:22.035+0000] {taskinstance.py:340} INFO - ::group::Post task execution logs
[2024-11-21T11:40:22.036+0000] {taskinstance.py:352} INFO - Marking task as SUCCESS. dag_id=etl_pipeline, task_id=transform_merge_data, run_id=manual__2024-11-21T11:35:14.427550+00:00, execution_date=20241121T113514, start_date=20241121T114021, end_date=20241121T114022
[2024-11-21T11:40:22.052+0000] {logging_mixin.py:190} INFO - Task instance in success state
[2024-11-21T11:40:22.054+0000] {logging_mixin.py:190} INFO -  Previous state of the Task instance: running
[2024-11-21T11:40:22.055+0000] {logging_mixin.py:190} INFO - Dag name:etl_pipeline queued_at:2024-11-21 11:35:14.595004+00:00
[2024-11-21T11:40:22.056+0000] {logging_mixin.py:190} INFO - Task hostname:7a40aa914b11 operator:PythonOperator
[2024-11-21T11:40:22.093+0000] {local_task_job_runner.py:266} INFO - Task exited with return code 0
[2024-11-21T11:40:22.136+0000] {taskinstance.py:3895} INFO - 1 downstream tasks scheduled from follow-on schedule check
[2024-11-21T11:40:22.146+0000] {local_task_job_runner.py:245} INFO - ::endgroup::
